=== Docker Execution Log - 20250828_081818 ===
Dockerfile: envgym/envgym.dockerfile
Image Name: envgym_test_1756369026

=== Build Log ===
Build Status: Success
Build Output:


Build Error:
#0 building with "default" instance using docker driver

#1 [internal] load build definition from envgym.dockerfile
#1 transferring dockerfile: 843B done
#1 DONE 0.0s

#2 [internal] load metadata for docker.io/library/ubuntu:20.04
#2 DONE 0.1s

#3 [internal] load .dockerignore
#3 transferring context: 2B done
#3 DONE 0.0s

#4 [1/7] FROM docker.io/library/ubuntu:20.04@sha256:8feb4d8ca5354def3d8fce243717141ce31e2c428701f6682bd2fafe15388214
#4 DONE 0.0s

#5 [2/7] WORKDIR /home/cc/EnvGym/data/fmtlib_fmt
#5 CACHED

#6 [3/7] RUN apt-get update && apt-get install -y     git     build-essential     cmake     ninja-build     python3     python3-pip     doxygen     pkg-config     wget     unzip     && rm -rf /var/lib/apt/lists/*
#6 1.979 Get:1 http://archive.ubuntu.com/ubuntu focal InRelease [265 kB]
#6 2.093 Get:2 http://archive.ubuntu.com/ubuntu focal-updates InRelease [128 kB]
#6 2.121 Get:3 http://archive.ubuntu.com/ubuntu focal-backports InRelease [128 kB]
#6 2.154 Get:4 http://security.ubuntu.com/ubuntu focal-security InRelease [128 kB]
#6 2.268 Get:5 http://archive.ubuntu.com/ubuntu focal/main amd64 Packages [1275 kB]
#6 2.359 Get:6 http://archive.ubuntu.com/ubuntu focal/universe amd64 Packages [11.3 MB]
#6 2.490 Get:7 http://archive.ubuntu.com/ubuntu focal/multiverse amd64 Packages [177 kB]
#6 2.491 Get:8 http://archive.ubuntu.com/ubuntu focal/restricted amd64 Packages [33.4 kB]
#6 2.512 Get:9 http://archive.ubuntu.com/ubuntu focal-updates/main amd64 Packages [4919 kB]
#6 2.556 Get:10 http://archive.ubuntu.com/ubuntu focal-updates/universe amd64 Packages [1599 kB]
#6 2.567 Get:11 http://archive.ubuntu.com/ubuntu focal-updates/restricted amd64 Packages [4998 kB]
#6 2.608 Get:12 http://archive.ubuntu.com/ubuntu focal-updates/multiverse amd64 Packages [36.8 kB]
#6 2.608 Get:13 http://archive.ubuntu.com/ubuntu focal-backports/universe amd64 Packages [28.6 kB]
#6 2.609 Get:14 http://archive.ubuntu.com/ubuntu focal-backports/main amd64 Packages [55.2 kB]
#6 2.705 Get:15 http://security.ubuntu.com/ubuntu focal-security/multiverse amd64 Packages [33.1 kB]
#6 2.731 Get:16 http://security.ubuntu.com/ubuntu focal-security/main amd64 Packages [4432 kB]
#6 2.841 Get:17 http://security.ubuntu.com/ubuntu focal-security/restricted amd64 Packages [4801 kB]
#6 2.872 Get:18 http://security.ubuntu.com/ubuntu focal-security/universe amd64 Packages [1308 kB]
#6 3.921 Fetched 35.7 MB in 4s (9753 kB/s)
#6 3.921 Reading package lists...
#6 4.829 Reading package lists...
#6 5.694 Building dependency tree...
#6 5.831 Reading state information...
#6 5.991 The following additional packages will be installed:
#6 5.991   binutils binutils-common binutils-x86-64-linux-gnu ca-certificates
#6 5.991   cmake-data cpp cpp-9 dirmngr dpkg-dev fakeroot file g++ g++-9 gcc gcc-9
#6 5.991   gcc-9-base git-man gnupg gnupg-l10n gnupg-utils gpg gpg-agent gpg-wks-client
#6 5.991   gpg-wks-server gpgconf gpgsm gpgv krb5-locales less libalgorithm-diff-perl
#6 5.991   libalgorithm-diff-xs-perl libalgorithm-merge-perl libarchive13 libasan5
#6 5.991   libasn1-8-heimdal libassuan0 libatomic1 libbinutils libbrotli1 libbsd0
#6 5.991   libc-dev-bin libc6 libc6-dev libcbor0.6 libcc1-0 libclang1-10 libcrypt-dev
#6 5.991   libctf-nobfd0 libctf0 libcurl3-gnutls libcurl4 libdpkg-perl libedit2
#6 5.991   liberror-perl libexpat1 libexpat1-dev libfakeroot libfido2-1
#6 5.991   libfile-fcntllock-perl libgcc-9-dev libgdbm-compat4 libgdbm6 libglib2.0-0
#6 5.991   libglib2.0-data libgomp1 libgssapi-krb5-2 libgssapi3-heimdal
#6 5.991   libhcrypto4-heimdal libheimbase1-heimdal libheimntlm0-heimdal
#6 5.991   libhx509-5-heimdal libicu66 libisl22 libitm1 libjsoncpp1 libk5crypto3
#6 5.991   libkeyutils1 libkrb5-26-heimdal libkrb5-3 libkrb5support0 libksba8
#6 5.991   libldap-2.4-2 libldap-common libllvm10 liblocale-gettext-perl liblsan0
#6 5.991   libmagic-mgc libmagic1 libmpc3 libmpdec2 libmpfr6 libnghttp2-14 libnpth0
#6 5.991   libperl5.30 libpsl5 libpython3-dev libpython3-stdlib libpython3.8
#6 5.991   libpython3.8-dev libpython3.8-minimal libpython3.8-stdlib libquadmath0
#6 5.991   libreadline8 librhash0 libroken18-heimdal librtmp1 libsasl2-2
#6 5.991   libsasl2-modules libsasl2-modules-db libsqlite3-0 libssh-4 libssl1.1
#6 5.991   libstdc++-9-dev libtsan0 libubsan1 libuv1 libwind0-heimdal libx11-6
#6 5.991   libx11-data libxapian30 libxau6 libxcb1 libxdmcp6 libxext6 libxml2 libxmuu1
#6 5.991   linux-libc-dev make manpages manpages-dev mime-support netbase
#6 5.991   openssh-client openssl patch perl perl-modules-5.30 pinentry-curses
#6 5.991   publicsuffix python-pip-whl python3-dev python3-distutils python3-lib2to3
#6 5.991   python3-minimal python3-pkg-resources python3-setuptools python3-wheel
#6 5.991   python3.8 python3.8-dev python3.8-minimal readline-common shared-mime-info
#6 5.991   tzdata xauth xdg-user-dirs xz-utils zlib1g-dev
#6 5.992 Suggested packages:
#6 5.992   binutils-doc cmake-doc cpp-doc gcc-9-locales dbus-user-session
#6 5.992   libpam-systemd pinentry-gnome3 tor doxygen-latex doxygen-doc doxygen-gui
#6 5.992   graphviz debian-keyring g++-multilib g++-9-multilib gcc-9-doc gcc-multilib
#6 5.992   autoconf automake libtool flex bison gdb gcc-doc gcc-9-multilib gettext-base
#6 5.992   git-daemon-run | git-daemon-sysvinit git-doc git-el git-email git-gui gitk
#6 5.992   gitweb git-cvs git-mediawiki git-svn parcimonie xloadimage scdaemon lrzip
#6 5.992   glibc-doc locales bzr gdbm-l10n krb5-doc krb5-user
#6 5.992   libsasl2-modules-gssapi-mit | libsasl2-modules-gssapi-heimdal
#6 5.992   libsasl2-modules-ldap libsasl2-modules-otp libsasl2-modules-sql
#6 5.992   libstdc++-9-doc xapian-tools make-doc man-browser keychain libpam-ssh
#6 5.992   monkeysphere ssh-askpass ed diffutils-doc perl-doc libterm-readline-gnu-perl
#6 5.992   | libterm-readline-perl-perl libb-debug-perl liblocale-codes-perl
#6 5.992   pinentry-doc python3-doc python3-tk python3-venv python-setuptools-doc
#6 5.992   python3.8-venv python3.8-doc binfmt-support readline-doc zip
#6 6.285 The following NEW packages will be installed:
#6 6.285   binutils binutils-common binutils-x86-64-linux-gnu build-essential
#6 6.285   ca-certificates cmake cmake-data cpp cpp-9 dirmngr doxygen dpkg-dev fakeroot
#6 6.285   file g++ g++-9 gcc gcc-9 gcc-9-base git git-man gnupg gnupg-l10n gnupg-utils
#6 6.285   gpg gpg-agent gpg-wks-client gpg-wks-server gpgconf gpgsm krb5-locales less
#6 6.285   libalgorithm-diff-perl libalgorithm-diff-xs-perl libalgorithm-merge-perl
#6 6.285   libarchive13 libasan5 libasn1-8-heimdal libassuan0 libatomic1 libbinutils
#6 6.285   libbrotli1 libbsd0 libc-dev-bin libc6-dev libcbor0.6 libcc1-0 libclang1-10
#6 6.285   libcrypt-dev libctf-nobfd0 libctf0 libcurl3-gnutls libcurl4 libdpkg-perl
#6 6.285   libedit2 liberror-perl libexpat1 libexpat1-dev libfakeroot libfido2-1
#6 6.285   libfile-fcntllock-perl libgcc-9-dev libgdbm-compat4 libgdbm6 libglib2.0-0
#6 6.285   libglib2.0-data libgomp1 libgssapi-krb5-2 libgssapi3-heimdal
#6 6.285   libhcrypto4-heimdal libheimbase1-heimdal libheimntlm0-heimdal
#6 6.285   libhx509-5-heimdal libicu66 libisl22 libitm1 libjsoncpp1 libk5crypto3
#6 6.285   libkeyutils1 libkrb5-26-heimdal libkrb5-3 libkrb5support0 libksba8
#6 6.285   libldap-2.4-2 libldap-common libllvm10 liblocale-gettext-perl liblsan0
#6 6.285   libmagic-mgc libmagic1 libmpc3 libmpdec2 libmpfr6 libnghttp2-14 libnpth0
#6 6.285   libperl5.30 libpsl5 libpython3-dev libpython3-stdlib libpython3.8
#6 6.285   libpython3.8-dev libpython3.8-minimal libpython3.8-stdlib libquadmath0
#6 6.285   libreadline8 librhash0 libroken18-heimdal librtmp1 libsasl2-2
#6 6.285   libsasl2-modules libsasl2-modules-db libsqlite3-0 libssh-4 libssl1.1
#6 6.285   libstdc++-9-dev libtsan0 libubsan1 libuv1 libwind0-heimdal libx11-6
#6 6.286   libx11-data libxapian30 libxau6 libxcb1 libxdmcp6 libxext6 libxml2 libxmuu1
#6 6.286   linux-libc-dev make manpages manpages-dev mime-support netbase ninja-build
#6 6.286   openssh-client openssl patch perl perl-modules-5.30 pinentry-curses
#6 6.286   pkg-config publicsuffix python-pip-whl python3 python3-dev python3-distutils
#6 6.286   python3-lib2to3 python3-minimal python3-pip python3-pkg-resources
#6 6.286   python3-setuptools python3-wheel python3.8 python3.8-dev python3.8-minimal
#6 6.286   readline-common shared-mime-info tzdata unzip wget xauth xdg-user-dirs
#6 6.286   xz-utils zlib1g-dev
#6 6.287 The following packages will be upgraded:
#6 6.288   gpgv libc6
#6 7.233 2 upgraded, 165 newly installed, 0 to remove and 3 not upgraded.
#6 7.233 Need to get 138 MB of archives.
#6 7.233 After this operation, 620 MB of additional disk space will be used.
#6 7.233 Get:1 http://archive.ubuntu.com/ubuntu focal-updates/main amd64 libc6 amd64 2.31-0ubuntu9.18 [2720 kB]
#6 7.444 Get:2 http://archive.ubuntu.com/ubuntu focal/main amd64 liblocale-gettext-perl amd64 1.07-4 [17.1 kB]
#6 7.444 Get:3 http://archive.ubuntu.com/ubuntu focal-updates/main amd64 libssl1.1 amd64 1.1.1f-1ubuntu2.24 [1323 kB]
#6 7.462 Get:4 http://archive.ubuntu.com/ubuntu focal-updates/main amd64 libpython3.8-minimal amd64 3.8.10-0ubuntu1~20.04.18 [721 kB]
#6 7.468 Get:5 http://archive.ubuntu.com/ubuntu focal-updates/main amd64 libexpat1 amd64 2.2.9-1ubuntu0.8 [75.6 kB]
#6 7.468 Get:6 http://archive.ubuntu.com/ubuntu focal-updates/main amd64 python3.8-minimal amd64 3.8.10-0ubuntu1~20.04.18 [1900 kB]
#6 7.482 Get:7 http://archive.ubuntu.com/ubuntu focal/main amd64 python3-minimal amd64 3.8.2-0ubuntu2 [23.6 kB]
#6 7.482 Get:8 http://archive.ubuntu.com/ubuntu focal/main amd64 mime-support all 3.64ubuntu1 [30.6 kB]
#6 7.483 Get:9 http://archive.ubuntu.com/ubuntu focal/main amd64 libmpdec2 amd64 2.4.2-3 [81.1 kB]
#6 7.483 Get:10 http://archive.ubuntu.com/ubuntu focal/main amd64 readline-common all 8.0-4 [53.5 kB]
#6 7.484 Get:11 http://archive.ubuntu.com/ubuntu focal/main amd64 libreadline8 amd64 8.0-4 [131 kB]
#6 7.489 Get:12 http://archive.ubuntu.com/ubuntu focal-updates/main amd64 libsqlite3-0 amd64 3.31.1-4ubuntu0.7 [549 kB]
#6 7.494 Get:13 http://archive.ubuntu.com/ubuntu focal-updates/main amd64 libpython3.8-stdlib amd64 3.8.10-0ubuntu1~20.04.18 [1676 kB]
#6 7.514 Get:14 http://archive.ubuntu.com/ubuntu focal-updates/main amd64 python3.8 amd64 3.8.10-0ubuntu1~20.04.18 [387 kB]
#6 7.517 Get:15 http://archive.ubuntu.com/ubuntu focal/main amd64 libpython3-stdlib amd64 3.8.2-0ubuntu2 [7068 B]
#6 7.517 Get:16 http://archive.ubuntu.com/ubuntu focal/main amd64 python3 amd64 3.8.2-0ubuntu2 [47.6 kB]
#6 7.518 Get:17 http://archive.ubuntu.com/ubuntu focal-updates/main amd64 perl-modules-5.30 all 5.30.0-9ubuntu0.5 [2739 kB]
#6 7.542 Get:18 http://archive.ubuntu.com/ubuntu focal/main amd64 libgdbm6 amd64 1.18.1-5 [27.4 kB]
#6 7.542 Get:19 http://archive.ubuntu.com/ubuntu focal/main amd64 libgdbm-compat4 amd64 1.18.1-5 [6244 B]
#6 7.543 Get:20 http://archive.ubuntu.com/ubuntu focal-updates/main amd64 libperl5.30 amd64 5.30.0-9ubuntu0.5 [3941 kB]
#6 7.579 Get:21 http://archive.ubuntu.com/ubuntu focal-updates/main amd64 perl amd64 5.30.0-9ubuntu0.5 [224 kB]
#6 7.587 Get:22 http://archive.ubuntu.com/ubuntu focal-updates/main amd64 gpgv amd64 2.2.19-3ubuntu2.5 [200 kB]
#6 7.589 Get:23 http://archive.ubuntu.com/ubuntu focal-updates/main amd64 openssl amd64 1.1.1f-1ubuntu2.24 [621 kB]
#6 7.593 Get:24 http://archive.ubuntu.com/ubuntu focal-updates/main amd64 ca-certificates all 20240203~20.04.1 [159 kB]
#6 7.594 Get:25 http://archive.ubuntu.com/ubuntu focal/main amd64 libmagic-mgc amd64 1:5.38-4 [218 kB]
#6 7.596 Get:26 http://archive.ubuntu.com/ubuntu focal/main amd64 libmagic1 amd64 1:5.38-4 [75.9 kB]
#6 7.597 Get:27 http://archive.ubuntu.com/ubuntu focal/main amd64 file amd64 1:5.38-4 [23.3 kB]
#6 7.597 Get:28 http://archive.ubuntu.com/ubuntu focal-updates/main amd64 less amd64 551-1ubuntu0.3 [123 kB]
#6 7.598 Get:29 http://archive.ubuntu.com/ubuntu focal/main amd64 libbsd0 amd64 0.10.0-1 [45.4 kB]
#6 7.609 Get:30 http://archive.ubuntu.com/ubuntu focal-updates/main amd64 libglib2.0-0 amd64 2.64.6-1~ubuntu20.04.9 [1290 kB]
#6 7.632 Get:31 http://archive.ubuntu.com/ubuntu focal-updates/main amd64 libglib2.0-data all 2.64.6-1~ubuntu20.04.9 [5836 B]
#6 7.632 Get:32 http://archive.ubuntu.com/ubuntu focal-updates/main amd64 tzdata all 2025b-0ubuntu0.20.04.1 [300 kB]
#6 7.636 Get:33 http://archive.ubuntu.com/ubuntu focal-updates/main amd64 libicu66 amd64 66.1-2ubuntu2.1 [8515 kB]
#6 7.715 Get:34 http://archive.ubuntu.com/ubuntu focal-updates/main amd64 libxml2 amd64 2.9.10+dfsg-5ubuntu0.20.04.10 [640 kB]
#6 7.728 Get:35 http://archive.ubuntu.com/ubuntu focal/main amd64 netbase all 6.1 [13.1 kB]
#6 7.728 Get:36 http://archive.ubuntu.com/ubuntu focal-updates/main amd64 python3-pkg-resources all 45.2.0-1ubuntu0.3 [130 kB]
#6 7.729 Get:37 http://archive.ubuntu.com/ubuntu focal/main amd64 shared-mime-info amd64 1.15-1 [430 kB]
#6 7.733 Get:38 http://archive.ubuntu.com/ubuntu focal/main amd64 xdg-user-dirs amd64 0.17-2ubuntu1 [48.3 kB]
#6 7.733 Get:39 http://archive.ubuntu.com/ubuntu focal-updates/main amd64 xz-utils amd64 5.2.4-1ubuntu1.1 [82.6 kB]
#6 7.735 Get:40 http://archive.ubuntu.com/ubuntu focal-updates/main amd64 krb5-locales all 1.17-6ubuntu4.11 [12.0 kB]
#6 7.735 Get:41 http://archive.ubuntu.com/ubuntu focal/main amd64 libcbor0.6 amd64 0.6.0-0ubuntu1 [21.1 kB]
#6 7.735 Get:42 http://archive.ubuntu.com/ubuntu focal/main amd64 libedit2 amd64 3.1-20191231-1 [87.0 kB]
#6 7.739 Get:43 http://archive.ubuntu.com/ubuntu focal/main amd64 libfido2-1 amd64 1.3.1-1ubuntu2 [47.9 kB]
#6 7.762 Get:44 http://archive.ubuntu.com/ubuntu focal-updates/main amd64 libkrb5support0 amd64 1.17-6ubuntu4.11 [31.5 kB]
#6 7.763 Get:45 http://archive.ubuntu.com/ubuntu focal-updates/main amd64 libk5crypto3 amd64 1.17-6ubuntu4.11 [80.3 kB]
#6 7.765 Get:46 http://archive.ubuntu.com/ubuntu focal-updates/main amd64 libkeyutils1 amd64 1.6-6ubuntu1.1 [10.3 kB]
#6 7.765 Get:47 http://archive.ubuntu.com/ubuntu focal-updates/main amd64 libkrb5-3 amd64 1.17-6ubuntu4.11 [330 kB]
#6 7.773 Get:48 http://archive.ubuntu.com/ubuntu focal-updates/main amd64 libgssapi-krb5-2 amd64 1.17-6ubuntu4.11 [121 kB]
#6 7.776 Get:49 http://archive.ubuntu.com/ubuntu focal/main amd64 libpsl5 amd64 0.21.0-1ubuntu1 [51.5 kB]
#6 7.777 Get:50 http://archive.ubuntu.com/ubuntu focal-updates/main amd64 libuv1 amd64 1.34.2-1ubuntu1.5 [80.9 kB]
#6 7.778 Get:51 http://archive.ubuntu.com/ubuntu focal/main amd64 libxau6 amd64 1:1.0.9-0ubuntu1 [7488 B]
#6 7.778 Get:52 http://archive.ubuntu.com/ubuntu focal/main amd64 libxdmcp6 amd64 1:1.1.3-0ubuntu1 [10.6 kB]
#6 7.785 Get:53 http://archive.ubuntu.com/ubuntu focal/main amd64 libxcb1 amd64 1.14-2 [44.7 kB]
#6 7.809 Get:54 http://archive.ubuntu.com/ubuntu focal-updates/main amd64 libx11-data all 2:1.6.9-2ubuntu1.6 [114 kB]
#6 7.812 Get:55 http://archive.ubuntu.com/ubuntu focal-updates/main amd64 libx11-6 amd64 2:1.6.9-2ubuntu1.6 [577 kB]
#6 7.822 Get:56 http://archive.ubuntu.com/ubuntu focal/main amd64 libxext6 amd64 2:1.3.4-0ubuntu1 [29.1 kB]
#6 7.822 Get:57 http://archive.ubuntu.com/ubuntu focal/main amd64 libxmuu1 amd64 2:1.1.3-0ubuntu1 [9728 B]
#6 7.823 Get:58 http://archive.ubuntu.com/ubuntu focal/main amd64 manpages all 5.05-1 [1314 kB]
#6 7.832 Get:59 http://archive.ubuntu.com/ubuntu focal-updates/main amd64 openssh-client amd64 1:8.2p1-4ubuntu0.13 [670 kB]
#6 7.837 Get:60 http://archive.ubuntu.com/ubuntu focal/main amd64 publicsuffix all 20200303.0012-1 [111 kB]
#6 7.838 Get:61 http://archive.ubuntu.com/ubuntu focal-updates/main amd64 wget amd64 1.20.3-1ubuntu2.1 [349 kB]
#6 7.841 Get:62 http://archive.ubuntu.com/ubuntu focal/main amd64 xauth amd64 1:1.1-0ubuntu1 [25.0 kB]
#6 7.841 Get:63 http://archive.ubuntu.com/ubuntu focal-updates/main amd64 binutils-common amd64 2.34-6ubuntu1.11 [208 kB]
#6 7.855 Get:64 http://archive.ubuntu.com/ubuntu focal-updates/main amd64 libbinutils amd64 2.34-6ubuntu1.11 [475 kB]
#6 7.860 Get:65 http://archive.ubuntu.com/ubuntu focal-updates/main amd64 libctf-nobfd0 amd64 2.34-6ubuntu1.11 [48.2 kB]
#6 7.861 Get:66 http://archive.ubuntu.com/ubuntu focal-updates/main amd64 libctf0 amd64 2.34-6ubuntu1.11 [46.6 kB]
#6 7.861 Get:67 http://archive.ubuntu.com/ubuntu focal-updates/main amd64 binutils-x86-64-linux-gnu amd64 2.34-6ubuntu1.11 [1612 kB]
#6 7.879 Get:68 http://archive.ubuntu.com/ubuntu focal-updates/main amd64 binutils amd64 2.34-6ubuntu1.11 [3380 B]
#6 7.879 Get:69 http://archive.ubuntu.com/ubuntu focal-updates/main amd64 libc-dev-bin amd64 2.31-0ubuntu9.18 [71.7 kB]
#6 7.880 Get:70 http://archive.ubuntu.com/ubuntu focal-updates/main amd64 linux-libc-dev amd64 5.4.0-216.236 [1111 kB]
#6 7.888 Get:71 http://archive.ubuntu.com/ubuntu focal/main amd64 libcrypt-dev amd64 1:4.4.10-10ubuntu4 [104 kB]
#6 7.889 Get:72 http://archive.ubuntu.com/ubuntu focal-updates/main amd64 libc6-dev amd64 2.31-0ubuntu9.18 [2520 kB]
#6 7.912 Get:73 http://archive.ubuntu.com/ubuntu focal-updates/main amd64 gcc-9-base amd64 9.4.0-1ubuntu1~20.04.2 [18.9 kB]
#6 7.912 Get:74 http://archive.ubuntu.com/ubuntu focal/main amd64 libisl22 amd64 0.22.1-1 [592 kB]
#6 7.916 Get:75 http://archive.ubuntu.com/ubuntu focal/main amd64 libmpfr6 amd64 4.0.2-1 [240 kB]
#6 7.918 Get:76 http://archive.ubuntu.com/ubuntu focal/main amd64 libmpc3 amd64 1.1.0-1 [40.8 kB]
#6 7.918 Get:77 http://archive.ubuntu.com/ubuntu focal-updates/main amd64 cpp-9 amd64 9.4.0-1ubuntu1~20.04.2 [7502 kB]
#6 7.992 Get:78 http://archive.ubuntu.com/ubuntu focal/main amd64 cpp amd64 4:9.3.0-1ubuntu2 [27.6 kB]
#6 7.993 Get:79 http://archive.ubuntu.com/ubuntu focal-updates/main amd64 libcc1-0 amd64 10.5.0-1ubuntu1~20.04 [48.8 kB]
#6 7.993 Get:80 http://archive.ubuntu.com/ubuntu focal-updates/main amd64 libgomp1 amd64 10.5.0-1ubuntu1~20.04 [102 kB]
#6 7.994 Get:81 http://archive.ubuntu.com/ubuntu focal-updates/main amd64 libitm1 amd64 10.5.0-1ubuntu1~20.04 [26.2 kB]
#6 7.994 Get:82 http://archive.ubuntu.com/ubuntu focal-updates/main amd64 libatomic1 amd64 10.5.0-1ubuntu1~20.04 [9284 B]
#6 7.995 Get:83 http://archive.ubuntu.com/ubuntu focal-updates/main amd64 libasan5 amd64 9.4.0-1ubuntu1~20.04.2 [2752 kB]
#6 8.016 Get:84 http://archive.ubuntu.com/ubuntu focal-updates/main amd64 liblsan0 amd64 10.5.0-1ubuntu1~20.04 [835 kB]
#6 8.022 Get:85 http://archive.ubuntu.com/ubuntu focal-updates/main amd64 libtsan0 amd64 10.5.0-1ubuntu1~20.04 [2016 kB]
#6 8.039 Get:86 http://archive.ubuntu.com/ubuntu focal-updates/main amd64 libubsan1 amd64 10.5.0-1ubuntu1~20.04 [785 kB]
#6 8.045 Get:87 http://archive.ubuntu.com/ubuntu focal-updates/main amd64 libquadmath0 amd64 10.5.0-1ubuntu1~20.04 [146 kB]
#6 8.046 Get:88 http://archive.ubuntu.com/ubuntu focal-updates/main amd64 libgcc-9-dev amd64 9.4.0-1ubuntu1~20.04.2 [2359 kB]
#6 8.064 Get:89 http://archive.ubuntu.com/ubuntu focal-updates/main amd64 gcc-9 amd64 9.4.0-1ubuntu1~20.04.2 [8276 kB]
#6 8.129 Get:90 http://archive.ubuntu.com/ubuntu focal/main amd64 gcc amd64 4:9.3.0-1ubuntu2 [5208 B]
#6 8.129 Get:91 http://archive.ubuntu.com/ubuntu focal-updates/main amd64 libstdc++-9-dev amd64 9.4.0-1ubuntu1~20.04.2 [1722 kB]
#6 8.141 Get:92 http://archive.ubuntu.com/ubuntu focal-updates/main amd64 g++-9 amd64 9.4.0-1ubuntu1~20.04.2 [8421 kB]
#6 8.205 Get:93 http://archive.ubuntu.com/ubuntu focal/main amd64 g++ amd64 4:9.3.0-1ubuntu2 [1604 B]
#6 8.206 Get:94 http://archive.ubuntu.com/ubuntu focal/main amd64 make amd64 4.2.1-1.2 [162 kB]
#6 8.206 Get:95 http://archive.ubuntu.com/ubuntu focal-updates/main amd64 libdpkg-perl all 1.19.7ubuntu3.2 [231 kB]
#6 8.209 Get:96 http://archive.ubuntu.com/ubuntu focal/main amd64 patch amd64 2.7.6-6 [105 kB]
#6 8.209 Get:97 http://archive.ubuntu.com/ubuntu focal-updates/main amd64 dpkg-dev all 1.19.7ubuntu3.2 [679 kB]
#6 8.215 Get:98 http://archive.ubuntu.com/ubuntu focal-updates/main amd64 build-essential amd64 12.8ubuntu1.1 [4664 B]
#6 8.215 Get:99 http://archive.ubuntu.com/ubuntu focal-updates/main amd64 cmake-data all 3.16.3-1ubuntu1.20.04.1 [1613 kB]
#6 8.227 Get:100 http://archive.ubuntu.com/ubuntu focal-updates/main amd64 libarchive13 amd64 3.4.0-2ubuntu1.5 [327 kB]
#6 8.230 Get:101 http://archive.ubuntu.com/ubuntu focal-updates/main amd64 libbrotli1 amd64 1.0.7-6ubuntu0.1 [267 kB]
#6 8.279 Get:102 http://archive.ubuntu.com/ubuntu focal-updates/main amd64 libroken18-heimdal amd64 7.7.0+dfsg-1ubuntu1.4 [42.5 kB]
#6 8.341 Get:103 http://archive.ubuntu.com/ubuntu focal-updates/main amd64 libasn1-8-heimdal amd64 7.7.0+dfsg-1ubuntu1.4 [181 kB]
#6 8.401 Get:104 http://archive.ubuntu.com/ubuntu focal-updates/main amd64 libheimbase1-heimdal amd64 7.7.0+dfsg-1ubuntu1.4 [30.4 kB]
#6 8.405 Get:105 http://archive.ubuntu.com/ubuntu focal-updates/main amd64 libhcrypto4-heimdal amd64 7.7.0+dfsg-1ubuntu1.4 [88.1 kB]
#6 8.418 Get:106 http://archive.ubuntu.com/ubuntu focal-updates/main amd64 libwind0-heimdal amd64 7.7.0+dfsg-1ubuntu1.4 [47.7 kB]
#6 8.423 Get:107 http://archive.ubuntu.com/ubuntu focal-updates/main amd64 libhx509-5-heimdal amd64 7.7.0+dfsg-1ubuntu1.4 [107 kB]
#6 8.431 Get:108 http://archive.ubuntu.com/ubuntu focal-updates/main amd64 libkrb5-26-heimdal amd64 7.7.0+dfsg-1ubuntu1.4 [207 kB]
#6 8.443 Get:109 http://archive.ubuntu.com/ubuntu focal-updates/main amd64 libheimntlm0-heimdal amd64 7.7.0+dfsg-1ubuntu1.4 [15.1 kB]
#6 8.443 Get:110 http://archive.ubuntu.com/ubuntu focal-updates/main amd64 libgssapi3-heimdal amd64 7.7.0+dfsg-1ubuntu1.4 [96.5 kB]
#6 8.448 Get:111 http://archive.ubuntu.com/ubuntu focal-updates/main amd64 libsasl2-modules-db amd64 2.1.27+dfsg-2ubuntu0.1 [14.7 kB]
#6 8.449 Get:112 http://archive.ubuntu.com/ubuntu focal-updates/main amd64 libsasl2-2 amd64 2.1.27+dfsg-2ubuntu0.1 [49.3 kB]
#6 8.451 Get:113 http://archive.ubuntu.com/ubuntu focal-updates/main amd64 libldap-common all 2.4.49+dfsg-2ubuntu1.10 [16.5 kB]
#6 8.451 Get:114 http://archive.ubuntu.com/ubuntu focal-updates/main amd64 libldap-2.4-2 amd64 2.4.49+dfsg-2ubuntu1.10 [155 kB]
#6 8.457 Get:115 http://archive.ubuntu.com/ubuntu focal-updates/main amd64 libnghttp2-14 amd64 1.40.0-1ubuntu0.3 [79.9 kB]
#6 8.459 Get:116 http://archive.ubuntu.com/ubuntu focal/main amd64 librtmp1 amd64 2.4+20151223.gitfa8646d.1-2build1 [54.9 kB]
#6 8.475 Get:117 http://archive.ubuntu.com/ubuntu focal-updates/main amd64 libssh-4 amd64 0.9.3-2ubuntu2.5 [171 kB]
#6 8.478 Get:118 http://archive.ubuntu.com/ubuntu focal-updates/main amd64 libcurl4 amd64 7.68.0-1ubuntu2.25 [235 kB]
#6 8.482 Get:119 http://archive.ubuntu.com/ubuntu focal/main amd64 libjsoncpp1 amd64 1.7.4-3.1ubuntu2 [75.6 kB]
#6 8.482 Get:120 http://archive.ubuntu.com/ubuntu focal/main amd64 librhash0 amd64 1.3.9-1 [113 kB]
#6 8.484 Get:121 http://archive.ubuntu.com/ubuntu focal-updates/main amd64 cmake amd64 3.16.3-1ubuntu1.20.04.1 [3668 kB]
#6 8.529 Get:122 http://archive.ubuntu.com/ubuntu focal/main amd64 libassuan0 amd64 2.5.3-7ubuntu2 [35.7 kB]
#6 8.530 Get:123 http://archive.ubuntu.com/ubuntu focal-updates/main amd64 gpgconf amd64 2.2.19-3ubuntu2.5 [124 kB]
#6 8.531 Get:124 http://archive.ubuntu.com/ubuntu focal-updates/main amd64 libksba8 amd64 1.3.5-2ubuntu0.20.04.2 [95.2 kB]
#6 8.532 Get:125 http://archive.ubuntu.com/ubuntu focal/main amd64 libnpth0 amd64 1.6-1 [7736 B]
#6 8.532 Get:126 http://archive.ubuntu.com/ubuntu focal-updates/main amd64 dirmngr amd64 2.2.19-3ubuntu2.5 [330 kB]
#6 8.535 Get:127 http://archive.ubuntu.com/ubuntu focal/main amd64 libllvm10 amd64 1:10.0.0-4ubuntu1 [15.3 MB]
#6 8.679 Get:128 http://archive.ubuntu.com/ubuntu focal/universe amd64 libclang1-10 amd64 1:10.0.0-4ubuntu1 [7571 kB]
#6 8.745 Get:129 http://archive.ubuntu.com/ubuntu focal/universe amd64 libxapian30 amd64 1.4.14-2 [661 kB]
#6 8.749 Get:130 http://archive.ubuntu.com/ubuntu focal/universe amd64 doxygen amd64 1.8.17-0ubuntu2 [9630 kB]
#6 8.823 Get:131 http://archive.ubuntu.com/ubuntu focal/main amd64 libfakeroot amd64 1.24-1 [25.7 kB]
#6 8.823 Get:132 http://archive.ubuntu.com/ubuntu focal/main amd64 fakeroot amd64 1.24-1 [62.6 kB]
#6 8.823 Get:133 http://archive.ubuntu.com/ubuntu focal-updates/main amd64 libcurl3-gnutls amd64 7.68.0-1ubuntu2.25 [233 kB]
#6 8.826 Get:134 http://archive.ubuntu.com/ubuntu focal/main amd64 liberror-perl all 0.17029-1 [26.5 kB]
#6 8.826 Get:135 http://archive.ubuntu.com/ubuntu focal-updates/main amd64 git-man all 1:2.25.1-1ubuntu3.14 [887 kB]
#6 8.833 Get:136 http://archive.ubuntu.com/ubuntu focal-updates/main amd64 git amd64 1:2.25.1-1ubuntu3.14 [4613 kB]
#6 8.868 Get:137 http://archive.ubuntu.com/ubuntu focal-updates/main amd64 gnupg-l10n all 2.2.19-3ubuntu2.5 [51.9 kB]
#6 8.868 Get:138 http://archive.ubuntu.com/ubuntu focal-updates/main amd64 gnupg-utils amd64 2.2.19-3ubuntu2.5 [481 kB]
#6 8.872 Get:139 http://archive.ubuntu.com/ubuntu focal-updates/main amd64 gpg amd64 2.2.19-3ubuntu2.5 [483 kB]
#6 8.876 Get:140 http://archive.ubuntu.com/ubuntu focal/main amd64 pinentry-curses amd64 1.1.0-3build1 [36.3 kB]
#6 8.876 Get:141 http://archive.ubuntu.com/ubuntu focal-updates/main amd64 gpg-agent amd64 2.2.19-3ubuntu2.5 [232 kB]
#6 8.878 Get:142 http://archive.ubuntu.com/ubuntu focal-updates/main amd64 gpg-wks-client amd64 2.2.19-3ubuntu2.5 [97.8 kB]
#6 8.879 Get:143 http://archive.ubuntu.com/ubuntu focal-updates/main amd64 gpg-wks-server amd64 2.2.19-3ubuntu2.5 [90.0 kB]
#6 8.880 Get:144 http://archive.ubuntu.com/ubuntu focal-updates/main amd64 gpgsm amd64 2.2.19-3ubuntu2.5 [217 kB]
#6 8.882 Get:145 http://archive.ubuntu.com/ubuntu focal-updates/main amd64 gnupg all 2.2.19-3ubuntu2.5 [259 kB]
#6 8.895 Get:146 http://archive.ubuntu.com/ubuntu focal/main amd64 libalgorithm-diff-perl all 1.19.03-2 [46.6 kB]
#6 8.896 Get:147 http://archive.ubuntu.com/ubuntu focal/main amd64 libalgorithm-diff-xs-perl amd64 0.04-6 [11.3 kB]
#6 8.919 Get:148 http://archive.ubuntu.com/ubuntu focal/main amd64 libalgorithm-merge-perl all 0.08-3 [12.0 kB]
#6 8.919 Get:149 http://archive.ubuntu.com/ubuntu focal-updates/main amd64 libexpat1-dev amd64 2.2.9-1ubuntu0.8 [117 kB]
#6 8.922 Get:150 http://archive.ubuntu.com/ubuntu focal/main amd64 libfile-fcntllock-perl amd64 0.22-3build4 [33.1 kB]
#6 8.924 Get:151 http://archive.ubuntu.com/ubuntu focal-updates/main amd64 libpython3.8 amd64 3.8.10-0ubuntu1~20.04.18 [1625 kB]
#6 8.942 Get:152 http://archive.ubuntu.com/ubuntu focal-updates/main amd64 libpython3.8-dev amd64 3.8.10-0ubuntu1~20.04.18 [3950 kB]
#6 8.973 Get:153 http://archive.ubuntu.com/ubuntu focal/main amd64 libpython3-dev amd64 3.8.2-0ubuntu2 [7236 B]
#6 8.973 Get:154 http://archive.ubuntu.com/ubuntu focal-updates/main amd64 libsasl2-modules amd64 2.1.27+dfsg-2ubuntu0.1 [48.8 kB]
#6 8.973 Get:155 http://archive.ubuntu.com/ubuntu focal/main amd64 manpages-dev all 5.05-1 [2266 kB]
#6 9.001 Get:156 http://archive.ubuntu.com/ubuntu focal/universe amd64 ninja-build amd64 1.10.0-1build1 [107 kB]
#6 9.002 Get:157 http://archive.ubuntu.com/ubuntu focal/main amd64 pkg-config amd64 0.29.1-0ubuntu4 [45.5 kB]
#6 9.002 Get:158 http://archive.ubuntu.com/ubuntu focal-updates/universe amd64 python-pip-whl all 20.0.2-5ubuntu1.11 [1808 kB]
#6 9.019 Get:159 http://archive.ubuntu.com/ubuntu focal-updates/main amd64 zlib1g-dev amd64 1:1.2.11.dfsg-2ubuntu1.5 [155 kB]
#6 9.020 Get:160 http://archive.ubuntu.com/ubuntu focal-updates/main amd64 python3.8-dev amd64 3.8.10-0ubuntu1~20.04.18 [514 kB]
#6 9.024 Get:161 http://archive.ubuntu.com/ubuntu focal-updates/main amd64 python3-lib2to3 all 3.8.10-0ubuntu1~20.04 [76.3 kB]
#6 9.024 Get:162 http://archive.ubuntu.com/ubuntu focal-updates/main amd64 python3-distutils all 3.8.10-0ubuntu1~20.04 [141 kB]
#6 9.025 Get:163 http://archive.ubuntu.com/ubuntu focal/main amd64 python3-dev amd64 3.8.2-0ubuntu2 [1212 B]
#6 9.026 Get:164 http://archive.ubuntu.com/ubuntu focal-updates/main amd64 python3-setuptools all 45.2.0-1ubuntu0.3 [330 kB]
#6 9.038 Get:165 http://archive.ubuntu.com/ubuntu focal-updates/universe amd64 python3-wheel all 0.34.2-1ubuntu0.1 [23.9 kB]
#6 9.038 Get:166 http://archive.ubuntu.com/ubuntu focal-updates/universe amd64 python3-pip all 20.0.2-5ubuntu1.11 [231 kB]
#6 9.040 Get:167 http://archive.ubuntu.com/ubuntu focal-updates/main amd64 unzip amd64 6.0-25ubuntu1.2 [169 kB]
#6 9.157 debconf: delaying package configuration, since apt-utils is not installed
#6 9.188 Fetched 138 MB in 3s (50.2 MB/s)
#6 9.218 (Reading database ... 
(Reading database ... 5%
(Reading database ... 10%
(Reading database ... 15%
(Reading database ... 20%
(Reading database ... 25%
(Reading database ... 30%
(Reading database ... 35%
(Reading database ... 40%
(Reading database ... 45%
(Reading database ... 50%
(Reading database ... 55%
(Reading database ... 60%
(Reading database ... 65%
(Reading database ... 70%
(Reading database ... 75%
(Reading database ... 80%
(Reading database ... 85%
(Reading database ... 90%
(Reading database ... 95%
(Reading database ... 100%
(Reading database ... 4124 files and directories currently installed.)
#6 9.224 Preparing to unpack .../libc6_2.31-0ubuntu9.18_amd64.deb ...
#6 9.392 Unpacking libc6:amd64 (2.31-0ubuntu9.18) over (2.31-0ubuntu9.17) ...
#6 9.794 Setting up libc6:amd64 (2.31-0ubuntu9.18) ...
#6 10.94 Selecting previously unselected package liblocale-gettext-perl.
#6 10.94 (Reading database ... 
(Reading database ... 5%
(Reading database ... 10%
(Reading database ... 15%
(Reading database ... 20%
(Reading database ... 25%
(Reading database ... 30%
(Reading database ... 35%
(Reading database ... 40%
(Reading database ... 45%
(Reading database ... 50%
(Reading database ... 55%
(Reading database ... 60%
(Reading database ... 65%
(Reading database ... 70%
(Reading database ... 75%
(Reading database ... 80%
(Reading database ... 85%
(Reading database ... 90%
(Reading database ... 95%
(Reading database ... 100%
(Reading database ... 4124 files and directories currently installed.)
#6 10.94 Preparing to unpack .../liblocale-gettext-perl_1.07-4_amd64.deb ...
#6 10.94 Unpacking liblocale-gettext-perl (1.07-4) ...
#6 10.97 Selecting previously unselected package libssl1.1:amd64.
#6 10.97 Preparing to unpack .../libssl1.1_1.1.1f-1ubuntu2.24_amd64.deb ...
#6 10.97 Unpacking libssl1.1:amd64 (1.1.1f-1ubuntu2.24) ...
#6 11.08 Selecting previously unselected package libpython3.8-minimal:amd64.
#6 11.08 Preparing to unpack .../libpython3.8-minimal_3.8.10-0ubuntu1~20.04.18_amd64.deb ...
#6 11.08 Unpacking libpython3.8-minimal:amd64 (3.8.10-0ubuntu1~20.04.18) ...
#6 11.16 Selecting previously unselected package libexpat1:amd64.
#6 11.16 Preparing to unpack .../libexpat1_2.2.9-1ubuntu0.8_amd64.deb ...
#6 11.16 Unpacking libexpat1:amd64 (2.2.9-1ubuntu0.8) ...
#6 11.20 Selecting previously unselected package python3.8-minimal.
#6 11.20 Preparing to unpack .../python3.8-minimal_3.8.10-0ubuntu1~20.04.18_amd64.deb ...
#6 11.20 Unpacking python3.8-minimal (3.8.10-0ubuntu1~20.04.18) ...
#6 11.37 Setting up libssl1.1:amd64 (1.1.1f-1ubuntu2.24) ...
#6 11.43 Setting up libpython3.8-minimal:amd64 (3.8.10-0ubuntu1~20.04.18) ...
#6 11.43 Setting up libexpat1:amd64 (2.2.9-1ubuntu0.8) ...
#6 11.43 Setting up python3.8-minimal (3.8.10-0ubuntu1~20.04.18) ...
#6 11.88 Selecting previously unselected package python3-minimal.
#6 11.88 (Reading database ... 
(Reading database ... 5%
(Reading database ... 10%
(Reading database ... 15%
(Reading database ... 20%
(Reading database ... 25%
(Reading database ... 30%
(Reading database ... 35%
(Reading database ... 40%
(Reading database ... 45%
(Reading database ... 50%
(Reading database ... 55%
(Reading database ... 60%
(Reading database ... 65%
(Reading database ... 70%
(Reading database ... 75%
(Reading database ... 80%
(Reading database ... 85%
(Reading database ... 90%
(Reading database ... 95%
(Reading database ... 100%
(Reading database ... 4439 files and directories currently installed.)
#6 11.88 Preparing to unpack .../0-python3-minimal_3.8.2-0ubuntu2_amd64.deb ...
#6 11.88 Unpacking python3-minimal (3.8.2-0ubuntu2) ...
#6 11.91 Selecting previously unselected package mime-support.
#6 11.91 Preparing to unpack .../1-mime-support_3.64ubuntu1_all.deb ...
#6 11.91 Unpacking mime-support (3.64ubuntu1) ...
#6 11.93 Selecting previously unselected package libmpdec2:amd64.
#6 11.93 Preparing to unpack .../2-libmpdec2_2.4.2-3_amd64.deb ...
#6 11.93 Unpacking libmpdec2:amd64 (2.4.2-3) ...
#6 11.97 Selecting previously unselected package readline-common.
#6 11.97 Preparing to unpack .../3-readline-common_8.0-4_all.deb ...
#6 11.97 Unpacking readline-common (8.0-4) ...
#6 12.00 Selecting previously unselected package libreadline8:amd64.
#6 12.00 Preparing to unpack .../4-libreadline8_8.0-4_amd64.deb ...
#6 12.00 Unpacking libreadline8:amd64 (8.0-4) ...
#6 12.04 Selecting previously unselected package libsqlite3-0:amd64.
#6 12.04 Preparing to unpack .../5-libsqlite3-0_3.31.1-4ubuntu0.7_amd64.deb ...
#6 12.04 Unpacking libsqlite3-0:amd64 (3.31.1-4ubuntu0.7) ...
#6 12.10 Selecting previously unselected package libpython3.8-stdlib:amd64.
#6 12.10 Preparing to unpack .../6-libpython3.8-stdlib_3.8.10-0ubuntu1~20.04.18_amd64.deb ...
#6 12.10 Unpacking libpython3.8-stdlib:amd64 (3.8.10-0ubuntu1~20.04.18) ...
#6 12.24 Selecting previously unselected package python3.8.
#6 12.24 Preparing to unpack .../7-python3.8_3.8.10-0ubuntu1~20.04.18_amd64.deb ...
#6 12.24 Unpacking python3.8 (3.8.10-0ubuntu1~20.04.18) ...
#6 12.28 Selecting previously unselected package libpython3-stdlib:amd64.
#6 12.28 Preparing to unpack .../8-libpython3-stdlib_3.8.2-0ubuntu2_amd64.deb ...
#6 12.28 Unpacking libpython3-stdlib:amd64 (3.8.2-0ubuntu2) ...
#6 12.31 Setting up python3-minimal (3.8.2-0ubuntu2) ...
#6 12.48 Selecting previously unselected package python3.
#6 12.48 (Reading database ... 
(Reading database ... 5%
(Reading database ... 10%
(Reading database ... 15%
(Reading database ... 20%
(Reading database ... 25%
(Reading database ... 30%
(Reading database ... 35%
(Reading database ... 40%
(Reading database ... 45%
(Reading database ... 50%
(Reading database ... 55%
(Reading database ... 60%
(Reading database ... 65%
(Reading database ... 70%
(Reading database ... 75%
(Reading database ... 80%
(Reading database ... 85%
(Reading database ... 90%
(Reading database ... 95%
(Reading database ... 100%
(Reading database ... 4869 files and directories currently installed.)
#6 12.49 Preparing to unpack .../0-python3_3.8.2-0ubuntu2_amd64.deb ...
#6 12.49 Unpacking python3 (3.8.2-0ubuntu2) ...
#6 12.52 Selecting previously unselected package perl-modules-5.30.
#6 12.52 Preparing to unpack .../1-perl-modules-5.30_5.30.0-9ubuntu0.5_all.deb ...
#6 12.52 Unpacking perl-modules-5.30 (5.30.0-9ubuntu0.5) ...
#6 12.77 Selecting previously unselected package libgdbm6:amd64.
#6 12.77 Preparing to unpack .../2-libgdbm6_1.18.1-5_amd64.deb ...
#6 12.77 Unpacking libgdbm6:amd64 (1.18.1-5) ...
#6 12.80 Selecting previously unselected package libgdbm-compat4:amd64.
#6 12.80 Preparing to unpack .../3-libgdbm-compat4_1.18.1-5_amd64.deb ...
#6 12.80 Unpacking libgdbm-compat4:amd64 (1.18.1-5) ...
#6 12.82 Selecting previously unselected package libperl5.30:amd64.
#6 12.82 Preparing to unpack .../4-libperl5.30_5.30.0-9ubuntu0.5_amd64.deb ...
#6 12.82 Unpacking libperl5.30:amd64 (5.30.0-9ubuntu0.5) ...
#6 13.16 Selecting previously unselected package perl.
#6 13.16 Preparing to unpack .../5-perl_5.30.0-9ubuntu0.5_amd64.deb ...
#6 13.17 Unpacking perl (5.30.0-9ubuntu0.5) ...
#6 13.21 Preparing to unpack .../6-gpgv_2.2.19-3ubuntu2.5_amd64.deb ...
#6 13.21 Unpacking gpgv (2.2.19-3ubuntu2.5) over (2.2.19-3ubuntu2.4) ...
#6 13.27 Setting up gpgv (2.2.19-3ubuntu2.5) ...
#6 13.30 Selecting previously unselected package openssl.
#6 13.30 (Reading database ... 
(Reading database ... 5%
(Reading database ... 10%
(Reading database ... 15%
(Reading database ... 20%
(Reading database ... 25%
(Reading database ... 30%
(Reading database ... 35%
(Reading database ... 40%
(Reading database ... 45%
(Reading database ... 50%
(Reading database ... 55%
(Reading database ... 60%
(Reading database ... 65%
(Reading database ... 70%
(Reading database ... 75%
(Reading database ... 80%
(Reading database ... 85%
(Reading database ... 90%
(Reading database ... 95%
(Reading database ... 100%
(Reading database ... 6850 files and directories currently installed.)
#6 13.31 Preparing to unpack .../000-openssl_1.1.1f-1ubuntu2.24_amd64.deb ...
#6 13.31 Unpacking openssl (1.1.1f-1ubuntu2.24) ...
#6 13.38 Selecting previously unselected package ca-certificates.
#6 13.38 Preparing to unpack .../001-ca-certificates_20240203~20.04.1_all.deb ...
#6 13.38 Unpacking ca-certificates (20240203~20.04.1) ...
#6 13.42 Selecting previously unselected package libmagic-mgc.
#6 13.42 Preparing to unpack .../002-libmagic-mgc_1%3a5.38-4_amd64.deb ...
#6 13.42 Unpacking libmagic-mgc (1:5.38-4) ...
#6 13.46 Selecting previously unselected package libmagic1:amd64.
#6 13.46 Preparing to unpack .../003-libmagic1_1%3a5.38-4_amd64.deb ...
#6 13.46 Unpacking libmagic1:amd64 (1:5.38-4) ...
#6 13.49 Selecting previously unselected package file.
#6 13.49 Preparing to unpack .../004-file_1%3a5.38-4_amd64.deb ...
#6 13.49 Unpacking file (1:5.38-4) ...
#6 13.52 Selecting previously unselected package less.
#6 13.52 Preparing to unpack .../005-less_551-1ubuntu0.3_amd64.deb ...
#6 13.52 Unpacking less (551-1ubuntu0.3) ...
#6 13.55 Selecting previously unselected package libbsd0:amd64.
#6 13.55 Preparing to unpack .../006-libbsd0_0.10.0-1_amd64.deb ...
#6 13.55 Unpacking libbsd0:amd64 (0.10.0-1) ...
#6 13.59 Selecting previously unselected package libglib2.0-0:amd64.
#6 13.59 Preparing to unpack .../007-libglib2.0-0_2.64.6-1~ubuntu20.04.9_amd64.deb ...
#6 13.59 Unpacking libglib2.0-0:amd64 (2.64.6-1~ubuntu20.04.9) ...
#6 13.69 Selecting previously unselected package libglib2.0-data.
#6 13.69 Preparing to unpack .../008-libglib2.0-data_2.64.6-1~ubuntu20.04.9_all.deb ...
#6 13.69 Unpacking libglib2.0-data (2.64.6-1~ubuntu20.04.9) ...
#6 13.73 Selecting previously unselected package tzdata.
#6 13.73 Preparing to unpack .../009-tzdata_2025b-0ubuntu0.20.04.1_all.deb ...
#6 13.73 Unpacking tzdata (2025b-0ubuntu0.20.04.1) ...
#6 13.86 Selecting previously unselected package libicu66:amd64.
#6 13.86 Preparing to unpack .../010-libicu66_66.1-2ubuntu2.1_amd64.deb ...
#6 13.86 Unpacking libicu66:amd64 (66.1-2ubuntu2.1) ...
#6 14.51 Selecting previously unselected package libxml2:amd64.
#6 14.51 Preparing to unpack .../011-libxml2_2.9.10+dfsg-5ubuntu0.20.04.10_amd64.deb ...
#6 14.51 Unpacking libxml2:amd64 (2.9.10+dfsg-5ubuntu0.20.04.10) ...
#6 14.61 Selecting previously unselected package netbase.
#6 14.62 Preparing to unpack .../012-netbase_6.1_all.deb ...
#6 14.64 Unpacking netbase (6.1) ...
#6 14.73 Selecting previously unselected package python3-pkg-resources.
#6 14.73 Preparing to unpack .../013-python3-pkg-resources_45.2.0-1ubuntu0.3_all.deb ...
#6 14.73 Unpacking python3-pkg-resources (45.2.0-1ubuntu0.3) ...
#6 14.77 Selecting previously unselected package shared-mime-info.
#6 14.77 Preparing to unpack .../014-shared-mime-info_1.15-1_amd64.deb ...
#6 14.77 Unpacking shared-mime-info (1.15-1) ...
#6 14.83 Selecting previously unselected package xdg-user-dirs.
#6 14.83 Preparing to unpack .../015-xdg-user-dirs_0.17-2ubuntu1_amd64.deb ...
#6 14.84 Unpacking xdg-user-dirs (0.17-2ubuntu1) ...
#6 14.87 Selecting previously unselected package xz-utils.
#6 14.87 Preparing to unpack .../016-xz-utils_5.2.4-1ubuntu1.1_amd64.deb ...
#6 14.88 Unpacking xz-utils (5.2.4-1ubuntu1.1) ...
#6 14.90 Selecting previously unselected package krb5-locales.
#6 14.90 Preparing to unpack .../017-krb5-locales_1.17-6ubuntu4.11_all.deb ...
#6 14.90 Unpacking krb5-locales (1.17-6ubuntu4.11) ...
#6 14.92 Selecting previously unselected package libcbor0.6:amd64.
#6 14.93 Preparing to unpack .../018-libcbor0.6_0.6.0-0ubuntu1_amd64.deb ...
#6 14.93 Unpacking libcbor0.6:amd64 (0.6.0-0ubuntu1) ...
#6 14.95 Selecting previously unselected package libedit2:amd64.
#6 14.95 Preparing to unpack .../019-libedit2_3.1-20191231-1_amd64.deb ...
#6 14.95 Unpacking libedit2:amd64 (3.1-20191231-1) ...
#6 14.98 Selecting previously unselected package libfido2-1:amd64.
#6 14.99 Preparing to unpack .../020-libfido2-1_1.3.1-1ubuntu2_amd64.deb ...
#6 14.99 Unpacking libfido2-1:amd64 (1.3.1-1ubuntu2) ...
#6 15.02 Selecting previously unselected package libkrb5support0:amd64.
#6 15.02 Preparing to unpack .../021-libkrb5support0_1.17-6ubuntu4.11_amd64.deb ...
#6 15.02 Unpacking libkrb5support0:amd64 (1.17-6ubuntu4.11) ...
#6 15.05 Selecting previously unselected package libk5crypto3:amd64.
#6 15.05 Preparing to unpack .../022-libk5crypto3_1.17-6ubuntu4.11_amd64.deb ...
#6 15.05 Unpacking libk5crypto3:amd64 (1.17-6ubuntu4.11) ...
#6 15.08 Selecting previously unselected package libkeyutils1:amd64.
#6 15.08 Preparing to unpack .../023-libkeyutils1_1.6-6ubuntu1.1_amd64.deb ...
#6 15.08 Unpacking libkeyutils1:amd64 (1.6-6ubuntu1.1) ...
#6 15.10 Selecting previously unselected package libkrb5-3:amd64.
#6 15.10 Preparing to unpack .../024-libkrb5-3_1.17-6ubuntu4.11_amd64.deb ...
#6 15.10 Unpacking libkrb5-3:amd64 (1.17-6ubuntu4.11) ...
#6 15.15 Selecting previously unselected package libgssapi-krb5-2:amd64.
#6 15.15 Preparing to unpack .../025-libgssapi-krb5-2_1.17-6ubuntu4.11_amd64.deb ...
#6 15.15 Unpacking libgssapi-krb5-2:amd64 (1.17-6ubuntu4.11) ...
#6 15.19 Selecting previously unselected package libpsl5:amd64.
#6 15.19 Preparing to unpack .../026-libpsl5_0.21.0-1ubuntu1_amd64.deb ...
#6 15.19 Unpacking libpsl5:amd64 (0.21.0-1ubuntu1) ...
#6 15.22 Selecting previously unselected package libuv1:amd64.
#6 15.22 Preparing to unpack .../027-libuv1_1.34.2-1ubuntu1.5_amd64.deb ...
#6 15.22 Unpacking libuv1:amd64 (1.34.2-1ubuntu1.5) ...
#6 15.25 Selecting previously unselected package libxau6:amd64.
#6 15.25 Preparing to unpack .../028-libxau6_1%3a1.0.9-0ubuntu1_amd64.deb ...
#6 15.25 Unpacking libxau6:amd64 (1:1.0.9-0ubuntu1) ...
#6 15.27 Selecting previously unselected package libxdmcp6:amd64.
#6 15.27 Preparing to unpack .../029-libxdmcp6_1%3a1.1.3-0ubuntu1_amd64.deb ...
#6 15.27 Unpacking libxdmcp6:amd64 (1:1.1.3-0ubuntu1) ...
#6 15.29 Selecting previously unselected package libxcb1:amd64.
#6 15.30 Preparing to unpack .../030-libxcb1_1.14-2_amd64.deb ...
#6 15.30 Unpacking libxcb1:amd64 (1.14-2) ...
#6 15.32 Selecting previously unselected package libx11-data.
#6 15.32 Preparing to unpack .../031-libx11-data_2%3a1.6.9-2ubuntu1.6_all.deb ...
#6 15.32 Unpacking libx11-data (2:1.6.9-2ubuntu1.6) ...
#6 15.37 Selecting previously unselected package libx11-6:amd64.
#6 15.37 Preparing to unpack .../032-libx11-6_2%3a1.6.9-2ubuntu1.6_amd64.deb ...
#6 15.37 Unpacking libx11-6:amd64 (2:1.6.9-2ubuntu1.6) ...
#6 15.43 Selecting previously unselected package libxext6:amd64.
#6 15.43 Preparing to unpack .../033-libxext6_2%3a1.3.4-0ubuntu1_amd64.deb ...
#6 15.43 Unpacking libxext6:amd64 (2:1.3.4-0ubuntu1) ...
#6 15.46 Selecting previously unselected package libxmuu1:amd64.
#6 15.46 Preparing to unpack .../034-libxmuu1_2%3a1.1.3-0ubuntu1_amd64.deb ...
#6 15.46 Unpacking libxmuu1:amd64 (2:1.1.3-0ubuntu1) ...
#6 15.48 Selecting previously unselected package manpages.
#6 15.48 Preparing to unpack .../035-manpages_5.05-1_all.deb ...
#6 15.48 Unpacking manpages (5.05-1) ...
#6 15.58 Selecting previously unselected package openssh-client.
#6 15.58 Preparing to unpack .../036-openssh-client_1%3a8.2p1-4ubuntu0.13_amd64.deb ...
#6 15.59 Unpacking openssh-client (1:8.2p1-4ubuntu0.13) ...
#6 15.66 Selecting previously unselected package publicsuffix.
#6 15.66 Preparing to unpack .../037-publicsuffix_20200303.0012-1_all.deb ...
#6 15.66 Unpacking publicsuffix (20200303.0012-1) ...
#6 15.70 Selecting previously unselected package wget.
#6 15.70 Preparing to unpack .../038-wget_1.20.3-1ubuntu2.1_amd64.deb ...
#6 15.70 Unpacking wget (1.20.3-1ubuntu2.1) ...
#6 15.74 Selecting previously unselected package xauth.
#6 15.75 Preparing to unpack .../039-xauth_1%3a1.1-0ubuntu1_amd64.deb ...
#6 15.75 Unpacking xauth (1:1.1-0ubuntu1) ...
#6 15.77 Selecting previously unselected package binutils-common:amd64.
#6 15.77 Preparing to unpack .../040-binutils-common_2.34-6ubuntu1.11_amd64.deb ...
#6 15.77 Unpacking binutils-common:amd64 (2.34-6ubuntu1.11) ...
#6 15.81 Selecting previously unselected package libbinutils:amd64.
#6 15.81 Preparing to unpack .../041-libbinutils_2.34-6ubuntu1.11_amd64.deb ...
#6 15.81 Unpacking libbinutils:amd64 (2.34-6ubuntu1.11) ...
#6 15.87 Selecting previously unselected package libctf-nobfd0:amd64.
#6 15.87 Preparing to unpack .../042-libctf-nobfd0_2.34-6ubuntu1.11_amd64.deb ...
#6 15.87 Unpacking libctf-nobfd0:amd64 (2.34-6ubuntu1.11) ...
#6 15.90 Selecting previously unselected package libctf0:amd64.
#6 15.90 Preparing to unpack .../043-libctf0_2.34-6ubuntu1.11_amd64.deb ...
#6 15.90 Unpacking libctf0:amd64 (2.34-6ubuntu1.11) ...
#6 15.92 Selecting previously unselected package binutils-x86-64-linux-gnu.
#6 15.93 Preparing to unpack .../044-binutils-x86-64-linux-gnu_2.34-6ubuntu1.11_amd64.deb ...
#6 15.93 Unpacking binutils-x86-64-linux-gnu (2.34-6ubuntu1.11) ...
#6 16.09 Selecting previously unselected package binutils.
#6 16.09 Preparing to unpack .../045-binutils_2.34-6ubuntu1.11_amd64.deb ...
#6 16.09 Unpacking binutils (2.34-6ubuntu1.11) ...
#6 16.11 Selecting previously unselected package libc-dev-bin.
#6 16.11 Preparing to unpack .../046-libc-dev-bin_2.31-0ubuntu9.18_amd64.deb ...
#6 16.11 Unpacking libc-dev-bin (2.31-0ubuntu9.18) ...
#6 16.15 Selecting previously unselected package linux-libc-dev:amd64.
#6 16.15 Preparing to unpack .../047-linux-libc-dev_5.4.0-216.236_amd64.deb ...
#6 16.15 Unpacking linux-libc-dev:amd64 (5.4.0-216.236) ...
#6 16.26 Selecting previously unselected package libcrypt-dev:amd64.
#6 16.26 Preparing to unpack .../048-libcrypt-dev_1%3a4.4.10-10ubuntu4_amd64.deb ...
#6 16.26 Unpacking libcrypt-dev:amd64 (1:4.4.10-10ubuntu4) ...
#6 16.29 Selecting previously unselected package libc6-dev:amd64.
#6 16.29 Preparing to unpack .../049-libc6-dev_2.31-0ubuntu9.18_amd64.deb ...
#6 16.29 Unpacking libc6-dev:amd64 (2.31-0ubuntu9.18) ...
#6 16.52 Selecting previously unselected package gcc-9-base:amd64.
#6 16.52 Preparing to unpack .../050-gcc-9-base_9.4.0-1ubuntu1~20.04.2_amd64.deb ...
#6 16.52 Unpacking gcc-9-base:amd64 (9.4.0-1ubuntu1~20.04.2) ...
#6 16.55 Selecting previously unselected package libisl22:amd64.
#6 16.55 Preparing to unpack .../051-libisl22_0.22.1-1_amd64.deb ...
#6 16.55 Unpacking libisl22:amd64 (0.22.1-1) ...
#6 16.61 Selecting previously unselected package libmpfr6:amd64.
#6 16.62 Preparing to unpack .../052-libmpfr6_4.0.2-1_amd64.deb ...
#6 16.62 Unpacking libmpfr6:amd64 (4.0.2-1) ...
#6 16.66 Selecting previously unselected package libmpc3:amd64.
#6 16.66 Preparing to unpack .../053-libmpc3_1.1.0-1_amd64.deb ...
#6 16.66 Unpacking libmpc3:amd64 (1.1.0-1) ...
#6 16.68 Selecting previously unselected package cpp-9.
#6 16.69 Preparing to unpack .../054-cpp-9_9.4.0-1ubuntu1~20.04.2_amd64.deb ...
#6 16.69 Unpacking cpp-9 (9.4.0-1ubuntu1~20.04.2) ...
#6 17.21 Selecting previously unselected package cpp.
#6 17.21 Preparing to unpack .../055-cpp_4%3a9.3.0-1ubuntu2_amd64.deb ...
#6 17.21 Unpacking cpp (4:9.3.0-1ubuntu2) ...
#6 17.23 Selecting previously unselected package libcc1-0:amd64.
#6 17.24 Preparing to unpack .../056-libcc1-0_10.5.0-1ubuntu1~20.04_amd64.deb ...
#6 17.24 Unpacking libcc1-0:amd64 (10.5.0-1ubuntu1~20.04) ...
#6 17.27 Selecting previously unselected package libgomp1:amd64.
#6 17.27 Preparing to unpack .../057-libgomp1_10.5.0-1ubuntu1~20.04_amd64.deb ...
#6 17.27 Unpacking libgomp1:amd64 (10.5.0-1ubuntu1~20.04) ...
#6 17.30 Selecting previously unselected package libitm1:amd64.
#6 17.31 Preparing to unpack .../058-libitm1_10.5.0-1ubuntu1~20.04_amd64.deb ...
#6 17.31 Unpacking libitm1:amd64 (10.5.0-1ubuntu1~20.04) ...
#6 17.33 Selecting previously unselected package libatomic1:amd64.
#6 17.33 Preparing to unpack .../059-libatomic1_10.5.0-1ubuntu1~20.04_amd64.deb ...
#6 17.33 Unpacking libatomic1:amd64 (10.5.0-1ubuntu1~20.04) ...
#6 17.35 Selecting previously unselected package libasan5:amd64.
#6 17.36 Preparing to unpack .../060-libasan5_9.4.0-1ubuntu1~20.04.2_amd64.deb ...
#6 17.36 Unpacking libasan5:amd64 (9.4.0-1ubuntu1~20.04.2) ...
#6 17.59 Selecting previously unselected package liblsan0:amd64.
#6 17.59 Preparing to unpack .../061-liblsan0_10.5.0-1ubuntu1~20.04_amd64.deb ...
#6 17.59 Unpacking liblsan0:amd64 (10.5.0-1ubuntu1~20.04) ...
#6 17.68 Selecting previously unselected package libtsan0:amd64.
#6 17.68 Preparing to unpack .../062-libtsan0_10.5.0-1ubuntu1~20.04_amd64.deb ...
#6 17.68 Unpacking libtsan0:amd64 (10.5.0-1ubuntu1~20.04) ...
#6 17.86 Selecting previously unselected package libubsan1:amd64.
#6 17.86 Preparing to unpack .../063-libubsan1_10.5.0-1ubuntu1~20.04_amd64.deb ...
#6 17.86 Unpacking libubsan1:amd64 (10.5.0-1ubuntu1~20.04) ...
#6 17.94 Selecting previously unselected package libquadmath0:amd64.
#6 17.94 Preparing to unpack .../064-libquadmath0_10.5.0-1ubuntu1~20.04_amd64.deb ...
#6 17.94 Unpacking libquadmath0:amd64 (10.5.0-1ubuntu1~20.04) ...
#6 17.98 Selecting previously unselected package libgcc-9-dev:amd64.
#6 17.98 Preparing to unpack .../065-libgcc-9-dev_9.4.0-1ubuntu1~20.04.2_amd64.deb ...
#6 17.98 Unpacking libgcc-9-dev:amd64 (9.4.0-1ubuntu1~20.04.2) ...
#6 18.17 Selecting previously unselected package gcc-9.
#6 18.17 Preparing to unpack .../066-gcc-9_9.4.0-1ubuntu1~20.04.2_amd64.deb ...
#6 18.17 Unpacking gcc-9 (9.4.0-1ubuntu1~20.04.2) ...
#6 18.73 Selecting previously unselected package gcc.
#6 18.73 Preparing to unpack .../067-gcc_4%3a9.3.0-1ubuntu2_amd64.deb ...
#6 18.73 Unpacking gcc (4:9.3.0-1ubuntu2) ...
#6 18.75 Selecting previously unselected package libstdc++-9-dev:amd64.
#6 18.75 Preparing to unpack .../068-libstdc++-9-dev_9.4.0-1ubuntu1~20.04.2_amd64.deb ...
#6 18.75 Unpacking libstdc++-9-dev:amd64 (9.4.0-1ubuntu1~20.04.2) ...
#6 18.92 Selecting previously unselected package g++-9.
#6 18.92 Preparing to unpack .../069-g++-9_9.4.0-1ubuntu1~20.04.2_amd64.deb ...
#6 18.93 Unpacking g++-9 (9.4.0-1ubuntu1~20.04.2) ...
#6 19.49 Selecting previously unselected package g++.
#6 19.49 Preparing to unpack .../070-g++_4%3a9.3.0-1ubuntu2_amd64.deb ...
#6 19.49 Unpacking g++ (4:9.3.0-1ubuntu2) ...
#6 19.51 Selecting previously unselected package make.
#6 19.51 Preparing to unpack .../071-make_4.2.1-1.2_amd64.deb ...
#6 19.51 Unpacking make (4.2.1-1.2) ...
#6 19.55 Selecting previously unselected package libdpkg-perl.
#6 19.55 Preparing to unpack .../072-libdpkg-perl_1.19.7ubuntu3.2_all.deb ...
#6 19.55 Unpacking libdpkg-perl (1.19.7ubuntu3.2) ...
#6 19.60 Selecting previously unselected package patch.
#6 19.60 Preparing to unpack .../073-patch_2.7.6-6_amd64.deb ...
#6 19.60 Unpacking patch (2.7.6-6) ...
#6 19.63 Selecting previously unselected package dpkg-dev.
#6 19.64 Preparing to unpack .../074-dpkg-dev_1.19.7ubuntu3.2_all.deb ...
#6 19.64 Unpacking dpkg-dev (1.19.7ubuntu3.2) ...
#6 19.71 Selecting previously unselected package build-essential.
#6 19.71 Preparing to unpack .../075-build-essential_12.8ubuntu1.1_amd64.deb ...
#6 19.71 Unpacking build-essential (12.8ubuntu1.1) ...
#6 19.74 Selecting previously unselected package cmake-data.
#6 19.74 Preparing to unpack .../076-cmake-data_3.16.3-1ubuntu1.20.04.1_all.deb ...
#6 19.75 Unpacking cmake-data (3.16.3-1ubuntu1.20.04.1) ...
#6 20.00 Selecting previously unselected package libarchive13:amd64.
#6 20.00 Preparing to unpack .../077-libarchive13_3.4.0-2ubuntu1.5_amd64.deb ...
#6 20.00 Unpacking libarchive13:amd64 (3.4.0-2ubuntu1.5) ...
#6 20.05 Selecting previously unselected package libbrotli1:amd64.
#6 20.05 Preparing to unpack .../078-libbrotli1_1.0.7-6ubuntu0.1_amd64.deb ...
#6 20.06 Unpacking libbrotli1:amd64 (1.0.7-6ubuntu0.1) ...
#6 20.10 Selecting previously unselected package libroken18-heimdal:amd64.
#6 20.11 Preparing to unpack .../079-libroken18-heimdal_7.7.0+dfsg-1ubuntu1.4_amd64.deb ...
#6 20.11 Unpacking libroken18-heimdal:amd64 (7.7.0+dfsg-1ubuntu1.4) ...
#6 20.13 Selecting previously unselected package libasn1-8-heimdal:amd64.
#6 20.14 Preparing to unpack .../080-libasn1-8-heimdal_7.7.0+dfsg-1ubuntu1.4_amd64.deb ...
#6 20.14 Unpacking libasn1-8-heimdal:amd64 (7.7.0+dfsg-1ubuntu1.4) ...
#6 20.18 Selecting previously unselected package libheimbase1-heimdal:amd64.
#6 20.18 Preparing to unpack .../081-libheimbase1-heimdal_7.7.0+dfsg-1ubuntu1.4_amd64.deb ...
#6 20.18 Unpacking libheimbase1-heimdal:amd64 (7.7.0+dfsg-1ubuntu1.4) ...
#6 20.21 Selecting previously unselected package libhcrypto4-heimdal:amd64.
#6 20.21 Preparing to unpack .../082-libhcrypto4-heimdal_7.7.0+dfsg-1ubuntu1.4_amd64.deb ...
#6 20.21 Unpacking libhcrypto4-heimdal:amd64 (7.7.0+dfsg-1ubuntu1.4) ...
#6 20.24 Selecting previously unselected package libwind0-heimdal:amd64.
#6 20.24 Preparing to unpack .../083-libwind0-heimdal_7.7.0+dfsg-1ubuntu1.4_amd64.deb ...
#6 20.25 Unpacking libwind0-heimdal:amd64 (7.7.0+dfsg-1ubuntu1.4) ...
#6 20.28 Selecting previously unselected package libhx509-5-heimdal:amd64.
#6 20.28 Preparing to unpack .../084-libhx509-5-heimdal_7.7.0+dfsg-1ubuntu1.4_amd64.deb ...
#6 20.28 Unpacking libhx509-5-heimdal:amd64 (7.7.0+dfsg-1ubuntu1.4) ...
#6 20.32 Selecting previously unselected package libkrb5-26-heimdal:amd64.
#6 20.32 Preparing to unpack .../085-libkrb5-26-heimdal_7.7.0+dfsg-1ubuntu1.4_amd64.deb ...
#6 20.32 Unpacking libkrb5-26-heimdal:amd64 (7.7.0+dfsg-1ubuntu1.4) ...
#6 20.36 Selecting previously unselected package libheimntlm0-heimdal:amd64.
#6 20.36 Preparing to unpack .../086-libheimntlm0-heimdal_7.7.0+dfsg-1ubuntu1.4_amd64.deb ...
#6 20.36 Unpacking libheimntlm0-heimdal:amd64 (7.7.0+dfsg-1ubuntu1.4) ...
#6 20.38 Selecting previously unselected package libgssapi3-heimdal:amd64.
#6 20.39 Preparing to unpack .../087-libgssapi3-heimdal_7.7.0+dfsg-1ubuntu1.4_amd64.deb ...
#6 20.39 Unpacking libgssapi3-heimdal:amd64 (7.7.0+dfsg-1ubuntu1.4) ...
#6 20.42 Selecting previously unselected package libsasl2-modules-db:amd64.
#6 20.42 Preparing to unpack .../088-libsasl2-modules-db_2.1.27+dfsg-2ubuntu0.1_amd64.deb ...
#6 20.42 Unpacking libsasl2-modules-db:amd64 (2.1.27+dfsg-2ubuntu0.1) ...
#6 20.44 Selecting previously unselected package libsasl2-2:amd64.
#6 20.45 Preparing to unpack .../089-libsasl2-2_2.1.27+dfsg-2ubuntu0.1_amd64.deb ...
#6 20.45 Unpacking libsasl2-2:amd64 (2.1.27+dfsg-2ubuntu0.1) ...
#6 20.47 Selecting previously unselected package libldap-common.
#6 20.48 Preparing to unpack .../090-libldap-common_2.4.49+dfsg-2ubuntu1.10_all.deb ...
#6 20.48 Unpacking libldap-common (2.4.49+dfsg-2ubuntu1.10) ...
#6 20.50 Selecting previously unselected package libldap-2.4-2:amd64.
#6 20.50 Preparing to unpack .../091-libldap-2.4-2_2.4.49+dfsg-2ubuntu1.10_amd64.deb ...
#6 20.50 Unpacking libldap-2.4-2:amd64 (2.4.49+dfsg-2ubuntu1.10) ...
#6 20.54 Selecting previously unselected package libnghttp2-14:amd64.
#6 20.54 Preparing to unpack .../092-libnghttp2-14_1.40.0-1ubuntu0.3_amd64.deb ...
#6 20.54 Unpacking libnghttp2-14:amd64 (1.40.0-1ubuntu0.3) ...
#6 20.57 Selecting previously unselected package librtmp1:amd64.
#6 20.58 Preparing to unpack .../093-librtmp1_2.4+20151223.gitfa8646d.1-2build1_amd64.deb ...
#6 20.58 Unpacking librtmp1:amd64 (2.4+20151223.gitfa8646d.1-2build1) ...
#6 20.60 Selecting previously unselected package libssh-4:amd64.
#6 20.61 Preparing to unpack .../094-libssh-4_0.9.3-2ubuntu2.5_amd64.deb ...
#6 20.61 Unpacking libssh-4:amd64 (0.9.3-2ubuntu2.5) ...
#6 20.64 Selecting previously unselected package libcurl4:amd64.
#6 20.65 Preparing to unpack .../095-libcurl4_7.68.0-1ubuntu2.25_amd64.deb ...
#6 20.65 Unpacking libcurl4:amd64 (7.68.0-1ubuntu2.25) ...
#6 20.69 Selecting previously unselected package libjsoncpp1:amd64.
#6 20.69 Preparing to unpack .../096-libjsoncpp1_1.7.4-3.1ubuntu2_amd64.deb ...
#6 20.69 Unpacking libjsoncpp1:amd64 (1.7.4-3.1ubuntu2) ...
#6 20.72 Selecting previously unselected package librhash0:amd64.
#6 20.72 Preparing to unpack .../097-librhash0_1.3.9-1_amd64.deb ...
#6 20.72 Unpacking librhash0:amd64 (1.3.9-1) ...
#6 20.76 Selecting previously unselected package cmake.
#6 20.76 Preparing to unpack .../098-cmake_3.16.3-1ubuntu1.20.04.1_amd64.deb ...
#6 20.76 Unpacking cmake (3.16.3-1ubuntu1.20.04.1) ...
#6 21.05 Selecting previously unselected package libassuan0:amd64.
#6 21.05 Preparing to unpack .../099-libassuan0_2.5.3-7ubuntu2_amd64.deb ...
#6 21.05 Unpacking libassuan0:amd64 (2.5.3-7ubuntu2) ...
#6 21.08 Selecting previously unselected package gpgconf.
#6 21.08 Preparing to unpack .../100-gpgconf_2.2.19-3ubuntu2.5_amd64.deb ...
#6 21.08 Unpacking gpgconf (2.2.19-3ubuntu2.5) ...
#6 21.12 Selecting previously unselected package libksba8:amd64.
#6 21.12 Preparing to unpack .../101-libksba8_1.3.5-2ubuntu0.20.04.2_amd64.deb ...
#6 21.12 Unpacking libksba8:amd64 (1.3.5-2ubuntu0.20.04.2) ...
#6 21.16 Selecting previously unselected package libnpth0:amd64.
#6 21.16 Preparing to unpack .../102-libnpth0_1.6-1_amd64.deb ...
#6 21.16 Unpacking libnpth0:amd64 (1.6-1) ...
#6 21.18 Selecting previously unselected package dirmngr.
#6 21.18 Preparing to unpack .../103-dirmngr_2.2.19-3ubuntu2.5_amd64.deb ...
#6 21.20 Unpacking dirmngr (2.2.19-3ubuntu2.5) ...
#6 21.25 Selecting previously unselected package libllvm10:amd64.
#6 21.25 Preparing to unpack .../104-libllvm10_1%3a10.0.0-4ubuntu1_amd64.deb ...
#6 21.25 Unpacking libllvm10:amd64 (1:10.0.0-4ubuntu1) ...
#6 22.32 Selecting previously unselected package libclang1-10.
#6 22.32 Preparing to unpack .../105-libclang1-10_1%3a10.0.0-4ubuntu1_amd64.deb ...
#6 22.32 Unpacking libclang1-10 (1:10.0.0-4ubuntu1) ...
#6 22.86 Selecting previously unselected package libxapian30:amd64.
#6 22.86 Preparing to unpack .../106-libxapian30_1.4.14-2_amd64.deb ...
#6 22.86 Unpacking libxapian30:amd64 (1.4.14-2) ...
#6 22.94 Selecting previously unselected package doxygen.
#6 22.94 Preparing to unpack .../107-doxygen_1.8.17-0ubuntu2_amd64.deb ...
#6 22.94 Unpacking doxygen (1.8.17-0ubuntu2) ...
#6 23.64 Selecting previously unselected package libfakeroot:amd64.
#6 23.64 Preparing to unpack .../108-libfakeroot_1.24-1_amd64.deb ...
#6 23.64 Unpacking libfakeroot:amd64 (1.24-1) ...
#6 23.67 Selecting previously unselected package fakeroot.
#6 23.67 Preparing to unpack .../109-fakeroot_1.24-1_amd64.deb ...
#6 23.67 Unpacking fakeroot (1.24-1) ...
#6 23.70 Selecting previously unselected package libcurl3-gnutls:amd64.
#6 23.70 Preparing to unpack .../110-libcurl3-gnutls_7.68.0-1ubuntu2.25_amd64.deb ...
#6 23.70 Unpacking libcurl3-gnutls:amd64 (7.68.0-1ubuntu2.25) ...
#6 23.75 Selecting previously unselected package liberror-perl.
#6 23.75 Preparing to unpack .../111-liberror-perl_0.17029-1_all.deb ...
#6 23.75 Unpacking liberror-perl (0.17029-1) ...
#6 23.77 Selecting previously unselected package git-man.
#6 23.77 Preparing to unpack .../112-git-man_1%3a2.25.1-1ubuntu3.14_all.deb ...
#6 23.77 Unpacking git-man (1:2.25.1-1ubuntu3.14) ...
#6 23.86 Selecting previously unselected package git.
#6 23.86 Preparing to unpack .../113-git_1%3a2.25.1-1ubuntu3.14_amd64.deb ...
#6 23.90 Unpacking git (1:2.25.1-1ubuntu3.14) ...
#6 24.27 Selecting previously unselected package gnupg-l10n.
#6 24.27 Preparing to unpack .../114-gnupg-l10n_2.2.19-3ubuntu2.5_all.deb ...
#6 24.28 Unpacking gnupg-l10n (2.2.19-3ubuntu2.5) ...
#6 24.30 Selecting previously unselected package gnupg-utils.
#6 24.30 Preparing to unpack .../115-gnupg-utils_2.2.19-3ubuntu2.5_amd64.deb ...
#6 24.31 Unpacking gnupg-utils (2.2.19-3ubuntu2.5) ...
#6 24.36 Selecting previously unselected package gpg.
#6 24.37 Preparing to unpack .../116-gpg_2.2.19-3ubuntu2.5_amd64.deb ...
#6 24.37 Unpacking gpg (2.2.19-3ubuntu2.5) ...
#6 24.43 Selecting previously unselected package pinentry-curses.
#6 24.43 Preparing to unpack .../117-pinentry-curses_1.1.0-3build1_amd64.deb ...
#6 24.43 Unpacking pinentry-curses (1.1.0-3build1) ...
#6 24.46 Selecting previously unselected package gpg-agent.
#6 24.46 Preparing to unpack .../118-gpg-agent_2.2.19-3ubuntu2.5_amd64.deb ...
#6 24.46 Unpacking gpg-agent (2.2.19-3ubuntu2.5) ...
#6 24.50 Selecting previously unselected package gpg-wks-client.
#6 24.50 Preparing to unpack .../119-gpg-wks-client_2.2.19-3ubuntu2.5_amd64.deb ...
#6 24.50 Unpacking gpg-wks-client (2.2.19-3ubuntu2.5) ...
#6 24.54 Selecting previously unselected package gpg-wks-server.
#6 24.54 Preparing to unpack .../120-gpg-wks-server_2.2.19-3ubuntu2.5_amd64.deb ...
#6 24.54 Unpacking gpg-wks-server (2.2.19-3ubuntu2.5) ...
#6 24.57 Selecting previously unselected package gpgsm.
#6 24.57 Preparing to unpack .../121-gpgsm_2.2.19-3ubuntu2.5_amd64.deb ...
#6 24.57 Unpacking gpgsm (2.2.19-3ubuntu2.5) ...
#6 24.61 Selecting previously unselected package gnupg.
#6 24.62 Preparing to unpack .../122-gnupg_2.2.19-3ubuntu2.5_all.deb ...
#6 24.62 Unpacking gnupg (2.2.19-3ubuntu2.5) ...
#6 24.65 Selecting previously unselected package libalgorithm-diff-perl.
#6 24.65 Preparing to unpack .../123-libalgorithm-diff-perl_1.19.03-2_all.deb ...
#6 24.65 Unpacking libalgorithm-diff-perl (1.19.03-2) ...
#6 24.68 Selecting previously unselected package libalgorithm-diff-xs-perl.
#6 24.68 Preparing to unpack .../124-libalgorithm-diff-xs-perl_0.04-6_amd64.deb ...
#6 24.68 Unpacking libalgorithm-diff-xs-perl (0.04-6) ...
#6 24.70 Selecting previously unselected package libalgorithm-merge-perl.
#6 24.71 Preparing to unpack .../125-libalgorithm-merge-perl_0.08-3_all.deb ...
#6 24.71 Unpacking libalgorithm-merge-perl (0.08-3) ...
#6 24.73 Selecting previously unselected package libexpat1-dev:amd64.
#6 24.73 Preparing to unpack .../126-libexpat1-dev_2.2.9-1ubuntu0.8_amd64.deb ...
#6 24.73 Unpacking libexpat1-dev:amd64 (2.2.9-1ubuntu0.8) ...
#6 24.77 Selecting previously unselected package libfile-fcntllock-perl.
#6 24.77 Preparing to unpack .../127-libfile-fcntllock-perl_0.22-3build4_amd64.deb ...
#6 24.77 Unpacking libfile-fcntllock-perl (0.22-3build4) ...
#6 24.79 Selecting previously unselected package libpython3.8:amd64.
#6 24.79 Preparing to unpack .../128-libpython3.8_3.8.10-0ubuntu1~20.04.18_amd64.deb ...
#6 24.79 Unpacking libpython3.8:amd64 (3.8.10-0ubuntu1~20.04.18) ...
#6 24.94 Selecting previously unselected package libpython3.8-dev:amd64.
#6 24.94 Preparing to unpack .../129-libpython3.8-dev_3.8.10-0ubuntu1~20.04.18_amd64.deb ...
#6 24.94 Unpacking libpython3.8-dev:amd64 (3.8.10-0ubuntu1~20.04.18) ...
#6 25.25 Selecting previously unselected package libpython3-dev:amd64.
#6 25.25 Preparing to unpack .../130-libpython3-dev_3.8.2-0ubuntu2_amd64.deb ...
#6 25.26 Unpacking libpython3-dev:amd64 (3.8.2-0ubuntu2) ...
#6 25.28 Selecting previously unselected package libsasl2-modules:amd64.
#6 25.28 Preparing to unpack .../131-libsasl2-modules_2.1.27+dfsg-2ubuntu0.1_amd64.deb ...
#6 25.28 Unpacking libsasl2-modules:amd64 (2.1.27+dfsg-2ubuntu0.1) ...
#6 25.31 Selecting previously unselected package manpages-dev.
#6 25.31 Preparing to unpack .../132-manpages-dev_5.05-1_all.deb ...
#6 25.31 Unpacking manpages-dev (5.05-1) ...
#6 25.51 Selecting previously unselected package ninja-build.
#6 25.51 Preparing to unpack .../133-ninja-build_1.10.0-1build1_amd64.deb ...
#6 25.51 Unpacking ninja-build (1.10.0-1build1) ...
#6 25.55 Selecting previously unselected package pkg-config.
#6 25.55 Preparing to unpack .../134-pkg-config_0.29.1-0ubuntu4_amd64.deb ...
#6 25.55 Unpacking pkg-config (0.29.1-0ubuntu4) ...
#6 25.58 Selecting previously unselected package python-pip-whl.
#6 25.58 Preparing to unpack .../135-python-pip-whl_20.0.2-5ubuntu1.11_all.deb ...
#6 25.58 Unpacking python-pip-whl (20.0.2-5ubuntu1.11) ...
#6 25.71 Selecting previously unselected package zlib1g-dev:amd64.
#6 25.71 Preparing to unpack .../136-zlib1g-dev_1%3a1.2.11.dfsg-2ubuntu1.5_amd64.deb ...
#6 25.71 Unpacking zlib1g-dev:amd64 (1:1.2.11.dfsg-2ubuntu1.5) ...
#6 25.75 Selecting previously unselected package python3.8-dev.
#6 25.75 Preparing to unpack .../137-python3.8-dev_3.8.10-0ubuntu1~20.04.18_amd64.deb ...
#6 25.75 Unpacking python3.8-dev (3.8.10-0ubuntu1~20.04.18) ...
#6 25.79 Selecting previously unselected package python3-lib2to3.
#6 25.79 Preparing to unpack .../138-python3-lib2to3_3.8.10-0ubuntu1~20.04_all.deb ...
#6 25.79 Unpacking python3-lib2to3 (3.8.10-0ubuntu1~20.04) ...
#6 25.83 Selecting previously unselected package python3-distutils.
#6 25.83 Preparing to unpack .../139-python3-distutils_3.8.10-0ubuntu1~20.04_all.deb ...
#6 25.83 Unpacking python3-distutils (3.8.10-0ubuntu1~20.04) ...
#6 25.87 Selecting previously unselected package python3-dev.
#6 25.87 Preparing to unpack .../140-python3-dev_3.8.2-0ubuntu2_amd64.deb ...
#6 25.87 Unpacking python3-dev (3.8.2-0ubuntu2) ...
#6 25.89 Selecting previously unselected package python3-setuptools.
#6 25.90 Preparing to unpack .../141-python3-setuptools_45.2.0-1ubuntu0.3_all.deb ...
#6 25.90 Unpacking python3-setuptools (45.2.0-1ubuntu0.3) ...
#6 25.95 Selecting previously unselected package python3-wheel.
#6 25.95 Preparing to unpack .../142-python3-wheel_0.34.2-1ubuntu0.1_all.deb ...
#6 25.95 Unpacking python3-wheel (0.34.2-1ubuntu0.1) ...
#6 25.97 Selecting previously unselected package python3-pip.
#6 25.97 Preparing to unpack .../143-python3-pip_20.0.2-5ubuntu1.11_all.deb ...
#6 25.97 Unpacking python3-pip (20.0.2-5ubuntu1.11) ...
#6 26.01 Selecting previously unselected package unzip.
#6 26.02 Preparing to unpack .../144-unzip_6.0-25ubuntu1.2_amd64.deb ...
#6 26.02 Unpacking unzip (6.0-25ubuntu1.2) ...
#6 26.08 Setting up libksba8:amd64 (1.3.5-2ubuntu0.20.04.2) ...
#6 26.08 Setting up libxapian30:amd64 (1.4.14-2) ...
#6 26.08 Setting up libxau6:amd64 (1:1.0.9-0ubuntu1) ...
#6 26.09 Setting up libkeyutils1:amd64 (1.6-6ubuntu1.1) ...
#6 26.09 Setting up libpsl5:amd64 (0.21.0-1ubuntu1) ...
#6 26.09 Setting up perl-modules-5.30 (5.30.0-9ubuntu0.5) ...
#6 26.09 Setting up mime-support (3.64ubuntu1) ...
#6 26.12 Setting up wget (1.20.3-1ubuntu2.1) ...
#6 26.12 Setting up xdg-user-dirs (0.17-2ubuntu1) ...
#6 26.13 Setting up libmagic-mgc (1:5.38-4) ...
#6 26.13 Setting up libglib2.0-0:amd64 (2.64.6-1~ubuntu20.04.9) ...
#6 26.14 No schema files found: doing nothing.
#6 26.15 Setting up manpages (5.05-1) ...
#6 26.15 Setting up unzip (6.0-25ubuntu1.2) ...
#6 26.17 Setting up libbrotli1:amd64 (1.0.7-6ubuntu0.1) ...
#6 26.17 Setting up libsqlite3-0:amd64 (3.31.1-4ubuntu0.7) ...
#6 26.17 Setting up libsasl2-modules:amd64 (2.1.27+dfsg-2ubuntu0.1) ...
#6 26.18 Setting up binutils-common:amd64 (2.34-6ubuntu1.11) ...
#6 26.18 Setting up libnghttp2-14:amd64 (1.40.0-1ubuntu0.3) ...
#6 26.18 Setting up libmagic1:amd64 (1:5.38-4) ...
#6 26.18 Setting up less (551-1ubuntu0.3) ...
#6 26.19 Setting up linux-libc-dev:amd64 (5.4.0-216.236) ...
#6 26.20 Setting up libctf-nobfd0:amd64 (2.34-6ubuntu1.11) ...
#6 26.20 Setting up libnpth0:amd64 (1.6-1) ...
#6 26.20 Setting up krb5-locales (1.17-6ubuntu4.11) ...
#6 26.20 Setting up file (1:5.38-4) ...
#6 26.20 Setting up libassuan0:amd64 (2.5.3-7ubuntu2) ...
#6 26.20 Setting up libgomp1:amd64 (10.5.0-1ubuntu1~20.04) ...
#6 26.21 Setting up libcbor0.6:amd64 (0.6.0-0ubuntu1) ...
#6 26.21 Setting up libldap-common (2.4.49+dfsg-2ubuntu1.10) ...
#6 26.21 Setting up libfakeroot:amd64 (1.24-1) ...
#6 26.21 Setting up ninja-build (1.10.0-1build1) ...
#6 26.21 Setting up libkrb5support0:amd64 (1.17-6ubuntu4.11) ...
#6 26.22 Setting up libsasl2-modules-db:amd64 (2.1.27+dfsg-2ubuntu0.1) ...
#6 26.22 Setting up tzdata (2025b-0ubuntu0.20.04.1) ...
#6 26.30 
#6 26.30 Current default time zone: 'Etc/UTC'
#6 26.31 Local time is now:      Thu Aug 28 08:17:33 UTC 2025.
#6 26.31 Universal Time is now:  Thu Aug 28 08:17:33 UTC 2025.
#6 26.31 Run 'dpkg-reconfigure tzdata' if you wish to change it.
#6 26.31 
#6 26.32 Setting up fakeroot (1.24-1) ...
#6 26.32 update-alternatives: using /usr/bin/fakeroot-sysv to provide /usr/bin/fakeroot (fakeroot) in auto mode
#6 26.32 update-alternatives: warning: skip creation of /usr/share/man/man1/fakeroot.1.gz because associated file /usr/share/man/man1/fakeroot-sysv.1.gz (of link group fakeroot) doesn't exist
#6 26.32 update-alternatives: warning: skip creation of /usr/share/man/man1/faked.1.gz because associated file /usr/share/man/man1/faked-sysv.1.gz (of link group fakeroot) doesn't exist
#6 26.32 update-alternatives: warning: skip creation of /usr/share/man/es/man1/fakeroot.1.gz because associated file /usr/share/man/es/man1/fakeroot-sysv.1.gz (of link group fakeroot) doesn't exist
#6 26.32 update-alternatives: warning: skip creation of /usr/share/man/es/man1/faked.1.gz because associated file /usr/share/man/es/man1/faked-sysv.1.gz (of link group fakeroot) doesn't exist
#6 26.32 update-alternatives: warning: skip creation of /usr/share/man/fr/man1/fakeroot.1.gz because associated file /usr/share/man/fr/man1/fakeroot-sysv.1.gz (of link group fakeroot) doesn't exist
#6 26.32 update-alternatives: warning: skip creation of /usr/share/man/fr/man1/faked.1.gz because associated file /usr/share/man/fr/man1/faked-sysv.1.gz (of link group fakeroot) doesn't exist
#6 26.32 update-alternatives: warning: skip creation of /usr/share/man/sv/man1/fakeroot.1.gz because associated file /usr/share/man/sv/man1/fakeroot-sysv.1.gz (of link group fakeroot) doesn't exist
#6 26.32 update-alternatives: warning: skip creation of /usr/share/man/sv/man1/faked.1.gz because associated file /usr/share/man/sv/man1/faked-sysv.1.gz (of link group fakeroot) doesn't exist
#6 26.33 Setting up libglib2.0-data (2.64.6-1~ubuntu20.04.9) ...
#6 26.33 Setting up libuv1:amd64 (1.34.2-1ubuntu1.5) ...
#6 26.33 Setting up libx11-data (2:1.6.9-2ubuntu1.6) ...
#6 26.33 Setting up make (4.2.1-1.2) ...
#6 26.33 Setting up libmpfr6:amd64 (4.0.2-1) ...
#6 26.34 Setting up gnupg-l10n (2.2.19-3ubuntu2.5) ...
#6 26.34 Setting up librtmp1:amd64 (2.4+20151223.gitfa8646d.1-2build1) ...
#6 26.34 Setting up xz-utils (5.2.4-1ubuntu1.1) ...
#6 26.34 update-alternatives: using /usr/bin/xz to provide /usr/bin/lzma (lzma) in auto mode
#6 26.34 update-alternatives: warning: skip creation of /usr/share/man/man1/lzma.1.gz because associated file /usr/share/man/man1/xz.1.gz (of link group lzma) doesn't exist
#6 26.34 update-alternatives: warning: skip creation of /usr/share/man/man1/unlzma.1.gz because associated file /usr/share/man/man1/unxz.1.gz (of link group lzma) doesn't exist
#6 26.34 update-alternatives: warning: skip creation of /usr/share/man/man1/lzcat.1.gz because associated file /usr/share/man/man1/xzcat.1.gz (of link group lzma) doesn't exist
#6 26.34 update-alternatives: warning: skip creation of /usr/share/man/man1/lzmore.1.gz because associated file /usr/share/man/man1/xzmore.1.gz (of link group lzma) doesn't exist
#6 26.34 update-alternatives: warning: skip creation of /usr/share/man/man1/lzless.1.gz because associated file /usr/share/man/man1/xzless.1.gz (of link group lzma) doesn't exist
#6 26.34 update-alternatives: warning: skip creation of /usr/share/man/man1/lzdiff.1.gz because associated file /usr/share/man/man1/xzdiff.1.gz (of link group lzma) doesn't exist
#6 26.34 update-alternatives: warning: skip creation of /usr/share/man/man1/lzcmp.1.gz because associated file /usr/share/man/man1/xzcmp.1.gz (of link group lzma) doesn't exist
#6 26.34 update-alternatives: warning: skip creation of /usr/share/man/man1/lzgrep.1.gz because associated file /usr/share/man/man1/xzgrep.1.gz (of link group lzma) doesn't exist
#6 26.34 update-alternatives: warning: skip creation of /usr/share/man/man1/lzegrep.1.gz because associated file /usr/share/man/man1/xzegrep.1.gz (of link group lzma) doesn't exist
#6 26.34 update-alternatives: warning: skip creation of /usr/share/man/man1/lzfgrep.1.gz because associated file /usr/share/man/man1/xzfgrep.1.gz (of link group lzma) doesn't exist
#6 26.35 Setting up libquadmath0:amd64 (10.5.0-1ubuntu1~20.04) ...
#6 26.35 Setting up libmpc3:amd64 (1.1.0-1) ...
#6 26.35 Setting up libatomic1:amd64 (10.5.0-1ubuntu1~20.04) ...
#6 26.35 Setting up patch (2.7.6-6) ...
#6 26.35 Setting up libk5crypto3:amd64 (1.17-6ubuntu4.11) ...
#6 26.36 Setting up libsasl2-2:amd64 (2.1.27+dfsg-2ubuntu0.1) ...
#6 26.36 Setting up libroken18-heimdal:amd64 (7.7.0+dfsg-1ubuntu1.4) ...
#6 26.36 Setting up libubsan1:amd64 (10.5.0-1ubuntu1~20.04) ...
#6 26.36 Setting up librhash0:amd64 (1.3.9-1) ...
#6 26.36 Setting up libcrypt-dev:amd64 (1:4.4.10-10ubuntu4) ...
#6 26.37 Setting up git-man (1:2.25.1-1ubuntu3.14) ...
#6 26.37 Setting up libisl22:amd64 (0.22.1-1) ...
#6 26.37 Setting up netbase (6.1) ...
#6 26.38 Setting up cmake-data (3.16.3-1ubuntu1.20.04.1) ...
#6 26.38 Setting up libkrb5-3:amd64 (1.17-6ubuntu4.11) ...
#6 26.38 Setting up libmpdec2:amd64 (2.4.2-3) ...
#6 26.38 Setting up libbinutils:amd64 (2.34-6ubuntu1.11) ...
#6 26.38 Setting up libfido2-1:amd64 (1.3.1-1ubuntu2) ...
#6 26.39 Setting up libc-dev-bin (2.31-0ubuntu9.18) ...
#6 26.39 Setting up openssl (1.1.1f-1ubuntu2.24) ...
#6 26.39 Setting up libbsd0:amd64 (0.10.0-1) ...
#6 26.39 Setting up readline-common (8.0-4) ...
#6 26.40 Setting up publicsuffix (20200303.0012-1) ...
#6 26.40 Setting up libcc1-0:amd64 (10.5.0-1ubuntu1~20.04) ...
#6 26.40 Setting up liblocale-gettext-perl (1.07-4) ...
#6 26.41 Setting up liblsan0:amd64 (10.5.0-1ubuntu1~20.04) ...
#6 26.41 Setting up libitm1:amd64 (10.5.0-1ubuntu1~20.04) ...
#6 26.41 Setting up libjsoncpp1:amd64 (1.7.4-3.1ubuntu2) ...
#6 26.41 Setting up libheimbase1-heimdal:amd64 (7.7.0+dfsg-1ubuntu1.4) ...
#6 26.42 Setting up libgdbm6:amd64 (1.18.1-5) ...
#6 26.42 Setting up gcc-9-base:amd64 (9.4.0-1ubuntu1~20.04.2) ...
#6 26.42 Setting up libtsan0:amd64 (10.5.0-1ubuntu1~20.04) ...
#6 26.42 Setting up libctf0:amd64 (2.34-6ubuntu1.11) ...
#6 26.42 Setting up pinentry-curses (1.1.0-3build1) ...
#6 26.43 Setting up manpages-dev (5.05-1) ...
#6 26.44 Setting up libxdmcp6:amd64 (1:1.1.3-0ubuntu1) ...
#6 26.44 Setting up libxcb1:amd64 (1.14-2) ...
#6 26.44 Setting up libicu66:amd64 (66.1-2ubuntu2.1) ...
#6 26.44 Setting up libasn1-8-heimdal:amd64 (7.7.0+dfsg-1ubuntu1.4) ...
#6 26.45 Setting up libedit2:amd64 (3.1-20191231-1) ...
#6 26.45 Setting up libreadline8:amd64 (8.0-4) ...
#6 26.45 Setting up libhcrypto4-heimdal:amd64 (7.7.0+dfsg-1ubuntu1.4) ...
#6 26.45 Setting up libllvm10:amd64 (1:10.0.0-4ubuntu1) ...
#6 26.45 Setting up ca-certificates (20240203~20.04.1) ...
#6 27.30 Updating certificates in /etc/ssl/certs...
#6 28.44 146 added, 0 removed; done.
#6 28.47 Setting up libasan5:amd64 (9.4.0-1ubuntu1~20.04.2) ...
#6 28.47 Setting up libwind0-heimdal:amd64 (7.7.0+dfsg-1ubuntu1.4) ...
#6 28.48 Setting up libclang1-10 (1:10.0.0-4ubuntu1) ...
#6 28.48 Setting up libgssapi-krb5-2:amd64 (1.17-6ubuntu4.11) ...
#6 28.48 Setting up libgdbm-compat4:amd64 (1.18.1-5) ...
#6 28.48 Setting up libssh-4:amd64 (0.9.3-2ubuntu2.5) ...
#6 28.49 Setting up gpgconf (2.2.19-3ubuntu2.5) ...
#6 28.49 Setting up cpp-9 (9.4.0-1ubuntu1~20.04.2) ...
#6 28.49 Setting up libperl5.30:amd64 (5.30.0-9ubuntu0.5) ...
#6 28.49 Setting up libc6-dev:amd64 (2.31-0ubuntu9.18) ...
#6 28.49 Setting up libx11-6:amd64 (2:1.6.9-2ubuntu1.6) ...
#6 28.49 Setting up python-pip-whl (20.0.2-5ubuntu1.11) ...
#6 28.50 Setting up libpython3.8-stdlib:amd64 (3.8.10-0ubuntu1~20.04.18) ...
#6 28.50 Setting up python3.8 (3.8.10-0ubuntu1~20.04.18) ...
#6 28.98 Setting up libxml2:amd64 (2.9.10+dfsg-5ubuntu0.20.04.10) ...
#6 28.98 Setting up libxmuu1:amd64 (2:1.1.3-0ubuntu1) ...
#6 28.98 Setting up gpg (2.2.19-3ubuntu2.5) ...
#6 28.98 Setting up libpython3-stdlib:amd64 (3.8.2-0ubuntu2) ...
#6 28.99 Setting up gnupg-utils (2.2.19-3ubuntu2.5) ...
#6 28.99 Setting up binutils-x86-64-linux-gnu (2.34-6ubuntu1.11) ...
#6 28.99 Setting up gpg-agent (2.2.19-3ubuntu2.5) ...
#6 29.44 Setting up libarchive13:amd64 (3.4.0-2ubuntu1.5) ...
#6 29.44 Setting up openssh-client (1:8.2p1-4ubuntu0.13) ...
#6 29.52 Setting up libhx509-5-heimdal:amd64 (7.7.0+dfsg-1ubuntu1.4) ...
#6 29.52 Setting up gpgsm (2.2.19-3ubuntu2.5) ...
#6 29.52 Setting up libxext6:amd64 (2:1.3.4-0ubuntu1) ...
#6 29.53 Setting up python3 (3.8.2-0ubuntu2) ...
#6 29.63 Setting up binutils (2.34-6ubuntu1.11) ...
#6 29.64 Setting up python3-wheel (0.34.2-1ubuntu0.1) ...
#6 29.80 Setting up libgcc-9-dev:amd64 (9.4.0-1ubuntu1~20.04.2) ...
#6 29.81 Setting up perl (5.30.0-9ubuntu0.5) ...
#6 29.84 Setting up doxygen (1.8.17-0ubuntu2) ...
#6 29.84 Setting up libexpat1-dev:amd64 (2.2.9-1ubuntu0.8) ...
#6 29.84 Setting up libpython3.8:amd64 (3.8.10-0ubuntu1~20.04.18) ...
#6 29.99 Setting up shared-mime-info (1.15-1) ...
#6 31.12 Setting up libdpkg-perl (1.19.7ubuntu3.2) ...
#6 31.13 Setting up gpg-wks-server (2.2.19-3ubuntu2.5) ...
#6 31.13 Setting up zlib1g-dev:amd64 (1:1.2.11.dfsg-2ubuntu1.5) ...
#6 31.13 Setting up xauth (1:1.1-0ubuntu1) ...
#6 31.13 Setting up cpp (4:9.3.0-1ubuntu2) ...
#6 31.14 Setting up python3-lib2to3 (3.8.10-0ubuntu1~20.04) ...
#6 31.23 Setting up libkrb5-26-heimdal:amd64 (7.7.0+dfsg-1ubuntu1.4) ...
#6 31.23 Setting up python3-pkg-resources (45.2.0-1ubuntu0.3) ...
#6 31.42 Setting up python3-distutils (3.8.10-0ubuntu1~20.04) ...
#6 31.53 Setting up gcc-9 (9.4.0-1ubuntu1~20.04.2) ...
#6 31.53 Setting up python3-setuptools (45.2.0-1ubuntu0.3) ...
#6 31.76 Setting up libstdc++-9-dev:amd64 (9.4.0-1ubuntu1~20.04.2) ...
#6 31.76 Setting up libfile-fcntllock-perl (0.22-3build4) ...
#6 31.76 Setting up libalgorithm-diff-perl (1.19.03-2) ...
#6 31.76 Setting up libheimntlm0-heimdal:amd64 (7.7.0+dfsg-1ubuntu1.4) ...
#6 31.77 Setting up gcc (4:9.3.0-1ubuntu2) ...
#6 31.78 Setting up dpkg-dev (1.19.7ubuntu3.2) ...
#6 31.78 Setting up liberror-perl (0.17029-1) ...
#6 31.78 Setting up libgssapi3-heimdal:amd64 (7.7.0+dfsg-1ubuntu1.4) ...
#6 31.79 Setting up libpython3.8-dev:amd64 (3.8.10-0ubuntu1~20.04.18) ...
#6 31.79 Setting up pkg-config (0.29.1-0ubuntu4) ...
#6 31.83 Setting up python3-pip (20.0.2-5ubuntu1.11) ...
#6 32.05 Setting up g++-9 (9.4.0-1ubuntu1~20.04.2) ...
#6 32.06 Setting up python3.8-dev (3.8.10-0ubuntu1~20.04.18) ...
#6 32.06 Setting up g++ (4:9.3.0-1ubuntu2) ...
#6 32.09 update-alternatives: using /usr/bin/g++ to provide /usr/bin/c++ (c++) in auto mode
#6 32.09 update-alternatives: warning: skip creation of /usr/share/man/man1/c++.1.gz because associated file /usr/share/man/man1/g++.1.gz (of link group c++) doesn't exist
#6 32.10 Setting up build-essential (12.8ubuntu1.1) ...
#6 32.10 Setting up libalgorithm-diff-xs-perl (0.04-6) ...
#6 32.10 Setting up libalgorithm-merge-perl (0.08-3) ...
#6 32.10 Setting up libpython3-dev:amd64 (3.8.2-0ubuntu2) ...
#6 32.11 Setting up libldap-2.4-2:amd64 (2.4.49+dfsg-2ubuntu1.10) ...
#6 32.11 Setting up libcurl3-gnutls:amd64 (7.68.0-1ubuntu2.25) ...
#6 32.11 Setting up dirmngr (2.2.19-3ubuntu2.5) ...
#6 32.24 Setting up python3-dev (3.8.2-0ubuntu2) ...
#6 32.24 Setting up git (1:2.25.1-1ubuntu3.14) ...
#6 32.28 Setting up libcurl4:amd64 (7.68.0-1ubuntu2.25) ...
#6 32.28 Setting up gpg-wks-client (2.2.19-3ubuntu2.5) ...
#6 32.28 Setting up gnupg (2.2.19-3ubuntu2.5) ...
#6 32.29 Setting up cmake (3.16.3-1ubuntu1.20.04.1) ...
#6 32.29 Processing triggers for libc-bin (2.31-0ubuntu9.17) ...
#6 32.31 Processing triggers for ca-certificates (20240203~20.04.1) ...
#6 32.32 Updating certificates in /etc/ssl/certs...
#6 33.20 0 added, 0 removed; done.
#6 33.20 Running hooks in /etc/ca-certificates/update.d...
#6 33.21 done.
#6 DONE 33.4s

#7 [4/7] RUN pip3 install mkdocs
#7 0.984 Collecting mkdocs
#7 1.034   Downloading mkdocs-1.6.1-py3-none-any.whl (3.9 MB)
#7 1.669 Collecting pyyaml>=5.1
#7 1.674   Downloading PyYAML-6.0.2-cp38-cp38-manylinux_2_17_x86_64.manylinux2014_x86_64.whl (746 kB)
#7 1.787 Collecting markdown>=3.3.6
#7 1.792   Downloading Markdown-3.7-py3-none-any.whl (106 kB)
#7 1.980 Collecting markupsafe>=2.0.1
#7 1.985   Downloading MarkupSafe-2.1.5-cp38-cp38-manylinux_2_17_x86_64.manylinux2014_x86_64.whl (26 kB)
#7 2.009 Collecting mergedeep>=1.3.4
#7 2.013   Downloading mergedeep-1.3.4-py3-none-any.whl (6.4 kB)
#7 2.100 Collecting importlib-metadata>=4.4; python_version < "3.10"
#7 2.104   Downloading importlib_metadata-8.5.0-py3-none-any.whl (26 kB)
#7 2.139 Collecting pyyaml-env-tag>=0.1
#7 2.145   Downloading pyyaml_env_tag-0.1-py3-none-any.whl (3.9 kB)
#7 2.186 Collecting packaging>=20.5
#7 2.191   Downloading packaging-25.0-py3-none-any.whl (66 kB)
#7 2.356 Collecting watchdog>=2.0
#7 2.361   Downloading watchdog-4.0.2-py3-none-manylinux2014_x86_64.whl (82 kB)
#7 2.393 Collecting ghp-import>=1.0
#7 2.397   Downloading ghp_import-2.1.0-py3-none-any.whl (11 kB)
#7 2.436 Collecting jinja2>=2.11.1
#7 2.440   Downloading jinja2-3.1.6-py3-none-any.whl (134 kB)
#7 2.479 Collecting mkdocs-get-deps>=0.2.0
#7 2.483   Downloading mkdocs_get_deps-0.2.0-py3-none-any.whl (9.5 kB)
#7 2.529 Collecting click>=7.0
#7 2.533   Downloading click-8.1.8-py3-none-any.whl (98 kB)
#7 2.567 Collecting pathspec>=0.11.1
#7 2.571   Downloading pathspec-0.12.1-py3-none-any.whl (31 kB)
#7 2.617 Collecting zipp>=3.20
#7 2.622   Downloading zipp-3.20.2-py3-none-any.whl (9.2 kB)
#7 2.676 Collecting python-dateutil>=2.8.1
#7 2.681   Downloading python_dateutil-2.9.0.post0-py2.py3-none-any.whl (229 kB)
#7 2.749 Collecting platformdirs>=2.2.0
#7 2.753   Downloading platformdirs-4.3.6-py3-none-any.whl (18 kB)
#7 2.789 Collecting six>=1.5
#7 2.794   Downloading six-1.17.0-py2.py3-none-any.whl (11 kB)
#7 2.868 Installing collected packages: pyyaml, zipp, importlib-metadata, markdown, markupsafe, mergedeep, pyyaml-env-tag, packaging, watchdog, six, python-dateutil, ghp-import, jinja2, platformdirs, mkdocs-get-deps, click, pathspec, mkdocs
#7 3.333 Successfully installed click-8.1.8 ghp-import-2.1.0 importlib-metadata-8.5.0 jinja2-3.1.6 markdown-3.7 markupsafe-2.1.5 mergedeep-1.3.4 mkdocs-1.6.1 mkdocs-get-deps-0.2.0 packaging-25.0 pathspec-0.12.1 platformdirs-4.3.6 python-dateutil-2.9.0.post0 pyyaml-6.0.2 pyyaml-env-tag-0.1 six-1.17.0 watchdog-4.0.2 zipp-3.20.2
#7 DONE 3.5s

#8 [5/7] RUN git clone https://github.com/fmtlib/fmt.git . &&     git checkout $(git describe --tags `git rev-list --tags --max-count=1`)
#8 0.309 Cloning into '.'...
#8 1.953 Note: switching to '11.2.0'.
#8 1.953 
#8 1.953 You are in 'detached HEAD' state. You can look around, make experimental
#8 1.953 changes and commit them, and you can discard any commits you make in this
#8 1.953 state without impacting any branches by switching back to a branch.
#8 1.953 
#8 1.953 If you want to create a new branch to retain commits you create, you may
#8 1.953 do so (now or later) by using -c with the switch command. Example:
#8 1.953 
#8 1.953   git switch -c <new-branch-name>
#8 1.953 
#8 1.953 Or undo this operation with:
#8 1.953 
#8 1.953   git switch -
#8 1.953 
#8 1.953 Turn off this advice by setting config variable advice.detachedHead to false
#8 1.953 
#8 1.953 HEAD is now at 40626af8 Update version
#8 DONE 2.0s

#9 [6/7] RUN mkdir build &&     cd build &&     cmake -G Ninja -DCMAKE_BUILD_TYPE=Release -DFMT_TEST=ON .. &&     ninja &&     ninja test &&     ninja install &&     cd .. &&     rm -rf build
#9 0.290 -- CMake version: 3.16.3
#9 0.372 -- The CXX compiler identification is GNU 9.4.0
#9 0.379 -- Check for working CXX compiler: /usr/bin/c++
#9 0.455 -- Check for working CXX compiler: /usr/bin/c++ -- works
#9 0.458 -- Detecting CXX compiler ABI info
#9 0.530 -- Detecting CXX compiler ABI info - done
#9 0.549 -- Detecting CXX compile features
#9 0.549 -- Detecting CXX compile features - done
#9 0.552 -- {fmt} version: 11.2.0
#9 0.552 -- Build type: Release
#9 0.557 -- Looking for C++ include pthread.h
#9 0.641 -- Looking for C++ include pthread.h - found
#9 0.641 -- Performing Test CMAKE_HAVE_LIBC_PTHREAD
#9 0.737 -- Performing Test CMAKE_HAVE_LIBC_PTHREAD - Failed
#9 0.738 -- Looking for pthread_create in pthreads
#9 0.812 -- Looking for pthread_create in pthreads - not found
#9 0.812 -- Looking for pthread_create in pthread
#9 0.894 -- Looking for pthread_create in pthread - found
#9 0.895 -- Found Threads: TRUE  
#9 0.900 -- Looking for strptime
#9 0.982 -- Looking for strptime - found
#9 1.038 -- FMT_PEDANTIC: OFF
#9 1.052 -- Configuring done
#9 1.071 -- Generating done
#9 1.072 -- Build files have been written to: /home/cc/EnvGym/data/fmtlib_fmt/build
#9 1.703 [1/75] Building CXX object test/CMakeFiles/posix-mock-test.dir/util.cc.o
#9 1.729 [2/75] Building CXX object test/CMakeFiles/perf-sanity.dir/perf-sanity.cc.o
#9 1.767 [3/75] Building CXX object test/CMakeFiles/test-main.dir/util.cc.o
#9 1.774 [4/75] Building CXX object CMakeFiles/fmt.dir/src/os.cc.o
#9 2.040 [5/75] Building CXX object test/CMakeFiles/scan-test.dir/test-main.cc.o
#9 2.064 [6/75] Building CXX object test/CMakeFiles/test-main.dir/test-main.cc.o
#9 2.070 [7/75] Building CXX object test/CMakeFiles/unicode-test.dir/test-main.cc.o
#9 2.070 [8/75] Building CXX object test/CMakeFiles/posix-mock-test.dir/test-main.cc.o
#9 2.092 [9/75] Building CXX object test/CMakeFiles/format-impl-test.dir/test-main.cc.o
#9 2.338 [10/75] Building CXX object test/CMakeFiles/compile-fp-test.dir/compile-fp-test.cc.o
#9 2.387 [11/75] Building CXX object test/CMakeFiles/posix-mock-test.dir/gtest-extra.cc.o
#9 2.392 [12/75] Building CXX object test/CMakeFiles/test-main.dir/gtest-extra.cc.o
#9 2.496 [13/75] Building CXX object test/CMakeFiles/no-builtin-types-test.dir/test-main.cc.o
#9 2.658 [14/75] Building CXX object test/CMakeFiles/assert-test.dir/assert-test.cc.o
#9 2.786 [15/75] Building CXX object test/CMakeFiles/ranges-test.dir/ranges-odr-test.cc.o
#9 2.865 [16/75] Building CXX object test/CMakeFiles/compile-test.dir/compile-test.cc.o
#9 3.548 [17/75] Building CXX object test/CMakeFiles/args-test.dir/args-test.cc.o
#9 3.833 [18/75] Building CXX object test/CMakeFiles/posix-mock-test.dir/posix-mock-test.cc.o
#9 4.288 [19/75] Building CXX object test/CMakeFiles/color-test.dir/color-test.cc.o
#9 4.491 [20/75] Building CXX object test/CMakeFiles/os-test.dir/os-test.cc.o
#9 4.530 [21/75] Building CXX object test/CMakeFiles/no-builtin-types-test.dir/no-builtin-types-test.cc.o
#9 4.543 [22/75] Building CXX object test/CMakeFiles/posix-mock-test.dir/__/src/format.cc.o
#9 4.566 [23/75] Building CXX object CMakeFiles/fmt.dir/src/format.cc.o
#9 4.576 [24/75] Building CXX object test/CMakeFiles/unicode-test.dir/util.cc.o
#9 4.599 [25/75] Linking CXX static library libfmt.a
#9 4.615 [26/75] Building CXX object test/CMakeFiles/scan-test.dir/util.cc.o
#9 4.616 [27/75] Building CXX object test/CMakeFiles/no-builtin-types-test.dir/util.cc.o
#9 4.661 [28/75] Linking CXX executable bin/perf-sanity
#9 4.709 [29/75] Building CXX object test/CMakeFiles/unicode-test.dir/__/src/os.cc.o
#9 4.801 [30/75] Building CXX object test/CMakeFiles/scan-test.dir/__/src/os.cc.o
#9 4.868 [31/75] Building CXX object test/CMakeFiles/gtest-extra-test.dir/gtest-extra-test.cc.o
#9 5.007 [32/75] Building CXX object test/CMakeFiles/format-impl-test.dir/util.cc.o
#9 5.060 [33/75] Building CXX object test/CMakeFiles/format-impl-test.dir/__/src/os.cc.o
#9 5.150 [34/75] Building CXX object test/CMakeFiles/no-builtin-types-test.dir/__/src/os.cc.o
#9 5.188 [35/75] Building CXX object test/CMakeFiles/no-builtin-types-test.dir/gtest-extra.cc.o
#9 5.190 [36/75] Building CXX object test/CMakeFiles/format-impl-test.dir/gtest-extra.cc.o
#9 5.218 [37/75] Building CXX object test/CMakeFiles/unicode-test.dir/gtest-extra.cc.o
#9 5.370 [38/75] Building CXX object test/CMakeFiles/scan-test.dir/gtest-extra.cc.o
#9 5.502 [39/75] Building CXX object test/CMakeFiles/format-impl-test.dir/header-only-test.cc.o
#9 5.535 [40/75] Building CXX object test/CMakeFiles/ostream-test.dir/ostream-test.cc.o
#9 6.079 [41/75] Building CXX object test/CMakeFiles/unicode-test.dir/unicode-test.cc.o
#9 6.116 [42/75] Building CXX object test/CMakeFiles/enforce-checks-test.dir/enforce-checks-test.cc.o
#9 6.159 [43/75] Building CXX object test/CMakeFiles/std-test.dir/std-test.cc.o
#9 6.857 [44/75] Building CXX object test/CMakeFiles/scan-test.dir/scan-test.cc.o
#9 7.761 [45/75] Building CXX object test/CMakeFiles/format-impl-test.dir/format-impl-test.cc.o
#9 10.18 [46/75] Building CXX object test/CMakeFiles/ranges-test.dir/ranges-test.cc.o
#9 10.42 [47/75] Building CXX object test/CMakeFiles/xchar-test.dir/xchar-test.cc.o
#9 10.60 [48/75] Building CXX object test/gtest/CMakeFiles/gtest.dir/gmock-gtest-all.cc.o
#9 10.62 [49/75] Linking CXX static library test/gtest/libgtest.a
#9 10.65 [50/75] Linking CXX static library test/libtest-main.a
#9 10.73 [51/75] Linking CXX executable bin/no-builtin-types-test
#9 10.73 [52/75] Linking CXX executable bin/unicode-test
#9 10.73 [53/75] Linking CXX executable bin/scan-test
#9 10.74 [54/75] Linking CXX executable bin/format-impl-test
#9 10.74 [55/75] Linking CXX executable bin/enforce-checks-test
#9 10.75 [56/75] Linking CXX executable bin/compile-fp-test
#9 10.75 [57/75] Linking CXX executable bin/assert-test
#9 10.76 [58/75] Linking CXX executable bin/posix-mock-test
#9 10.76 [59/75] Linking CXX executable bin/args-test
#9 10.76 [60/75] Linking CXX executable bin/color-test
#9 10.77 [61/75] Linking CXX executable bin/std-test
#9 10.77 [62/75] Linking CXX executable bin/gtest-extra-test
#9 10.77 [63/75] Linking CXX executable bin/ostream-test
#9 10.77 [64/75] Linking CXX executable bin/ranges-test
#9 10.77 [65/75] Linking CXX executable bin/os-test
#9 10.77 [66/75] Linking CXX executable bin/compile-test
#9 10.78 [67/75] Linking CXX executable bin/xchar-test
#9 13.87 [68/75] Building CXX object test/CMakeFiles/base-test.dir/base-test.cc.o
#9 13.98 [69/75] Linking CXX executable bin/base-test
#9 20.92 [70/75] Building CXX object test/CMakeFiles/format-test.dir/format-test.cc.o
#9 21.03 [71/75] Linking CXX executable bin/format-test
#9 23.81 [72/75] Building CXX object test/CMakeFiles/chrono-test.dir/chrono-test.cc.o
#9 23.90 [73/75] Linking CXX executable bin/chrono-test
#9 26.90 [74/75] Building CXX object test/CMakeFiles/printf-test.dir/printf-test.cc.o
#9 26.99 [75/75] Linking CXX executable bin/printf-test
#9 27.00 [0/1] Running tests...
#9 27.01 Test project /home/cc/EnvGym/data/fmtlib_fmt/build
#9 27.01       Start  1: args-test
#9 27.01  1/21 Test  #1: args-test ........................   Passed    0.00 sec
#9 27.01       Start  2: base-test
#9 27.02  2/21 Test  #2: base-test ........................   Passed    0.01 sec
#9 27.02       Start  3: assert-test
#9 27.02  3/21 Test  #3: assert-test ......................   Passed    0.00 sec
#9 27.02       Start  4: chrono-test
#9 27.09  4/21 Test  #4: chrono-test ......................   Passed    0.07 sec
#9 27.09       Start  5: color-test
#9 27.10  5/21 Test  #5: color-test .......................   Passed    0.00 sec
#9 27.10       Start  6: gtest-extra-test
#9 27.10  6/21 Test  #6: gtest-extra-test .................   Passed    0.01 sec
#9 27.10       Start  7: format-test
#9 27.12  7/21 Test  #7: format-test ......................   Passed    0.02 sec
#9 27.12       Start  8: format-impl-test
#9 27.15  8/21 Test  #8: format-impl-test .................   Passed    0.03 sec
#9 27.15       Start  9: ostream-test
#9 27.16  9/21 Test  #9: ostream-test .....................   Passed    0.00 sec
#9 27.16       Start 10: compile-test
#9 27.16 10/21 Test #10: compile-test .....................   Passed    0.00 sec
#9 27.16       Start 11: compile-fp-test
#9 27.16 11/21 Test #11: compile-fp-test ..................   Passed    0.00 sec
#9 27.16       Start 12: printf-test
#9 27.17 12/21 Test #12: printf-test ......................   Passed    0.01 sec
#9 27.17       Start 13: ranges-test
#9 27.18 13/21 Test #13: ranges-test ......................   Passed    0.00 sec
#9 27.18       Start 14: no-builtin-types-test
#9 27.18 14/21 Test #14: no-builtin-types-test ............   Passed    0.00 sec
#9 27.18       Start 15: scan-test
#9 27.19 15/21 Test #15: scan-test ........................   Passed    0.00 sec
#9 27.19       Start 16: std-test
#9 27.19 16/21 Test #16: std-test .........................   Passed    0.00 sec
#9 27.19       Start 17: unicode-test
#9 27.20 17/21 Test #17: unicode-test .....................   Passed    0.00 sec
#9 27.20       Start 18: xchar-test
#9 27.20 18/21 Test #18: xchar-test .......................   Passed    0.00 sec
#9 27.20       Start 19: enforce-checks-test
#9 27.20 19/21 Test #19: enforce-checks-test ..............   Passed    0.00 sec
#9 27.20       Start 20: posix-mock-test
#9 27.21 20/21 Test #20: posix-mock-test ..................   Passed    0.00 sec
#9 27.21       Start 21: os-test
#9 27.22 21/21 Test #21: os-test ..........................   Passed    0.01 sec
#9 27.22 
#9 27.22 100% tests passed, 0 tests failed out of 21
#9 27.22 
#9 27.22 Total Test time (real) =   0.21 sec
#9 27.24 [0/1] Install the project...
#9 27.25 -- Install configuration: "Release"
#9 27.25 -- Installing: /usr/local/lib/libfmt.a
#9 27.25 -- Installing: /usr/local/include/fmt/args.h
#9 27.25 -- Installing: /usr/local/include/fmt/base.h
#9 27.25 -- Installing: /usr/local/include/fmt/chrono.h
#9 27.25 -- Installing: /usr/local/include/fmt/color.h
#9 27.25 -- Installing: /usr/local/include/fmt/compile.h
#9 27.25 -- Installing: /usr/local/include/fmt/core.h
#9 27.25 -- Installing: /usr/local/include/fmt/format.h
#9 27.25 -- Installing: /usr/local/include/fmt/format-inl.h
#9 27.25 -- Installing: /usr/local/include/fmt/os.h
#9 27.25 -- Installing: /usr/local/include/fmt/ostream.h
#9 27.25 -- Installing: /usr/local/include/fmt/printf.h
#9 27.25 -- Installing: /usr/local/include/fmt/ranges.h
#9 27.25 -- Installing: /usr/local/include/fmt/std.h
#9 27.25 -- Installing: /usr/local/include/fmt/xchar.h
#9 27.25 -- Installing: /usr/local/lib/cmake/fmt/fmt-config.cmake
#9 27.25 -- Installing: /usr/local/lib/cmake/fmt/fmt-config-version.cmake
#9 27.25 -- Installing: /usr/local/lib/cmake/fmt/fmt-targets.cmake
#9 27.25 -- Installing: /usr/local/lib/cmake/fmt/fmt-targets-release.cmake
#9 27.25 -- Installing: /usr/local/lib/pkgconfig/fmt.pc
#9 DONE 27.3s

#10 exporting to image
#10 exporting layers
#10 exporting layers 4.4s done
#10 writing image sha256:2697b9cc9bd58d2ae27c61bafb4257c308d1b8132186e6d344109a890bdaccc0 done
#10 naming to docker.io/library/envgym_test_1756369026 done
#10 DONE 4.4s

 [33m1 warning found (use docker --debug to expand):
[0m - LegacyKeyValueFormat: "ENV key=value" should be used instead of legacy "ENV key value" format (line 4)


=== Runtime Log ===  
Runtime Status: Success
Runtime Output:


Runtime Error:


=== Execution End ===

