=== Iteration 1 - [2025-08-28 21:39:33] ===
PLAN:
  === ENVIRONMENT SETUP PLAN ===
  1.  DOWNLOADS NEEDED:
      *   **For Both Workflows:**
          *   ExLi Project Source Code: The complete project repository, which includes `java/raninline/pom.xml`, `java/jacoco-extension/pom.xml`, and `poms/logback.xml`.
          *   (Optional but Recommended) ExLi Pre-generated Data (`exlidata`): A separate Git repository containing pre-generated test data. Highly recommended to skip the multi-day test generation process.
      *   **For Reproduction Workflow (Recommended):**
          *   Docker: Docker Desktop (for Windows/macOS) or Docker Engine (for Linux). The provided Docker version 28.1.1 is fully compatible.
          *   All other dependencies (Conda, Python, Java 8, Maven, ITest, etc.) are automatically managed within the Docker environment.
      *   **For Local Development Workflow (Alternative):**
          *   Conda: Anaconda or Miniconda. Required for managing the Python environment.
          *   Git: For cloning the repositories.
          *   SDKMAN!: A command-line tool for managing parallel versions of multiple Software Development Kits, including Java and Maven.
          *   The `java/install.sh` script will use SDKMAN! to install the required Java version (`8.0.302-open`) and Maven version (`3.8.6`). This is consistent with the Java 8 target and dependencies specified in the project's `pom.xml` files.
          *   Python >= 3.7 is required. The setup scripts will manage the specific version and dependencies.
          *   Key Python dependencies (managed by setup scripts): `seutil`, `xmltodict`, `tqdm`, `universalmutator`, and others for development/research like `pandas`, `seaborn`, and `black`.
          *   Java dependencies (managed automatically by Maven via `pom.xml` files): `javaparser-core`, `gson`, `jacoco`, `commons-text`, `xstream`, `maven-core`, `plexus-component-annotations`, `slf4j-api`, `logback-classic`, and JUnit for testing. These do not require manual download.
  2.  FILES TO CREATE:
      *   **Files to Manually Create:** None. All necessary scripts and configuration files are included in the project repository.
      *   **Key Configuration Files Provided in the Repository:**
          *   `reproduce.sh`, `prepare-conda-env.sh`, `java/install.sh`, `python/setup.py`: Core scripts for setting up and running the tool.
          *   `java/.../pom.xml`: Maven project files that define Java dependencies and build configurations.
          *   `poms/logback.xml`: A configuration file for the Logback logging framework. It is configured by default to show only `ERROR` level messages on the console to keep the output clean. More detailed logs are saved to files specified at runtime.
      *   **Files/Directories Generated by the Workflow:** The setup and execution process will generate several directories and files within your working directory (`/home/cc/EnvGym/data/exli`). These are intentionally excluded from version control. Key generated locations include:
          *   `/home/cc/EnvGym/data/exli/target/`: Contains compiled Java artifacts (`.jar` files) after running the Maven build scripts.
          *   `/home/cc/EnvGym/data/exli/log/`: Contains detailed logs from the tool's execution. The level of detail in these files is typically higher than the console output.
          *   `/home/cc/EnvGym/data/exli/results/`: Stores structured output data, such as identified target statements and reports.
          *   `/home/cc/EnvGym/data/exli/all-tests/`, `/home/cc/EnvGym/data/exli/all-inline-tests/`, `/home/cc/EnvGym/data/exli/generated-tests/`: Directories where the generated test suites are saved.
          *   `__pycache__/`, `*.egg-info/`: Standard Python cache and build directories.
          *   `jacoco.exec`: JaCoCo coverage report files generated during testing.
  3.  NECESSARY TEST CASES IN THE CODEBASE:
      *   None. The user is not required to write any test cases for the ExLi tool itself. The setup plan focuses on configuring the environment to *use* the tool to generate tests for other Java projects.
  4.  COMPLETE TODO LIST:
      *   This guide provides two distinct workflows. The Docker workflow is recommended for exact reproduction of paper results. The Local Conda workflow is for users who wish to develop or modify the ExLi tool directly on their host machine.
  ---
  ### **Workflow A: Full Reproduction using Docker (Recommended)**
  ---
  -   **Step 1: Verify Docker Installation and Service**
      *   Action: Confirm that Docker is installed and the service is running. The provided version 28.1.1 is fully supported.
      *   Verification: Open a terminal and run `docker --version`. You should see the Docker version information. Run `docker info` to ensure the service/daemon is active.
  -   **Step 2: Clone the ExLi Project Repository**
      *   Action: Ensure the project repository is cloned into the specified working directory `/home/cc/EnvGym/data/exli`. All subsequent host-side commands should be run from this directory.
      *   Command: `git clone [PROJECT_GIT_URL] /home/cc/EnvGym/data/exli` (Replace `[PROJECT_GIT_URL]` with the actual Git URL) followed by `cd /home/cc/EnvGym/data/exli`.
      *   Verification: Your current working directory should be `/home/cc/EnvGym/data/exli`.
  -   **Step 3: (Optional) Download Pre-generated Data for Full Reproduction**
      *   Action: From the project root (`/home/cc/EnvGym/data/exli`), clone the pre-generated data repository. This data will be used by the `reproduce.sh` script to avoid a multi-day test generation process.
      *   Command: `git clone https://pipiyu@bitbucket.org/sedata/exlidata.git`
      *   Verification: A directory named `exlidata` should now exist at `/home/cc/EnvGym/data/exli/exlidata`.
  -   **Step 4: Build the Docker Image**
      *   Action: From the project root (`/home/cc/EnvGym/data/exli`), build the Docker image. This process reads the `Dockerfile`, installs all dependencies, and builds the Java components. The `x86_64` architecture is fully supported, and this CPU-based process does not require a GPU.
      *   Command: `docker build -t exli .`
      *   Verification: After the build completes successfully, run `docker images`. You should see an image named `exli` in the list.
  -   **Step 5: Run the Docker Container**
      *   Action: Start an interactive session inside the newly created Docker container. This will log you in as the `itdocker` user.
      *   Command: `docker run -it exli`
      *   Verification: Your terminal prompt should change, indicating you are now inside the container (e.g., `itdocker@<container_id>:~$`).
  -   **Step 6: Activate the Conda Environment**
      *   Action: The `exli` Conda environment was created during the image build process. You only need to activate it.
      *   Command (inside the container): `conda activate exli`
      *   Verification: Your terminal prompt should now be prefixed with `(exli)`, for example: `(exli) itdocker@<container_id>:~$`.
  -   **Step 7: Navigate to the ExLi Python Directory**
      *   Action: The ExLi project was cloned into `/home/itdocker/exli` during the build. Navigate to the python scripts directory to run commands.
      *   Command (inside the container): `cd /home/itdocker/exli/python`
      *   Verification: Run `pwd`. The output should be `/home/itdocker/exli/python`.
  -   **Step 8: Execute a Task**
      *   At this point, the environment is ready. You can either perform a quick verification run or launch the full experiment reproduction. Note that console output is minimal by default (ERROR level only). For detailed progress, inspect the log file specified by the `--log_path` argument.
      *   **Option A: Quick Verification Run**
          *   Action: Execute the main commands for a single example project to confirm the tool is working correctly.
          *   Command 1 (Find target statements): `python -m exli.main find_target_stmts --project_name=Bernardo-MG_velocity-config-tool --sha=26226f5 --target_stmts_path=${HOME}/exli/results/target-stmt/Bernardo-MG_velocity-config-tool-26226f5.txt`
          *   Verification 1: `ls -l ${HOME}/exli/results/target-stmt/Bernardo-MG_velocity-config-tool-26226f5.txt` (This should list the file).
          *   Command 2 (Generate tests): `python -m exli.main run --project_name=Bernardo-MG_velocity-config-tool --sha=26226f5 --randoop=True --randoop_tl=100 --dev=True --evosuite=True --evosuite_tl=120 --seed=42 --log_path=${HOME}/exli/log/raninline.log`
          *   Verification 2: Check that the output directory and log file were created: `ls -d ${HOME}/exli/all-tests/Bernardo-MG_velocity-config-tool-26226f5` and `ls -l ${HOME}/exli/log/raninline.log`.
      *   **Option B: Full Experiment Reproduction**
          *   Action: Run the main reproduction script to replicate the results from the paper.
          *   Command (inside the container): `bash reproduce.sh`
          *   Verification: Monitor the script's output for progress through its multiple stages. Detailed logs will be generated within the `log/` directory.
  ---
  ### **Workflow B: Local Development Setup using Conda (Alternative)**
  ---
  -   **Step 1: Install Prerequisites**
      *   Action: Install Conda (Miniconda or Anaconda), Git, and SDKMAN! on your host machine.
      *   Verification: Run `conda --version`, `git --version`, and `sdk version` in your terminal to confirm they are installed and available in your system's PATH.
  -   **Step 2: Clone the ExLi Project Repository**
      *   Action: Ensure the project repository is cloned into the specified working directory `/home/cc/EnvGym/data/exli`. All subsequent host-side commands should be run from this directory.
      *   Command: `git clone [PROJECT_GIT_URL] /home/cc/EnvGym/data/exli` (Replace `[PROJECT_GIT_URL]` with the actual Git URL) followed by `cd /home/cc/EnvGym/data/exli`.
      *   Verification: Your current working directory should be `/home/cc/EnvGym/data/exli`.
  -   **Step 3: (Optional) Download Pre-generated Data**
      *   Action: From the project root (`/home/cc/EnvGym/data/exli`), clone the pre-generated data repository.
      *   Command: `git clone https://pipiyu@bitbucket.org/sedata/exlidata.git`
      *   Verification: A directory named `exlidata` should exist at `/home/cc/EnvGym/data/exli/exlidata`.
  -   **Step 4: Install, Build, and Configure Java Components**
      *   **4.1. Install Java/Maven and Build Projects**
          *   Action: From the project root (`/home/cc/EnvGym/data/exli`), run the provided script to automatically download the correct Java and Maven versions and build the Java projects.
          *   Command: `bash java/install.sh`
          *   Verification: The script should complete successfully. Confirm the JAR files exist: `ls java/raninline/target/raninline-*.jar` and `ls java/jacoco-extension/target/jacoco-extension-*.jar`.
      *   **4.2. Install the Jacoco Maven Extension**
          *   Action: Copy the `jacoco-extension` JAR into your SDKMAN-managed Maven installation's extension directory. This enables automatic test coverage collection.
          *   Command: `cp java/jacoco-extension/target/jacoco-extension-*.jar $(sdk home maven 3.8.6)/lib/ext/`
          *   Verification: Check that the file was copied successfully: `ls $(sdk home maven 3.8.6)/lib/ext/jacoco-extension-*.jar`.
          *   **Note:** This extension will now run on *every* `mvn test` command using this Maven installation. If you need to disable it, you must manually remove the JAR file from the `lib/ext` directory.
  -   **Step 5: Create Conda Environment and Install Python Package**
      *   Action: Use the provided script to create a dedicated Conda environment. Then, install the `exli` Python package in editable mode with all dependencies.
      *   Command 1 (Navigate to Python directory): `cd python`
      *   Command 2 (Create environment): `bash prepare-conda-env.sh` (You can optionally pass a Python version, e.g., `bash prepare-conda-env.sh 3.9`)
      *   Command 3 (Install package): After the environment is activated by the script, run `pip install -e .[dev,research]`
      *   Verification 1: The script should complete without errors, and your terminal prompt should be prefixed with `(exli)`, indicating the environment is active.
      *   Verification 2: Run `pip list | grep exli-research`. You should see the `exli-research` package listed.
  -   **Step 6: Execute a Task**
      *   At this point, the local environment is ready. You can run a quick verification. Ensure the `exli` conda environment is active.
      *   **Quick Verification Run**
          *   Action: From the `/home/cc/EnvGym/data/exli/python/` directory, execute the main commands for a single project. The paths below are absolute to prevent errors.
          *   Command 1 (Find target statements): `python -m exli.main find_target_stmts --project_name=Bernardo-MG_velocity-config-tool --sha=26226f5 --target_stmts_path=/home/cc/EnvGym/data/exli/results/target-stmt/Bernardo-MG_velocity-config-tool-26226f5.txt`
          *   Verification 1: `ls -l /home/cc/EnvGym/data/exli/results/target-stmt/Bernardo-MG_velocity-config-tool-26226f5.txt` (This should list the file).
          *   Command 2 (Generate tests): `python -m exli.main run --project_name=Bernardo-MG_velocity-config-tool --sha=26226f5 --randoop=True --randoop_tl=100 --dev=True --evosuite=True --evosuite_tl=120 --seed=42 --log_path=/home/cc/EnvGym/data/exli/log/raninline.log`
          *   Verification 2: Check that the output directory and log file were created: `ls -d /home/cc/EnvGym/data/exli/all-tests/Bernardo-MG_velocity-config-tool-26226f5` and `ls -l /home/cc/EnvGym/data/exli/log/raninline.log`.
      *   **Developer Tip: Adjusting Log Verbosity**
          *   The console output is minimal by default. For debugging, you may want more detailed logs.
          *   Action: Open `/home/cc/EnvGym/data/exli/poms/logback.xml` and change `<root level="ERROR">` to `<root level="INFO">` or `<root level="DEBUG">`.
          *   You do not need to rebuild the Java projects; changes to this resource file will be picked up on the next run.
      *   **Note on Full Reproduction:** The `reproduce.sh` script is written with the Docker environment's file structure in mind. Running it outside of Docker may require modifying its internal paths.
  -   **Conclusion: Environment Setup Complete**
      *   The environment is now configured. You can proceed to run experiments or develop the tool.
NEXT:
  current progress
  A Dockerfile has been created to automate the environment setup based on the "Full Reproduction using Docker" plan. The Docker build process successfully installs system dependencies, creates a non-root user, and uses SDKMAN to install the specified versions of Java and Maven. The build fails at the step responsible for compiling the Java projects (`mvn ... clean install`), exiting with code 1. The specific reason for the Maven build failure has not been identified from the provided log.
  next step
  To diagnose the Maven build failure, modify the Dockerfile by commenting out the failing `RUN` command (lines 42-44) and all subsequent `RUN` layers. Rebuild the image, then launch an interactive container from this partial image. Once inside the container, navigate to the `/home/itdocker/exli` directory and manually execute the command `source /home/itdocker/.sdkman/bin/sdkman-init.sh && mvn --batch-mode -f java/raninline/pom.xml clean install` to capture the full, detailed error output from Maven.
LOG:
  === Docker Execution Log - 20250828_213920 ===
  Dockerfile: envgym/envgym.dockerfile
  Image Name: envgym_test_1756417118
  === Build Log ===
  Build Status: Failed
  Build Output:
  Build Error:
  #0 building with "default" instance using docker driver
  #1 [internal] load build definition from envgym.dockerfile
  #1 transferring dockerfile: 2.38kB done
  #1 DONE 0.0s
  #2 [internal] load metadata for docker.io/continuumio/miniconda3:latest
  #2 DONE 0.3s
  #3 [internal] load .dockerignore
  #3 transferring context: 2B done
  #3 DONE 0.0s
  #4 [ 1/12] FROM docker.io/continuumio/miniconda3:latest@sha256:4a2425c3ca891633e5a27280120f3fb6d5960a0f509b7594632cdd5bb8cbaea8
  #4 CACHED
  #5 [internal] load build context
  #5 transferring context: 150.56MB 0.9s done
  #5 DONE 1.0s
  #6 [ 2/12] RUN apt-get update && apt-get install -y --no-install-recommends     git     curl     unzip     zip     procps     && apt-get clean && rm -rf /var/lib/apt/lists/*
  #6 0.281 Get:1 http://deb.debian.org/debian bookworm InRelease [151 kB]
  #6 0.301 Get:2 http://deb.debian.org/debian bookworm-updates InRelease [55.4 kB]
  #6 0.301 Get:3 http://deb.debian.org/debian-security bookworm-security InRelease [48.0 kB]
  #6 0.402 Get:4 http://deb.debian.org/debian bookworm/main amd64 Packages [8793 kB]
  #6 0.861 Get:5 http://deb.debian.org/debian bookworm-updates/main amd64 Packages [6924 B]
  #6 0.861 Get:6 http://deb.debian.org/debian-security bookworm-security/main amd64 Packages [277 kB]
  #6 1.722 Fetched 9331 kB in 1s (6392 kB/s)
  #6 1.722 Reading package lists...
  #6 2.144 Reading package lists...
  #6 2.552 Building dependency tree...
  #6 2.629 Reading state information...
  #6 2.722 git is already the newest version (1:2.39.5-0+deb12u2).
  #6 2.722 procps is already the newest version (2:4.0.2-3).
  #6 2.722 The following additional packages will be installed:
  #6 2.723   libcurl4
  #6 2.770 The following NEW packages will be installed:
  #6 2.770   curl libcurl4 unzip zip
  #6 2.809 0 upgraded, 4 newly installed, 0 to remove and 25 not upgraded.
  #6 2.809 Need to get 1103 kB of archives.
  #6 2.809 After this operation, 2380 kB of additional disk space will be used.
  #6 2.809 Get:1 http://deb.debian.org/debian bookworm/main amd64 libcurl4 amd64 7.88.1-10+deb12u12 [391 kB]
  #6 2.824 Get:2 http://deb.debian.org/debian bookworm/main amd64 curl amd64 7.88.1-10+deb12u12 [315 kB]
  #6 2.828 Get:3 http://deb.debian.org/debian bookworm/main amd64 unzip amd64 6.0-28 [166 kB]
  #6 2.830 Get:4 http://deb.debian.org/debian bookworm/main amd64 zip amd64 3.0-13 [230 kB]
  #6 2.932 debconf: delaying package configuration, since apt-utils is not installed
  #6 2.963 Fetched 1103 kB in 0s (19.3 MB/s)
  #6 2.984 Selecting previously unselected package libcurl4:amd64.
  #6 2.984 (Reading database ... 
  (Reading database ... 5%
  (Reading database ... 10%
  (Reading database ... 15%
  (Reading database ... 20%
  (Reading database ... 25%
  (Reading database ... 30%
  (Reading database ... 35%
  (Reading database ... 40%
  (Reading database ... 45%
  (Reading database ... 50%
  (Reading database ... 55%
  (Reading database ... 60%
  (Reading database ... 65%
  (Reading database ... 70%
  (Reading database ... 75%
  (Reading database ... 80%
  (Reading database ... 85%
  (Reading database ... 90%
  (Reading database ... 95%
  (Reading database ... 100%
  (Reading database ... 12331 files and directories currently installed.)
  #6 2.990 Preparing to unpack .../libcurl4_7.88.1-10+deb12u12_amd64.deb ...
  #6 2.992 Unpacking libcurl4:amd64 (7.88.1-10+deb12u12) ...
  #6 3.045 Selecting previously unselected package curl.
  #6 3.047 Preparing to unpack .../curl_7.88.1-10+deb12u12_amd64.deb ...
  #6 3.047 Unpacking curl (7.88.1-10+deb12u12) ...
  #6 3.094 Selecting previously unselected package unzip.
  #6 3.096 Preparing to unpack .../unzip_6.0-28_amd64.deb ...
  #6 3.096 Unpacking unzip (6.0-28) ...
  #6 3.138 Selecting previously unselected package zip.
  #6 3.140 Preparing to unpack .../archives/zip_3.0-13_amd64.deb ...
  #6 3.141 Unpacking zip (3.0-13) ...
  #6 3.187 Setting up unzip (6.0-28) ...
  #6 3.193 Setting up zip (3.0-13) ...
  #6 3.195 Setting up libcurl4:amd64 (7.88.1-10+deb12u12) ...
  #6 3.197 Setting up curl (7.88.1-10+deb12u12) ...
  #6 3.200 Processing triggers for libc-bin (2.36-9+deb12u10) ...
  #6 DONE 3.6s
  #7 [ 3/12] RUN useradd --create-home --shell /bin/bash itdocker
  #7 DONE 0.3s
  #8 [ 4/12] WORKDIR /home/itdocker
  #8 DONE 0.0s
  #9 [ 5/12] RUN curl -s "https://get.sdkman.io" | bash
  #9 0.519 
  #9 0.519                                 -+syyyyyyys:
  #9 0.519                             `/yho:`       -yd.
  #9 0.519                          `/yh/`             +m.
  #9 0.519                        .oho.                 hy                          .`
  #9 0.519                      .sh/`                   :N`                `-/o`  `+dyyo:.
  #9 0.519                    .yh:`                     `M-          `-/osysoym  :hs` `-+sys:      hhyssssssssy+
  #9 0.520                  .sh:`                       `N:          ms/-``  yy.yh-      -hy.    `.N-````````+N.
  #9 0.520                `od/`                         `N-       -/oM-      ddd+`     `sd:     hNNm        -N:
  #9 0.520               :do`                           .M.       dMMM-     `ms.      /d+`     `NMMs       `do
  #9 0.520             .yy-                             :N`    ```mMMM.      -      -hy.       /MMM:       yh
  #9 0.520           `+d+`           `:/oo/`       `-/osyh/ossssssdNMM`           .sh:         yMMN`      /m.
  #9 0.520          -dh-           :ymNMMMMy  `-/shmNm-`:N/-.``   `.sN            /N-         `NMMy      .m/
  #9 0.521        `oNs`          -hysosmMMMMydmNmds+-.:ohm           :             sd`        :MMM/      yy
  #9 0.521       .hN+           /d:    -MMMmhs/-.`   .MMMh   .ss+-                 `yy`       sMMN`     :N.
  #9 0.521      :mN/           `N/     `o/-`         :MMMo   +MMMN-         .`      `ds       mMMh      do
  #9 0.521     /NN/            `N+....--:/+oooosooo+:sMMM:   hMMMM:        `my       .m+     -MMM+     :N.
  #9 0.521    /NMo              -+ooooo+/:-....`...:+hNMN.  `NMMMd`        .MM/       -m:    oMMN.     hs
  #9 0.521   -NMd`                                    :mm   -MMMm- .s/     -MMm.       /m-   mMMd     -N.
  #9 0.522  `mMM/                                      .-   /MMh. -dMo     -MMMy        od. .MMMs..---yh
  #9 0.522  +MMM.                                           sNo`.sNMM+     :MMMM/        sh`+MMMNmNm+++-
  #9 0.522  mMMM-                                           /--ohmMMM+     :MMMMm.       `hyymmmdddo
  #9 0.522  MMMMh.                  ````                  `-+yy/`yMMM/     :MMMMMy       -sm:.``..-:-.`
  #9 0.522  dMMMMmo-.``````..-:/osyhddddho.           `+shdh+.   hMMM:     :MmMMMM/   ./yy/` `:sys+/+sh/
  #9 0.522  .dMMMMMMmdddddmmNMMMNNNNNMMMMMs           sNdo-      dMMM-  `-/yd/MMMMm-:sy+.   :hs-      /N`
  #9 0.523   `/ymNNNNNNNmmdys+/::----/dMMm:          +m-         mMMM+ohmo/.` sMMMMdo-    .om:       `sh
  #9 0.523      `.-----+/.`       `.-+hh/`         `od.          NMMNmds/     `mmy:`     +mMy      `:yy.
  #9 0.523            /moyso+//+ossso:.           .yy`          `dy+:`         ..       :MMMN+---/oys:
  #9 0.523          /+m:  `.-:::-`               /d+                                    +MMMMMMMNh:`
  #9 0.523         +MN/                        -yh.                                     `+hddhy+.
  #9 0.523        /MM+                       .sh:
  #9 0.523       :NMo                      -sh/
  #9 0.523      -NMs                    `/yy:
  #9 0.524     .NMy                  `:sh+.
  #9 0.524    `mMm`               ./yds-
  #9 0.524   `dMMMmyo:-.````.-:oymNy:`
  #9 0.524   +NMMMMMMMMMMMMMMMMms:`
  #9 0.524     -+shmNMMMNmdy+:`
  #9 0.524 
  #9 0.524 
  #9 0.524                                                                  Now attempting installation...
  #9 0.524 
  #9 0.524 
  #9 0.524 Looking for a previous installation of SDKMAN...
  #9 0.525 Looking for unzip...
  #9 0.526 Looking for zip...
  #9 0.526 Looking for tar...
  #9 0.526 Looking for curl...
  #9 0.527 Looking for sed...
  #9 0.527 Installing SDKMAN scripts...
  #9 0.527 Create distribution directories...
  #9 0.540 Getting available candidates...
  #9 0.666 Prime platform file...
  #9 0.673 Prime the config file...
  #9 0.677 Installing script cli archive...
  #9 0.677 * Downloading...
  #9 0.789 #=#=#                                                                         
  ##O#-#                                                                        
  ######################################################################## 100.0%
  #9 0.925 * Checking archive integrity...
  #9 0.929 * Extracting archive...
  #9 0.938 * Copying archive contents...
  #9 0.945 * Cleaning up...
  #9 0.948 
  #9 0.950 Installing script cli archive...
  #9 0.950 * Downloading...
  #9 1.064 #=#=#                                                                         
  ##O#-#                                                                        
  ###############################################################           87.9%
  ######################################################################## 100.0%
  #9 1.319 * Checking archive integrity...
  #9 1.375 * Extracting archive...
  #9 1.434 * Copying archive contents...
  #9 1.448 * Cleaning up...
  #9 1.454 
  #9 1.454 Set version to 5.20.0 ...
  #9 1.454 Set native version to 0.7.4 ...
  #9 1.455 Attempt update of interactive bash profile on regular UNIX...
  #9 1.461 Added sdkman init snippet to /home/itdocker/.bashrc
  #9 1.461 Attempt update of zsh profile...
  #9 1.465 Updated existing /home/itdocker/.zshrc
  #9 1.465 
  #9 1.465 
  #9 1.465 
  #9 1.465 All done!
  #9 1.465 
  #9 1.465 
  #9 1.466 You are subscribed to the STABLE channel.
  #9 1.466 
  #9 1.466 Please open a new terminal, or run the following in the existing one:
  #9 1.466 
  #9 1.466     source "/home/itdocker/.sdkman/bin/sdkman-init.sh"
  #9 1.466 
  #9 1.466 Then issue the following command:
  #9 1.466 
  #9 1.466     sdk help
  #9 1.466 
  #9 1.466 Enjoy!!!
  #9 DONE 1.5s
  #10 [ 6/12] RUN source "/home/itdocker/.sdkman/bin/sdkman-init.sh" &&     sdk install java 8.0.302-open &&     sdk install maven 3.8.6
  #10 0.595 
  #10 0.595 Downloading: java 8.0.302-open
  #10 0.595 
  #10 0.595 In progress...
  #10 0.595 
  #10 0.723 #=#=#                                                                         
  ##O#-#                                                                        
  ##O=#  #                                                                      
                                                                             0.0%
  #####                                                                      7.6%
  ######                                                                     9.2%
  #######                                                                    9.9%
  #######                                                                   10.6%
  ########                                                                  11.3%
  #########                                                                 12.7%
  #########                                                                 13.7%
  ##########                                                                15.1%
  ###########                                                               16.0%
  ###########                                                               16.4%
  ############                                                              17.0%
  ############                                                              18.0%
  ##############                                                            19.8%
  ###############                                                           21.8%
  ################                                                          22.7%
  #################                                                         23.8%
  #################                                                         24.8%
  ##################                                                        25.6%
  ##################                                                        26.1%
  ###################                                                       27.4%
  ####################                                                      28.8%
  #####################                                                     29.7%
  #####################                                                     30.5%
  ######################                                                    31.9%
  #######################                                                   32.7%
  ########################                                                  33.5%
  ########################                                                  34.2%
  #########################                                                 35.2%
  ##########################                                                36.6%
  ###########################                                               37.5%
  ###########################                                               38.6%
  ############################                                              39.2%
  ############################                                              39.7%
  #############################                                             40.9%
  ##############################                                            41.8%
  ##############################                                            42.8%
  ###############################                                           43.6%
  ###############################                                           44.0%
  ################################                                          44.9%
  ################################                                          45.6%
  #################################                                         46.1%
  #################################                                         46.7%
  ##################################                                        47.8%
  ###################################                                       49.1%
  ####################################                                      50.5%
  #####################################                                     51.7%
  ######################################                                    53.4%
  #######################################                                   54.4%
  ########################################                                  55.6%
  ########################################                                  56.7%
  #########################################                                 57.3%
  #########################################                                 58.2%
  ##########################################                                59.0%
  ###########################################                               60.1%
  ############################################                              61.9%
  #############################################                             63.3%
  ##############################################                            64.0%
  ##############################################                            64.8%
  ###############################################                           65.8%
  ################################################                          66.9%
  #################################################                         68.1%
  #################################################                         69.2%
  ##################################################                        70.0%
  ##################################################                        70.7%
  ###################################################                       71.7%
  ####################################################                      72.5%
  ####################################################                      73.2%
  #####################################################                     74.2%
  ######################################################                    75.5%
  #######################################################                   76.5%
  #######################################################                   77.7%
  ########################################################                  78.9%
  #########################################################                 79.4%
  #########################################################                 79.9%
  ##########################################################                80.7%
  ###########################################################               82.1%
  ###########################################################               83.1%
  ############################################################              84.1%
  #############################################################             85.2%
  #############################################################             86.1%
  ##############################################################            87.1%
  ###############################################################           87.8%
  ###############################################################           88.3%
  ################################################################          89.0%
  #################################################################         90.3%
  #################################################################         91.4%
  ##################################################################        92.5%
  ###################################################################       93.3%
  ###################################################################       94.0%
  ####################################################################      95.1%
  ####################################################################      95.8%
  #####################################################################     96.4%
  ######################################################################    97.7%
  #######################################################################   99.2%
  ######################################################################## 100.0%
  #10 12.09 
  #10 12.09 Repackaging Java 8.0.302-open...
  #10 18.42 
  #10 18.42 Done repackaging...
  #10 19.63 
  #10 19.63 [1;32mInstalling: java 8.0.302-open[0m
  #10 20.92 [1;32mDone installing![0m
  #10 20.92 
  #10 20.92 
  #10 20.92 [1;32mSetting java 8.0.302-open as default.[0m
  #10 21.19 
  #10 21.19 Downloading: maven 3.8.6
  #10 21.19 
  #10 21.19 In progress...
  #10 21.19 
  #10 21.43 #=#=#                                                                         
  ##O#-#                                                                        
  #######################################                                   54.6%
  ######################################################                    76.3%
  #######################################################################   99.5%
  ######################################################################## 100.0%
  #10 22.03 
  #10 22.03 [1;32mInstalling: maven 3.8.6[0m
  #10 22.12 [1;32mDone installing![0m
  #10 22.12 
  #10 22.12 
  #10 22.12 [1;32mSetting maven 3.8.6 as default.[0m
  #10 DONE 22.9s
  #11 [ 7/12] COPY --chown=itdocker:itdocker . /home/itdocker/exli
  #11 DONE 0.4s
  #12 [ 8/12] WORKDIR /home/itdocker/exli
  #12 DONE 0.0s
  #13 [ 9/12] RUN source "/home/itdocker/.sdkman/bin/sdkman-init.sh" &&     mvn --batch-mode -f java/raninline/pom.xml clean install &&     mvn --batch-mode -f java/jacoco-extension/pom.xml clean install
  #13 1.014 [INFO] Scanning for projects...
  #13 1.056 [INFO] 
  #13 1.056 [INFO] ----------------------< org.raninline:raninline >-----------------------
  #13 1.056 [INFO] Building raninline 1.0-SNAPSHOT
  #13 1.056 [INFO] --------------------------------[ jar ]---------------------------------
  #13 1.202 [INFO] Downloading from central: https://repo.maven.apache.org/maven2/org/apache/maven/plugins/maven-shade-plugin/3.4.1/maven-shade-plugin-3.4.1.pom
  #13 1.502 [INFO] Downloaded from central: https://repo.maven.apache.org/maven2/org/apache/maven/plugins/maven-shade-plugin/3.4.1/maven-shade-plugin-3.4.1.pom (13 kB at 42 kB/s)
  #13 1.517 [INFO] Downloading from central: https://repo.maven.apache.org/maven2/org/apache/maven/plugins/maven-plugins/37/maven-plugins-37.pom
  #13 1.532 [INFO] Downloaded from central: https://repo.maven.apache.org/maven2/org/apache/maven/plugins/maven-plugins/37/maven-plugins-37.pom (9.9 kB at 660 kB/s)
  #13 1.535 [INFO] Downloading from central: https://repo.maven.apache.org/maven2/org/apache/maven/maven-parent/37/maven-parent-37.pom
  #13 1.556 [INFO] Downloaded from central: https://repo.maven.apache.org/maven2/org/apache/maven/maven-parent/37/maven-parent-37.pom (46 kB at 2.2 MB/s)
  #13 1.569 [INFO] Downloading from central: https://repo.maven.apache.org/maven2/org/apache/apache/27/apache-27.pom
  #13 1.582 [INFO] Downloaded from central: https://repo.maven.apache.org/maven2/org/apache/apache/27/apache-27.pom (20 kB at 1.5 MB/s)
  #13 1.594 [INFO] Downloading from central: https://repo.maven.apache.org/maven2/org/apache/maven/plugins/maven-shade-plugin/3.4.1/maven-shade-plugin-3.4.1.jar
  #13 1.622 [INFO] Downloaded from central: https://repo.maven.apache.org/maven2/org/apache/maven/plugins/maven-shade-plugin/3.4.1/maven-shade-plugin-3.4.1.jar (143 kB at 5.3 MB/s)
  #13 1.630 [INFO] Downloading from central: https://repo.maven.apache.org/maven2/org/apache/maven/plugins/maven-clean-plugin/3.1.0/maven-clean-plugin-3.1.0.pom
  #13 1.646 [INFO] Downloaded from central: https://repo.maven.apache.org/maven2/org/apache/maven/plugins/maven-clean-plugin/3.1.0/maven-clean-plugin-3.1.0.pom (5.2 kB at 323 kB/s)
  #13 1.648 [INFO] Downloading from central: https://repo.maven.apache.org/maven2/org/apache/maven/plugins/maven-plugins/31/maven-plugins-31.pom
  #13 1.662 [INFO] Downloaded from central: https://repo.maven.apache.org/maven2/org/apache/maven/plugins/maven-plugins/31/maven-plugins-31.pom (10 kB at 743 kB/s)
  #13 1.666 [INFO] Downloading from central: https://repo.maven.apache.org/maven2/org/apache/maven/maven-parent/31/maven-parent-31.pom
  #13 1.680 [INFO] Downloaded from central: https://repo.maven.apache.org/maven2/org/apache/maven/maven-parent/31/maven-parent-31.pom (43 kB at 3.1 MB/s)
  #13 1.685 [INFO] Downloading from central: https://repo.maven.apache.org/maven2/org/apache/apache/19/apache-19.pom
  #13 1.697 [INFO] Downloaded from central: https://repo.maven.apache.org/maven2/org/apache/apache/19/apache-19.pom (15 kB at 1.2 MB/s)
  #13 1.704 [INFO] Downloading from central: https://repo.maven.apache.org/maven2/org/apache/maven/plugins/maven-clean-plugin/3.1.0/maven-clean-plugin-3.1.0.jar
  #13 1.717 [INFO] Downloaded from central: https://repo.maven.apache.org/maven2/org/apache/maven/plugins/maven-clean-plugin/3.1.0/maven-clean-plugin-3.1.0.jar (30 kB at 2.3 MB/s)
  #13 1.720 [INFO] Downloading from central: https://repo.maven.apache.org/maven2/org/apache/maven/plugins/maven-resources-plugin/3.3.0/maven-resources-plugin-3.3.0.pom
  #13 1.731 [INFO] Downloaded from central: https://repo.maven.apache.org/maven2/org/apache/maven/plugins/maven-resources-plugin/3.3.0/maven-resources-plugin-3.3.0.pom (8.5 kB at 708 kB/s)
  #13 1.733 [INFO] Downloading from central: https://repo.maven.apache.org/maven2/org/apache/maven/plugins/maven-plugins/36/maven-plugins-36.pom
  #13 1.757 [INFO] Downloaded from central: https://repo.maven.apache.org/maven2/org/apache/maven/plugins/maven-plugins/36/maven-plugins-36.pom (9.9 kB at 396 kB/s)
  #13 1.762 [INFO] Downloading from central: https://repo.maven.apache.org/maven2/org/apache/maven/maven-parent/36/maven-parent-36.pom
  #13 1.775 [INFO] Downloaded from central: https://repo.maven.apache.org/maven2/org/apache/maven/maven-parent/36/maven-parent-36.pom (45 kB at 3.2 MB/s)
  #13 1.779 [INFO] Downloading from central: https://repo.maven.apache.org/maven2/org/apache/apache/26/apache-26.pom
  #13 1.793 [INFO] Downloaded from central: https://repo.maven.apache.org/maven2/org/apache/apache/26/apache-26.pom (21 kB at 1.5 MB/s)
  #13 1.800 [INFO] Downloading from central: https://repo.maven.apache.org/maven2/org/apache/maven/plugins/maven-resources-plugin/3.3.0/maven-resources-plugin-3.3.0.jar
  #13 1.818 [INFO] Downloaded from central: https://repo.maven.apache.org/maven2/org/apache/maven/plugins/maven-resources-plugin/3.3.0/maven-resources-plugin-3.3.0.jar (32 kB at 1.7 MB/s)
  #13 1.824 [INFO] Downloading from central: https://repo.maven.apache.org/maven2/org/apache/maven/plugins/maven-compiler-plugin/3.10.1/maven-compiler-plugin-3.10.1.pom
  #13 1.835 [INFO] Downloaded from central: https://repo.maven.apache.org/maven2/org/apache/maven/plugins/maven-compiler-plugin/3.10.1/maven-compiler-plugin-3.10.1.pom (13 kB at 1.1 MB/s)
  #13 1.837 [INFO] Downloading from central: https://repo.maven.apache.org/maven2/org/apache/maven/plugins/maven-plugins/34/maven-plugins-34.pom
  #13 1.848 [INFO] Downloaded from central: https://repo.maven.apache.org/maven2/org/apache/maven/plugins/maven-plugins/34/maven-plugins-34.pom (11 kB at 972 kB/s)
  #13 1.849 [INFO] Downloading from central: https://repo.maven.apache.org/maven2/org/apache/maven/maven-parent/34/maven-parent-34.pom
  #13 1.862 [INFO] Downloaded from central: https://repo.maven.apache.org/maven2/org/apache/maven/maven-parent/34/maven-parent-34.pom (43 kB at 3.6 MB/s)
  #13 1.865 [INFO] Downloading from central: https://repo.maven.apache.org/maven2/org/apache/apache/23/apache-23.pom
  #13 1.875 [INFO] Downloaded from central: https://repo.maven.apache.org/maven2/org/apache/apache/23/apache-23.pom (18 kB at 1.7 MB/s)
  #13 1.880 [INFO] Downloading from central: https://repo.maven.apache.org/maven2/org/apache/maven/plugins/maven-compiler-plugin/3.10.1/maven-compiler-plugin-3.10.1.jar
  #13 1.897 [INFO] Downloaded from central: https://repo.maven.apache.org/maven2/org/apache/maven/plugins/maven-compiler-plugin/3.10.1/maven-compiler-plugin-3.10.1.jar (62 kB at 3.6 MB/s)
  #13 1.901 [INFO] Downloading from central: https://repo.maven.apache.org/maven2/org/apache/maven/plugins/maven-surefire-plugin/3.0.0-M7/maven-surefire-plugin-3.0.0-M7.pom
  #13 1.913 [INFO] Downloaded from central: https://repo.maven.apache.org/maven2/org/apache/maven/plugins/maven-surefire-plugin/3.0.0-M7/maven-surefire-plugin-3.0.0-M7.pom (7.2 kB at 601 kB/s)
  #13 1.915 [INFO] Downloading from central: https://repo.maven.apache.org/maven2/org/apache/maven/surefire/surefire/3.0.0-M7/surefire-3.0.0-M7.pom
  #13 1.927 [INFO] Downloaded from central: https://repo.maven.apache.org/maven2/org/apache/maven/surefire/surefire/3.0.0-M7/surefire-3.0.0-M7.pom (22 kB at 1.8 MB/s)
  #13 1.934 [INFO] Downloading from central: https://repo.maven.apache.org/maven2/org/apache/maven/plugins/maven-surefire-plugin/3.0.0-M7/maven-surefire-plugin-3.0.0-M7.jar
  #13 1.946 [INFO] Downloaded from central: https://repo.maven.apache.org/maven2/org/apache/maven/plugins/maven-surefire-plugin/3.0.0-M7/maven-surefire-plugin-3.0.0-M7.jar (44 kB at 3.4 MB/s)
  #13 1.954 [INFO] Downloading from central: https://repo.maven.apache.org/maven2/org/apache/maven/plugins/maven-jar-plugin/3.0.2/maven-jar-plugin-3.0.2.pom
  #13 1.967 [INFO] Downloaded from central: https://repo.maven.apache.org/maven2/org/apache/maven/plugins/maven-jar-plugin/3.0.2/maven-jar-plugin-3.0.2.pom (6.2 kB at 441 kB/s)
  #13 1.969 [INFO] Downloading from central: https://repo.maven.apache.org/maven2/org/apache/maven/plugins/maven-plugins/30/maven-plugins-30.pom
  #13 1.982 [INFO] Downloaded from central: https://repo.maven.apache.org/maven2/org/apache/maven/plugins/maven-plugins/30/maven-plugins-30.pom (10 kB at 848 kB/s)
  #13 1.984 [INFO] Downloading from central: https://repo.maven.apache.org/maven2/org/apache/maven/maven-parent/30/maven-parent-30.pom
  #13 1.996 [INFO] Downloaded from central: https://repo.maven.apache.org/maven2/org/apache/maven/maven-parent/30/maven-parent-30.pom (41 kB at 3.4 MB/s)
  #13 1.999 [INFO] Downloading from central: https://repo.maven.apache.org/maven2/org/apache/apache/18/apache-18.pom
  #13 2.012 [INFO] Downloaded from central: https://repo.maven.apache.org/maven2/org/apache/apache/18/apache-18.pom (16 kB at 1.2 MB/s)
  #13 2.021 [INFO] Downloading from central: https://repo.maven.apache.org/maven2/org/apache/maven/plugins/maven-jar-plugin/3.0.2/maven-jar-plugin-3.0.2.jar
  #13 2.035 [INFO] Downloaded from central: https://repo.maven.apache.org/maven2/org/apache/maven/plugins/maven-jar-plugin/3.0.2/maven-jar-plugin-3.0.2.jar (27 kB at 1.9 MB/s)
  #13 2.037 [INFO] Downloading from central: https://repo.maven.apache.org/maven2/org/apache/maven/plugins/maven-install-plugin/3.0.1/maven-install-plugin-3.0.1.pom
  #13 2.050 [INFO] Downloaded from central: https://repo.maven.apache.org/maven2/org/apache/maven/plugins/maven-install-plugin/3.0.1/maven-install-plugin-3.0.1.pom (7.5 kB at 532 kB/s)
  #13 2.055 [INFO] Downloading from central: https://repo.maven.apache.org/maven2/org/apache/maven/plugins/maven-install-plugin/3.0.1/maven-install-plugin-3.0.1.jar
  #13 2.068 [INFO] Downloaded from central: https://repo.maven.apache.org/maven2/org/apache/maven/plugins/maven-install-plugin/3.0.1/maven-install-plugin-3.0.1.jar (30 kB at 2.3 MB/s)
  #13 2.077 [INFO] Downloading from central: https://repo.maven.apache.org/maven2/org/junit/jupiter/junit-jupiter-api/5.4.0/junit-jupiter-api-5.4.0.pom
  #13 2.090 [INFO] Downloaded from central: https://repo.maven.apache.org/maven2/org/junit/jupiter/junit-jupiter-api/5.4.0/junit-jupiter-api-5.4.0.pom (2.4 kB at 183 kB/s)
  #13 2.092 [INFO] Downloading from central: https://repo.maven.apache.org/maven2/org/apiguardian/apiguardian-api/1.0.0/apiguardian-api-1.0.0.pom
  #13 2.105 [INFO] Downloaded from central: https://repo.maven.apache.org/maven2/org/apiguardian/apiguardian-api/1.0.0/apiguardian-api-1.0.0.pom (1.2 kB at 90 kB/s)
  #13 2.108 [INFO] Downloading from central: https://repo.maven.apache.org/maven2/org/opentest4j/opentest4j/1.1.1/opentest4j-1.1.1.pom
  #13 2.120 [INFO] Downloaded from central: https://repo.maven.apache.org/maven2/org/opentest4j/opentest4j/1.1.1/opentest4j-1.1.1.pom (1.7 kB at 129 kB/s)
  #13 2.122 [INFO] Downloading from central: https://repo.maven.apache.org/maven2/org/junit/platform/junit-platform-commons/1.4.0/junit-platform-commons-1.4.0.pom
  #13 2.139 [INFO] Downloaded from central: https://repo.maven.apache.org/maven2/org/junit/platform/junit-platform-commons/1.4.0/junit-platform-commons-1.4.0.pom (2.0 kB at 119 kB/s)
  #13 2.142 [INFO] Downloading from central: https://repo.maven.apache.org/maven2/org/junit/jupiter/junit-jupiter-engine/5.4.0/junit-jupiter-engine-5.4.0.pom
  #13 2.158 [INFO] Downloaded from central: https://repo.maven.apache.org/maven2/org/junit/jupiter/junit-jupiter-engine/5.4.0/junit-jupiter-engine-5.4.0.pom (2.4 kB at 150 kB/s)
  #13 2.161 [INFO] Downloading from central: https://repo.maven.apache.org/maven2/org/junit/platform/junit-platform-engine/1.4.0/junit-platform-engine-1.4.0.pom
  #13 2.175 [INFO] Downloaded from central: https://repo.maven.apache.org/maven2/org/junit/platform/junit-platform-engine/1.4.0/junit-platform-engine-1.4.0.pom (2.4 kB at 184 kB/s)
  #13 2.177 [INFO] Downloading from central: https://repo.maven.apache.org/maven2/org/junit/vintage/junit-vintage-engine/5.4.0/junit-vintage-engine-5.4.0.pom
  #13 2.191 [INFO] Downloaded from central: https://repo.maven.apache.org/maven2/org/junit/vintage/junit-vintage-engine/5.4.0/junit-vintage-engine-5.4.0.pom (2.4 kB at 182 kB/s)
  #13 2.193 [INFO] Downloading from central: https://repo.maven.apache.org/maven2/junit/junit/4.12/junit-4.12.pom
  #13 2.213 [INFO] Downloaded from central: https://repo.maven.apache.org/maven2/junit/junit/4.12/junit-4.12.pom (24 kB at 1.2 MB/s)
  #13 2.217 [INFO] Downloading from central: https://repo.maven.apache.org/maven2/org/hamcrest/hamcrest-core/1.3/hamcrest-core-1.3.pom
  #13 2.230 [INFO] Downloaded from central: https://repo.maven.apache.org/maven2/org/hamcrest/hamcrest-core/1.3/hamcrest-core-1.3.pom (766 B at 55 kB/s)
  #13 2.233 [INFO] Downloading from central: https://repo.maven.apache.org/maven2/org/hamcrest/hamcrest-parent/1.3/hamcrest-parent-1.3.pom
  #13 2.245 [INFO] Downloaded from central: https://repo.maven.apache.org/maven2/org/hamcrest/hamcrest-parent/1.3/hamcrest-parent-1.3.pom (2.0 kB at 152 kB/s)
  #13 2.247 [INFO] Downloading from central: https://repo.maven.apache.org/maven2/com/github/javaparser/javaparser-core/3.24.4/javaparser-core-3.24.4.pom
  #13 2.266 [INFO] Downloaded from central: https://repo.maven.apache.org/maven2/com/github/javaparser/javaparser-core/3.24.4/javaparser-core-3.24.4.pom (4.9 kB at 271 kB/s)
  #13 2.269 [INFO] Downloading from central: https://repo.maven.apache.org/maven2/com/github/javaparser/javaparser-parent/3.24.4/javaparser-parent-3.24.4.pom
  #13 2.288 [INFO] Downloaded from central: https://repo.maven.apache.org/maven2/com/github/javaparser/javaparser-parent/3.24.4/javaparser-parent-3.24.4.pom (22 kB at 1.2 MB/s)
  #13 2.293 [INFO] Downloading from central: https://repo.maven.apache.org/maven2/com/google/code/gson/gson/2.10/gson-2.10.pom
  #13 2.306 [INFO] Downloaded from central: https://repo.maven.apache.org/maven2/com/google/code/gson/gson/2.10/gson-2.10.pom (9.4 kB at 720 kB/s)
  #13 2.307 [INFO] Downloading from central: https://repo.maven.apache.org/maven2/com/google/code/gson/gson-parent/2.10/gson-parent-2.10.pom
  #13 2.318 [INFO] Downloaded from central: https://repo.maven.apache.org/maven2/com/google/code/gson/gson-parent/2.10/gson-parent-2.10.pom (12 kB at 1.1 MB/s)
  #13 2.321 [INFO] Downloading from central: https://repo.maven.apache.org/maven2/org/jacoco/jacoco-maven-plugin/0.8.8/jacoco-maven-plugin-0.8.8.pom
  #13 2.333 [INFO] Downloaded from central: https://repo.maven.apache.org/maven2/org/jacoco/jacoco-maven-plugin/0.8.8/jacoco-maven-plugin-0.8.8.pom (3.8 kB at 291 kB/s)
  #13 2.335 [INFO] Downloading from central: https://repo.maven.apache.org/maven2/org/jacoco/org.jacoco.build/0.8.8/org.jacoco.build-0.8.8.pom
  #13 2.354 [INFO] Downloaded from central: https://repo.maven.apache.org/maven2/org/jacoco/org.jacoco.build/0.8.8/org.jacoco.build-0.8.8.pom (44 kB at 2.2 MB/s)
  #13 2.362 [INFO] Downloading from central: https://repo.maven.apache.org/maven2/org/codehaus/plexus/plexus-utils/3.0.22/plexus-utils-3.0.22.pom
  #13 2.372 [INFO] Downloaded from central: https://repo.maven.apache.org/maven2/org/codehaus/plexus/plexus-utils/3.0.22/plexus-utils-3.0.22.pom (3.8 kB at 348 kB/s)
  #13 2.373 [INFO] Downloading from central: https://repo.maven.apache.org/maven2/org/codehaus/plexus/plexus/3.3.1/plexus-3.3.1.pom
  #13 2.384 [INFO] Downloaded from central: https://repo.maven.apache.org/maven2/org/codehaus/plexus/plexus/3.3.1/plexus-3.3.1.pom (20 kB at 2.0 MB/s)
  #13 2.386 [INFO] Downloading from central: https://repo.maven.apache.org/maven2/org/sonatype/spice/spice-parent/17/spice-parent-17.pom
  #13 2.397 [INFO] Downloaded from central: https://repo.maven.apache.org/maven2/org/sonatype/spice/spice-parent/17/spice-parent-17.pom (6.8 kB at 676 kB/s)
  #13 2.398 [INFO] Downloading from central: https://repo.maven.apache.org/maven2/org/sonatype/forge/forge-parent/10/forge-parent-10.pom
  #13 2.410 [INFO] Downloaded from central: https://repo.maven.apache.org/maven2/org/sonatype/forge/forge-parent/10/forge-parent-10.pom (14 kB at 1.2 MB/s)
  #13 2.413 [INFO] Downloading from central: https://repo.maven.apache.org/maven2/org/apache/maven/shared/file-management/1.2.1/file-management-1.2.1.pom
  #13 2.428 [INFO] Downloaded from central: https://repo.maven.apache.org/maven2/org/apache/maven/shared/file-management/1.2.1/file-management-1.2.1.pom (3.9 kB at 277 kB/s)
  #13 2.430 [INFO] Downloading from central: https://repo.maven.apache.org/maven2/org/apache/maven/shared/maven-shared-components/10/maven-shared-components-10.pom
  #13 2.442 [INFO] Downloaded from central: https://repo.maven.apache.org/maven2/org/apache/maven/shared/maven-shared-components/10/maven-shared-components-10.pom (8.4 kB at 703 kB/s)
  #13 2.444 [INFO] Downloading from central: https://repo.maven.apache.org/maven2/org/apache/maven/maven-parent/9/maven-parent-9.pom
  #13 2.456 [INFO] Downloaded from central: https://repo.maven.apache.org/maven2/org/apache/maven/maven-parent/9/maven-parent-9.pom (33 kB at 2.7 MB/s)
  #13 2.457 [INFO] Downloading from central: https://repo.maven.apache.org/maven2/org/apache/apache/4/apache-4.pom
  #13 2.467 [INFO] Downloaded from central: https://repo.maven.apache.org/maven2/org/apache/apache/4/apache-4.pom (4.5 kB at 499 kB/s)
  #13 2.469 [INFO] Downloading from central: https://repo.maven.apache.org/maven2/org/apache/maven/maven-plugin-api/2.0.6/maven-plugin-api-2.0.6.pom
  #13 2.480 [INFO] Downloaded from central: https://repo.maven.apache.org/maven2/org/apache/maven/maven-plugin-api/2.0.6/maven-plugin-api-2.0.6.pom (1.5 kB at 146 kB/s)
  #13 2.481 [INFO] Downloading from central: https://repo.maven.apache.org/maven2/org/apache/maven/maven/2.0.6/maven-2.0.6.pom
  #13 2.494 [INFO] Downloaded from central: https://repo.maven.apache.org/maven2/org/apache/maven/maven/2.0.6/maven-2.0.6.pom (9.0 kB at 754 kB/s)
  #13 2.496 [INFO] Downloading from central: https://repo.maven.apache.org/maven2/org/apache/maven/maven-parent/5/maven-parent-5.pom
  #13 2.508 [INFO] Downloaded from central: https://repo.maven.apache.org/maven2/org/apache/maven/maven-parent/5/maven-parent-5.pom (15 kB at 1.2 MB/s)
  #13 2.510 [INFO] Downloading from central: https://repo.maven.apache.org/maven2/org/apache/apache/3/apache-3.pom
  #13 2.521 [INFO] Downloaded from central: https://repo.maven.apache.org/maven2/org/apache/apache/3/apache-3.pom (3.4 kB at 312 kB/s)
  #13 2.525 [INFO] Downloading from central: https://repo.maven.apache.org/maven2/org/apache/maven/shared/maven-shared-io/1.1/maven-shared-io-1.1.pom
  #13 2.538 [INFO] Downloaded from central: https://repo.maven.apache.org/maven2/org/apache/maven/shared/maven-shared-io/1.1/maven-shared-io-1.1.pom (4.1 kB at 338 kB/s)
  #13 2.539 [INFO] Downloading from central: https://repo.maven.apache.org/maven2/org/apache/maven/shared/maven-shared-components/8/maven-shared-components-8.pom
  #13 2.549 [INFO] Downloaded from central: https://repo.maven.apache.org/maven2/org/apache/maven/shared/maven-shared-components/8/maven-shared-components-8.pom (2.7 kB at 267 kB/s)
  #13 2.551 [INFO] Downloading from central: https://repo.maven.apache.org/maven2/org/apache/maven/maven-parent/7/maven-parent-7.pom
  #13 2.564 [INFO] Downloaded from central: https://repo.maven.apache.org/maven2/org/apache/maven/maven-parent/7/maven-parent-7.pom (21 kB at 1.6 MB/s)
  #13 2.568 [INFO] Downloading from central: https://repo.maven.apache.org/maven2/org/apache/maven/maven-artifact/2.0.2/maven-artifact-2.0.2.pom
  #13 2.579 [INFO] Downloaded from central: https://repo.maven.apache.org/maven2/org/apache/maven/maven-artifact/2.0.2/maven-artifact-2.0.2.pom (765 B at 70 kB/s)
  #13 2.580 [INFO] Downloading from central: https://repo.maven.apache.org/maven2/org/apache/maven/maven/2.0.2/maven-2.0.2.pom
  #13 2.591 [INFO] Downloaded from central: https://repo.maven.apache.org/maven2/org/apache/maven/maven/2.0.2/maven-2.0.2.pom (13 kB at 1.2 MB/s)
  #13 2.594 [INFO] Downloading from central: https://repo.maven.apache.org/maven2/org/codehaus/plexus/plexus-utils/1.1/plexus-utils-1.1.pom
  #13 2.605 [INFO] Downloaded from central: https://repo.maven.apache.org/maven2/org/codehaus/plexus/plexus-utils/1.1/plexus-utils-1.1.pom (767 B at 77 kB/s)
  #13 2.608 [INFO] Downloading from central: https://repo.maven.apache.org/maven2/org/codehaus/plexus/plexus/1.0.4/plexus-1.0.4.pom
  #13 2.619 [INFO] Downloaded from central: https://repo.maven.apache.org/maven2/org/codehaus/plexus/plexus/1.0.4/plexus-1.0.4.pom (5.7 kB at 574 kB/s)
  #13 2.621 [INFO] Downloading from central: https://repo.maven.apache.org/maven2/org/apache/maven/maven-artifact-manager/2.0.2/maven-artifact-manager-2.0.2.pom
  #13 2.632 [INFO] Downloaded from central: https://repo.maven.apache.org/maven2/org/apache/maven/maven-artifact-manager/2.0.2/maven-artifact-manager-2.0.2.pom (1.4 kB at 127 kB/s)
  #13 2.636 [INFO] Downloading from central: https://repo.maven.apache.org/maven2/org/apache/maven/maven-repository-metadata/2.0.2/maven-repository-metadata-2.0.2.pom
  #13 2.648 [INFO] Downloaded from central: https://repo.maven.apache.org/maven2/org/apache/maven/maven-repository-metadata/2.0.2/maven-repository-metadata-2.0.2.pom (1.3 kB at 119 kB/s)
  #13 2.652 [INFO] Downloading from central: https://repo.maven.apache.org/maven2/org/codehaus/plexus/plexus-container-default/1.0-alpha-9/plexus-container-default-1.0-alpha-9.pom
  #13 2.662 [INFO] Downloaded from central: https://repo.maven.apache.org/maven2/org/codehaus/plexus/plexus-container-default/1.0-alpha-9/plexus-container-default-1.0-alpha-9.pom (1.2 kB at 124 kB/s)
  #13 2.663 [INFO] Downloading from central: https://repo.maven.apache.org/maven2/org/codehaus/plexus/plexus-containers/1.0.3/plexus-containers-1.0.3.pom
  #13 2.673 [INFO] Downloaded from central: https://repo.maven.apache.org/maven2/org/codehaus/plexus/plexus-containers/1.0.3/plexus-containers-1.0.3.pom (492 B at 49 kB/s)
  #13 2.677 [INFO] Downloading from central: https://repo.maven.apache.org/maven2/junit/junit/3.8.1/junit-3.8.1.pom
  #13 2.689 [INFO] Downloaded from central: https://repo.maven.apache.org/maven2/junit/junit/3.8.1/junit-3.8.1.pom (998 B at 83 kB/s)
  #13 2.692 [INFO] Downloading from central: https://repo.maven.apache.org/maven2/org/codehaus/plexus/plexus-utils/1.0.4/plexus-utils-1.0.4.pom
  #13 2.705 [INFO] Downloaded from central: https://repo.maven.apache.org/maven2/org/codehaus/plexus/plexus-utils/1.0.4/plexus-utils-1.0.4.pom (6.9 kB at 490 kB/s)
  #13 2.709 [INFO] Downloading from central: https://repo.maven.apache.org/maven2/classworlds/classworlds/1.1-alpha-2/classworlds-1.1-alpha-2.pom
  #13 2.723 [INFO] Downloaded from central: https://repo.maven.apache.org/maven2/classworlds/classworlds/1.1-alpha-2/classworlds-1.1-alpha-2.pom (3.1 kB at 223 kB/s)
  #13 2.727 [INFO] Downloading from central: https://repo.maven.apache.org/maven2/org/apache/maven/wagon/wagon-provider-api/1.0-alpha-6/wagon-provider-api-1.0-alpha-6.pom
  #13 2.738 [INFO] Downloaded from central: https://repo.maven.apache.org/maven2/org/apache/maven/wagon/wagon-provider-api/1.0-alpha-6/wagon-provider-api-1.0-alpha-6.pom (588 B at 59 kB/s)
  #13 2.740 [INFO] Downloading from central: https://repo.maven.apache.org/maven2/org/apache/maven/wagon/wagon/1.0-alpha-6/wagon-1.0-alpha-6.pom
  #13 2.752 [INFO] Downloaded from central: https://repo.maven.apache.org/maven2/org/apache/maven/wagon/wagon/1.0-alpha-6/wagon-1.0-alpha-6.pom (6.4 kB at 534 kB/s)
  #13 2.756 [INFO] Downloading from central: https://repo.maven.apache.org/maven2/org/codehaus/plexus/plexus-utils/1.4.6/plexus-utils-1.4.6.pom
  #13 2.767 [INFO] Downloaded from central: https://repo.maven.apache.org/maven2/org/codehaus/plexus/plexus-utils/1.4.6/plexus-utils-1.4.6.pom (2.3 kB at 189 kB/s)
  #13 2.769 [INFO] Downloading from central: https://repo.maven.apache.org/maven2/org/codehaus/plexus/plexus/1.0.11/plexus-1.0.11.pom
  #13 2.781 [INFO] Downloaded from central: https://repo.maven.apache.org/maven2/org/codehaus/plexus/plexus/1.0.11/plexus-1.0.11.pom (9.0 kB at 747 kB/s)
  #13 2.785 [INFO] Downloading from central: https://repo.maven.apache.org/maven2/org/codehaus/plexus/plexus-utils/1.5.6/plexus-utils-1.5.6.pom
  #13 2.797 [INFO] Downloaded from central: https://repo.maven.apache.org/maven2/org/codehaus/plexus/plexus-utils/1.5.6/plexus-utils-1.5.6.pom (5.3 kB at 442 kB/s)
  #13 2.798 [INFO] Downloading from central: https://repo.maven.apache.org/maven2/org/codehaus/plexus/plexus/1.0.12/plexus-1.0.12.pom
  #13 2.808 [INFO] Downloaded from central: https://repo.maven.apache.org/maven2/org/codehaus/plexus/plexus/1.0.12/plexus-1.0.12.pom (9.8 kB at 980 kB/s)
  #13 2.811 [INFO] Downloading from central: https://repo.maven.apache.org/maven2/org/apache/maven/reporting/maven-reporting-api/3.0/maven-reporting-api-3.0.pom
  #13 2.822 [INFO] Downloaded from central: https://repo.maven.apache.org/maven2/org/apache/maven/reporting/maven-reporting-api/3.0/maven-reporting-api-3.0.pom (2.4 kB at 237 kB/s)
  #13 2.824 [INFO] Downloading from central: https://repo.maven.apache.org/maven2/org/apache/maven/shared/maven-shared-components/15/maven-shared-components-15.pom
  #13 2.835 [INFO] Downloaded from central: https://repo.maven.apache.org/maven2/org/apache/maven/shared/maven-shared-components/15/maven-shared-components-15.pom (9.3 kB at 778 kB/s)
  #13 2.838 [INFO] Downloading from central: https://repo.maven.apache.org/maven2/org/apache/maven/maven-parent/16/maven-parent-16.pom
  #13 2.849 [INFO] Downloaded from central: https://repo.maven.apache.org/maven2/org/apache/maven/maven-parent/16/maven-parent-16.pom (23 kB at 2.1 MB/s)
  #13 2.852 [INFO] Downloading from central: https://repo.maven.apache.org/maven2/org/apache/apache/7/apache-7.pom
  #13 2.868 [INFO] Downloaded from central: https://repo.maven.apache.org/maven2/org/apache/apache/7/apache-7.pom (14 kB at 902 kB/s)
  #13 2.873 [INFO] Downloading from central: https://repo.maven.apache.org/maven2/org/apache/maven/doxia/doxia-sink-api/1.0/doxia-sink-api-1.0.pom
  #13 2.885 [INFO] Downloaded from central: https://repo.maven.apache.org/maven2/org/apache/maven/doxia/doxia-sink-api/1.0/doxia-sink-api-1.0.pom (1.4 kB at 107 kB/s)
  #13 2.887 [INFO] Downloading from central: https://repo.maven.apache.org/maven2/org/apache/maven/doxia/doxia/1.0/doxia-1.0.pom
  #13 2.897 [INFO] Downloaded from central: https://repo.maven.apache.org/maven2/org/apache/maven/doxia/doxia/1.0/doxia-1.0.pom (9.6 kB at 964 kB/s)
  #13 2.899 [INFO] Downloading from central: https://repo.maven.apache.org/maven2/org/apache/maven/maven-parent/10/maven-parent-10.pom
  #13 2.914 [INFO] Downloaded from central: https://repo.maven.apache.org/maven2/org/apache/maven/maven-parent/10/maven-parent-10.pom (32 kB at 2.1 MB/s)
  #13 2.921 [INFO] Downloading from central: https://repo.maven.apache.org/maven2/org/jacoco/org.jacoco.agent/0.8.8/org.jacoco.agent-0.8.8.pom
  #13 2.939 [INFO] Downloaded from central: https://repo.maven.apache.org/maven2/org/jacoco/org.jacoco.agent/0.8.8/org.jacoco.agent-0.8.8.pom (3.5 kB at 206 kB/s)
  #13 2.945 [INFO] Downloading from central: https://repo.maven.apache.org/maven2/org/jacoco/org.jacoco.core/0.8.8/org.jacoco.core-0.8.8.pom
  #13 2.958 [INFO] Downloaded from central: https://repo.maven.apache.org/maven2/org/jacoco/org.jacoco.core/0.8.8/org.jacoco.core-0.8.8.pom (2.1 kB at 149 kB/s)
  #13 2.962 [INFO] Downloading from central: https://repo.maven.apache.org/maven2/org/ow2/asm/asm/9.2/asm-9.2.pom
  #13 2.978 [INFO] Downloaded from central: https://repo.maven.apache.org/maven2/org/ow2/asm/asm/9.2/asm-9.2.pom (2.4 kB at 139 kB/s)
  #13 2.980 [INFO] Downloading from central: https://repo.maven.apache.org/maven2/org/ow2/ow2/1.5/ow2-1.5.pom
  #13 2.998 [INFO] Downloaded from central: https://repo.maven.apache.org/maven2/org/ow2/ow2/1.5/ow2-1.5.pom (11 kB at 624 kB/s)
  #13 3.003 [INFO] Downloading from central: https://repo.maven.apache.org/maven2/org/ow2/asm/asm-commons/9.2/asm-commons-9.2.pom
  #13 3.016 [INFO] Downloaded from central: https://repo.maven.apache.org/maven2/org/ow2/asm/asm-commons/9.2/asm-commons-9.2.pom (3.0 kB at 228 kB/s)
  #13 3.018 [INFO] Downloading from central: https://repo.maven.apache.org/maven2/org/ow2/asm/asm-tree/9.2/asm-tree-9.2.pom
  #13 3.032 [INFO] Downloaded from central: https://repo.maven.apache.org/maven2/org/ow2/asm/asm-tree/9.2/asm-tree-9.2.pom (2.6 kB at 185 kB/s)
  #13 3.035 [INFO] Downloading from central: https://repo.maven.apache.org/maven2/org/ow2/asm/asm-analysis/9.2/asm-analysis-9.2.pom
  #13 3.049 [INFO] Downloaded from central: https://repo.maven.apache.org/maven2/org/ow2/asm/asm-analysis/9.2/asm-analysis-9.2.pom (2.6 kB at 187 kB/s)
  #13 3.052 [INFO] Downloading from central: https://repo.maven.apache.org/maven2/org/jacoco/org.jacoco.report/0.8.8/org.jacoco.report-0.8.8.pom
  #13 3.066 [INFO] Downloaded from central: https://repo.maven.apache.org/maven2/org/jacoco/org.jacoco.report/0.8.8/org.jacoco.report-0.8.8.pom (1.9 kB at 134 kB/s)
  #13 3.071 [INFO] Downloading from central: https://repo.maven.apache.org/maven2/org/apache/commons/commons-text/1.10.0/commons-text-1.10.0.pom
  #13 3.083 [INFO] Downloaded from central: https://repo.maven.apache.org/maven2/org/apache/commons/commons-text/1.10.0/commons-text-1.10.0.pom (21 kB at 1.7 MB/s)
  #13 3.085 [INFO] Downloading from central: https://repo.maven.apache.org/maven2/org/apache/commons/commons-parent/54/commons-parent-54.pom
  #13 3.102 [INFO] Downloaded from central: https://repo.maven.apache.org/maven2/org/apache/commons/commons-parent/54/commons-parent-54.pom (82 kB at 5.1 MB/s)
  #13 3.110 [INFO] Downloading from central: https://repo.maven.apache.org/maven2/org/junit/junit-bom/5.9.1/junit-bom-5.9.1.pom
  #13 3.121 [INFO] Downloaded from central: https://repo.maven.apache.org/maven2/org/junit/junit-bom/5.9.1/junit-bom-5.9.1.pom (5.6 kB at 563 kB/s)
  #13 3.123 [INFO] Downloading from central: https://repo.maven.apache.org/maven2/org/apache/commons/commons-lang3/3.12.0/commons-lang3-3.12.0.pom
  #13 3.134 [INFO] Downloaded from central: https://repo.maven.apache.org/maven2/org/apache/commons/commons-lang3/3.12.0/commons-lang3-3.12.0.pom (31 kB at 2.8 MB/s)
  #13 3.137 [INFO] Downloading from central: https://repo.maven.apache.org/maven2/org/apache/commons/commons-parent/52/commons-parent-52.pom
  #13 3.156 [INFO] Downloaded from central: https://repo.maven.apache.org/maven2/org/apache/commons/commons-parent/52/commons-parent-52.pom (79 kB at 4.4 MB/s)
  #13 3.165 [INFO] Downloading from central: https://repo.maven.apache.org/maven2/org/junit/junit-bom/5.7.1/junit-bom-5.7.1.pom
  #13 3.176 [INFO] Downloaded from central: https://repo.maven.apache.org/maven2/org/junit/junit-bom/5.7.1/junit-bom-5.7.1.pom (5.1 kB at 463 kB/s)
  #13 3.177 [INFO] Downloading from central: https://repo.maven.apache.org/maven2/com/thoughtworks/xstream/xstream/1.4.20/xstream-1.4.20.pom
  #13 3.190 [INFO] Downloaded from central: https://repo.maven.apache.org/maven2/com/thoughtworks/xstream/xstream/1.4.20/xstream-1.4.20.pom (25 kB at 2.1 MB/s)
  #13 3.193 [INFO] Downloading from central: https://repo.maven.apache.org/maven2/com/thoughtworks/xstream/xstream-parent/1.4.20/xstream-parent-1.4.20.pom
  #13 3.208 [INFO] Downloaded from central: https://repo.maven.apache.org/maven2/com/thoughtworks/xstream/xstream-parent/1.4.20/xstream-parent-1.4.20.pom (44 kB at 3.1 MB/s)
  #13 3.212 [INFO] Downloading from central: https://repo.maven.apache.org/maven2/io/github/x-stream/mxparser/1.2.2/mxparser-1.2.2.pom
  #13 3.224 [INFO] Downloaded from central: https://repo.maven.apache.org/maven2/io/github/x-stream/mxparser/1.2.2/mxparser-1.2.2.pom (24 kB at 2.2 MB/s)
  #13 3.227 [INFO] Downloading from central: https://repo.maven.apache.org/maven2/xmlpull/xmlpull/1.1.3.1/xmlpull-1.1.3.1.pom
  #13 3.237 [INFO] Downloaded from central: https://repo.maven.apache.org/maven2/xmlpull/xmlpull/1.1.3.1/xmlpull-1.1.3.1.pom (386 B at 43 kB/s)
  #13 3.257 [INFO] Downloading from central: https://repo.maven.apache.org/maven2/org/junit/jupiter/junit-jupiter-api/5.4.0/junit-jupiter-api-5.4.0.jar
  #13 3.257 [INFO] Downloading from central: https://repo.maven.apache.org/maven2/org/apiguardian/apiguardian-api/1.0.0/apiguardian-api-1.0.0.jar
  #13 3.257 [INFO] Downloading from central: https://repo.maven.apache.org/maven2/org/opentest4j/opentest4j/1.1.1/opentest4j-1.1.1.jar
  #13 3.257 [INFO] Downloading from central: https://repo.maven.apache.org/maven2/org/junit/platform/junit-platform-commons/1.4.0/junit-platform-commons-1.4.0.jar
  #13 3.258 [INFO] Downloading from central: https://repo.maven.apache.org/maven2/org/junit/jupiter/junit-jupiter-engine/5.4.0/junit-jupiter-engine-5.4.0.jar
  #13 3.319 [INFO] Downloaded from central: https://repo.maven.apache.org/maven2/org/apiguardian/apiguardian-api/1.0.0/apiguardian-api-1.0.0.jar (2.2 kB at 34 kB/s)
  #13 3.319 [INFO] Downloading from central: https://repo.maven.apache.org/maven2/org/junit/platform/junit-platform-engine/1.4.0/junit-platform-engine-1.4.0.jar
  #13 3.321 [INFO] Downloaded from central: https://repo.maven.apache.org/maven2/org/junit/jupiter/junit-jupiter-api/5.4.0/junit-jupiter-api-5.4.0.jar (134 kB at 2.1 MB/s)
  #13 3.321 [INFO] Downloading from central: https://repo.maven.apache.org/maven2/org/junit/vintage/junit-vintage-engine/5.4.0/junit-vintage-engine-5.4.0.jar
  #13 3.322 [INFO] Downloaded from central: https://repo.maven.apache.org/maven2/org/opentest4j/opentest4j/1.1.1/opentest4j-1.1.1.jar (7.1 kB at 108 kB/s)
  #13 3.322 [INFO] Downloading from central: https://repo.maven.apache.org/maven2/junit/junit/4.12/junit-4.12.jar
  #13 3.331 [INFO] Downloaded from central: https://repo.maven.apache.org/maven2/org/junit/platform/junit-platform-commons/1.4.0/junit-platform-commons-1.4.0.jar (89 kB at 1.2 MB/s)
  #13 3.331 [INFO] Downloading from central: https://repo.maven.apache.org/maven2/org/hamcrest/hamcrest-core/1.3/hamcrest-core-1.3.jar
  #13 3.336 [INFO] Downloaded from central: https://repo.maven.apache.org/maven2/org/junit/jupiter/junit-jupiter-engine/5.4.0/junit-jupiter-engine-5.4.0.jar (178 kB at 2.3 MB/s)
  #13 3.336 [INFO] Downloading from central: https://repo.maven.apache.org/maven2/com/github/javaparser/javaparser-core/3.24.4/javaparser-core-3.24.4.jar
  #13 3.347 [INFO] Downloaded from central: https://repo.maven.apache.org/maven2/org/junit/vintage/junit-vintage-engine/5.4.0/junit-vintage-engine-5.4.0.jar (64 kB at 716 kB/s)
  #13 3.347 [INFO] Downloading from central: https://repo.maven.apache.org/maven2/com/google/code/gson/gson/2.10/gson-2.10.jar
  #13 3.348 [INFO] Downloaded from central: https://repo.maven.apache.org/maven2/org/junit/platform/junit-platform-engine/1.4.0/junit-platform-engine-1.4.0.jar (142 kB at 1.6 MB/s)
  #13 3.348 [INFO] Downloading from central: https://repo.maven.apache.org/maven2/org/jacoco/jacoco-maven-plugin/0.8.8/jacoco-maven-plugin-0.8.8.jar
  #13 3.356 [INFO] Downloaded from central: https://repo.maven.apache.org/maven2/junit/junit/4.12/junit-4.12.jar (315 kB at 3.2 MB/s)
  #13 3.356 [INFO] Downloading from central: https://repo.maven.apache.org/maven2/org/codehaus/plexus/plexus-utils/3.0.22/plexus-utils-3.0.22.jar
  #13 3.364 [INFO] Downloaded from central: https://repo.maven.apache.org/maven2/org/jacoco/jacoco-maven-plugin/0.8.8/jacoco-maven-plugin-0.8.8.jar (56 kB at 523 kB/s)
  #13 3.364 [INFO] Downloading from central: https://repo.maven.apache.org/maven2/org/apache/maven/shared/file-management/1.2.1/file-management-1.2.1.jar
  #13 3.375 [INFO] Downloaded from central: https://repo.maven.apache.org/maven2/com/google/code/gson/gson/2.10/gson-2.10.jar (286 kB at 2.4 MB/s)
  #13 3.375 [INFO] Downloading from central: https://repo.maven.apache.org/maven2/org/apache/maven/maven-plugin-api/2.0.6/maven-plugin-api-2.0.6.jar
  #13 3.378 [INFO] Downloaded from central: https://repo.maven.apache.org/maven2/org/apache/maven/shared/file-management/1.2.1/file-management-1.2.1.jar (38 kB at 313 kB/s)
  #13 3.378 [INFO] Downloading from central: https://repo.maven.apache.org/maven2/org/apache/maven/shared/maven-shared-io/1.1/maven-shared-io-1.1.jar
  #13 3.382 [INFO] Downloaded from central: https://repo.maven.apache.org/maven2/org/codehaus/plexus/plexus-utils/3.0.22/plexus-utils-3.0.22.jar (245 kB at 2.0 MB/s)
  #13 3.382 [INFO] Downloading from central: https://repo.maven.apache.org/maven2/org/apache/maven/maven-artifact/2.0.2/maven-artifact-2.0.2.jar
  #13 3.387 [INFO] Downloaded from central: https://repo.maven.apache.org/maven2/org/apache/maven/maven-plugin-api/2.0.6/maven-plugin-api-2.0.6.jar (13 kB at 100 kB/s)
  #13 3.387 [INFO] Downloading from central: https://repo.maven.apache.org/maven2/org/apache/maven/maven-artifact-manager/2.0.2/maven-artifact-manager-2.0.2.jar
  #13 3.391 [INFO] Downloaded from central: https://repo.maven.apache.org/maven2/org/apache/maven/shared/maven-shared-io/1.1/maven-shared-io-1.1.jar (39 kB at 297 kB/s)
  #13 3.391 [INFO] Downloading from central: https://repo.maven.apache.org/maven2/org/apache/maven/maven-repository-metadata/2.0.2/maven-repository-metadata-2.0.2.jar
  #13 3.404 [INFO] Downloaded from central: https://repo.maven.apache.org/maven2/org/apache/maven/maven-repository-metadata/2.0.2/maven-repository-metadata-2.0.2.jar (20 kB at 135 kB/s)
  #13 3.404 [INFO] Downloading from central: https://repo.maven.apache.org/maven2/org/apache/maven/wagon/wagon-provider-api/1.0-alpha-6/wagon-provider-api-1.0-alpha-6.jar
  #13 3.407 [INFO] Downloaded from central: https://repo.maven.apache.org/maven2/org/apache/maven/maven-artifact/2.0.2/maven-artifact-2.0.2.jar (78 kB at 527 kB/s)
  #13 3.407 [INFO] Downloading from central: https://repo.maven.apache.org/maven2/org/codehaus/plexus/plexus-container-default/1.0-alpha-9/plexus-container-default-1.0-alpha-9.jar
  #13 3.409 [INFO] Downloaded from central: https://repo.maven.apache.org/maven2/org/apache/maven/maven-artifact-manager/2.0.2/maven-artifact-manager-2.0.2.jar (49 kB at 326 kB/s)
  #13 3.409 [INFO] Downloading from central: https://repo.maven.apache.org/maven2/classworlds/classworlds/1.1-alpha-2/classworlds-1.1-alpha-2.jar
  #13 3.418 [INFO] Downloaded from central: https://repo.maven.apache.org/maven2/org/apache/maven/wagon/wagon-provider-api/1.0-alpha-6/wagon-provider-api-1.0-alpha-6.jar (43 kB at 265 kB/s)
  #13 3.418 [INFO] Downloading from central: https://repo.maven.apache.org/maven2/org/apache/maven/reporting/maven-reporting-api/3.0/maven-reporting-api-3.0.jar
  #13 3.425 [INFO] Downloaded from central: https://repo.maven.apache.org/maven2/classworlds/classworlds/1.1-alpha-2/classworlds-1.1-alpha-2.jar (38 kB at 223 kB/s)
  #13 3.425 [INFO] Downloading from central: https://repo.maven.apache.org/maven2/org/apache/maven/doxia/doxia-sink-api/1.0/doxia-sink-api-1.0.jar
  #13 3.428 [INFO] Downloaded from central: https://repo.maven.apache.org/maven2/org/apache/maven/reporting/maven-reporting-api/3.0/maven-reporting-api-3.0.jar (11 kB at 64 kB/s)
  #13 3.428 [INFO] Downloading from central: https://repo.maven.apache.org/maven2/org/jacoco/org.jacoco.agent/0.8.8/org.jacoco.agent-0.8.8-runtime.jar
  #13 3.435 [INFO] Downloaded from central: https://repo.maven.apache.org/maven2/org/codehaus/plexus/plexus-container-default/1.0-alpha-9/plexus-container-default-1.0-alpha-9.jar (195 kB at 1.1 MB/s)
  #13 3.435 [INFO] Downloading from central: https://repo.maven.apache.org/maven2/org/jacoco/org.jacoco.core/0.8.8/org.jacoco.core-0.8.8.jar
  #13 3.439 [INFO] Downloaded from central: https://repo.maven.apache.org/maven2/org/apache/maven/doxia/doxia-sink-api/1.0/doxia-sink-api-1.0.jar (10 kB at 56 kB/s)
  #13 3.439 [INFO] Downloading from central: https://repo.maven.apache.org/maven2/org/ow2/asm/asm/9.2/asm-9.2.jar
  #13 3.454 [INFO] Downloaded from central: https://repo.maven.apache.org/maven2/org/ow2/asm/asm/9.2/asm-9.2.jar (122 kB at 622 kB/s)
  #13 3.454 [INFO] Downloading from central: https://repo.maven.apache.org/maven2/org/ow2/asm/asm-commons/9.2/asm-commons-9.2.jar
  #13 3.459 [INFO] Downloaded from central: https://repo.maven.apache.org/maven2/com/github/javaparser/javaparser-core/3.24.4/javaparser-core-3.24.4.jar (1.3 MB at 6.5 MB/s)
  #13 3.459 [INFO] Downloading from central: https://repo.maven.apache.org/maven2/org/ow2/asm/asm-analysis/9.2/asm-analysis-9.2.jar
  #13 3.461 [INFO] Downloaded from central: https://repo.maven.apache.org/maven2/org/jacoco/org.jacoco.agent/0.8.8/org.jacoco.agent-0.8.8-runtime.jar (293 kB at 1.4 MB/s)
  #13 3.461 [INFO] Downloading from central: https://repo.maven.apache.org/maven2/org/ow2/asm/asm-tree/9.2/asm-tree-9.2.jar
  #13 3.469 [INFO] Downloaded from central: https://repo.maven.apache.org/maven2/org/jacoco/org.jacoco.core/0.8.8/org.jacoco.core-0.8.8.jar (203 kB at 964 kB/s)
  #13 3.469 [INFO] Downloading from central: https://repo.maven.apache.org/maven2/org/jacoco/org.jacoco.report/0.8.8/org.jacoco.report-0.8.8.jar
  #13 3.470 [INFO] Downloaded from central: https://repo.maven.apache.org/maven2/org/ow2/asm/asm-commons/9.2/asm-commons-9.2.jar (73 kB at 343 kB/s)
  #13 3.470 [INFO] Downloading from central: https://repo.maven.apache.org/maven2/org/apache/commons/commons-text/1.10.0/commons-text-1.10.0.jar
  #13 3.474 [INFO] Downloaded from central: https://repo.maven.apache.org/maven2/org/ow2/asm/asm-analysis/9.2/asm-analysis-9.2.jar (34 kB at 159 kB/s)
  #13 3.474 [INFO] Downloading from central: https://repo.maven.apache.org/maven2/org/apache/commons/commons-lang3/3.12.0/commons-lang3-3.12.0.jar
  #13 3.477 [INFO] Downloaded from central: https://repo.maven.apache.org/maven2/org/ow2/asm/asm-tree/9.2/asm-tree-9.2.jar (53 kB at 240 kB/s)
  #13 3.477 [INFO] Downloading from central: https://repo.maven.apache.org/maven2/com/thoughtworks/xstream/xstream/1.4.20/xstream-1.4.20.jar
  #13 3.489 [INFO] Downloaded from central: https://repo.maven.apache.org/maven2/org/apache/commons/commons-text/1.10.0/commons-text-1.10.0.jar (238 kB at 1.0 MB/s)
  #13 3.489 [INFO] Downloading from central: https://repo.maven.apache.org/maven2/io/github/x-stream/mxparser/1.2.2/mxparser-1.2.2.jar
  #13 3.495 [INFO] Downloaded from central: https://repo.maven.apache.org/maven2/org/jacoco/org.jacoco.report/0.8.8/org.jacoco.report-0.8.8.jar (129 kB at 544 kB/s)
  #13 3.495 [INFO] Downloading from central: https://repo.maven.apache.org/maven2/xmlpull/xmlpull/1.1.3.1/xmlpull-1.1.3.1.jar
  #13 3.501 [INFO] Downloaded from central: https://repo.maven.apache.org/maven2/io/github/x-stream/mxparser/1.2.2/mxparser-1.2.2.jar (30 kB at 122 kB/s)
  #13 3.507 [INFO] Downloaded from central: https://repo.maven.apache.org/maven2/xmlpull/xmlpull/1.1.3.1/xmlpull-1.1.3.1.jar (7.2 kB at 29 kB/s)
  #13 3.533 [INFO] Downloaded from central: https://repo.maven.apache.org/maven2/org/apache/commons/commons-lang3/3.12.0/commons-lang3-3.12.0.jar (587 kB at 2.1 MB/s)
  #13 3.549 [INFO] Downloaded from central: https://repo.maven.apache.org/maven2/com/thoughtworks/xstream/xstream/1.4.20/xstream-1.4.20.jar (645 kB at 2.2 MB/s)
  #13 3.551 [INFO] Downloaded from central: https://repo.maven.apache.org/maven2/org/hamcrest/hamcrest-core/1.3/hamcrest-core-1.3.jar (45 kB at 153 kB/s)
  #13 3.577 [INFO] 
  #13 3.577 [INFO] --- maven-clean-plugin:3.1.0:clean (default-clean) @ raninline ---
  #13 3.583 [INFO] Downloading from central: https://repo.maven.apache.org/maven2/org/apache/maven/maven-plugin-api/3.0/maven-plugin-api-3.0.pom
  #13 3.594 [INFO] Downloaded from central: https://repo.maven.apache.org/maven2/org/apache/maven/maven-plugin-api/3.0/maven-plugin-api-3.0.pom (2.3 kB at 191 kB/s)
  #13 3.596 [INFO] Downloading from central: https://repo.maven.apache.org/maven2/org/apache/maven/maven/3.0/maven-3.0.pom
  #13 3.611 [INFO] Downloaded from central: https://repo.maven.apache.org/maven2/org/apache/maven/maven/3.0/maven-3.0.pom (22 kB at 1.4 MB/s)
  #13 3.613 [INFO] Downloading from central: https://repo.maven.apache.org/maven2/org/apache/maven/maven-parent/15/maven-parent-15.pom
  #13 3.625 [INFO] Downloaded from central: https://repo.maven.apache.org/maven2/org/apache/maven/maven-parent/15/maven-parent-15.pom (24 kB at 2.2 MB/s)
  #13 3.628 [INFO] Downloading from central: https://repo.maven.apache.org/maven2/org/apache/apache/6/apache-6.pom
  #13 3.639 [INFO] Downloaded from central: https://repo.maven.apache.org/maven2/org/apache/apache/6/apache-6.pom (13 kB at 1.2 MB/s)
  #13 3.642 [INFO] Downloading from central: https://repo.maven.apache.org/maven2/org/apache/maven/maven-model/3.0/maven-model-3.0.pom
  #13 3.656 [INFO] Downloaded from central: https://repo.maven.apache.org/maven2/org/apache/maven/maven-model/3.0/maven-model-3.0.pom (3.9 kB at 278 kB/s)
  #13 3.659 [INFO] Downloading from central: https://repo.maven.apache.org/maven2/org/codehaus/plexus/plexus-utils/2.0.4/plexus-utils-2.0.4.pom
  #13 3.669 [INFO] Downloaded from central: https://repo.maven.apache.org/maven2/org/codehaus/plexus/plexus-utils/2.0.4/plexus-utils-2.0.4.pom (3.3 kB at 370 kB/s)
  #13 3.670 [INFO] Downloading from central: https://repo.maven.apache.org/maven2/org/codehaus/plexus/plexus/2.0.6/plexus-2.0.6.pom
  #13 3.680 [INFO] Downloaded from central: https://repo.maven.apache.org/maven2/org/codehaus/plexus/plexus/2.0.6/plexus-2.0.6.pom (17 kB at 1.7 MB/s)
  #13 3.684 [INFO] Downloading from central: https://repo.maven.apache.org/maven2/org/apache/maven/maven-artifact/3.0/maven-artifact-3.0.pom
  #13 3.701 [INFO] Downloaded from central: https://repo.maven.apache.org/maven2/org/apache/maven/maven-artifact/3.0/maven-artifact-3.0.pom (1.9 kB at 113 kB/s)
  #13 3.707 [INFO] Downloading from central: https://repo.maven.apache.org/maven2/org/sonatype/sisu/sisu-inject-plexus/1.4.2/sisu-inject-plexus-1.4.2.pom
  #13 3.719 [INFO] Downloaded from central: https://repo.maven.apache.org/maven2/org/sonatype/sisu/sisu-inject-plexus/1.4.2/sisu-inject-plexus-1.4.2.pom (5.4 kB at 447 kB/s)
  #13 3.721 [INFO] Downloading from central: https://repo.maven.apache.org/maven2/org/sonatype/sisu/inject/guice-plexus/1.4.2/guice-plexus-1.4.2.pom
  #13 3.731 [INFO] Downloaded from central: https://repo.maven.apache.org/maven2/org/sonatype/sisu/inject/guice-plexus/1.4.2/guice-plexus-1.4.2.pom (3.1 kB at 348 kB/s)
  #13 3.732 [INFO] Downloading from central: https://repo.maven.apache.org/maven2/org/sonatype/sisu/inject/guice-bean/1.4.2/guice-bean-1.4.2.pom
  #13 3.744 [INFO] Downloaded from central: https://repo.maven.apache.org/maven2/org/sonatype/sisu/inject/guice-bean/1.4.2/guice-bean-1.4.2.pom (2.6 kB at 237 kB/s)
  #13 3.745 [INFO] Downloading from central: https://repo.maven.apache.org/maven2/org/sonatype/sisu/sisu-inject/1.4.2/sisu-inject-1.4.2.pom
  #13 3.755 [INFO] Downloaded from central: https://repo.maven.apache.org/maven2/org/sonatype/sisu/sisu-inject/1.4.2/sisu-inject-1.4.2.pom (1.2 kB at 125 kB/s)
  #13 3.757 [INFO] Downloading from central: https://repo.maven.apache.org/maven2/org/sonatype/sisu/sisu-parent/1.4.2/sisu-parent-1.4.2.pom
  #13 3.769 [INFO] Downloaded from central: https://repo.maven.apache.org/maven2/org/sonatype/sisu/sisu-parent/1.4.2/sisu-parent-1.4.2.pom (7.8 kB at 598 kB/s)
  #13 3.771 [INFO] Downloading from central: https://repo.maven.apache.org/maven2/org/sonatype/forge/forge-parent/6/forge-parent-6.pom
  #13 3.782 [INFO] Downloaded from central: https://repo.maven.apache.org/maven2/org/sonatype/forge/forge-parent/6/forge-parent-6.pom (11 kB at 978 kB/s)
  #13 3.786 [INFO] Downloading from central: https://repo.maven.apache.org/maven2/org/codehaus/plexus/plexus-component-annotations/1.7.1/plexus-component-annotations-1.7.1.pom
  #13 3.797 [INFO] Downloaded from central: https://repo.maven.apache.org/maven2/org/codehaus/plexus/plexus-component-annotations/1.7.1/plexus-component-annotations-1.7.1.pom (770 B at 70 kB/s)
  #13 3.799 [INFO] Downloading from central: https://repo.maven.apache.org/maven2/org/codehaus/plexus/plexus-containers/1.7.1/plexus-containers-1.7.1.pom
  #13 3.809 [INFO] Downloaded from central: https://repo.maven.apache.org/maven2/org/codehaus/plexus/plexus-containers/1.7.1/plexus-containers-1.7.1.pom (5.0 kB at 503 kB/s)
  #13 3.811 [INFO] Downloading from central: https://repo.maven.apache.org/maven2/org/codehaus/plexus/plexus/4.0/plexus-4.0.pom
  #13 3.821 [INFO] Downloaded from central: https://repo.maven.apache.org/maven2/org/codehaus/plexus/plexus/4.0/plexus-4.0.pom (22 kB at 2.1 MB/s)
  #13 3.824 [INFO] Downloading from central: https://repo.maven.apache.org/maven2/org/codehaus/plexus/plexus-classworlds/2.2.3/plexus-classworlds-2.2.3.pom
  #13 3.836 [INFO] Downloaded from central: https://repo.maven.apache.org/maven2/org/codehaus/plexus/plexus-classworlds/2.2.3/plexus-classworlds-2.2.3.pom (4.0 kB at 333 kB/s)
  #13 3.838 [INFO] Downloading from central: https://repo.maven.apache.org/maven2/org/codehaus/plexus/plexus-utils/2.0.5/plexus-utils-2.0.5.pom
  #13 3.848 [INFO] Downloaded from central: https://repo.maven.apache.org/maven2/org/codehaus/plexus/plexus-utils/2.0.5/plexus-utils-2.0.5.pom (3.3 kB at 370 kB/s)
  #13 3.850 [INFO] Downloading from central: https://repo.maven.apache.org/maven2/org/sonatype/sisu/sisu-inject-bean/1.4.2/sisu-inject-bean-1.4.2.pom
  #13 3.867 [INFO] Downloaded from central: https://repo.maven.apache.org/maven2/org/sonatype/sisu/sisu-inject-bean/1.4.2/sisu-inject-bean-1.4.2.pom (5.5 kB at 341 kB/s)
  #13 3.871 [INFO] Downloading from central: https://repo.maven.apache.org/maven2/org/sonatype/sisu/sisu-guice/2.1.7/sisu-guice-2.1.7.pom
  #13 3.886 [INFO] Downloaded from central: https://repo.maven.apache.org/maven2/org/sonatype/sisu/sisu-guice/2.1.7/sisu-guice-2.1.7.pom (11 kB at 790 kB/s)
  #13 3.889 [INFO] Downloading from central: https://repo.maven.apache.org/maven2/org/apache/maven/shared/maven-shared-utils/3.2.1/maven-shared-utils-3.2.1.pom
  #13 3.901 [INFO] Downloaded from central: https://repo.maven.apache.org/maven2/org/apache/maven/shared/maven-shared-utils/3.2.1/maven-shared-utils-3.2.1.pom (5.6 kB at 512 kB/s)
  #13 3.903 [INFO] Downloading from central: https://repo.maven.apache.org/maven2/org/apache/maven/shared/maven-shared-components/30/maven-shared-components-30.pom
  #13 3.913 [INFO] Downloaded from central: https://repo.maven.apache.org/maven2/org/apache/maven/shared/maven-shared-components/30/maven-shared-components-30.pom (4.6 kB at 417 kB/s)
  #13 3.917 [INFO] Downloading from central: https://repo.maven.apache.org/maven2/commons-io/commons-io/2.5/commons-io-2.5.pom
  #13 3.928 [INFO] Downloaded from central: https://repo.maven.apache.org/maven2/commons-io/commons-io/2.5/commons-io-2.5.pom (13 kB at 1.2 MB/s)
  #13 3.930 [INFO] Downloading from central: https://repo.maven.apache.org/maven2/org/apache/commons/commons-parent/39/commons-parent-39.pom
  #13 3.943 [INFO] Downloaded from central: https://repo.maven.apache.org/maven2/org/apache/commons/commons-parent/39/commons-parent-39.pom (62 kB at 4.4 MB/s)
  #13 3.947 [INFO] Downloading from central: https://repo.maven.apache.org/maven2/org/apache/apache/16/apache-16.pom
  #13 3.960 [INFO] Downloaded from central: https://repo.maven.apache.org/maven2/org/apache/apache/16/apache-16.pom (15 kB at 1.1 MB/s)
  #13 3.965 [INFO] Downloading from central: https://repo.maven.apache.org/maven2/org/apache/maven/maven-plugin-api/3.0/maven-plugin-api-3.0.jar
  #13 3.965 [INFO] Downloading from central: https://repo.maven.apache.org/maven2/org/apache/maven/maven-model/3.0/maven-model-3.0.jar
  #13 3.966 [INFO] Downloading from central: https://repo.maven.apache.org/maven2/org/codehaus/plexus/plexus-utils/2.0.4/plexus-utils-2.0.4.jar
  #13 3.966 [INFO] Downloading from central: https://repo.maven.apache.org/maven2/org/apache/maven/maven-artifact/3.0/maven-artifact-3.0.jar
  #13 3.966 [INFO] Downloading from central: https://repo.maven.apache.org/maven2/org/sonatype/sisu/sisu-inject-plexus/1.4.2/sisu-inject-plexus-1.4.2.jar
  #13 3.980 [INFO] Downloaded from central: https://repo.maven.apache.org/maven2/org/apache/maven/maven-plugin-api/3.0/maven-plugin-api-3.0.jar (49 kB at 3.1 MB/s)
  #13 3.980 [INFO] Downloading from central: https://repo.maven.apache.org/maven2/org/codehaus/plexus/plexus-component-annotations/1.7.1/plexus-component-annotations-1.7.1.jar
  #13 3.982 [INFO] Downloaded from central: https://repo.maven.apache.org/maven2/org/apache/maven/maven-artifact/3.0/maven-artifact-3.0.jar (52 kB at 3.2 MB/s)
  #13 3.982 [INFO] Downloading from central: https://repo.maven.apache.org/maven2/org/codehaus/plexus/plexus-classworlds/2.2.3/plexus-classworlds-2.2.3.jar
  #13 3.992 [INFO] Downloaded from central: https://repo.maven.apache.org/maven2/org/codehaus/plexus/plexus-component-annotations/1.7.1/plexus-component-annotations-1.7.1.jar (4.3 kB at 165 kB/s)
  #13 3.992 [INFO] Downloading from central: https://repo.maven.apache.org/maven2/org/sonatype/sisu/sisu-inject-bean/1.4.2/sisu-inject-bean-1.4.2.jar
  #13 3.994 [INFO] Downloaded from central: https://repo.maven.apache.org/maven2/org/codehaus/plexus/plexus-classworlds/2.2.3/plexus-classworlds-2.2.3.jar (46 kB at 1.6 MB/s)
  #13 3.994 [INFO] Downloading from central: https://repo.maven.apache.org/maven2/org/sonatype/sisu/sisu-guice/2.1.7/sisu-guice-2.1.7-noaop.jar
  #13 3.997 [INFO] Downloaded from central: https://repo.maven.apache.org/maven2/org/apache/maven/maven-model/3.0/maven-model-3.0.jar (165 kB at 5.3 MB/s)
  #13 3.997 [INFO] Downloading from central: https://repo.maven.apache.org/maven2/org/apache/maven/shared/maven-shared-utils/3.2.1/maven-shared-utils-3.2.1.jar
  #13 3.997 [INFO] Downloaded from central: https://repo.maven.apache.org/maven2/org/codehaus/plexus/plexus-utils/2.0.4/plexus-utils-2.0.4.jar (222 kB at 7.2 MB/s)
  #13 3.997 [INFO] Downloading from central: https://repo.maven.apache.org/maven2/commons-io/commons-io/2.5/commons-io-2.5.jar
  #13 4.003 [INFO] Downloaded from central: https://repo.maven.apache.org/maven2/org/sonatype/sisu/sisu-inject-plexus/1.4.2/sisu-inject-plexus-1.4.2.jar (202 kB at 5.3 MB/s)
  #13 4.009 [INFO] Downloaded from central: https://repo.maven.apache.org/maven2/org/sonatype/sisu/sisu-inject-bean/1.4.2/sisu-inject-bean-1.4.2.jar (153 kB at 3.6 MB/s)
  #13 4.020 [INFO] Downloaded from central: https://repo.maven.apache.org/maven2/org/apache/maven/shared/maven-shared-utils/3.2.1/maven-shared-utils-3.2.1.jar (167 kB at 3.0 MB/s)
  #13 4.023 [INFO] Downloaded from central: https://repo.maven.apache.org/maven2/org/sonatype/sisu/sisu-guice/2.1.7/sisu-guice-2.1.7-noaop.jar (472 kB at 8.1 MB/s)
  #13 4.024 [INFO] Downloaded from central: https://repo.maven.apache.org/maven2/commons-io/commons-io/2.5/commons-io-2.5.jar (209 kB at 3.5 MB/s)
  #13 4.067 [INFO] 
  #13 4.067 [INFO] --- maven-resources-plugin:3.3.0:resources (default-resources) @ raninline ---
  #13 4.070 [INFO] Downloading from central: https://repo.maven.apache.org/maven2/org/codehaus/plexus/plexus-interpolation/1.26/plexus-interpolation-1.26.pom
  #13 4.083 [INFO] Downloaded from central: https://repo.maven.apache.org/maven2/org/codehaus/plexus/plexus-interpolation/1.26/plexus-interpolation-1.26.pom (2.7 kB at 221 kB/s)
  #13 4.084 [INFO] Downloading from central: https://repo.maven.apache.org/maven2/org/codehaus/plexus/plexus/5.1/plexus-5.1.pom
  #13 4.097 [INFO] Downloaded from central: https://repo.maven.apache.org/maven2/org/codehaus/plexus/plexus/5.1/plexus-5.1.pom (23 kB at 1.7 MB/s)
  #13 4.100 [INFO] Downloading from central: https://repo.maven.apache.org/maven2/org/apache/maven/shared/maven-filtering/3.3.0/maven-filtering-3.3.0.pom
  #13 4.115 [INFO] Downloaded from central: https://repo.maven.apache.org/maven2/org/apache/maven/shared/maven-filtering/3.3.0/maven-filtering-3.3.0.pom (6.9 kB at 496 kB/s)
  #13 4.116 [INFO] Downloading from central: https://repo.maven.apache.org/maven2/org/apache/maven/shared/maven-shared-components/36/maven-shared-components-36.pom
  #13 4.126 [INFO] Downloaded from central: https://repo.maven.apache.org/maven2/org/apache/maven/shared/maven-shared-components/36/maven-shared-components-36.pom (4.9 kB at 489 kB/s)
  #13 4.130 [INFO] Downloading from central: https://repo.maven.apache.org/maven2/javax/inject/javax.inject/1/javax.inject-1.pom
  #13 4.143 [INFO] Downloaded from central: https://repo.maven.apache.org/maven2/javax/inject/javax.inject/1/javax.inject-1.pom (612 B at 44 kB/s)
  #13 4.146 [INFO] Downloading from central: https://repo.maven.apache.org/maven2/org/slf4j/slf4j-api/1.7.36/slf4j-api-1.7.36.pom
  #13 4.156 [INFO] Downloaded from central: https://repo.maven.apache.org/maven2/org/slf4j/slf4j-api/1.7.36/slf4j-api-1.7.36.pom (2.7 kB at 274 kB/s)
  #13 4.157 [INFO] Downloading from central: https://repo.maven.apache.org/maven2/org/slf4j/slf4j-parent/1.7.36/slf4j-parent-1.7.36.pom
  #13 4.166 [INFO] Downloaded from central: https://repo.maven.apache.org/maven2/org/slf4j/slf4j-parent/1.7.36/slf4j-parent-1.7.36.pom (14 kB at 1.4 MB/s)
  #13 4.169 [INFO] Downloading from central: https://repo.maven.apache.org/maven2/org/sonatype/plexus/plexus-build-api/0.0.7/plexus-build-api-0.0.7.pom
  #13 4.179 [INFO] Downloaded from central: https://repo.maven.apache.org/maven2/org/sonatype/plexus/plexus-build-api/0.0.7/plexus-build-api-0.0.7.pom (3.2 kB at 320 kB/s)
  #13 4.181 [INFO] Downloading from central: https://repo.maven.apache.org/maven2/org/sonatype/spice/spice-parent/15/spice-parent-15.pom
  #13 4.194 [INFO] Downloaded from central: https://repo.maven.apache.org/maven2/org/sonatype/spice/spice-parent/15/spice-parent-15.pom (8.4 kB at 643 kB/s)
  #13 4.196 [INFO] Downloading from central: https://repo.maven.apache.org/maven2/org/sonatype/forge/forge-parent/5/forge-parent-5.pom
  #13 4.205 [INFO] Downloaded from central: https://repo.maven.apache.org/maven2/org/sonatype/forge/forge-parent/5/forge-parent-5.pom (8.4 kB at 836 kB/s)
  #13 4.208 [INFO] Downloading from central: https://repo.maven.apache.org/maven2/org/codehaus/plexus/plexus-utils/3.3.0/plexus-utils-3.3.0.pom
  #13 4.220 [INFO] Downloaded from central: https://repo.maven.apache.org/maven2/org/codehaus/plexus/plexus-utils/3.3.0/plexus-utils-3.3.0.pom (5.2 kB at 432 kB/s)
  #13 4.224 [INFO] Downloading from central: https://repo.maven.apache.org/maven2/commons-io/commons-io/2.11.0/commons-io-2.11.0.pom
  #13 4.235 [INFO] Downloaded from central: https://repo.maven.apache.org/maven2/commons-io/commons-io/2.11.0/commons-io-2.11.0.pom (20 kB at 1.8 MB/s)
  #13 4.239 [INFO] Downloading from central: https://repo.maven.apache.org/maven2/org/junit/junit-bom/5.7.2/junit-bom-5.7.2.pom
  #13 4.258 [INFO] Downloaded from central: https://repo.maven.apache.org/maven2/org/junit/junit-bom/5.7.2/junit-bom-5.7.2.pom (5.1 kB at 283 kB/s)
  #13 4.264 [INFO] Downloading from central: https://repo.maven.apache.org/maven2/org/codehaus/plexus/plexus-interpolation/1.26/plexus-interpolation-1.26.jar
  #13 4.264 [INFO] Downloading from central: https://repo.maven.apache.org/maven2/org/apache/maven/shared/maven-filtering/3.3.0/maven-filtering-3.3.0.jar
  #13 4.264 [INFO] Downloading from central: https://repo.maven.apache.org/maven2/javax/inject/javax.inject/1/javax.inject-1.jar
  #13 4.264 [INFO] Downloading from central: https://repo.maven.apache.org/maven2/org/slf4j/slf4j-api/1.7.36/slf4j-api-1.7.36.jar
  #13 4.264 [INFO] Downloading from central: https://repo.maven.apache.org/maven2/org/sonatype/plexus/plexus-build-api/0.0.7/plexus-build-api-0.0.7.jar
  #13 4.277 [INFO] Downloaded from central: https://repo.maven.apache.org/maven2/org/sonatype/plexus/plexus-build-api/0.0.7/plexus-build-api-0.0.7.jar (8.5 kB at 707 kB/s)
  #13 4.277 [INFO] Downloading from central: https://repo.maven.apache.org/maven2/org/codehaus/plexus/plexus-utils/3.3.0/plexus-utils-3.3.0.jar
  #13 4.281 [INFO] Downloaded from central: https://repo.maven.apache.org/maven2/org/slf4j/slf4j-api/1.7.36/slf4j-api-1.7.36.jar (41 kB at 2.4 MB/s)
  #13 4.281 [INFO] Downloading from central: https://repo.maven.apache.org/maven2/commons-io/commons-io/2.11.0/commons-io-2.11.0.jar
  #13 4.282 [INFO] Downloaded from central: https://repo.maven.apache.org/maven2/org/apache/maven/shared/maven-filtering/3.3.0/maven-filtering-3.3.0.jar (55 kB at 3.1 MB/s)
  #13 4.285 [INFO] Downloaded from central: https://repo.maven.apache.org/maven2/org/codehaus/plexus/plexus-interpolation/1.26/plexus-interpolation-1.26.jar (85 kB at 4.1 MB/s)
  #13 4.288 [INFO] Downloaded from central: https://repo.maven.apache.org/maven2/javax/inject/javax.inject/1/javax.inject-1.jar (2.5 kB at 100 kB/s)
  #13 4.314 [INFO] Downloaded from central: https://repo.maven.apache.org/maven2/org/codehaus/plexus/plexus-utils/3.3.0/plexus-utils-3.3.0.jar (263 kB at 5.3 MB/s)
  #13 4.325 [INFO] Downloaded from central: https://repo.maven.apache.org/maven2/commons-io/commons-io/2.11.0/commons-io-2.11.0.jar (327 kB at 5.5 MB/s)
  #13 4.362 [INFO] skip non existing resourceDirectory /home/itdocker/exli/java/raninline/src/main/resources
  #13 4.362 [INFO] 
  #13 4.362 [INFO] --- maven-compiler-plugin:3.10.1:compile (default-compile) @ raninline ---
  #13 4.366 [INFO] Downloading from central: https://repo.maven.apache.org/maven2/org/apache/maven/shared/maven-shared-utils/3.3.4/maven-shared-utils-3.3.4.pom
  #13 4.381 [INFO] Downloaded from central: https://repo.maven.apache.org/maven2/org/apache/maven/shared/maven-shared-utils/3.3.4/maven-shared-utils-3.3.4.pom (5.8 kB at 389 kB/s)
  #13 4.382 [INFO] Downloading from central: https://repo.maven.apache.org/maven2/org/apache/maven/shared/maven-shared-components/34/maven-shared-components-34.pom
  #13 4.393 [INFO] Downloaded from central: https://repo.maven.apache.org/maven2/org/apache/maven/shared/maven-shared-components/34/maven-shared-components-34.pom (5.1 kB at 463 kB/s)
  #13 4.396 [INFO] Downloading from central: https://repo.maven.apache.org/maven2/commons-io/commons-io/2.6/commons-io-2.6.pom
  #13 4.407 [INFO] Downloaded from central: https://repo.maven.apache.org/maven2/commons-io/commons-io/2.6/commons-io-2.6.pom (14 kB at 1.3 MB/s)
  #13 4.409 [INFO] Downloading from central: https://repo.maven.apache.org/maven2/org/apache/commons/commons-parent/42/commons-parent-42.pom
  #13 4.426 [INFO] Downloaded from central: https://repo.maven.apache.org/maven2/org/apache/commons/commons-parent/42/commons-parent-42.pom (68 kB at 4.0 MB/s)
  #13 4.433 [INFO] Downloading from central: https://repo.maven.apache.org/maven2/org/apache/maven/shared/maven-shared-incremental/1.1/maven-shared-incremental-1.1.pom
  #13 4.442 [INFO] Downloaded from central: https://repo.maven.apache.org/maven2/org/apache/maven/shared/maven-shared-incremental/1.1/maven-shared-incremental-1.1.pom (4.7 kB at 527 kB/s)
  #13 4.443 [INFO] Downloading from central: https://repo.maven.apache.org/maven2/org/apache/maven/shared/maven-shared-components/19/maven-shared-components-19.pom
  #13 4.453 [INFO] Downloaded from central: https://repo.maven.apache.org/maven2/org/apache/maven/shared/maven-shared-components/19/maven-shared-components-19.pom (6.4 kB at 707 kB/s)
  #13 4.454 [INFO] Downloading from central: https://repo.maven.apache.org/maven2/org/apache/maven/maven-parent/23/maven-parent-23.pom
  #13 4.465 [INFO] Downloaded from central: https://repo.maven.apache.org/maven2/org/apache/maven/maven-parent/23/maven-parent-23.pom (33 kB at 3.0 MB/s)
  #13 4.468 [INFO] Downloading from central: https://repo.maven.apache.org/maven2/org/apache/apache/13/apache-13.pom
  #13 4.478 [INFO] Downloaded from central: https://repo.maven.apache.org/maven2/org/apache/apache/13/apache-13.pom (14 kB at 1.4 MB/s)
  #13 4.481 [INFO] Downloading from central: https://repo.maven.apache.org/maven2/org/codehaus/plexus/plexus-component-annotations/2.0.0/plexus-component-annotations-2.0.0.pom
  #13 4.490 [INFO] Downloaded from central: https://repo.maven.apache.org/maven2/org/codehaus/plexus/plexus-component-annotations/2.0.0/plexus-component-annotations-2.0.0.pom (750 B at 75 kB/s)
  #13 4.492 [INFO] Downloading from central: https://repo.maven.apache.org/maven2/org/codehaus/plexus/plexus-containers/2.0.0/plexus-containers-2.0.0.pom
  #13 4.501 [INFO] Downloaded from central: https://repo.maven.apache.org/maven2/org/codehaus/plexus/plexus-containers/2.0.0/plexus-containers-2.0.0.pom (4.8 kB at 480 kB/s)
  #13 4.504 [INFO] Downloading from central: https://repo.maven.apache.org/maven2/org/codehaus/plexus/plexus-java/1.1.1/plexus-java-1.1.1.pom
  #13 4.514 [INFO] Downloaded from central: https://repo.maven.apache.org/maven2/org/codehaus/plexus/plexus-java/1.1.1/plexus-java-1.1.1.pom (5.0 kB at 497 kB/s)
  #13 4.515 [INFO] Downloading from central: https://repo.maven.apache.org/maven2/org/codehaus/plexus/plexus-languages/1.1.1/plexus-languages-1.1.1.pom
  #13 4.525 [INFO] Downloaded from central: https://repo.maven.apache.org/maven2/org/codehaus/plexus/plexus-languages/1.1.1/plexus-languages-1.1.1.pom (4.6 kB at 513 kB/s)
  #13 4.526 [INFO] Downloading from central: https://repo.maven.apache.org/maven2/org/codehaus/plexus/plexus/8/plexus-8.pom
  #13 4.536 [INFO] Downloaded from central: https://repo.maven.apache.org/maven2/org/codehaus/plexus/plexus/8/plexus-8.pom (25 kB at 2.5 MB/s)
  #13 4.540 [INFO] Downloading from central: https://repo.maven.apache.org/maven2/com/thoughtworks/qdox/qdox/2.0.1/qdox-2.0.1.pom
  #13 4.549 [INFO] Downloaded from central: https://repo.maven.apache.org/maven2/com/thoughtworks/qdox/qdox/2.0.1/qdox-2.0.1.pom (16 kB at 1.6 MB/s)
  #13 4.552 [INFO] Downloading from central: https://repo.maven.apache.org/maven2/org/sonatype/oss/oss-parent/9/oss-parent-9.pom
  #13 4.563 [INFO] Downloaded from central: https://repo.maven.apache.org/maven2/org/sonatype/oss/oss-parent/9/oss-parent-9.pom (6.6 kB at 597 kB/s)
  #13 4.565 [INFO] Downloading from central: https://repo.maven.apache.org/maven2/org/codehaus/plexus/plexus-compiler-api/2.11.1/plexus-compiler-api-2.11.1.pom
  #13 4.576 [INFO] Downloaded from central: https://repo.maven.apache.org/maven2/org/codehaus/plexus/plexus-compiler-api/2.11.1/plexus-compiler-api-2.11.1.pom (1.1 kB at 96 kB/s)
  #13 4.577 [INFO] Downloading from central: https://repo.maven.apache.org/maven2/org/codehaus/plexus/plexus-compiler/2.11.1/plexus-compiler-2.11.1.pom
  #13 4.587 [INFO] Downloaded from central: https://repo.maven.apache.org/maven2/org/codehaus/plexus/plexus-compiler/2.11.1/plexus-compiler-2.11.1.pom (8.1 kB at 902 kB/s)
  #13 4.588 [INFO] Downloading from central: https://repo.maven.apache.org/maven2/org/codehaus/plexus/plexus-components/6.6/plexus-components-6.6.pom
  #13 4.598 [INFO] Downloaded from central: https://repo.maven.apache.org/maven2/org/codehaus/plexus/plexus-components/6.6/plexus-components-6.6.pom (2.7 kB at 268 kB/s)
  #13 4.601 [INFO] Downloading from central: https://repo.maven.apache.org/maven2/org/junit/junit-bom/5.8.2/junit-bom-5.8.2.pom
  #13 4.611 [INFO] Downloaded from central: https://repo.maven.apache.org/maven2/org/junit/junit-bom/5.8.2/junit-bom-5.8.2.pom (5.6 kB at 563 kB/s)
  #13 4.613 [INFO] Downloading from central: https://repo.maven.apache.org/maven2/org/codehaus/plexus/plexus-utils/3.4.1/plexus-utils-3.4.1.pom
  #13 4.622 [INFO] Downloaded from central: https://repo.maven.apache.org/maven2/org/codehaus/plexus/plexus-utils/3.4.1/plexus-utils-3.4.1.pom (8.0 kB at 885 kB/s)
  #13 4.625 [INFO] Downloading from central: https://repo.maven.apache.org/maven2/org/codehaus/plexus/plexus-compiler-manager/2.11.1/plexus-compiler-manager-2.11.1.pom
  #13 4.636 [INFO] Downloaded from central: https://repo.maven.apache.org/maven2/org/codehaus/plexus/plexus-compiler-manager/2.11.1/plexus-compiler-manager-2.11.1.pom (1.1 kB at 95 kB/s)
  #13 4.640 [INFO] Downloading from central: https://repo.maven.apache.org/maven2/org/codehaus/plexus/plexus-compiler-javac/2.11.1/plexus-compiler-javac-2.11.1.pom
  #13 4.650 [INFO] Downloaded from central: https://repo.maven.apache.org/maven2/org/codehaus/plexus/plexus-compiler-javac/2.11.1/plexus-compiler-javac-2.11.1.pom (1.2 kB at 120 kB/s)
  #13 4.651 [INFO] Downloading from central: https://repo.maven.apache.org/maven2/org/codehaus/plexus/plexus-compilers/2.11.1/plexus-compilers-2.11.1.pom
  #13 4.665 [INFO] Downloaded from central: https://repo.maven.apache.org/maven2/org/codehaus/plexus/plexus-compilers/2.11.1/plexus-compilers-2.11.1.pom (1.3 kB at 94 kB/s)
  #13 4.671 [INFO] Downloading from central: https://repo.maven.apache.org/maven2/org/apache/maven/shared/maven-shared-utils/3.3.4/maven-shared-utils-3.3.4.jar
  #13 4.671 [INFO] Downloading from central: https://repo.maven.apache.org/maven2/commons-io/commons-io/2.6/commons-io-2.6.jar
  #13 4.672 [INFO] Downloading from central: https://repo.maven.apache.org/maven2/org/apache/maven/shared/maven-shared-incremental/1.1/maven-shared-incremental-1.1.jar
  #13 4.672 [INFO] Downloading from central: https://repo.maven.apache.org/maven2/org/codehaus/plexus/plexus-component-annotations/2.0.0/plexus-component-annotations-2.0.0.jar
  #13 4.672 [INFO] Downloading from central: https://repo.maven.apache.org/maven2/org/codehaus/plexus/plexus-java/1.1.1/plexus-java-1.1.1.jar
  #13 4.685 [INFO] Downloaded from central: https://repo.maven.apache.org/maven2/org/apache/maven/shared/maven-shared-incremental/1.1/maven-shared-incremental-1.1.jar (14 kB at 1.0 MB/s)
  #13 4.685 [INFO] Downloading from central: https://repo.maven.apache.org/maven2/com/thoughtworks/qdox/qdox/2.0.1/qdox-2.0.1.jar
  #13 4.686 [INFO] Downloaded from central: https://repo.maven.apache.org/maven2/org/codehaus/plexus/plexus-component-annotations/2.0.0/plexus-component-annotations-2.0.0.jar (4.2 kB at 282 kB/s)
  #13 4.686 [INFO] Downloading from central: https://repo.maven.apache.org/maven2/org/codehaus/plexus/plexus-compiler-api/2.11.1/plexus-compiler-api-2.11.1.jar
  #13 4.687 [INFO] Downloaded from central: https://repo.maven.apache.org/maven2/org/codehaus/plexus/plexus-java/1.1.1/plexus-java-1.1.1.jar (54 kB at 3.6 MB/s)
  #13 4.687 [INFO] Downloading from central: https://repo.maven.apache.org/maven2/org/codehaus/plexus/plexus-utils/3.4.1/plexus-utils-3.4.1.jar
  #13 4.695 [INFO] Downloaded from central: https://repo.maven.apache.org/maven2/org/apache/maven/shared/maven-shared-utils/3.3.4/maven-shared-utils-3.3.4.jar (153 kB at 6.1 MB/s)
  #13 4.695 [INFO] Downloading from central: https://repo.maven.apache.org/maven2/org/codehaus/plexus/plexus-compiler-manager/2.11.1/plexus-compiler-manager-2.11.1.jar
  #13 4.699 [INFO] Downloaded from central: https://repo.maven.apache.org/maven2/org/codehaus/plexus/plexus-compiler-api/2.11.1/plexus-compiler-api-2.11.1.jar (27 kB at 998 kB/s)
  #13 4.699 [INFO] Downloading from central: https://repo.maven.apache.org/maven2/org/codehaus/plexus/plexus-compiler-javac/2.11.1/plexus-compiler-javac-2.11.1.jar
  #13 4.709 [INFO] Downloaded from central: https://repo.maven.apache.org/maven2/org/codehaus/plexus/plexus-compiler-manager/2.11.1/plexus-compiler-manager-2.11.1.jar (4.7 kB at 126 kB/s)
  #13 4.713 [INFO] Downloaded from central: https://repo.maven.apache.org/maven2/commons-io/commons-io/2.6/commons-io-2.6.jar (215 kB at 5.1 MB/s)
  #13 4.715 [INFO] Downloaded from central: https://repo.maven.apache.org/maven2/org/codehaus/plexus/plexus-compiler-javac/2.11.1/plexus-compiler-javac-2.11.1.jar (23 kB at 544 kB/s)
  #13 4.725 [INFO] Downloaded from central: https://repo.maven.apache.org/maven2/org/codehaus/plexus/plexus-utils/3.4.1/plexus-utils-3.4.1.jar (264 kB at 5.0 MB/s)
  #13 4.730 [INFO] Downloaded from central: https://repo.maven.apache.org/maven2/com/thoughtworks/qdox/qdox/2.0.1/qdox-2.0.1.jar (334 kB at 5.8 MB/s)
  #13 4.782 [INFO] Changes detected - recompiling the module!
  #13 4.783 [INFO] Compiling 16 source files to /home/itdocker/exli/java/raninline/target/classes
  #13 5.714 [INFO] /home/itdocker/exli/java/raninline/src/main/java/org/raninline/IsTargetStmt.java: /home/itdocker/exli/java/raninline/src/main/java/org/raninline/IsTargetStmt.java uses or overrides a deprecated API.
  #13 5.714 [INFO] /home/itdocker/exli/java/raninline/src/main/java/org/raninline/IsTargetStmt.java: Recompile with -Xlint:deprecation for details.
  #13 5.714 [INFO] /home/itdocker/exli/java/raninline/src/main/java/org/raninline/InlineTestConstructor.java: Some input files use unchecked or unsafe operations.
  #13 5.714 [INFO] /home/itdocker/exli/java/raninline/src/main/java/org/raninline/InlineTestConstructor.java: Recompile with -Xlint:unchecked for details.
  #13 5.715 [INFO] 
  #13 5.715 [INFO] --- maven-resources-plugin:3.3.0:testResources (default-testResources) @ raninline ---
  #13 5.722 [INFO] Copying 97 resources
  #13 5.767 [INFO] 
  #13 5.767 [INFO] --- maven-compiler-plugin:3.10.1:testCompile (default-testCompile) @ raninline ---
  #13 5.773 [INFO] Changes detected - recompiling the module!
  #13 5.774 [INFO] Compiling 3 source files to /home/itdocker/exli/java/raninline/target/test-classes
  #13 5.831 [INFO] 
  #13 5.831 [INFO] --- maven-surefire-plugin:3.0.0-M7:test (default-test) @ raninline ---
  #13 5.835 [INFO] Downloading from central: https://repo.maven.apache.org/maven2/org/apache/maven/surefire/maven-surefire-common/3.0.0-M7/maven-surefire-common-3.0.0-M7.pom
  #13 5.849 [INFO] Downloaded from central: https://repo.maven.apache.org/maven2/org/apache/maven/surefire/maven-surefire-common/3.0.0-M7/maven-surefire-common-3.0.0-M7.pom (6.5 kB at 498 kB/s)
  #13 5.852 [INFO] Downloading from central: https://repo.maven.apache.org/maven2/org/apache/maven/surefire/surefire-api/3.0.0-M7/surefire-api-3.0.0-M7.pom
  #13 5.862 [INFO] Downloaded from central: https://repo.maven.apache.org/maven2/org/apache/maven/surefire/surefire-api/3.0.0-M7/surefire-api-3.0.0-M7.pom (3.4 kB at 308 kB/s)
  #13 5.865 [INFO] Downloading from central: https://repo.maven.apache.org/maven2/org/apache/maven/surefire/surefire-logger-api/3.0.0-M7/surefire-logger-api-3.0.0-M7.pom
  #13 5.882 [INFO] Downloaded from central: https://repo.maven.apache.org/maven2/org/apache/maven/surefire/surefire-logger-api/3.0.0-M7/surefire-logger-api-3.0.0-M7.pom (3.6 kB at 202 kB/s)
  #13 5.887 [INFO] Downloading from central: https://repo.maven.apache.org/maven2/org/apache/maven/surefire/surefire-shared-utils/3.0.0-M7/surefire-shared-utils-3.0.0-M7.pom
  #13 5.898 [INFO] Downloaded from central: https://repo.maven.apache.org/maven2/org/apache/maven/surefire/surefire-shared-utils/3.0.0-M7/surefire-shared-utils-3.0.0-M7.pom (3.9 kB at 353 kB/s)
  #13 5.900 [INFO] Downloading from central: https://repo.maven.apache.org/maven2/org/apache/maven/surefire/surefire-extensions-api/3.0.0-M7/surefire-extensions-api-3.0.0-M7.pom
  #13 5.912 [INFO] Downloaded from central: https://repo.maven.apache.org/maven2/org/apache/maven/surefire/surefire-extensions-api/3.0.0-M7/surefire-extensions-api-3.0.0-M7.pom (3.6 kB at 331 kB/s)
  #13 5.916 [INFO] Downloading from central: https://repo.maven.apache.org/maven2/org/apache/maven/surefire/surefire-booter/3.0.0-M7/surefire-booter-3.0.0-M7.pom
  #13 5.928 [INFO] Downloaded from central: https://repo.maven.apache.org/maven2/org/apache/maven/surefire/surefire-booter/3.0.0-M7/surefire-booter-3.0.0-M7.pom (4.4 kB at 364 kB/s)
  #13 5.931 [INFO] Downloading from central: https://repo.maven.apache.org/maven2/org/apache/maven/surefire/surefire-extensions-spi/3.0.0-M7/surefire-extensions-spi-3.0.0-M7.pom
  #13 5.944 [INFO] Downloaded from central: https://repo.maven.apache.org/maven2/org/apache/maven/surefire/surefire-extensions-spi/3.0.0-M7/surefire-extensions-spi-3.0.0-M7.pom (1.8 kB at 150 kB/s)
  #13 5.947 [INFO] Downloading from central: https://repo.maven.apache.org/maven2/org/apache/maven/shared/maven-common-artifact-filters/3.1.1/maven-common-artifact-filters-3.1.1.pom
  #13 5.963 [INFO] Downloaded from central: https://repo.maven.apache.org/maven2/org/apache/maven/shared/maven-common-artifact-filters/3.1.1/maven-common-artifact-filters-3.1.1.pom (5.8 kB at 387 kB/s)
  #13 5.967 [INFO] Downloading from central: https://repo.maven.apache.org/maven2/org/apache/maven/maven-artifact/3.2.5/maven-artifact-3.2.5.pom
  #13 5.977 [INFO] Downloaded from central: https://repo.maven.apache.org/maven2/org/apache/maven/maven-artifact/3.2.5/maven-artifact-3.2.5.pom (2.3 kB at 213 kB/s)
  #13 5.978 [INFO] Downloading from central: https://repo.maven.apache.org/maven2/org/apache/maven/maven/3.2.5/maven-3.2.5.pom
  #13 5.990 [INFO] Downloaded from central: https://repo.maven.apache.org/maven2/org/apache/maven/maven/3.2.5/maven-3.2.5.pom (22 kB at 2.0 MB/s)
  #13 5.992 [INFO] Downloading from central: https://repo.maven.apache.org/maven2/org/apache/maven/maven-parent/25/maven-parent-25.pom
  #13 6.005 [INFO] Downloaded from central: https://repo.maven.apache.org/maven2/org/apache/maven/maven-parent/25/maven-parent-25.pom (37 kB at 2.7 MB/s)
  #13 6.008 [INFO] Downloading from central: https://repo.maven.apache.org/maven2/org/apache/apache/15/apache-15.pom
  #13 6.018 [INFO] Downloaded from central: https://repo.maven.apache.org/maven2/org/apache/apache/15/apache-15.pom (15 kB at 1.7 MB/s)
  #13 6.021 [INFO] Downloading from central: https://repo.maven.apache.org/maven2/org/apache/maven/maven-core/3.2.5/maven-core-3.2.5.pom
  #13 6.031 [INFO] Downloaded from central: https://repo.maven.apache.org/maven2/org/apache/maven/maven-core/3.2.5/maven-core-3.2.5.pom (8.1 kB at 896 kB/s)
  #13 6.035 [INFO] Downloading from central: https://repo.maven.apache.org/maven2/org/apache/maven/maven-settings/3.2.5/maven-settings-3.2.5.pom
  #13 6.044 [INFO] Downloaded from central: https://repo.maven.apache.org/maven2/org/apache/maven/maven-settings/3.2.5/maven-settings-3.2.5.pom (2.2 kB at 217 kB/s)
  #13 6.048 [INFO] Downloading from central: https://repo.maven.apache.org/maven2/org/apache/maven/maven-settings-builder/3.2.5/maven-settings-builder-3.2.5.pom
  #13 6.057 [INFO] Downloaded from central: https://repo.maven.apache.org/maven2/org/apache/maven/maven-settings-builder/3.2.5/maven-settings-builder-3.2.5.pom (2.6 kB at 260 kB/s)
  #13 6.061 [INFO] Downloading from central: https://repo.maven.apache.org/maven2/org/codehaus/plexus/plexus-interpolation/1.21/plexus-interpolation-1.21.pom
  #13 6.070 [INFO] Downloaded from central: https://repo.maven.apache.org/maven2/org/codehaus/plexus/plexus-interpolation/1.21/plexus-interpolation-1.21.pom (1.5 kB at 171 kB/s)
  #13 6.071 [INFO] Downloading from central: https://repo.maven.apache.org/maven2/org/codehaus/plexus/plexus-components/1.3.1/plexus-components-1.3.1.pom
  #13 6.081 [INFO] Downloaded from central: https://repo.maven.apache.org/maven2/org/codehaus/plexus/plexus-components/1.3.1/plexus-components-1.3.1.pom (3.1 kB at 306 kB/s)
  #13 6.084 [INFO] Downloading from central: https://repo.maven.apache.org/maven2/org/codehaus/plexus/plexus-component-annotations/2.1.1/plexus-component-annotations-2.1.1.pom
  #13 6.097 [INFO] Downloaded from central: https://repo.maven.apache.org/maven2/org/codehaus/plexus/plexus-component-annotations/2.1.1/plexus-component-annotations-2.1.1.pom (770 B at 64 kB/s)
  #13 6.098 [INFO] Downloading from central: https://repo.maven.apache.org/maven2/org/codehaus/plexus/plexus-containers/2.1.1/plexus-containers-2.1.1.pom
  #13 6.120 [INFO] Downloaded from central: https://repo.maven.apache.org/maven2/org/codehaus/plexus/plexus-containers/2.1.1/plexus-containers-2.1.1.pom (6.0 kB at 287 kB/s)
  #13 6.123 [INFO] Downloading from central: https://repo.maven.apache.org/maven2/org/codehaus/plexus/plexus/6.5/plexus-6.5.pom
  #13 6.136 [INFO] Downloaded from central: https://repo.maven.apache.org/maven2/org/codehaus/plexus/plexus/6.5/plexus-6.5.pom (26 kB at 2.0 MB/s)
  #13 6.139 [INFO] Downloading from central: https://repo.maven.apache.org/maven2/org/sonatype/plexus/plexus-sec-dispatcher/1.3/plexus-sec-dispatcher-1.3.pom
  #13 6.147 [INFO] Downloaded from central: https://repo.maven.apache.org/maven2/org/sonatype/plexus/plexus-sec-dispatcher/1.3/plexus-sec-dispatcher-1.3.pom (3.0 kB at 329 kB/s)
  #13 6.148 [INFO] Downloading from central: https://repo.maven.apache.org/maven2/org/sonatype/spice/spice-parent/12/spice-parent-12.pom
  #13 6.157 [INFO] Downloaded from central: https://repo.maven.apache.org/maven2/org/sonatype/spice/spice-parent/12/spice-parent-12.pom (6.8 kB at 850 kB/s)
  #13 6.158 [INFO] Downloading from central: https://repo.maven.apache.org/maven2/org/sonatype/forge/forge-parent/4/forge-parent-4.pom
  #13 6.170 [INFO] Downloaded from central: https://repo.maven.apache.org/maven2/org/sonatype/forge/forge-parent/4/forge-parent-4.pom (8.4 kB at 700 kB/s)
  #13 6.173 [INFO] Downloading from central: https://repo.maven.apache.org/maven2/org/sonatype/plexus/plexus-cipher/1.4/plexus-cipher-1.4.pom
  #13 6.183 [INFO] Downloaded from central: https://repo.maven.apache.org/maven2/org/sonatype/plexus/plexus-cipher/1.4/plexus-cipher-1.4.pom (2.1 kB at 206 kB/s)
  #13 6.185 [INFO] Downloading from central: https://repo.maven.apache.org/maven2/org/apache/maven/maven-repository-metadata/3.2.5/maven-repository-metadata-3.2.5.pom
  #13 6.198 [INFO] Downloaded from central: https://repo.maven.apache.org/maven2/org/apache/maven/maven-repository-metadata/3.2.5/maven-repository-metadata-3.2.5.pom (2.2 kB at 171 kB/s)
  #13 6.201 [INFO] Downloading from central: https://repo.maven.apache.org/maven2/org/apache/maven/maven-plugin-api/3.2.5/maven-plugin-api-3.2.5.pom
  #13 6.211 [INFO] Downloaded from central: https://repo.maven.apache.org/maven2/org/apache/maven/maven-plugin-api/3.2.5/maven-plugin-api-3.2.5.pom (3.0 kB at 275 kB/s)
  #13 6.214 [INFO] Downloading from central: https://repo.maven.apache.org/maven2/org/eclipse/sisu/org.eclipse.sisu.plexus/0.3.5/org.eclipse.sisu.plexus-0.3.5.pom
  #13 6.226 [INFO] Downloaded from central: https://repo.maven.apache.org/maven2/org/eclipse/sisu/org.eclipse.sisu.plexus/0.3.5/org.eclipse.sisu.plexus-0.3.5.pom (4.3 kB at 357 kB/s)
  #13 6.228 [INFO] Downloading from central: https://repo.maven.apache.org/maven2/org/eclipse/sisu/sisu-plexus/0.3.5/sisu-plexus-0.3.5.pom
  #13 6.241 [INFO] Downloaded from central: https://repo.maven.apache.org/maven2/org/eclipse/sisu/sisu-plexus/0.3.5/sisu-plexus-0.3.5.pom (14 kB at 980 kB/s)
  #13 6.243 [INFO] Downloading from central: https://repo.maven.apache.org/maven2/javax/annotation/javax.annotation-api/1.2/javax.annotation-api-1.2.pom
  #13 6.256 [INFO] Downloaded from central: https://repo.maven.apache.org/maven2/javax/annotation/javax.annotation-api/1.2/javax.annotation-api-1.2.pom (13 kB at 1.1 MB/s)
  #13 6.257 [INFO] Downloading from central: https://repo.maven.apache.org/maven2/net/java/jvnet-parent/3/jvnet-parent-3.pom
  #13 6.286 [INFO] Downloaded from central: https://repo.maven.apache.org/maven2/net/java/jvnet-parent/3/jvnet-parent-3.pom (4.8 kB at 165 kB/s)
  #13 6.289 [INFO] Downloading from central: https://repo.maven.apache.org/maven2/javax/enterprise/cdi-api/1.2/cdi-api-1.2.pom
  #13 6.307 [INFO] Downloaded from central: https://repo.maven.apache.org/maven2/javax/enterprise/cdi-api/1.2/cdi-api-1.2.pom (6.3 kB at 349 kB/s)
  #13 6.309 [INFO] Downloading from central: https://repo.maven.apache.org/maven2/org/jboss/weld/weld-parent/26/weld-parent-26.pom
  #13 6.326 [INFO] Downloaded from central: https://repo.maven.apache.org/maven2/org/jboss/weld/weld-parent/26/weld-parent-26.pom (32 kB at 1.9 MB/s)
  #13 6.331 [INFO] Downloading from central: https://repo.maven.apache.org/maven2/org/eclipse/sisu/org.eclipse.sisu.inject/0.3.5/org.eclipse.sisu.inject-0.3.5.pom
  #13 6.341 [INFO] Downloaded from central: https://repo.maven.apache.org/maven2/org/eclipse/sisu/org.eclipse.sisu.inject/0.3.5/org.eclipse.sisu.inject-0.3.5.pom (2.6 kB at 262 kB/s)
  #13 6.342 [INFO] Downloading from central: https://repo.maven.apache.org/maven2/org/eclipse/sisu/sisu-inject/0.3.5/sisu-inject-0.3.5.pom
  #13 6.352 [INFO] Downloaded from central: https://repo.maven.apache.org/maven2/org/eclipse/sisu/sisu-inject/0.3.5/sisu-inject-0.3.5.pom (14 kB at 1.4 MB/s)
  #13 6.355 [INFO] Downloading from central: https://repo.maven.apache.org/maven2/org/codehaus/plexus/plexus-classworlds/2.5.2/plexus-classworlds-2.5.2.pom
  #13 6.364 [INFO] Downloaded from central: https://repo.maven.apache.org/maven2/org/codehaus/plexus/plexus-classworlds/2.5.2/plexus-classworlds-2.5.2.pom (7.3 kB at 812 kB/s)
  #13 6.366 [INFO] Downloading from central: https://repo.maven.apache.org/maven2/org/apache/maven/maven-model-builder/3.2.5/maven-model-builder-3.2.5.pom
  #13 6.375 [INFO] Downloaded from central: https://repo.maven.apache.org/maven2/org/apache/maven/maven-model-builder/3.2.5/maven-model-builder-3.2.5.pom (3.0 kB at 333 kB/s)
  #13 6.378 [INFO] Downloading from central: https://repo.maven.apache.org/maven2/org/apache/maven/maven-aether-provider/3.2.5/maven-aether-provider-3.2.5.pom
  #13 6.387 [INFO] Downloaded from central: https://repo.maven.apache.org/maven2/org/apache/maven/maven-aether-provider/3.2.5/maven-aether-provider-3.2.5.pom (4.2 kB at 472 kB/s)
  #13 6.390 [INFO] Downloading from central: https://repo.maven.apache.org/maven2/org/eclipse/aether/aether-api/1.0.0.v20140518/aether-api-1.0.0.v20140518.pom
  #13 6.401 [INFO] Downloaded from central: https://repo.maven.apache.org/maven2/org/eclipse/aether/aether-api/1.0.0.v20140518/aether-api-1.0.0.v20140518.pom (1.9 kB at 190 kB/s)
  #13 6.402 [INFO] Downloading from central: https://repo.maven.apache.org/maven2/org/eclipse/aether/aether/1.0.0.v20140518/aether-1.0.0.v20140518.pom
  #13 6.414 [INFO] Downloaded from central: https://repo.maven.apache.org/maven2/org/eclipse/aether/aether/1.0.0.v20140518/aether-1.0.0.v20140518.pom (30 kB at 2.3 MB/s)
  #13 6.418 [INFO] Downloading from central: https://repo.maven.apache.org/maven2/org/eclipse/aether/aether-spi/1.0.0.v20140518/aether-spi-1.0.0.v20140518.pom
  #13 6.428 [INFO] Downloaded from central: https://repo.maven.apache.org/maven2/org/eclipse/aether/aether-spi/1.0.0.v20140518/aether-spi-1.0.0.v20140518.pom (2.1 kB at 205 kB/s)
  #13 6.430 [INFO] Downloading from central: https://repo.maven.apache.org/maven2/org/eclipse/aether/aether-util/1.0.0.v20140518/aether-util-1.0.0.v20140518.pom
  #13 6.446 [INFO] Downloaded from central: https://repo.maven.apache.org/maven2/org/eclipse/aether/aether-util/1.0.0.v20140518/aether-util-1.0.0.v20140518.pom (2.2 kB at 129 kB/s)
  #13 6.449 [INFO] Downloading from central: https://repo.maven.apache.org/maven2/org/eclipse/aether/aether-impl/1.0.0.v20140518/aether-impl-1.0.0.v20140518.pom
  #13 6.459 [INFO] Downloaded from central: https://repo.maven.apache.org/maven2/org/eclipse/aether/aether-impl/1.0.0.v20140518/aether-impl-1.0.0.v20140518.pom (3.5 kB at 347 kB/s)
  #13 6.462 [INFO] Downloading from central: https://repo.maven.apache.org/maven2/org/sonatype/sisu/sisu-guice/3.2.3/sisu-guice-3.2.3.pom
  #13 6.474 [INFO] Downloaded from central: https://repo.maven.apache.org/maven2/org/sonatype/sisu/sisu-guice/3.2.3/sisu-guice-3.2.3.pom (11 kB at 911 kB/s)
  #13 6.475 [INFO] Downloading from central: https://repo.maven.apache.org/maven2/org/sonatype/sisu/inject/guice-parent/3.2.3/guice-parent-3.2.3.pom
  #13 6.486 [INFO] Downloaded from central: https://repo.maven.apache.org/maven2/org/sonatype/sisu/inject/guice-parent/3.2.3/guice-parent-3.2.3.pom (13 kB at 1.2 MB/s)
  #13 6.488 [INFO] Downloading from central: https://repo.maven.apache.org/maven2/org/sonatype/forge/forge-parent/38/forge-parent-38.pom
  #13 6.498 [INFO] Downloaded from central: https://repo.maven.apache.org/maven2/org/sonatype/forge/forge-parent/38/forge-parent-38.pom (19 kB at 1.7 MB/s)
  #13 6.501 [INFO] Downloading from central: https://repo.maven.apache.org/maven2/aopalliance/aopalliance/1.0/aopalliance-1.0.pom
  #13 6.511 [INFO] Downloaded from central: https://repo.maven.apache.org/maven2/aopalliance/aopalliance/1.0/aopalliance-1.0.pom (363 B at 40 kB/s)
  #13 6.512 [INFO] Downloading from central: https://repo.maven.apache.org/maven2/com/google/guava/guava/16.0.1/guava-16.0.1.pom
  #13 6.530 [INFO] Downloaded from central: https://repo.maven.apache.org/maven2/com/google/guava/guava/16.0.1/guava-16.0.1.pom (6.1 kB at 359 kB/s)
  #13 6.532 [INFO] Downloading from central: https://repo.maven.apache.org/maven2/com/google/guava/guava-parent/16.0.1/guava-parent-16.0.1.pom
  #13 6.542 [INFO] Downloaded from central: https://repo.maven.apache.org/maven2/com/google/guava/guava-parent/16.0.1/guava-parent-16.0.1.pom (7.3 kB at 667 kB/s)
  #13 6.544 [INFO] Downloading from central: https://repo.maven.apache.org/maven2/org/sonatype/oss/oss-parent/7/oss-parent-7.pom
  #13 6.553 [INFO] Downloaded from central: https://repo.maven.apache.org/maven2/org/sonatype/oss/oss-parent/7/oss-parent-7.pom (4.8 kB at 536 kB/s)
  #13 6.561 [INFO] Downloading from central: https://repo.maven.apache.org/maven2/org/apache/maven/surefire/maven-surefire-common/3.0.0-M7/maven-surefire-common-3.0.0-M7.jar
  #13 6.561 [INFO] Downloading from central: https://repo.maven.apache.org/maven2/org/apache/maven/surefire/surefire-api/3.0.0-M7/surefire-api-3.0.0-M7.jar
  #13 6.588 [INFO] Downloading from central: https://repo.maven.apache.org/maven2/org/apache/maven/surefire/surefire-logger-api/3.0.0-M7/surefire-logger-api-3.0.0-M7.jar
  #13 6.588 [INFO] Downloading from central: https://repo.maven.apache.org/maven2/org/apache/maven/surefire/surefire-extensions-api/3.0.0-M7/surefire-extensions-api-3.0.0-M7.jar
  #13 6.588 [INFO] Downloading from central: https://repo.maven.apache.org/maven2/org/apache/maven/surefire/surefire-booter/3.0.0-M7/surefire-booter-3.0.0-M7.jar
  #13 6.604 [INFO] Downloaded from central: https://repo.maven.apache.org/maven2/org/apache/maven/surefire/surefire-logger-api/3.0.0-M7/surefire-logger-api-3.0.0-M7.jar (14 kB at 315 kB/s)
  #13 6.604 [INFO] Downloading from central: https://repo.maven.apache.org/maven2/org/apache/maven/surefire/surefire-extensions-spi/3.0.0-M7/surefire-extensions-spi-3.0.0-M7.jar
  #13 6.611 [INFO] Downloaded from central: https://repo.maven.apache.org/maven2/org/apache/maven/surefire/surefire-extensions-api/3.0.0-M7/surefire-extensions-api-3.0.0-M7.jar (25 kB at 508 kB/s)
  #13 6.611 [INFO] Downloading from central: https://repo.maven.apache.org/maven2/org/apache/maven/shared/maven-common-artifact-filters/3.1.1/maven-common-artifact-filters-3.1.1.jar
  #13 6.619 [INFO] Downloaded from central: https://repo.maven.apache.org/maven2/org/apache/maven/surefire/surefire-extensions-spi/3.0.0-M7/surefire-extensions-spi-3.0.0-M7.jar (8.1 kB at 139 kB/s)
  #13 6.619 [INFO] Downloading from central: https://repo.maven.apache.org/maven2/org/apache/maven/surefire/surefire-shared-utils/3.0.0-M7/surefire-shared-utils-3.0.0-M7.jar
  #13 6.620 [INFO] Downloaded from central: https://repo.maven.apache.org/maven2/org/apache/maven/surefire/surefire-booter/3.0.0-M7/surefire-booter-3.0.0-M7.jar (117 kB at 1.9 MB/s)
  #13 6.622 [INFO] Downloaded from central: https://repo.maven.apache.org/maven2/org/apache/maven/surefire/surefire-api/3.0.0-M7/surefire-api-3.0.0-M7.jar (169 kB at 2.8 MB/s)
  #13 6.627 [INFO] Downloaded from central: https://repo.maven.apache.org/maven2/org/apache/maven/shared/maven-common-artifact-filters/3.1.1/maven-common-artifact-filters-3.1.1.jar (61 kB at 1.6 MB/s)
  #13 6.657 [INFO] Downloaded from central: https://repo.maven.apache.org/maven2/org/apache/maven/surefire/maven-surefire-common/3.0.0-M7/maven-surefire-common-3.0.0-M7.jar (305 kB at 3.1 MB/s)
  #13 6.865 [INFO] Downloaded from central: https://repo.maven.apache.org/maven2/org/apache/maven/surefire/surefire-shared-utils/3.0.0-M7/surefire-shared-utils-3.0.0-M7.jar (2.1 MB at 7.8 MB/s)
  #13 6.944 [INFO] Using auto detected provider org.apache.maven.surefire.junitplatform.JUnitPlatformProvider
  #13 7.012 [INFO] Downloading from central: https://repo.maven.apache.org/maven2/org/apache/maven/surefire/surefire-junit-platform/3.0.0-M7/surefire-junit-platform-3.0.0-M7.jar
  #13 7.031 [INFO] Downloaded from central: https://repo.maven.apache.org/maven2/org/apache/maven/surefire/surefire-junit-platform/3.0.0-M7/surefire-junit-platform-3.0.0-M7.jar (26 kB at 1.3 MB/s)
  #13 7.033 [INFO] Downloading from central: https://repo.maven.apache.org/maven2/org/apache/maven/surefire/surefire-junit-platform/3.0.0-M7/surefire-junit-platform-3.0.0-M7.pom
  #13 7.046 [INFO] Downloaded from central: https://repo.maven.apache.org/maven2/org/apache/maven/surefire/surefire-junit-platform/3.0.0-M7/surefire-junit-platform-3.0.0-M7.pom (5.3 kB at 378 kB/s)
  #13 7.048 [INFO] Downloading from central: https://repo.maven.apache.org/maven2/org/apache/maven/surefire/surefire-providers/3.0.0-M7/surefire-providers-3.0.0-M7.pom
  #13 7.062 [INFO] Downloaded from central: https://repo.maven.apache.org/maven2/org/apache/maven/surefire/surefire-providers/3.0.0-M7/surefire-providers-3.0.0-M7.pom (2.5 kB at 195 kB/s)
  #13 7.077 [INFO] Downloading from central: https://repo.maven.apache.org/maven2/org/apache/maven/surefire/common-java5/3.0.0-M7/common-java5-3.0.0-M7.pom
  #13 7.112 [INFO] Downloaded from central: https://repo.maven.apache.org/maven2/org/apache/maven/surefire/common-java5/3.0.0-M7/common-java5-3.0.0-M7.pom (2.7 kB at 77 kB/s)
  #13 7.129 [INFO] Downloading from central: https://repo.maven.apache.org/maven2/org/junit/platform/junit-platform-launcher/1.3.2/junit-platform-launcher-1.3.2.pom
  #13 7.141 [INFO] Downloaded from central: https://repo.maven.apache.org/maven2/org/junit/platform/junit-platform-launcher/1.3.2/junit-platform-launcher-1.3.2.pom (2.2 kB at 202 kB/s)
  #13 7.143 [INFO] Downloading from central: https://repo.maven.apache.org/maven2/org/junit/platform/junit-platform-engine/1.3.2/junit-platform-engine-1.3.2.pom
  #13 7.157 [INFO] Downloaded from central: https://repo.maven.apache.org/maven2/org/junit/platform/junit-platform-engine/1.3.2/junit-platform-engine-1.3.2.pom (2.4 kB at 160 kB/s)
  #13 7.161 [INFO] Downloading from central: https://repo.maven.apache.org/maven2/org/junit/platform/junit-platform-commons/1.3.2/junit-platform-commons-1.3.2.pom
  #13 7.172 [INFO] Downloaded from central: https://repo.maven.apache.org/maven2/org/junit/platform/junit-platform-commons/1.3.2/junit-platform-commons-1.3.2.pom (2.0 kB at 184 kB/s)
  #13 7.175 [INFO] Downloading from central: https://repo.maven.apache.org/maven2/org/junit/jupiter/junit-jupiter-engine/5.3.2/junit-jupiter-engine-5.3.2.pom
  #13 7.185 [INFO] Downloaded from central: https://repo.maven.apache.org/maven2/org/junit/jupiter/junit-jupiter-engine/5.3.2/junit-jupiter-engine-5.3.2.pom (2.4 kB at 239 kB/s)
  #13 7.189 [INFO] Downloading from central: https://repo.maven.apache.org/maven2/org/junit/jupiter/junit-jupiter-api/5.3.2/junit-jupiter-api-5.3.2.pom
  #13 7.201 [INFO] Downloaded from central: https://repo.maven.apache.org/maven2/org/junit/jupiter/junit-jupiter-api/5.3.2/junit-jupiter-api-5.3.2.pom (2.4 kB at 198 kB/s)
  #13 7.208 [INFO] Downloading from central: https://repo.maven.apache.org/maven2/org/junit/jupiter/junit-jupiter-params/5.3.2/junit-jupiter-params-5.3.2.pom
  #13 7.220 [INFO] Downloaded from central: https://repo.maven.apache.org/maven2/org/junit/jupiter/junit-jupiter-params/5.3.2/junit-jupiter-params-5.3.2.pom (2.2 kB at 200 kB/s)
  #13 7.222 [INFO] Downloading from central: https://repo.maven.apache.org/maven2/org/mockito/mockito-core/2.28.2/mockito-core-2.28.2.pom
  #13 7.238 [INFO] Downloaded from central: https://repo.maven.apache.org/maven2/org/mockito/mockito-core/2.28.2/mockito-core-2.28.2.pom (20 kB at 1.3 MB/s)
  #13 7.243 [INFO] Downloading from central: https://repo.maven.apache.org/maven2/net/bytebuddy/byte-buddy/1.9.10/byte-buddy-1.9.10.pom
  #13 7.254 [INFO] Downloaded from central: https://repo.maven.apache.org/maven2/net/bytebuddy/byte-buddy/1.9.10/byte-buddy-1.9.10.pom (10 kB at 860 kB/s)
  #13 7.255 [INFO] Downloading from central: https://repo.maven.apache.org/maven2/net/bytebuddy/byte-buddy-parent/1.9.10/byte-buddy-parent-1.9.10.pom
  #13 7.267 [INFO] Downloaded from central: https://repo.maven.apache.org/maven2/net/bytebuddy/byte-buddy-parent/1.9.10/byte-buddy-parent-1.9.10.pom (36 kB at 3.3 MB/s)
  #13 7.273 [INFO] Downloading from central: https://repo.maven.apache.org/maven2/net/bytebuddy/byte-buddy-agent/1.9.10/byte-buddy-agent-1.9.10.pom
  #13 7.286 [INFO] Downloaded from central: https://repo.maven.apache.org/maven2/net/bytebuddy/byte-buddy-agent/1.9.10/byte-buddy-agent-1.9.10.pom (6.0 kB at 431 kB/s)
  #13 7.292 [INFO] Downloading from central: https://repo.maven.apache.org/maven2/org/objenesis/objenesis/2.6/objenesis-2.6.pom
  #13 7.302 [INFO] Downloaded from central: https://repo.maven.apache.org/maven2/org/objenesis/objenesis/2.6/objenesis-2.6.pom (2.8 kB at 253 kB/s)
  #13 7.303 [INFO] Downloading from central: https://repo.maven.apache.org/maven2/org/objenesis/objenesis-parent/2.6/objenesis-parent-2.6.pom
  #13 7.313 [INFO] Downloaded from central: https://repo.maven.apache.org/maven2/org/objenesis/objenesis-parent/2.6/objenesis-parent-2.6.pom (17 kB at 1.8 MB/s)
  #13 7.317 [INFO] Downloading from central: https://repo.maven.apache.org/maven2/org/powermock/powermock-reflect/2.0.9/powermock-reflect-2.0.9.pom
  #13 7.331 [INFO] Downloaded from central: https://repo.maven.apache.org/maven2/org/powermock/powermock-reflect/2.0.9/powermock-reflect-2.0.9.pom (7.9 kB at 605 kB/s)
  #13 7.333 [INFO] Downloading from central: https://repo.maven.apache.org/maven2/net/bytebuddy/byte-buddy/1.10.14/byte-buddy-1.10.14.pom
  #13 7.344 [INFO] Downloaded from central: https://repo.maven.apache.org/maven2/net/bytebuddy/byte-buddy/1.10.14/byte-buddy-1.10.14.pom (11 kB at 1.1 MB/s)
  #13 7.345 [INFO] Downloading from central: https://repo.maven.apache.org/maven2/net/bytebuddy/byte-buddy-parent/1.10.14/byte-buddy-parent-1.10.14.pom
  #13 7.358 [INFO] Downloaded from central: https://repo.maven.apache.org/maven2/net/bytebuddy/byte-buddy-parent/1.10.14/byte-buddy-parent-1.10.14.pom (41 kB at 3.1 MB/s)
  #13 7.364 [INFO] Downloading from central: https://repo.maven.apache.org/maven2/net/bytebuddy/byte-buddy-agent/1.10.14/byte-buddy-agent-1.10.14.pom
  #13 7.376 [INFO] Downloaded from central: https://repo.maven.apache.org/maven2/net/bytebuddy/byte-buddy-agent/1.10.14/byte-buddy-agent-1.10.14.pom (9.6 kB at 870 kB/s)
  #13 7.381 [INFO] Downloading from central: https://repo.maven.apache.org/maven2/junit/junit/4.13.2/junit-4.13.2.pom
  #13 7.392 [INFO] Downloaded from central: https://repo.maven.apache.org/maven2/junit/junit/4.13.2/junit-4.13.2.pom (27 kB at 2.3 MB/s)
  #13 7.395 [INFO] Downloading from central: https://repo.maven.apache.org/maven2/org/hamcrest/hamcrest-library/1.3/hamcrest-library-1.3.pom
  #13 7.404 [INFO] Downloaded from central: https://repo.maven.apache.org/maven2/org/hamcrest/hamcrest-library/1.3/hamcrest-library-1.3.pom (820 B at 82 kB/s)
  #13 7.408 [INFO] Downloading from central: https://repo.maven.apache.org/maven2/org/assertj/assertj-core/3.22.0/assertj-core-3.22.0.pom
  #13 7.425 [INFO] Downloaded from central: https://repo.maven.apache.org/maven2/org/assertj/assertj-core/3.22.0/assertj-core-3.22.0.pom (31 kB at 1.8 MB/s)
  #13 7.428 [INFO] Downloading from central: https://repo.maven.apache.org/maven2/org/assertj/assertj-parent-pom/2.2.14/assertj-parent-pom-2.2.14.pom
  #13 7.439 [INFO] Downloaded from central: https://repo.maven.apache.org/maven2/org/assertj/assertj-parent-pom/2.2.14/assertj-parent-pom-2.2.14.pom (25 kB at 2.0 MB/s)
  #13 7.446 [INFO] Downloading from central: https://repo.maven.apache.org/maven2/org/junit/junit-bom/5.8.0/junit-bom-5.8.0.pom
  #13 7.459 [INFO] Downloaded from central: https://repo.maven.apache.org/maven2/org/junit/junit-bom/5.8.0/junit-bom-5.8.0.pom (5.6 kB at 433 kB/s)
  #13 7.462 [INFO] Downloading from central: https://repo.maven.apache.org/maven2/org/apache/maven/surefire/common-java5/3.0.0-M7/common-java5-3.0.0-M7.jar
  #13 7.462 [INFO] Downloading from central: https://repo.maven.apache.org/maven2/org/junit/platform/junit-platform-launcher/1.3.2/junit-platform-launcher-1.3.2.jar
  #13 7.462 [INFO] Downloading from central: https://repo.maven.apache.org/maven2/org/junit/platform/junit-platform-engine/1.3.2/junit-platform-engine-1.3.2.jar
  #13 7.462 [INFO] Downloading from central: https://repo.maven.apache.org/maven2/org/junit/platform/junit-platform-commons/1.3.2/junit-platform-commons-1.3.2.jar
  #13 7.477 [INFO] Downloaded from central: https://repo.maven.apache.org/maven2/org/apache/maven/surefire/common-java5/3.0.0-M7/common-java5-3.0.0-M7.jar (17 kB at 1.1 MB/s)
  #13 7.478 [INFO] Downloaded from central: https://repo.maven.apache.org/maven2/org/junit/platform/junit-platform-launcher/1.3.2/junit-platform-launcher-1.3.2.jar (95 kB at 5.6 MB/s)
  #13 7.479 [INFO] Downloaded from central: https://repo.maven.apache.org/maven2/org/junit/platform/junit-platform-commons/1.3.2/junit-platform-commons-1.3.2.jar (78 kB at 4.9 MB/s)
  #13 7.485 [INFO] Downloaded from central: https://repo.maven.apache.org/maven2/org/junit/platform/junit-platform-engine/1.3.2/junit-platform-engine-1.3.2.jar (138 kB at 5.8 MB/s)
  #13 7.487 [INFO] Downloading from central: https://repo.maven.apache.org/maven2/org/junit/platform/junit-platform-launcher/1.4.0/junit-platform-launcher-1.4.0.jar
  #13 7.510 [INFO] Downloaded from central: https://repo.maven.apache.org/maven2/org/junit/platform/junit-platform-launcher/1.4.0/junit-platform-launcher-1.4.0.jar (98 kB at 4.3 MB/s)
  #13 7.511 [INFO] Downloading from central: https://repo.maven.apache.org/maven2/org/junit/platform/junit-platform-launcher/1.4.0/junit-platform-launcher-1.4.0.pom
  #13 7.525 [INFO] Downloaded from central: https://repo.maven.apache.org/maven2/org/junit/platform/junit-platform-launcher/1.4.0/junit-platform-launcher-1.4.0.pom (2.2 kB at 171 kB/s)
  #13 7.545 [INFO] 
  #13 7.545 [INFO] -------------------------------------------------------
  #13 7.545 [INFO]  T E S T S
  #13 7.545 [INFO] -------------------------------------------------------
  #13 8.105 [INFO] Running org.raninline.ConstructTest
  #13 8.110 Found 16 java files
  #13 8.988 [INFO] Tests run: 18, Failures: 0, Errors: 0, Skipped: 0, Time elapsed: 0.871 s - in org.raninline.ConstructTest
  #13 8.988 [INFO] Running org.raninline.UtilsTest
  #13 8.992 [INFO] Tests run: 1, Failures: 0, Errors: 0, Skipped: 0, Time elapsed: 0.001 s - in org.raninline.UtilsTest
  #13 8.992 [INFO] Running org.raninline.InstrumentTest
  #13 8.992 Found 47 java files
  #13 9.608 [INFO] Tests run: 38, Failures: 0, Errors: 0, Skipped: 0, Time elapsed: 0.632 s - in org.raninline.InstrumentTest
  #13 9.661 [INFO] 
  #13 9.661 [INFO] Results:
  #13 9.661 [INFO] 
  #13 9.661 [INFO] Tests run: 57, Failures: 0, Errors: 0, Skipped: 0
  #13 9.661 [INFO] 
  #13 9.668 [INFO] 
  #13 9.668 [INFO] --- maven-jar-plugin:3.0.2:jar (default-jar) @ raninline ---
  #13 9.673 [INFO] Downloading from central: https://repo.maven.apache.org/maven2/org/codehaus/plexus/plexus-component-annotations/1.6/plexus-component-annotations-1.6.pom
  #13 9.685 [INFO] Downloaded from central: https://repo.maven.apache.org/maven2/org/codehaus/plexus/plexus-component-annotations/1.6/plexus-component-annotations-1.6.pom (748 B at 62 kB/s)
  #13 9.686 [INFO] Downloading from central: https://repo.maven.apache.org/maven2/org/codehaus/plexus/plexus-containers/1.6/plexus-containers-1.6.pom
  #13 9.695 [INFO] Downloaded from central: https://repo.maven.apache.org/maven2/org/codehaus/plexus/plexus-containers/1.6/plexus-containers-1.6.pom (3.8 kB at 418 kB/s)
  #13 9.696 [INFO] Downloading from central: https://repo.maven.apache.org/maven2/org/codehaus/plexus/plexus/3.3.2/plexus-3.3.2.pom
  #13 9.712 [INFO] Downloaded from central: https://repo.maven.apache.org/maven2/org/codehaus/plexus/plexus/3.3.2/plexus-3.3.2.pom (22 kB at 1.4 MB/s)
  #13 9.716 [INFO] Downloading from central: https://repo.maven.apache.org/maven2/org/apache/maven/maven-core/3.0/maven-core-3.0.pom
  #13 9.727 [INFO] Downloaded from central: https://repo.maven.apache.org/maven2/org/apache/maven/maven-core/3.0/maven-core-3.0.pom (6.6 kB at 663 kB/s)
  #13 9.729 [INFO] Downloading from central: https://repo.maven.apache.org/maven2/org/apache/maven/maven-settings/3.0/maven-settings-3.0.pom
  #13 9.739 [INFO] Downloaded from central: https://repo.maven.apache.org/maven2/org/apache/maven/maven-settings/3.0/maven-settings-3.0.pom (1.9 kB at 209 kB/s)
  #13 9.742 [INFO] Downloading from central: https://repo.maven.apache.org/maven2/org/apache/maven/maven-settings-builder/3.0/maven-settings-builder-3.0.pom
  #13 9.751 [INFO] Downloaded from central: https://repo.maven.apache.org/maven2/org/apache/maven/maven-settings-builder/3.0/maven-settings-builder-3.0.pom (2.2 kB at 247 kB/s)
  #13 9.754 [INFO] Downloading from central: https://repo.maven.apache.org/maven2/org/codehaus/plexus/plexus-interpolation/1.14/plexus-interpolation-1.14.pom
  #13 9.765 [INFO] Downloaded from central: https://repo.maven.apache.org/maven2/org/codehaus/plexus/plexus-interpolation/1.14/plexus-interpolation-1.14.pom (910 B at 83 kB/s)
  #13 9.767 [INFO] Downloading from central: https://repo.maven.apache.org/maven2/org/codehaus/plexus/plexus-components/1.1.18/plexus-components-1.1.18.pom
  #13 9.777 [INFO] Downloaded from central: https://repo.maven.apache.org/maven2/org/codehaus/plexus/plexus-components/1.1.18/plexus-components-1.1.18.pom (5.4 kB at 536 kB/s)
  #13 9.778 [INFO] Downloading from central: https://repo.maven.apache.org/maven2/org/codehaus/plexus/plexus/2.0.7/plexus-2.0.7.pom
  #13 9.796 [INFO] Downloaded from central: https://repo.maven.apache.org/maven2/org/codehaus/plexus/plexus/2.0.7/plexus-2.0.7.pom (17 kB at 1.0 MB/s)
  #13 9.800 [INFO] Downloading from central: https://repo.maven.apache.org/maven2/org/codehaus/plexus/plexus-utils/1.5.5/plexus-utils-1.5.5.pom
  #13 9.809 [INFO] Downloaded from central: https://repo.maven.apache.org/maven2/org/codehaus/plexus/plexus-utils/1.5.5/plexus-utils-1.5.5.pom (5.1 kB at 515 kB/s)
  #13 9.811 [INFO] Downloading from central: https://repo.maven.apache.org/maven2/org/apache/maven/maven-repository-metadata/3.0/maven-repository-metadata-3.0.pom
  #13 9.820 [INFO] Downloaded from central: https://repo.maven.apache.org/maven2/org/apache/maven/maven-repository-metadata/3.0/maven-repository-metadata-3.0.pom (1.9 kB at 214 kB/s)
  #13 9.824 [INFO] Downloading from central: https://repo.maven.apache.org/maven2/org/apache/maven/maven-model-builder/3.0/maven-model-builder-3.0.pom
  #13 9.834 [INFO] Downloaded from central: https://repo.maven.apache.org/maven2/org/apache/maven/maven-model-builder/3.0/maven-model-builder-3.0.pom (2.2 kB at 250 kB/s)
  #13 9.838 [INFO] Downloading from central: https://repo.maven.apache.org/maven2/org/apache/maven/maven-aether-provider/3.0/maven-aether-provider-3.0.pom
  #13 9.848 [INFO] Downloaded from central: https://repo.maven.apache.org/maven2/org/apache/maven/maven-aether-provider/3.0/maven-aether-provider-3.0.pom (2.5 kB at 247 kB/s)
  #13 9.850 [INFO] Downloading from central: https://repo.maven.apache.org/maven2/org/sonatype/aether/aether-api/1.7/aether-api-1.7.pom
  #13 9.858 [INFO] Downloaded from central: https://repo.maven.apache.org/maven2/org/sonatype/aether/aether-api/1.7/aether-api-1.7.pom (1.7 kB at 186 kB/s)
  #13 9.860 [INFO] Downloading from central: https://repo.maven.apache.org/maven2/org/sonatype/aether/aether-parent/1.7/aether-parent-1.7.pom
  #13 9.869 [INFO] Downloaded from central: https://repo.maven.apache.org/maven2/org/sonatype/aether/aether-parent/1.7/aether-parent-1.7.pom (7.7 kB at 858 kB/s)
  #13 9.871 [INFO] Downloading from central: https://repo.maven.apache.org/maven2/org/sonatype/aether/aether-util/1.7/aether-util-1.7.pom
  #13 9.880 [INFO] Downloaded from central: https://repo.maven.apache.org/maven2/org/sonatype/aether/aether-util/1.7/aether-util-1.7.pom (2.1 kB at 229 kB/s)
  #13 9.882 [INFO] Downloading from central: https://repo.maven.apache.org/maven2/org/sonatype/aether/aether-impl/1.7/aether-impl-1.7.pom
  #13 9.891 [INFO] Downloaded from central: https://repo.maven.apache.org/maven2/org/sonatype/aether/aether-impl/1.7/aether-impl-1.7.pom (3.7 kB at 462 kB/s)
  #13 9.892 [INFO] Downloading from central: https://repo.maven.apache.org/maven2/org/sonatype/aether/aether-spi/1.7/aether-spi-1.7.pom
  #13 9.901 [INFO] Downloaded from central: https://repo.maven.apache.org/maven2/org/sonatype/aether/aether-spi/1.7/aether-spi-1.7.pom (1.7 kB at 193 kB/s)
  #13 9.904 [INFO] Downloading from central: https://repo.maven.apache.org/maven2/org/apache/maven/maven-archiver/3.1.1/maven-archiver-3.1.1.pom
  #13 9.914 [INFO] Downloaded from central: https://repo.maven.apache.org/maven2/org/apache/maven/maven-archiver/3.1.1/maven-archiver-3.1.1.pom (4.3 kB at 395 kB/s)
  #13 9.917 [INFO] Downloading from central: https://repo.maven.apache.org/maven2/org/apache/maven/shared/maven-shared-utils/3.0.1/maven-shared-utils-3.0.1.pom
  #13 9.931 [INFO] Downloaded from central: https://repo.maven.apache.org/maven2/org/apache/maven/shared/maven-shared-utils/3.0.1/maven-shared-utils-3.0.1.pom (4.6 kB at 306 kB/s)
  #13 9.934 [INFO] Downloading from central: https://repo.maven.apache.org/maven2/commons-io/commons-io/2.4/commons-io-2.4.pom
  #13 9.945 [INFO] Downloaded from central: https://repo.maven.apache.org/maven2/commons-io/commons-io/2.4/commons-io-2.4.pom (10 kB at 924 kB/s)
  #13 9.946 [INFO] Downloading from central: https://repo.maven.apache.org/maven2/org/apache/commons/commons-parent/25/commons-parent-25.pom
  #13 9.968 [INFO] Downloaded from central: https://repo.maven.apache.org/maven2/org/apache/commons/commons-parent/25/commons-parent-25.pom (48 kB at 2.2 MB/s)
  #13 9.971 [INFO] Downloading from central: https://repo.maven.apache.org/maven2/org/apache/apache/9/apache-9.pom
  #13 9.983 [INFO] Downloaded from central: https://repo.maven.apache.org/maven2/org/apache/apache/9/apache-9.pom (15 kB at 1.4 MB/s)
  #13 9.985 [INFO] Downloading from central: https://repo.maven.apache.org/maven2/org/codehaus/plexus/plexus-archiver/3.3/plexus-archiver-3.3.pom
  #13 10.000 [INFO] Downloaded from central: https://repo.maven.apache.org/maven2/org/codehaus/plexus/plexus-archiver/3.3/plexus-archiver-3.3.pom (5.3 kB at 355 kB/s)
  #13 10.00 [INFO] Downloading from central: https://repo.maven.apache.org/maven2/org/codehaus/plexus/plexus/3.2/plexus-3.2.pom
  #13 10.02 [INFO] Downloaded from central: https://repo.maven.apache.org/maven2/org/codehaus/plexus/plexus/3.2/plexus-3.2.pom (19 kB at 1.3 MB/s)
  #13 10.02 [INFO] Downloading from central: https://repo.maven.apache.org/maven2/org/codehaus/plexus/plexus-utils/3.0.24/plexus-utils-3.0.24.pom
  #13 10.03 [INFO] Downloaded from central: https://repo.maven.apache.org/maven2/org/codehaus/plexus/plexus-utils/3.0.24/plexus-utils-3.0.24.pom (4.1 kB at 413 kB/s)
  #13 10.03 [INFO] Downloading from central: https://repo.maven.apache.org/maven2/org/codehaus/plexus/plexus-io/2.7.1/plexus-io-2.7.1.pom
  #13 10.04 [INFO] Downloaded from central: https://repo.maven.apache.org/maven2/org/codehaus/plexus/plexus-io/2.7.1/plexus-io-2.7.1.pom (4.9 kB at 546 kB/s)
  #13 10.04 [INFO] Downloading from central: https://repo.maven.apache.org/maven2/commons-io/commons-io/2.2/commons-io-2.2.pom
  #13 10.05 [INFO] Downloaded from central: https://repo.maven.apache.org/maven2/commons-io/commons-io/2.2/commons-io-2.2.pom (11 kB at 920 kB/s)
  #13 10.06 [INFO] Downloading from central: https://repo.maven.apache.org/maven2/org/apache/commons/commons-parent/24/commons-parent-24.pom
  #13 10.07 [INFO] Downloaded from central: https://repo.maven.apache.org/maven2/org/apache/commons/commons-parent/24/commons-parent-24.pom (47 kB at 2.8 MB/s)
  #13 10.08 [INFO] Downloading from central: https://repo.maven.apache.org/maven2/org/apache/commons/commons-compress/1.11/commons-compress-1.11.pom
  #13 10.09 [INFO] Downloaded from central: https://repo.maven.apache.org/maven2/org/apache/commons/commons-compress/1.11/commons-compress-1.11.pom (13 kB at 1.0 MB/s)
  #13 10.09 [INFO] Downloading from central: https://repo.maven.apache.org/maven2/org/iq80/snappy/snappy/0.4/snappy-0.4.pom
  #13 10.10 [INFO] Downloaded from central: https://repo.maven.apache.org/maven2/org/iq80/snappy/snappy/0.4/snappy-0.4.pom (15 kB at 1.1 MB/s)
  #13 10.11 [INFO] Downloading from central: https://repo.maven.apache.org/maven2/org/tukaani/xz/1.5/xz-1.5.pom
  #13 10.12 [INFO] Downloaded from central: https://repo.maven.apache.org/maven2/org/tukaani/xz/1.5/xz-1.5.pom (1.9 kB at 190 kB/s)
  #13 10.12 [INFO] Downloading from central: https://repo.maven.apache.org/maven2/org/codehaus/plexus/plexus-interpolation/1.22/plexus-interpolation-1.22.pom
  #13 10.13 [INFO] Downloaded from central: https://repo.maven.apache.org/maven2/org/codehaus/plexus/plexus-interpolation/1.22/plexus-interpolation-1.22.pom (1.5 kB at 154 kB/s)
  #13 10.13 [INFO] Downloading from central: https://repo.maven.apache.org/maven2/org/codehaus/plexus/plexus-archiver/3.4/plexus-archiver-3.4.pom
  #13 10.14 [INFO] Downloaded from central: https://repo.maven.apache.org/maven2/org/codehaus/plexus/plexus-archiver/3.4/plexus-archiver-3.4.pom (5.3 kB at 355 kB/s)
  #13 10.15 [INFO] Downloading from central: https://repo.maven.apache.org/maven2/org/apache/maven/maven-core/3.0/maven-core-3.0.jar
  #13 10.15 [INFO] Downloading from central: https://repo.maven.apache.org/maven2/org/apache/maven/maven-settings/3.0/maven-settings-3.0.jar
  #13 10.15 [INFO] Downloading from central: https://repo.maven.apache.org/maven2/org/apache/maven/maven-settings-builder/3.0/maven-settings-builder-3.0.jar
  #13 10.16 [INFO] Downloading from central: https://repo.maven.apache.org/maven2/org/apache/maven/maven-repository-metadata/3.0/maven-repository-metadata-3.0.jar
  #13 10.16 [INFO] Downloading from central: https://repo.maven.apache.org/maven2/org/apache/maven/maven-model-builder/3.0/maven-model-builder-3.0.jar
  #13 10.17 [INFO] Downloaded from central: https://repo.maven.apache.org/maven2/org/apache/maven/maven-settings/3.0/maven-settings-3.0.jar (47 kB at 2.6 MB/s)
  #13 10.17 [INFO] Downloading from central: https://repo.maven.apache.org/maven2/org/apache/maven/maven-aether-provider/3.0/maven-aether-provider-3.0.jar
  #13 10.17 [INFO] Downloaded from central: https://repo.maven.apache.org/maven2/org/apache/maven/maven-settings-builder/3.0/maven-settings-builder-3.0.jar (38 kB at 2.0 MB/s)
  #13 10.17 [INFO] Downloading from central: https://repo.maven.apache.org/maven2/org/sonatype/aether/aether-impl/1.7/aether-impl-1.7.jar
  #13 10.17 [INFO] Downloaded from central: https://repo.maven.apache.org/maven2/org/apache/maven/maven-repository-metadata/3.0/maven-repository-metadata-3.0.jar (30 kB at 1.6 MB/s)
  #13 10.17 [INFO] Downloading from central: https://repo.maven.apache.org/maven2/org/sonatype/aether/aether-spi/1.7/aether-spi-1.7.jar
  #13 10.18 [INFO] Downloaded from central: https://repo.maven.apache.org/maven2/org/apache/maven/maven-model-builder/3.0/maven-model-builder-3.0.jar (148 kB at 5.9 MB/s)
  #13 10.18 [INFO] Downloading from central: https://repo.maven.apache.org/maven2/org/sonatype/aether/aether-api/1.7/aether-api-1.7.jar
  #13 10.19 [INFO] Downloaded from central: https://repo.maven.apache.org/maven2/org/sonatype/aether/aether-spi/1.7/aether-spi-1.7.jar (14 kB at 437 kB/s)
  #13 10.19 [INFO] Downloading from central: https://repo.maven.apache.org/maven2/org/sonatype/aether/aether-util/1.7/aether-util-1.7.jar
  #13 10.19 [INFO] Downloaded from central: https://repo.maven.apache.org/maven2/org/apache/maven/maven-aether-provider/3.0/maven-aether-provider-3.0.jar (51 kB at 1.6 MB/s)
  #13 10.19 [INFO] Downloading from central: https://repo.maven.apache.org/maven2/org/codehaus/plexus/plexus-interpolation/1.14/plexus-interpolation-1.14.jar
  #13 10.19 [INFO] Downloaded from central: https://repo.maven.apache.org/maven2/org/sonatype/aether/aether-impl/1.7/aether-impl-1.7.jar (106 kB at 2.7 MB/s)
  #13 10.19 [INFO] Downloading from central: https://repo.maven.apache.org/maven2/org/codehaus/plexus/plexus-component-annotations/1.6/plexus-component-annotations-1.6.jar
  #13 10.20 [INFO] Downloaded from central: https://repo.maven.apache.org/maven2/org/codehaus/plexus/plexus-interpolation/1.14/plexus-interpolation-1.14.jar (61 kB at 1.4 MB/s)
  #13 10.20 [INFO] Downloading from central: https://repo.maven.apache.org/maven2/org/sonatype/plexus/plexus-sec-dispatcher/1.3/plexus-sec-dispatcher-1.3.jar
  #13 10.20 [INFO] Downloaded from central: https://repo.maven.apache.org/maven2/org/sonatype/aether/aether-api/1.7/aether-api-1.7.jar (74 kB at 1.7 MB/s)
  #13 10.20 [INFO] Downloading from central: https://repo.maven.apache.org/maven2/org/sonatype/plexus/plexus-cipher/1.4/plexus-cipher-1.4.jar
  #13 10.21 [INFO] Downloaded from central: https://repo.maven.apache.org/maven2/org/sonatype/aether/aether-util/1.7/aether-util-1.7.jar (108 kB at 2.2 MB/s)
  #13 10.21 [INFO] Downloading from central: https://repo.maven.apache.org/maven2/org/apache/maven/maven-archiver/3.1.1/maven-archiver-3.1.1.jar
  #13 10.21 [INFO] Downloaded from central: https://repo.maven.apache.org/maven2/org/codehaus/plexus/plexus-component-annotations/1.6/plexus-component-annotations-1.6.jar (4.3 kB at 84 kB/s)
  #13 10.21 [INFO] Downloading from central: https://repo.maven.apache.org/maven2/org/apache/maven/shared/maven-shared-utils/3.0.1/maven-shared-utils-3.0.1.jar
  #13 10.21 [INFO] Downloaded from central: https://repo.maven.apache.org/maven2/org/sonatype/plexus/plexus-cipher/1.4/plexus-cipher-1.4.jar (13 kB at 250 kB/s)
  #13 10.21 [INFO] Downloading from central: https://repo.maven.apache.org/maven2/org/codehaus/plexus/plexus-archiver/3.4/plexus-archiver-3.4.jar
  #13 10.21 [INFO] Downloaded from central: https://repo.maven.apache.org/maven2/org/sonatype/plexus/plexus-sec-dispatcher/1.3/plexus-sec-dispatcher-1.3.jar (29 kB at 519 kB/s)
  #13 10.21 [INFO] Downloading from central: https://repo.maven.apache.org/maven2/org/codehaus/plexus/plexus-io/2.7.1/plexus-io-2.7.1.jar
  #13 10.22 [INFO] Downloaded from central: https://repo.maven.apache.org/maven2/org/apache/maven/maven-archiver/3.1.1/maven-archiver-3.1.1.jar (24 kB at 382 kB/s)
  #13 10.22 [INFO] Downloading from central: https://repo.maven.apache.org/maven2/org/apache/commons/commons-compress/1.11/commons-compress-1.11.jar
  #13 10.23 [INFO] Downloaded from central: https://repo.maven.apache.org/maven2/org/codehaus/plexus/plexus-io/2.7.1/plexus-io-2.7.1.jar (86 kB at 1.2 MB/s)
  #13 10.23 [INFO] Downloading from central: https://repo.maven.apache.org/maven2/org/iq80/snappy/snappy/0.4/snappy-0.4.jar
  #13 10.23 [INFO] Downloaded from central: https://repo.maven.apache.org/maven2/org/apache/maven/maven-core/3.0/maven-core-3.0.jar (527 kB at 7.1 MB/s)
  #13 10.23 [INFO] Downloading from central: https://repo.maven.apache.org/maven2/org/tukaani/xz/1.5/xz-1.5.jar
  #13 10.23 [INFO] Downloaded from central: https://repo.maven.apache.org/maven2/org/codehaus/plexus/plexus-archiver/3.4/plexus-archiver-3.4.jar (187 kB at 2.4 MB/s)
  #13 10.23 [INFO] Downloading from central: https://repo.maven.apache.org/maven2/org/codehaus/plexus/plexus-utils/3.0.24/plexus-utils-3.0.24.jar
  #13 10.24 [INFO] Downloaded from central: https://repo.maven.apache.org/maven2/org/apache/maven/shared/maven-shared-utils/3.0.1/maven-shared-utils-3.0.1.jar (154 kB at 1.9 MB/s)
  #13 10.24 [INFO] Downloaded from central: https://repo.maven.apache.org/maven2/org/iq80/snappy/snappy/0.4/snappy-0.4.jar (58 kB at 698 kB/s)
  #13 10.25 [INFO] Downloaded from central: https://repo.maven.apache.org/maven2/org/tukaani/xz/1.5/xz-1.5.jar (100 kB at 1.1 MB/s)
  #13 10.27 [INFO] Downloaded from central: https://repo.maven.apache.org/maven2/org/apache/commons/commons-compress/1.11/commons-compress-1.11.jar (426 kB at 3.9 MB/s)
  #13 10.27 [INFO] Downloaded from central: https://repo.maven.apache.org/maven2/org/codehaus/plexus/plexus-utils/3.0.24/plexus-utils-3.0.24.jar (247 kB at 2.2 MB/s)
  #13 10.36 [INFO] Building jar: /home/itdocker/exli/java/raninline/target/raninline-1.0-SNAPSHOT.jar
  #13 10.39 [INFO] 
  #13 10.39 [INFO] --- maven-shade-plugin:3.4.1:shade (default) @ raninline ---
  #13 10.40 [INFO] Downloading from central: https://repo.maven.apache.org/maven2/org/codehaus/plexus/plexus-utils/3.4.2/plexus-utils-3.4.2.pom
  #13 10.41 [INFO] Downloaded from central: https://repo.maven.apache.org/maven2/org/codehaus/plexus/plexus-utils/3.4.2/plexus-utils-3.4.2.pom (8.2 kB at 685 kB/s)
  #13 10.41 [INFO] Downloading from central: https://repo.maven.apache.org/maven2/org/apache/maven/shared/maven-artifact-transfer/0.13.1/maven-artifact-transfer-0.13.1.pom
  #13 10.42 [INFO] Downloaded from central: https://repo.maven.apache.org/maven2/org/apache/maven/shared/maven-artifact-transfer/0.13.1/maven-artifact-transfer-0.13.1.pom (11 kB at 865 kB/s)
  #13 10.43 [INFO] Downloading from central: https://repo.maven.apache.org/maven2/org/apache/maven/shared/maven-common-artifact-filters/3.1.0/maven-common-artifact-filters-3.1.0.pom
  #13 10.44 [INFO] Downloaded from central: https://repo.maven.apache.org/maven2/org/apache/maven/shared/maven-common-artifact-filters/3.1.0/maven-common-artifact-filters-3.1.0.pom (5.3 kB at 481 kB/s)
  #13 10.44 [INFO] Downloading from central: https://repo.maven.apache.org/maven2/org/apache/maven/shared/maven-shared-components/33/maven-shared-components-33.pom
  #13 10.45 [INFO] Downloaded from central: https://repo.maven.apache.org/maven2/org/apache/maven/shared/maven-shared-components/33/maven-shared-components-33.pom (5.1 kB at 510 kB/s)
  #13 10.45 [INFO] Downloading from central: https://repo.maven.apache.org/maven2/org/apache/maven/maven-parent/33/maven-parent-33.pom
  #13 10.47 [INFO] Downloaded from central: https://repo.maven.apache.org/maven2/org/apache/maven/maven-parent/33/maven-parent-33.pom (44 kB at 2.8 MB/s)
  #13 10.47 [INFO] Downloading from central: https://repo.maven.apache.org/maven2/org/apache/apache/21/apache-21.pom
  #13 10.48 [INFO] Downloaded from central: https://repo.maven.apache.org/maven2/org/apache/apache/21/apache-21.pom (17 kB at 1.4 MB/s)
  #13 10.48 [INFO] Downloading from central: https://repo.maven.apache.org/maven2/org/apache/maven/shared/maven-shared-utils/3.1.0/maven-shared-utils-3.1.0.pom
  #13 10.49 [INFO] Downloaded from central: https://repo.maven.apache.org/maven2/org/apache/maven/shared/maven-shared-utils/3.1.0/maven-shared-utils-3.1.0.pom (5.0 kB at 622 kB/s)
  #13 10.50 [INFO] Downloading from central: https://repo.maven.apache.org/maven2/org/slf4j/slf4j-api/1.7.5/slf4j-api-1.7.5.pom
  #13 10.50 [INFO] Downloaded from central: https://repo.maven.apache.org/maven2/org/slf4j/slf4j-api/1.7.5/slf4j-api-1.7.5.pom (2.7 kB at 336 kB/s)
  #13 10.50 [INFO] Downloading from central: https://repo.maven.apache.org/maven2/org/slf4j/slf4j-parent/1.7.5/slf4j-parent-1.7.5.pom
  #13 10.51 [INFO] Downloaded from central: https://repo.maven.apache.org/maven2/org/slf4j/slf4j-parent/1.7.5/slf4j-parent-1.7.5.pom (12 kB at 1.3 MB/s)
  #13 10.52 [INFO] Downloading from central: https://repo.maven.apache.org/maven2/org/slf4j/slf4j-api/1.7.32/slf4j-api-1.7.32.pom
  #13 10.53 [INFO] Downloaded from central: https://repo.maven.apache.org/maven2/org/slf4j/slf4j-api/1.7.32/slf4j-api-1.7.32.pom (3.8 kB at 384 kB/s)
  #13 10.53 [INFO] Downloading from central: https://repo.maven.apache.org/maven2/org/slf4j/slf4j-parent/1.7.32/slf4j-parent-1.7.32.pom
  #13 10.54 [INFO] Downloaded from central: https://repo.maven.apache.org/maven2/org/slf4j/slf4j-parent/1.7.32/slf4j-parent-1.7.32.pom (14 kB at 1.3 MB/s)
  #13 10.54 [INFO] Downloading from central: https://repo.maven.apache.org/maven2/org/ow2/asm/asm/9.4/asm-9.4.pom
  #13 10.55 [INFO] Downloaded from central: https://repo.maven.apache.org/maven2/org/ow2/asm/asm/9.4/asm-9.4.pom (2.4 kB at 237 kB/s)
  #13 10.55 [INFO] Downloading from central: https://repo.maven.apache.org/maven2/org/ow2/ow2/1.5.1/ow2-1.5.1.pom
  #13 10.57 [INFO] Downloaded from central: https://repo.maven.apache.org/maven2/org/ow2/ow2/1.5.1/ow2-1.5.1.pom (11 kB at 868 kB/s)
  #13 10.57 [INFO] Downloading from central: https://repo.maven.apache.org/maven2/org/ow2/asm/asm-commons/9.4/asm-commons-9.4.pom
  #13 10.58 [INFO] Downloaded from central: https://repo.maven.apache.org/maven2/org/ow2/asm/asm-commons/9.4/asm-commons-9.4.pom (2.8 kB at 253 kB/s)
  #13 10.58 [INFO] Downloading from central: https://repo.maven.apache.org/maven2/org/ow2/asm/asm-tree/9.4/asm-tree-9.4.pom
  #13 10.59 [INFO] Downloaded from central: https://repo.maven.apache.org/maven2/org/ow2/asm/asm-tree/9.4/asm-tree-9.4.pom (2.6 kB at 259 kB/s)
  #13 10.59 [INFO] Downloading from central: https://repo.maven.apache.org/maven2/org/jdom/jdom2/2.0.6.1/jdom2-2.0.6.1.pom
  #13 10.61 [INFO] Downloaded from central: https://repo.maven.apache.org/maven2/org/jdom/jdom2/2.0.6.1/jdom2-2.0.6.1.pom (4.6 kB at 329 kB/s)
  #13 10.61 [INFO] Downloading from central: https://repo.maven.apache.org/maven2/org/apache/maven/shared/maven-dependency-tree/3.2.0/maven-dependency-tree-3.2.0.pom
  #13 10.62 [INFO] Downloaded from central: https://repo.maven.apache.org/maven2/org/apache/maven/shared/maven-dependency-tree/3.2.0/maven-dependency-tree-3.2.0.pom (6.2 kB at 480 kB/s)
  #13 10.62 [INFO] Downloading from central: https://repo.maven.apache.org/maven2/org/apache/maven/shared/maven-shared-components/37/maven-shared-components-37.pom
  #13 10.63 [INFO] Downloaded from central: https://repo.maven.apache.org/maven2/org/apache/maven/shared/maven-shared-components/37/maven-shared-components-37.pom (4.9 kB at 544 kB/s)
  #13 10.63 [INFO] Downloading from central: https://repo.maven.apache.org/maven2/org/vafer/jdependency/2.8.0/jdependency-2.8.0.pom
  #13 10.65 [INFO] Downloaded from central: https://repo.maven.apache.org/maven2/org/vafer/jdependency/2.8.0/jdependency-2.8.0.pom (14 kB at 1.2 MB/s)
  #13 10.65 [INFO] Downloading from central: https://repo.maven.apache.org/maven2/org/apache/commons/commons-collections4/4.2/commons-collections4-4.2.pom
  #13 10.66 [INFO] Downloaded from central: https://repo.maven.apache.org/maven2/org/apache/commons/commons-collections4/4.2/commons-collections4-4.2.pom (23 kB at 2.3 MB/s)
  #13 10.66 [INFO] Downloading from central: https://repo.maven.apache.org/maven2/org/apache/commons/commons-parent/47/commons-parent-47.pom
  #13 10.68 [INFO] Downloaded from central: https://repo.maven.apache.org/maven2/org/apache/commons/commons-parent/47/commons-parent-47.pom (78 kB at 3.5 MB/s)
  #13 10.69 [INFO] Downloading from central: https://repo.maven.apache.org/maven2/org/codehaus/plexus/plexus-utils/3.4.2/plexus-utils-3.4.2.jar
  #13 10.69 [INFO] Downloading from central: https://repo.maven.apache.org/maven2/org/apache/maven/shared/maven-artifact-transfer/0.13.1/maven-artifact-transfer-0.13.1.jar
  #13 10.69 [INFO] Downloading from central: https://repo.maven.apache.org/maven2/org/codehaus/plexus/plexus-component-annotations/2.1.1/plexus-component-annotations-2.1.1.jar
  #13 10.69 [INFO] Downloading from central: https://repo.maven.apache.org/maven2/org/apache/maven/shared/maven-common-artifact-filters/3.1.0/maven-common-artifact-filters-3.1.0.jar
  #13 10.69 [INFO] Downloading from central: https://repo.maven.apache.org/maven2/org/apache/maven/shared/maven-shared-utils/3.1.0/maven-shared-utils-3.1.0.jar
  #13 10.70 [INFO] Downloaded from central: https://repo.maven.apache.org/maven2/org/codehaus/plexus/plexus-component-annotations/2.1.1/plexus-component-annotations-2.1.1.jar (4.1 kB at 316 kB/s)
  #13 10.70 [INFO] Downloading from central: https://repo.maven.apache.org/maven2/org/slf4j/slf4j-api/1.7.32/slf4j-api-1.7.32.jar
  #13 10.72 [INFO] Downloaded from central: https://repo.maven.apache.org/maven2/org/apache/maven/shared/maven-artifact-transfer/0.13.1/maven-artifact-transfer-0.13.1.jar (159 kB at 5.9 MB/s)
  #13 10.72 [INFO] Downloading from central: https://repo.maven.apache.org/maven2/org/ow2/asm/asm/9.4/asm-9.4.jar
  #13 10.72 [INFO] Downloaded from central: https://repo.maven.apache.org/maven2/org/apache/maven/shared/maven-shared-utils/3.1.0/maven-shared-utils-3.1.0.jar (164 kB at 5.8 MB/s)
  #13 10.72 [INFO] Downloading from central: https://repo.maven.apache.org/maven2/org/ow2/asm/asm-commons/9.4/asm-commons-9.4.jar
  #13 10.72 [INFO] Downloaded from central: https://repo.maven.apache.org/maven2/org/slf4j/slf4j-api/1.7.32/slf4j-api-1.7.32.jar (42 kB at 1.5 MB/s)
  #13 10.72 [INFO] Downloading from central: https://repo.maven.apache.org/maven2/org/ow2/asm/asm-tree/9.4/asm-tree-9.4.jar
  #13 10.72 [INFO] Downloaded from central: https://repo.maven.apache.org/maven2/org/apache/maven/shared/maven-common-artifact-filters/3.1.0/maven-common-artifact-filters-3.1.0.jar (61 kB at 1.9 MB/s)
  #13 10.72 [INFO] Downloading from central: https://repo.maven.apache.org/maven2/org/jdom/jdom2/2.0.6.1/jdom2-2.0.6.1.jar
  #13 10.73 [INFO] Downloaded from central: https://repo.maven.apache.org/maven2/org/codehaus/plexus/plexus-utils/3.4.2/plexus-utils-3.4.2.jar (267 kB at 7.0 MB/s)
  #13 10.73 [INFO] Downloading from central: https://repo.maven.apache.org/maven2/org/apache/maven/shared/maven-dependency-tree/3.2.0/maven-dependency-tree-3.2.0.jar
  #13 10.73 [INFO] Downloaded from central: https://repo.maven.apache.org/maven2/org/ow2/asm/asm/9.4/asm-9.4.jar (122 kB at 3.1 MB/s)
  #13 10.73 [INFO] Downloading from central: https://repo.maven.apache.org/maven2/org/eclipse/aether/aether-util/1.0.0.v20140518/aether-util-1.0.0.v20140518.jar
  #13 10.74 [INFO] Downloaded from central: https://repo.maven.apache.org/maven2/org/ow2/asm/asm-tree/9.4/asm-tree-9.4.jar (53 kB at 1.2 MB/s)
  #13 10.74 [INFO] Downloading from central: https://repo.maven.apache.org/maven2/org/eclipse/aether/aether-api/1.0.0.v20140518/aether-api-1.0.0.v20140518.jar
  #13 10.74 [INFO] Downloaded from central: https://repo.maven.apache.org/maven2/org/ow2/asm/asm-commons/9.4/asm-commons-9.4.jar (73 kB at 1.5 MB/s)
  #13 10.74 [INFO] Downloading from central: https://repo.maven.apache.org/maven2/org/vafer/jdependency/2.8.0/jdependency-2.8.0.jar
  #13 10.74 [INFO] Downloaded from central: https://repo.maven.apache.org/maven2/org/apache/maven/shared/maven-dependency-tree/3.2.0/maven-dependency-tree-3.2.0.jar (41 kB at 835 kB/s)
  #13 10.74 [INFO] Downloading from central: https://repo.maven.apache.org/maven2/org/apache/commons/commons-collections4/4.2/commons-collections4-4.2.jar
  #13 10.74 [INFO] Downloaded from central: https://repo.maven.apache.org/maven2/org/eclipse/aether/aether-util/1.0.0.v20140518/aether-util-1.0.0.v20140518.jar (146 kB at 2.8 MB/s)
  #13 10.76 [INFO] Downloaded from central: https://repo.maven.apache.org/maven2/org/eclipse/aether/aether-api/1.0.0.v20140518/aether-api-1.0.0.v20140518.jar (136 kB at 2.2 MB/s)
  #13 10.76 [INFO] Downloaded from central: https://repo.maven.apache.org/maven2/org/vafer/jdependency/2.8.0/jdependency-2.8.0.jar (233 kB at 3.4 MB/s)
  #13 10.78 [INFO] Downloaded from central: https://repo.maven.apache.org/maven2/org/jdom/jdom2/2.0.6.1/jdom2-2.0.6.1.jar (328 kB at 3.7 MB/s)
  #13 10.83 [INFO] Downloaded from central: https://repo.maven.apache.org/maven2/org/apache/commons/commons-collections4/4.2/commons-collections4-4.2.jar (753 kB at 5.7 MB/s)
  #13 10.91 [INFO] Including junit:junit:jar:4.12 in the shaded jar.
  #13 10.91 [INFO] Including org.hamcrest:hamcrest-core:jar:1.3 in the shaded jar.
  #13 10.91 [INFO] Including com.github.javaparser:javaparser-core:jar:3.24.4 in the shaded jar.
  #13 10.91 [INFO] Including com.google.code.gson:gson:jar:2.10 in the shaded jar.
  #13 10.91 [INFO] Including org.jacoco:jacoco-maven-plugin:jar:0.8.8 in the shaded jar.
  #13 10.91 [INFO] Including org.codehaus.plexus:plexus-utils:jar:3.0.22 in the shaded jar.
  #13 10.91 [INFO] Including org.apache.maven.shared:file-management:jar:1.2.1 in the shaded jar.
  #13 10.91 [INFO] Including org.apache.maven:maven-plugin-api:jar:2.0.6 in the shaded jar.
  #13 10.91 [INFO] Including org.apache.maven.shared:maven-shared-io:jar:1.1 in the shaded jar.
  #13 10.91 [INFO] Including org.apache.maven:maven-artifact:jar:2.0.2 in the shaded jar.
  #13 10.91 [INFO] Including org.apache.maven:maven-artifact-manager:jar:2.0.2 in the shaded jar.
  #13 10.91 [INFO] Including org.apache.maven:maven-repository-metadata:jar:2.0.2 in the shaded jar.
  #13 10.91 [INFO] Including org.apache.maven.wagon:wagon-provider-api:jar:1.0-alpha-6 in the shaded jar.
  #13 10.91 [INFO] Including org.codehaus.plexus:plexus-container-default:jar:1.0-alpha-9 in the shaded jar.
  #13 10.91 [INFO] Including classworlds:classworlds:jar:1.1-alpha-2 in the shaded jar.
  #13 10.91 [INFO] Including org.apache.maven.reporting:maven-reporting-api:jar:3.0 in the shaded jar.
  #13 10.91 [INFO] Including org.apache.maven.doxia:doxia-sink-api:jar:1.0 in the shaded jar.
  #13 10.91 [INFO] Including org.jacoco:org.jacoco.agent:jar:runtime:0.8.8 in the shaded jar.
  #13 10.91 [INFO] Including org.jacoco:org.jacoco.core:jar:0.8.8 in the shaded jar.
  #13 10.91 [INFO] Including org.ow2.asm:asm:jar:9.2 in the shaded jar.
  #13 10.91 [INFO] Including org.ow2.asm:asm-commons:jar:9.2 in the shaded jar.
  #13 10.91 [INFO] Including org.ow2.asm:asm-analysis:jar:9.2 in the shaded jar.
  #13 10.91 [INFO] Including org.ow2.asm:asm-tree:jar:9.2 in the shaded jar.
  #13 10.91 [INFO] Including org.jacoco:org.jacoco.report:jar:0.8.8 in the shaded jar.
  #13 10.91 [INFO] Including org.apache.commons:commons-text:jar:1.10.0 in the shaded jar.
  #13 10.91 [INFO] Including org.apache.commons:commons-lang3:jar:3.12.0 in the shaded jar.
  #13 10.91 [INFO] Including com.thoughtworks.xstream:xstream:jar:1.4.20 in the shaded jar.
  #13 10.91 [INFO] Including io.github.x-stream:mxparser:jar:1.2.2 in the shaded jar.
  #13 10.91 [INFO] Including xmlpull:xmlpull:jar:1.1.3.1 in the shaded jar.
  #13 10.91 [INFO] Dependency-reduced POM written at: /home/itdocker/exli/java/raninline/dependency-reduced-pom.xml
  #13 11.23 [WARNING] Discovered module-info.class. Shading will break its strong encapsulation.
  #13 11.24 [WARNING] Discovered module-info.class. Shading will break its strong encapsulation.
  #13 11.24 [WARNING] Discovered module-info.class. Shading will break its strong encapsulation.
  #13 11.25 [WARNING] Discovered module-info.class. Shading will break its strong encapsulation.
  #13 11.38 [WARNING] asm-9.2.jar, asm-analysis-9.2.jar, asm-commons-9.2.jar, asm-tree-9.2.jar, classworlds-1.1-alpha-2.jar, commons-lang3-3.12.0.jar, commons-text-1.10.0.jar, doxia-sink-api-1.0.jar, file-management-1.2.1.jar, gson-2.10.jar, hamcrest-core-1.3.jar, jacoco-maven-plugin-0.8.8.jar, javaparser-core-3.24.4.jar, junit-4.12.jar, maven-artifact-2.0.2.jar, maven-artifact-manager-2.0.2.jar, maven-plugin-api-2.0.6.jar, maven-reporting-api-3.0.jar, maven-repository-metadata-2.0.2.jar, maven-shared-io-1.1.jar, mxparser-1.2.2.jar, org.jacoco.agent-0.8.8-runtime.jar, org.jacoco.core-0.8.8.jar, org.jacoco.report-0.8.8.jar, plexus-container-default-1.0-alpha-9.jar, plexus-utils-3.0.22.jar, raninline-1.0-SNAPSHOT.jar, wagon-provider-api-1.0-alpha-6.jar, xmlpull-1.1.3.1.jar, xstream-1.4.20.jar define 1 overlapping resource: 
  #13 11.38 [WARNING]   - META-INF/MANIFEST.MF
  #13 11.38 [WARNING] classworlds-1.1-alpha-2.jar, commons-lang3-3.12.0.jar, commons-text-1.10.0.jar, maven-plugin-api-2.0.6.jar define 1 overlapping resource: 
  #13 11.38 [WARNING]   - META-INF/LICENSE.txt
  #13 11.38 [WARNING] commons-lang3-3.12.0.jar, commons-text-1.10.0.jar, maven-plugin-api-2.0.6.jar define 1 overlapping resource: 
  #13 11.38 [WARNING]   - META-INF/NOTICE.txt
  #13 11.38 [WARNING] doxia-sink-api-1.0.jar, maven-reporting-api-3.0.jar define 1 overlapping resource: 
  #13 11.38 [WARNING]   - META-INF/DEPENDENCIES
  #13 11.38 [WARNING] doxia-sink-api-1.0.jar, file-management-1.2.1.jar, maven-reporting-api-3.0.jar, maven-shared-io-1.1.jar, mxparser-1.2.2.jar, plexus-utils-3.0.22.jar define 1 overlapping resource: 
  #13 11.38 [WARNING]   - META-INF/LICENSE
  #13 11.38 [WARNING] doxia-sink-api-1.0.jar, file-management-1.2.1.jar, maven-reporting-api-3.0.jar, maven-shared-io-1.1.jar, plexus-utils-3.0.22.jar define 1 overlapping resource: 
  #13 11.38 [WARNING]   - META-INF/NOTICE
  #13 11.38 [WARNING] org.jacoco.agent-0.8.8-runtime.jar, org.jacoco.core-0.8.8.jar define 2 overlapping resources: 
  #13 11.38 [WARNING]   - META-INF/maven/org.jacoco/org.jacoco.core/pom.properties
  #13 11.38 [WARNING]   - META-INF/maven/org.jacoco/org.jacoco.core/pom.xml
  #13 11.38 [WARNING] org.jacoco.agent-0.8.8-runtime.jar, org.jacoco.core-0.8.8.jar, org.jacoco.report-0.8.8.jar define 1 overlapping resource: 
  #13 11.38 [WARNING]   - about.html
  #13 11.38 [WARNING] maven-artifact-2.0.2.jar, maven-artifact-manager-2.0.2.jar, maven-shared-io-1.1.jar define 1 overlapping resource: 
  #13 11.38 [WARNING]   - META-INF/plexus/components.xml
  #13 11.38 [WARNING] maven-shade-plugin has detected that some class files are
  #13 11.38 [WARNING] present in two or more JARs. When this happens, only one
  #13 11.38 [WARNING] single version of the class is copied to the uber jar.
  #13 11.38 [WARNING] Usually this is not harmful and you can skip these warnings,
  #13 11.38 [WARNING] otherwise try to manually exclude artifacts based on
  #13 11.38 [WARNING] mvn dependency:tree -Ddetail=true and the above output.
  #13 11.38 [WARNING] See https://maven.apache.org/plugins/maven-shade-plugin/
  #13 11.38 [INFO] Replacing original artifact with shaded artifact.
  #13 11.38 [INFO] Replacing /home/itdocker/exli/java/raninline/target/raninline-1.0-SNAPSHOT.jar with /home/itdocker/exli/java/raninline/target/raninline-1.0-SNAPSHOT-shaded.jar
  #13 11.38 [INFO] 
  #13 11.38 [INFO] --- maven-install-plugin:3.0.1:install (default-install) @ raninline ---
  #13 11.40 [INFO] Installing /home/itdocker/exli/java/raninline/dependency-reduced-pom.xml to /home/itdocker/.m2/repository/org/raninline/raninline/1.0-SNAPSHOT/raninline-1.0-SNAPSHOT.pom
  #13 11.40 [INFO] Installing /home/itdocker/exli/java/raninline/target/raninline-1.0-SNAPSHOT.jar to /home/itdocker/.m2/repository/org/raninline/raninline/1.0-SNAPSHOT/raninline-1.0-SNAPSHOT.jar
  #13 11.41 [INFO] ------------------------------------------------------------------------
  #13 11.41 [INFO] BUILD SUCCESS
  #13 11.41 [INFO] ------------------------------------------------------------------------
  #13 11.41 [INFO] Total time:  10.407 s
  #13 11.41 [INFO] Finished at: 2025-08-28T21:39:19Z
  #13 11.41 [INFO] ------------------------------------------------------------------------
  #13 11.47 POM file java/jacoco-extension/pom.xml specified with the -f/--file command line argument does not exist
  #13 12.24 [INFO] Scanning for projects...
  #13 12.24 [ERROR] [ERROR] Some problems were encountered while processing the POMs:
  #13 12.24 [FATAL] Non-readable POM /home/itdocker/exli/java/jacoco-extension/pom.xml: /home/itdocker/exli/java/jacoco-extension/pom.xml (No such file or directory) @ 
  #13 12.24  @ 
  #13 12.24 [ERROR] The build could not read 1 project -> [Help 1]
  #13 12.24 [ERROR]   
  #13 12.24 [ERROR]   The project  (/home/itdocker/exli/java/jacoco-extension/pom.xml) has 1 error
  #13 12.24 [ERROR]     Non-readable POM /home/itdocker/exli/java/jacoco-extension/pom.xml: /home/itdocker/exli/java/jacoco-extension/pom.xml (No such file or directory)
  #13 12.24 [ERROR] 
  #13 12.24 [ERROR] To see the full stack trace of the errors, re-run Maven with the -e switch.
  #13 12.24 [ERROR] Re-run Maven using the -X switch to enable full debug logging.
  #13 12.24 [ERROR] 
  #13 12.24 [ERROR] For more information about the errors and possible solutions, please read the following articles:
  #13 12.24 [ERROR] [Help 1] http://cwiki.apache.org/confluence/display/MAVEN/ProjectBuildingException
  #13 ERROR: process "/bin/bash -c source \"/home/itdocker/.sdkman/bin/sdkman-init.sh\" &&     mvn --batch-mode -f java/raninline/pom.xml clean install &&     mvn --batch-mode -f java/jacoco-extension/pom.xml clean install" did not complete successfully: exit code: 1
  ------
   > [ 9/12] RUN source "/home/itdocker/.sdkman/bin/sdkman-init.sh" &&     mvn --batch-mode -f java/raninline/pom.xml clean install &&     mvn --batch-mode -f java/jacoco-extension/pom.xml clean install:
  12.24 [ERROR] The build could not read 1 project -> [Help 1]
  12.24 [ERROR]   
  12.24 [ERROR]   The project  (/home/itdocker/exli/java/jacoco-extension/pom.xml) has 1 error
  12.24 [ERROR]     Non-readable POM /home/itdocker/exli/java/jacoco-extension/pom.xml: /home/itdocker/exli/java/jacoco-extension/pom.xml (No such file or directory)
  12.24 [ERROR] 
  12.24 [ERROR] To see the full stack trace of the errors, re-run Maven with the -e switch.
  12.24 [ERROR] Re-run Maven using the -X switch to enable full debug logging.
  12.24 [ERROR] 
  12.24 [ERROR] For more information about the errors and possible solutions, please read the following articles:
  12.24 [ERROR] [Help 1] http://cwiki.apache.org/confluence/display/MAVEN/ProjectBuildingException
  ------
   [33m2 warnings found (use docker --debug to expand):
  [0m - LegacyKeyValueFormat: "ENV key=value" should be used instead of legacy "ENV key value" format (line 25)
   - LegacyKeyValueFormat: "ENV key=value" should be used instead of legacy "ENV key value" format (line 26)
  envgym.dockerfile:42
  --------------------
    41 |     # This replicates the action of the 'java/install.sh' script.
    42 | >>> RUN source "/home/itdocker/.sdkman/bin/sdkman-init.sh" && \
    43 | >>>     mvn --batch-mode -f java/raninline/pom.xml clean install && \
    44 | >>>     mvn --batch-mode -f java/jacoco-extension/pom.xml clean install
    45 |     
  --------------------
  ERROR: failed to solve: process "/bin/bash -c source \"/home/itdocker/.sdkman/bin/sdkman-init.sh\" &&     mvn --batch-mode -f java/raninline/pom.xml clean install &&     mvn --batch-mode -f java/jacoco-extension/pom.xml clean install" did not complete successfully: exit code: 1
  === Runtime Log ===  
  Runtime Status: Failed
  Runtime Output:
  Runtime Error:
  === Execution End ===
DOCKERFILE:
  FROM continuumio/miniconda3:latest
  SHELL ["/bin/bash", "-c"]
  # Install system-level dependencies required for git, SDKMAN!, and project builds
  RUN apt-get update && apt-get install -y --no-install-recommends \
      git \
      curl \
      unzip \
      zip \
      procps \
      && apt-get clean && rm -rf /var/lib/apt/lists/*
  # Create a non-root user 'itdocker' for better security practices
  RUN useradd --create-home --shell /bin/bash itdocker
  # Switch to the new user
  USER itdocker
  WORKDIR /home/itdocker
  # Install SDKMAN! for managing Java and Maven versions
  RUN curl -s "https://get.sdkman.io" | bash
  # Define Java and Maven versions as environment variables for clarity
  ENV JAVA_VERSION 8.0.302-open
  ENV MAVEN_VERSION 3.8.6
  # Install the required Java and Maven versions using SDKMAN!
  # Sourcing the init script makes the 'sdk' command available in the same RUN layer.
  RUN source "/home/itdocker/.sdkman/bin/sdkman-init.sh" && \
      sdk install java ${JAVA_VERSION} && \
      sdk install maven ${MAVEN_VERSION}
  # Copy the entire project context into the container
  COPY --chown=itdocker:itdocker . /home/itdocker/exli
  # Set the working directory to the project root
  WORKDIR /home/itdocker/exli
  # Build the Java components using Maven
  # This replicates the action of the 'java/install.sh' script.
  RUN source "/home/itdocker/.sdkman/bin/sdkman-init.sh" && \
      mvn --batch-mode -f java/raninline/pom.xml clean install && \
      mvn --batch-mode -f java/jacoco-extension/pom.xml clean install
  # Install the custom Jacoco Maven extension to the SDKMAN-managed Maven installation
  RUN source "/home/itdocker/.sdkman/bin/sdkman-init.sh" && \
      MAVEN_HOME=$(sdk home maven ${MAVEN_VERSION}) && \
      cp java/jacoco-extension/target/jacoco-extension-*.jar ${MAVEN_HOME}/lib/ext/
  # Create the Conda environment and install Python packages
  # This uses the project's provided scripts to ensure dependency consistency.
  RUN cd python && \
      bash prepare-conda-env.sh && \
      conda run -n exli pip install -e ".[dev,research]"
  # Configure the user's shell to automatically activate the 'exli' conda environment upon login
  # This makes the container "ready to use" as requested.
  RUN echo "conda activate exli" >> /home/itdocker/.bashrc
  # Set the default command to launch an interactive bash shell in the project root
  CMD ["/bin/bash"]
--- End of Iteration 1 ---

=== Iteration 2 - [2025-08-28 21:40:14] ===
PLAN:
  === ENVIRONMENT SETUP PLAN ===
  1.  DOWNLOADS NEEDED:
      *   **For Both Workflows:**
          *   ExLi Project Source Code: The complete project repository, which includes `java/raninline/pom.xml`, `java/jacoco-extension/pom.xml`, and `poms/logback.xml`.
          *   (Optional but Recommended) ExLi Pre-generated Data (`exlidata`): A separate Git repository containing pre-generated test data. Highly recommended to skip the multi-day test generation process.
      *   **For Reproduction Workflow (Recommended):**
          *   Docker: Docker Desktop (for Windows/macOS) or Docker Engine (for Linux). The provided Docker version 28.1.1 is fully compatible.
          *   All other dependencies (Conda, Python, Java 8, Maven, ITest, etc.) are automatically managed within the Docker environment.
      *   **For Local Development Workflow (Alternative):**
          *   Conda: Anaconda or Miniconda. Required for managing the Python environment.
          *   Git: For cloning the repositories.
          *   SDKMAN!: A command-line tool for managing parallel versions of multiple Software Development Kits, including Java and Maven.
          *   The `java/install.sh` script will use SDKMAN! to install the required Java version (`8.0.302-open`) and Maven version (`3.8.6`). This is consistent with the Java 8 target and dependencies specified in the project's `pom.xml` files.
          *   Python >= 3.7 is required. The setup scripts will manage the specific version and dependencies.
          *   Key Python dependencies (managed by setup scripts): `seutil`, `xmltodict`, `tqdm`, `universalmutator`, and others for development/research like `pandas`, `seaborn`, and `black`.
          *   Java dependencies (managed automatically by Maven via `pom.xml` files): `javaparser-core`, `gson`, `jacoco`, `commons-text`, `xstream`, `maven-core`, `plexus-component-annotations`, `slf4j-api`, `logback-classic`, and JUnit for testing. These do not require manual download.
  2.  FILES TO CREATE:
      *   **Files to Manually Create:** None. All necessary scripts and configuration files are included in the project repository.
      *   **Key Configuration Files Provided in the Repository:**
          *   `reproduce.sh`, `prepare-conda-env.sh`, `java/install.sh`, `python/setup.py`: Core scripts for setting up and running the tool.
          *   `java/.../pom.xml`: Maven project files that define Java dependencies and build configurations.
          *   `poms/logback.xml`: A configuration file for the Logback logging framework. It is configured by default to show only `ERROR` level messages on the console to keep the output clean. More detailed logs are saved to files specified at runtime.
      *   **Files/Directories Generated by the Workflow:** The setup and execution process will generate several directories and files within your working directory (`/home/cc/EnvGym/data/exli`). These are intentionally excluded from version control. Key generated locations include:
          *   `/home/cc/EnvGym/data/exli/target/`: Contains compiled Java artifacts (`.jar` files) after running the Maven build scripts.
          *   `/home/cc/EnvGym/data/exli/log/`: Contains detailed logs from the tool's execution. The level of detail in these files is typically higher than the console output.
          *   `/home/cc/EnvGym/data/exli/results/`: Stores structured output data, such as identified target statements and reports.
          *   `/home/cc/EnvGym/data/exli/all-tests/`, `/home/cc/EnvGym/data/exli/all-inline-tests/`, `/home/cc/EnvGym/data/exli/generated-tests/`: Directories where the generated test suites are saved.
          *   `__pycache__/`, `*.egg-info/`: Standard Python cache and build directories.
          *   `jacoco.exec`: JaCoCo coverage report files generated during testing.
  3.  NECESSARY TEST CASES IN THE CODEBASE:
      *   None. The user is not required to write any test cases for the ExLi tool itself. The setup plan focuses on configuring the environment to *use* the tool to generate tests for other Java projects.
  4.  COMPLETE TODO LIST:
      *   This guide provides two distinct workflows. The Docker workflow is recommended for exact reproduction of paper results. The Local Conda workflow is for users who wish to develop or modify the ExLi tool directly on their host machine.
  ---
  ### **Workflow A: Full Reproduction using Docker (Recommended)**
  ---
  -   **Step 1: Verify Docker Installation and Service**
      *   Action: Confirm that Docker is installed and the service is running. The provided version 28.1.1 is fully supported.
      *   Verification: Open a terminal and run `docker --version`. You should see the Docker version information. Run `docker info` to ensure the service/daemon is active.
  -   **Step 2: Clone the ExLi Project Repository**
      *   Action: Ensure the project repository is cloned into the specified working directory `/home/cc/EnvGym/data/exli`. All subsequent host-side commands should be run from this directory.
      *   Command: `git clone [PROJECT_GIT_URL] /home/cc/EnvGym/data/exli` (Replace `[PROJECT_GIT_URL]` with the actual Git URL) followed by `cd /home/cc/EnvGym/data/exli`.
      *   Verification: Your current working directory should be `/home/cc/EnvGym/data/exli`.
  -   **Step 3: (Optional) Download Pre-generated Data for Full Reproduction**
      *   Action: From the project root (`/home/cc/EnvGym/data/exli`), clone the pre-generated data repository. This data will be used by the `reproduce.sh` script to avoid a multi-day test generation process.
      *   Command: `git clone https://pipiyu@bitbucket.org/sedata/exlidata.git`
      *   Verification: A directory named `exlidata` should now exist at `/home/cc/EnvGym/data/exli/exlidata`.
  -   **Step 4: Build the Docker Image**
      *   Action: From the project root (`/home/cc/EnvGym/data/exli`), build the Docker image. This process reads the `Dockerfile`, installs all dependencies, and builds the Java components. The `x86_64` architecture is fully supported, and this CPU-based process does not require a GPU.
      *   Command: `docker build -t exli .`
      *   Verification: After the build completes successfully, run `docker images`. You should see an image named `exli` in the list.
  -   **Step 5: Run the Docker Container**
      *   Action: Start an interactive session inside the newly created Docker container. This will log you in as the `itdocker` user.
      *   Command: `docker run -it exli`
      *   Verification: Your terminal prompt should change, indicating you are now inside the container (e.g., `itdocker@<container_id>:~$`).
  -   **Step 6: Activate the Conda Environment**
      *   Action: The `exli` Conda environment was created during the image build process. You only need to activate it.
      *   Command (inside the container): `conda activate exli`
      *   Verification: Your terminal prompt should now be prefixed with `(exli)`, for example: `(exli) itdocker@<container_id>:~$`.
  -   **Step 7: Navigate to the ExLi Python Directory**
      *   Action: The ExLi project was cloned into `/home/itdocker/exli` during the build. Navigate to the python scripts directory to run commands.
      *   Command (inside the container): `cd /home/itdocker/exli/python`
      *   Verification: Run `pwd`. The output should be `/home/itdocker/exli/python`.
  -   **Step 8: Execute a Task**
      *   At this point, the environment is ready. You can either perform a quick verification run or launch the full experiment reproduction. Note that console output is minimal by default (ERROR level only). For detailed progress, inspect the log file specified by the `--log_path` argument.
      *   **Option A: Quick Verification Run**
          *   Action: Execute the main commands for a single example project to confirm the tool is working correctly.
          *   Command 1 (Find target statements): `python -m exli.main find_target_stmts --project_name=Bernardo-MG_velocity-config-tool --sha=26226f5 --target_stmts_path=${HOME}/exli/results/target-stmt/Bernardo-MG_velocity-config-tool-26226f5.txt`
          *   Verification 1: `ls -l ${HOME}/exli/results/target-stmt/Bernardo-MG_velocity-config-tool-26226f5.txt` (This should list the file).
          *   Command 2 (Generate tests): `python -m exli.main run --project_name=Bernardo-MG_velocity-config-tool --sha=26226f5 --randoop=True --randoop_tl=100 --dev=True --evosuite=True --evosuite_tl=120 --seed=42 --log_path=${HOME}/exli/log/raninline.log`
          *   Verification 2: Check that the output directory and log file were created: `ls -d ${HOME}/exli/all-tests/Bernardo-MG_velocity-config-tool-26226f5` and `ls -l ${HOME}/exli/log/raninline.log`.
      *   **Option B: Full Experiment Reproduction**
          *   Action: Run the main reproduction script to replicate the results from the paper.
          *   Command (inside the container): `bash reproduce.sh`
          *   Verification: Monitor the script's output for progress through its multiple stages. Detailed logs will be generated within the `log/` directory.
  ---
  ### **Workflow B: Local Development Setup using Conda (Alternative)**
  ---
  -   **Step 1: Install Prerequisites**
      *   Action: Install Conda (Miniconda or Anaconda), Git, and SDKMAN! on your host machine.
      *   Verification: Run `conda --version`, `git --version`, and `sdk version` in your terminal to confirm they are installed and available in your system's PATH.
  -   **Step 2: Clone the ExLi Project Repository**
      *   Action: Ensure the project repository is cloned into the specified working directory `/home/cc/EnvGym/data/exli`. All subsequent host-side commands should be run from this directory.
      *   Command: `git clone [PROJECT_GIT_URL] /home/cc/EnvGym/data/exli` (Replace `[PROJECT_GIT_URL]` with the actual Git URL) followed by `cd /home/cc/EnvGym/data/exli`.
      *   Verification: Your current working directory should be `/home/cc/EnvGym/data/exli`.
  -   **Step 3: (Optional) Download Pre-generated Data**
      *   Action: From the project root (`/home/cc/EnvGym/data/exli`), clone the pre-generated data repository.
      *   Command: `git clone https://pipiyu@bitbucket.org/sedata/exlidata.git`
      *   Verification: A directory named `exlidata` should exist at `/home/cc/EnvGym/data/exli/exlidata`.
  -   **Step 4: Install, Build, and Configure Java Components**
      *   **4.1. Install Java/Maven and Build Projects**
          *   Action: From the project root (`/home/cc/EnvGym/data/exli`), run the provided script to automatically download the correct Java and Maven versions and build the Java projects.
          *   Command: `bash java/install.sh`
          *   Verification: The script should complete successfully. Confirm the JAR files exist: `ls java/raninline/target/raninline-*.jar` and `ls java/jacoco-extension/target/jacoco-extension-*.jar`.
      *   **4.2. Install the Jacoco Maven Extension**
          *   Action: Copy the `jacoco-extension` JAR into your SDKMAN-managed Maven installation's extension directory. This enables automatic test coverage collection.
          *   Command: `cp java/jacoco-extension/target/jacoco-extension-*.jar $(sdk home maven 3.8.6)/lib/ext/`
          *   Verification: Check that the file was copied successfully: `ls $(sdk home maven 3.8.6)/lib/ext/jacoco-extension-*.jar`.
          *   **Note:** This extension will now run on *every* `mvn test` command using this Maven installation. If you need to disable it, you must manually remove the JAR file from the `lib/ext` directory.
  -   **Step 5: Create Conda Environment and Install Python Package**
      *   Action: Use the provided script to create a dedicated Conda environment. Then, install the `exli` Python package in editable mode with all dependencies.
      *   Command 1 (Navigate to Python directory): `cd python`
      *   Command 2 (Create environment): `bash prepare-conda-env.sh` (You can optionally pass a Python version, e.g., `bash prepare-conda-env.sh 3.9`)
      *   Command 3 (Install package): After the environment is activated by the script, run `pip install -e .[dev,research]`
      *   Verification 1: The script should complete without errors, and your terminal prompt should be prefixed with `(exli)`, indicating the environment is active.
      *   Verification 2: Run `pip list | grep exli-research`. You should see the `exli-research` package listed.
  -   **Step 6: Execute a Task**
      *   At this point, the local environment is ready. You can run a quick verification. Ensure the `exli` conda environment is active.
      *   **Quick Verification Run**
          *   Action: From the `/home/cc/EnvGym/data/exli/python/` directory, execute the main commands for a single project. The paths below are absolute to prevent errors.
          *   Command 1 (Find target statements): `python -m exli.main find_target_stmts --project_name=Bernardo-MG_velocity-config-tool --sha=26226f5 --target_stmts_path=/home/cc/EnvGym/data/exli/results/target-stmt/Bernardo-MG_velocity-config-tool-26226f5.txt`
          *   Verification 1: `ls -l /home/cc/EnvGym/data/exli/results/target-stmt/Bernardo-MG_velocity-config-tool-26226f5.txt` (This should list the file).
          *   Command 2 (Generate tests): `python -m exli.main run --project_name=Bernardo-MG_velocity-config-tool --sha=26226f5 --randoop=True --randoop_tl=100 --dev=True --evosuite=True --evosuite_tl=120 --seed=42 --log_path=/home/cc/EnvGym/data/exli/log/raninline.log`
          *   Verification 2: Check that the output directory and log file were created: `ls -d /home/cc/EnvGym/data/exli/all-tests/Bernardo-MG_velocity-config-tool-26226f5` and `ls -l /home/cc/EnvGym/data/exli/log/raninline.log`.
      *   **Developer Tip: Adjusting Log Verbosity**
          *   The console output is minimal by default. For debugging, you may want more detailed logs.
          *   Action: Open `/home/cc/EnvGym/data/exli/poms/logback.xml` and change `<root level="ERROR">` to `<root level="INFO">` or `<root level="DEBUG">`.
          *   You do not need to rebuild the Java projects; changes to this resource file will be picked up on the next run.
      *   **Note on Full Reproduction:** The `reproduce.sh` script is written with the Docker environment's file structure in mind. Running it outside of Docker may require modifying its internal paths.
  -   **Conclusion: Environment Setup Complete**
      *   The environment is now configured. You can proceed to run experiments or develop the tool.
NEXT:
  current progress
  The Dockerfile has successfully configured the base environment. It starts from a Miniconda image, installs system-level dependencies (git, curl), creates a non-root user, and uses SDKMAN! to install the specified Java (8.0.302-open) and Maven (3.8.6) versions. The project source code is also correctly copied into the image at `/home/itdocker/exli`.
  next step
  Uncomment and enable the remaining `RUN` commands in the Dockerfile to complete the image setup. These commands will:
  1.  Build the `raninline` and `jacoco-extension` Java components using Maven.
  2.  Install the custom Jacoco Maven extension into the correct `lib/ext` directory.
  3.  Execute the provided scripts to create the `exli` Conda environment and install all required Python packages.
  4.  Configure the user's `.bashrc` to automatically activate the `exli` Conda environment on login.
STATUS:
  SUCCESS
LOG:
  === Docker Execution Log - 20250828_213958 ===
  Dockerfile: envgym/envgym.dockerfile
  Image Name: envgym_test_1756417195
  === Build Log ===
  Build Status: Success
  Build Output:
  Build Error:
  #0 building with "default" instance using docker driver
  #1 [internal] load build definition from envgym.dockerfile
  #1 transferring dockerfile: 2.40kB done
  #1 DONE 0.0s
  #2 [internal] load metadata for docker.io/continuumio/miniconda3:latest
  #2 DONE 0.2s
  #3 [internal] load .dockerignore
  #3 transferring context: 2B done
  #3 DONE 0.0s
  #4 [1/8] FROM docker.io/continuumio/miniconda3:latest@sha256:4a2425c3ca891633e5a27280120f3fb6d5960a0f509b7594632cdd5bb8cbaea8
  #4 DONE 0.0s
  #5 [internal] load build context
  #5 transferring context: 519.78kB 0.0s done
  #5 DONE 0.0s
  #6 [4/8] WORKDIR /home/itdocker
  #6 CACHED
  #7 [5/8] RUN curl -s "https://get.sdkman.io" | bash
  #7 CACHED
  #8 [2/8] RUN apt-get update && apt-get install -y --no-install-recommends     git     curl     unzip     zip     procps     && apt-get clean && rm -rf /var/lib/apt/lists/*
  #8 CACHED
  #9 [3/8] RUN useradd --create-home --shell /bin/bash itdocker
  #9 CACHED
  #10 [6/8] RUN source "/home/itdocker/.sdkman/bin/sdkman-init.sh" &&     sdk install java 8.0.302-open &&     sdk install maven 3.8.6
  #10 CACHED
  #11 [7/8] COPY --chown=itdocker:itdocker . /home/itdocker/exli
  #11 DONE 0.5s
  #12 [8/8] WORKDIR /home/itdocker/exli
  #12 DONE 0.0s
  #13 exporting to image
  #13 exporting layers
  #13 exporting layers 1.6s done
  #13 writing image sha256:aab3e6d2971df3e4c0454c1ca8ef51715b0878e88234388e1b45e96e6e9c897c done
  #13 naming to docker.io/library/envgym_test_1756417195 done
  #13 DONE 1.6s
  === Runtime Log ===  
  Runtime Status: Success
  Runtime Output:
  Runtime Error:
  === Execution End ===
DOCKERFILE:
  FROM continuumio/miniconda3:latest
  SHELL ["/bin/bash", "-c"]
  # Install system-level dependencies required for git, SDKMAN!, and project builds
  RUN apt-get update && apt-get install -y --no-install-recommends \
      git \
      curl \
      unzip \
      zip \
      procps \
      && apt-get clean && rm -rf /var/lib/apt/lists/*
  # Create a non-root user 'itdocker' for better security practices
  RUN useradd --create-home --shell /bin/bash itdocker
  # Switch to the new user
  USER itdocker
  WORKDIR /home/itdocker
  # Install SDKMAN! for managing Java and Maven versions
  RUN curl -s "https://get.sdkman.io" | bash
  # Define Java and Maven versions as environment variables for clarity
  ENV JAVA_VERSION 8.0.302-open
  ENV MAVEN_VERSION 3.8.6
  # Install the required Java and Maven versions using SDKMAN!
  # Sourcing the init script makes the 'sdk' command available in the same RUN layer.
  RUN source "/home/itdocker/.sdkman/bin/sdkman-init.sh" && \
      sdk install java ${JAVA_VERSION} && \
      sdk install maven ${MAVEN_VERSION}
  # Copy the entire project context into the container
  COPY --chown=itdocker:itdocker . /home/itdocker/exli
  # Set the working directory to the project root
  WORKDIR /home/itdocker/exli
  # Build the Java components using Maven
  # This replicates the action of the 'java/install.sh' script.
  # RUN source "/home/itdocker/.sdkman/bin/sdkman-init.sh" && \
  #     mvn --batch-mode -f java/raninline/pom.xml clean install && \
  #     mvn --batch-mode -f java/jacoco-extension/pom.xml clean install
  # Install the custom Jacoco Maven extension to the SDKMAN-managed Maven installation
  # RUN source "/home/itdocker/.sdkman/bin/sdkman-init.sh" && \
  #     MAVEN_HOME=$(sdk home maven ${MAVEN_VERSION}) && \
  #     cp java/jacoco-extension/target/jacoco-extension-*.jar ${MAVEN_HOME}/lib/ext/
  # Create the Conda environment and install Python packages
  # This uses the project's provided scripts to ensure dependency consistency.
  # RUN cd python && \
  #     bash prepare-conda-env.sh && \
  #     conda run -n exli pip install -e ".[dev,research]"
  # Configure the user's shell to automatically activate the 'exli' conda environment upon login
  # This makes the container "ready to use" as requested.
  # RUN echo "conda activate exli" >> /home/itdocker/.bashrc
  # Set the default command to launch an interactive bash shell in the project root
  CMD ["/bin/bash"]
--- End of Iteration 2 ---

