=== Docker Execution Log - 20250828_114313 ===
Dockerfile: envgym/envgym.dockerfile
Image Name: envgym_test_1756380863

=== Build Log ===
Build Status: Success
Build Output:


Build Error:
#0 building with "default" instance using docker driver

#1 [internal] load build definition from envgym.dockerfile
#1 transferring dockerfile: 1.75kB done
#1 DONE 0.0s

#2 [internal] load metadata for docker.io/library/ubuntu:22.04
#2 DONE 0.1s

#3 [internal] load .dockerignore
#3 transferring context: 2B done
#3 DONE 0.0s

#4 [ 1/14] FROM docker.io/library/ubuntu:22.04@sha256:1aa979d85661c488ce030ac292876cf6ed04535d3a237e49f61542d8e5de5ae0
#4 DONE 0.0s

#5 [ 2/14] RUN apt-get update &&     apt-get install -y --no-install-recommends     build-essential     cmake     clang     clang-tidy     clang-format     lldb     git     wget     python3     python3-pip     python3-setuptools     libc++-dev     libc++abi-dev     ninja-build     pkg-config     curl     unzip     libpthread-stubs0-dev     && rm -rf /var/lib/apt/lists/*
#5 CACHED

#6 [ 3/14] RUN pip3 install --upgrade pip &&     pip3 install conan
#6 CACHED

#7 [ 4/14] WORKDIR /root
#7 CACHED

#8 [ 5/14] RUN git clone https://github.com/nlohmann/json.git &&     cd json &&     git checkout v3.12.0
#8 CACHED

#9 [ 6/14] WORKDIR /root/json
#9 CACHED

#10 [ 7/14] RUN mkdir -p tests/thirdparty/Fuzzer &&     mkdir -p tests/corpus_json &&     mkdir -p tests/corpus_bjdata &&     mkdir -p tests/corpus_bson &&     mkdir -p tests/corpus_cbor &&     mkdir -p tests/corpus_msgpack &&     mkdir -p tests/corpus_ubjson &&     mkdir -p tests/thirdparty/doctest &&     mkdir -p tests/thirdparty/fifo_map
#10 DONE 0.2s

#11 [ 8/14] RUN wget https://raw.githubusercontent.com/llvm/llvm-project/main/compiler-rt/lib/fuzzer/README.txt -P tests/thirdparty/Fuzzer &&     wget https://raw.githubusercontent.com/doctest/doctest/v2.4.9/doctest/doctest.h -P tests/thirdparty/doctest &&     wget https://raw.githubusercontent.com/nlohmann/fifo_map/master/src/fifo_map.hpp -P tests/thirdparty/fifo_map
#11 0.273 --2025-08-28 11:34:24--  https://raw.githubusercontent.com/llvm/llvm-project/main/compiler-rt/lib/fuzzer/README.txt
#11 0.281 Resolving raw.githubusercontent.com (raw.githubusercontent.com)... 185.199.111.133, 185.199.109.133, 185.199.108.133, ...
#11 0.283 Connecting to raw.githubusercontent.com (raw.githubusercontent.com)|185.199.111.133|:443... connected.
#11 0.293 HTTP request sent, awaiting response... 200 OK
#11 0.299 Length: 40 [text/plain]
#11 0.300 Saving to: 'tests/thirdparty/Fuzzer/README.txt.1'
#11 0.300 
#11 0.300      0K                                                       100% 3.28M=0s
#11 0.300 
#11 0.300 2025-08-28 11:34:24 (3.28 MB/s) - 'tests/thirdparty/Fuzzer/README.txt.1' saved [40/40]
#11 0.300 
#11 0.304 --2025-08-28 11:34:24--  https://raw.githubusercontent.com/doctest/doctest/v2.4.9/doctest/doctest.h
#11 0.311 Resolving raw.githubusercontent.com (raw.githubusercontent.com)... 185.199.109.133, 185.199.108.133, 185.199.111.133, ...
#11 0.313 Connecting to raw.githubusercontent.com (raw.githubusercontent.com)|185.199.109.133|:443... connected.
#11 0.324 HTTP request sent, awaiting response... 200 OK
#11 0.332 Length: 318437 (311K) [text/plain]
#11 0.332 Saving to: 'tests/thirdparty/doctest/doctest.h.1'
#11 0.332 
#11 0.332      0K .......... .......... .......... .......... .......... 16% 17.3M 0s
#11 0.334     50K .......... .......... .......... .......... .......... 32% 18.0M 0s
#11 0.337    100K .......... .......... .......... .......... .......... 48%  161M 0s
#11 0.337    150K .......... .......... .......... .......... .......... 64% 74.2M 0s
#11 0.338    200K .......... .......... .......... .......... .......... 80% 26.2M 0s
#11 0.340    250K .......... .......... .......... .......... .......... 96%  177M 0s
#11 0.340    300K ..........                                            100%  158M=0.009s
#11 0.340 
#11 0.340 2025-08-28 11:34:24 (34.9 MB/s) - 'tests/thirdparty/doctest/doctest.h.1' saved [318437/318437]
#11 0.340 
#11 0.345 --2025-08-28 11:34:24--  https://raw.githubusercontent.com/nlohmann/fifo_map/master/src/fifo_map.hpp
#11 0.351 Resolving raw.githubusercontent.com (raw.githubusercontent.com)... 185.199.110.133, 185.199.111.133, 185.199.109.133, ...
#11 0.353 Connecting to raw.githubusercontent.com (raw.githubusercontent.com)|185.199.110.133|:443... connected.
#11 0.363 HTTP request sent, awaiting response... 200 OK
#11 0.369 Length: 13389 (13K) [text/plain]
#11 0.369 Saving to: 'tests/thirdparty/fifo_map/fifo_map.hpp.1'
#11 0.369 
#11 0.369      0K .......... ...                                        100% 73.7M=0s
#11 0.369 
#11 0.369 2025-08-28 11:34:24 (73.7 MB/s) - 'tests/thirdparty/fifo_map/fifo_map.hpp.1' saved [13389/13389]
#11 0.369 
#11 DONE 0.4s

#12 [ 9/14] RUN wget https://github.com/bazelbuild/bazelisk/releases/download/v1.18.0/bazelisk-linux-amd64 -O /usr/local/bin/bazel &&     chmod +x /usr/local/bin/bazel
#12 0.259 --2025-08-28 11:34:24--  https://github.com/bazelbuild/bazelisk/releases/download/v1.18.0/bazelisk-linux-amd64
#12 0.264 Resolving github.com (github.com)... 140.82.112.4
#12 0.266 Connecting to github.com (github.com)|140.82.112.4|:443... connected.
#12 0.309 HTTP request sent, awaiting response... 302 Found
#12 0.342 Location: https://release-assets.githubusercontent.com/github-production-release-asset/149661467/c67fd62e-5487-40a1-be51-969618ae6e4c?sp=r&sv=2018-11-09&sr=b&spr=https&se=2025-08-28T12%3A23%3A30Z&rscd=attachment%3B+filename%3Dbazelisk-linux-amd64&rsct=application%2Foctet-stream&skoid=96c2d410-5711-43a1-aedd-ab1947aa7ab0&sktid=398a6654-997b-47e9-b12b-9515b896b4de&skt=2025-08-28T11%3A22%3A59Z&ske=2025-08-28T12%3A23%3A30Z&sks=b&skv=2018-11-09&sig=H5Jh1N0JxTYz3fU%2FZlrgO6sEe8subCU%2FLa6YmG24HbM%3D&jwt=eyJ0eXAiOiJKV1QiLCJhbGciOiJIUzI1NiJ9.eyJpc3MiOiJnaXRodWIuY29tIiwiYXVkIjoicmVsZWFzZS1hc3NldHMuZ2l0aHVidXNlcmNvbnRlbnQuY29tIiwia2V5Ijoia2V5MSIsImV4cCI6MTc1NjM4MTEwNSwibmJmIjoxNzU2MzgwODA1LCJwYXRoIjoicmVsZWFzZWFzc2V0cHJvZHVjdGlvbi5ibG9iLmNvcmUud2luZG93cy5uZXQifQ.aveGQtZRXzn6ryNMPfusK9IgfjXpvjJaYNPt56b8sEM&response-content-disposition=attachment%3B%20filename%3Dbazelisk-linux-amd64&response-content-type=application%2Foctet-stream [following]
#12 0.342 --2025-08-28 11:34:24--  https://release-assets.githubusercontent.com/github-production-release-asset/149661467/c67fd62e-5487-40a1-be51-969618ae6e4c?sp=r&sv=2018-11-09&sr=b&spr=https&se=2025-08-28T12%3A23%3A30Z&rscd=attachment%3B+filename%3Dbazelisk-linux-amd64&rsct=application%2Foctet-stream&skoid=96c2d410-5711-43a1-aedd-ab1947aa7ab0&sktid=398a6654-997b-47e9-b12b-9515b896b4de&skt=2025-08-28T11%3A22%3A59Z&ske=2025-08-28T12%3A23%3A30Z&sks=b&skv=2018-11-09&sig=H5Jh1N0JxTYz3fU%2FZlrgO6sEe8subCU%2FLa6YmG24HbM%3D&jwt=eyJ0eXAiOiJKV1QiLCJhbGciOiJIUzI1NiJ9.eyJpc3MiOiJnaXRodWIuY29tIiwiYXVkIjoicmVsZWFzZS1hc3NldHMuZ2l0aHVidXNlcmNvbnRlbnQuY29tIiwia2V5Ijoia2V5MSIsImV4cCI6MTc1NjM4MTEwNSwibmJmIjoxNzU2MzgwODA1LCJwYXRoIjoicmVsZWFzZWFzc2V0cHJvZHVjdGlvbi5ibG9iLmNvcmUud2luZG93cy5uZXQifQ.aveGQtZRXzn6ryNMPfusK9IgfjXpvjJaYNPt56b8sEM&response-content-disposition=attachment%3B%20filename%3Dbazelisk-linux-amd64&response-content-type=application%2Foctet-stream
#12 0.342 Resolving release-assets.githubusercontent.com (release-assets.githubusercontent.com)... 185.199.108.133, 185.199.111.133, 185.199.109.133, ...
#12 0.345 Connecting to release-assets.githubusercontent.com (release-assets.githubusercontent.com)|185.199.108.133|:443... connected.
#12 0.358 HTTP request sent, awaiting response... 200 OK
#12 0.364 Length: 5226496 (5.0M) [application/octet-stream]
#12 0.364 Saving to: '/usr/local/bin/bazel'
#12 0.364 
#12 0.364      0K .......... .......... .......... .......... ..........  0% 17.9M 0s
#12 0.367     50K .......... .......... .......... .......... ..........  1% 19.1M 0s
#12 0.370    100K .......... .......... .......... .......... ..........  2% 17.0M 0s
#12 0.372    150K .......... .......... .......... .......... ..........  3% 99.4M 0s
#12 0.373    200K .......... .......... .......... .......... ..........  4%  179M 0s
#12 0.373    250K .......... .......... .......... .......... ..........  5% 24.6M 0s
#12 0.375    300K .......... .......... .......... .......... ..........  6%  133M 0s
#12 0.376    350K .......... .......... .......... .......... ..........  7%  142M 0s
#12 0.376    400K .......... .......... .......... .......... ..........  8%  161M 0s
#12 0.376    450K .......... .......... .......... .......... ..........  9%  160M 0s
#12 0.377    500K .......... .......... .......... .......... .......... 10%  162M 0s
#12 0.377    550K .......... .......... .......... .......... .......... 11% 42.9M 0s
#12 0.378    600K .......... .......... .......... .......... .......... 12%  137M 0s
#12 0.378    650K .......... .......... .......... .......... .......... 13%  141M 0s
#12 0.379    700K .......... .......... .......... .......... .......... 14%  149M 0s
#12 0.379    750K .......... .......... .......... .......... .......... 15%  160M 0s
#12 0.379    800K .......... .......... .......... .......... .......... 16%  190M 0s
#12 0.380    850K .......... .......... .......... .......... .......... 17%  209M 0s
#12 0.380    900K .......... .......... .......... .......... .......... 18%  200M 0s
#12 0.380    950K .......... .......... .......... .......... .......... 19%  186M 0s
#12 0.380   1000K .......... .......... .......... .......... .......... 20%  203M 0s
#12 0.381   1050K .......... .......... .......... .......... .......... 21%  158M 0s
#12 0.381   1100K .......... .......... .......... .......... .......... 22%  180M 0s
#12 0.381   1150K .......... .......... .......... .......... .......... 23%  167M 0s
#12 0.381   1200K .......... .......... .......... .......... .......... 24%  167M 0s
#12 0.382   1250K .......... .......... .......... .......... .......... 25%  175M 0s
#12 0.382   1300K .......... .......... .......... .......... .......... 26%  172M 0s
#12 0.382   1350K .......... .......... .......... .......... .......... 27%  148M 0s
#12 0.383   1400K .......... .......... .......... .......... .......... 28%  152M 0s
#12 0.383   1450K .......... .......... .......... .......... .......... 29%  147M 0s
#12 0.383   1500K .......... .......... .......... .......... .......... 30%  155M 0s
#12 0.384   1550K .......... .......... .......... .......... .......... 31%  119M 0s
#12 0.384   1600K .......... .......... .......... .......... .......... 32%  153M 0s
#12 0.384   1650K .......... .......... .......... .......... .......... 33%  165M 0s
#12 0.385   1700K .......... .......... .......... .......... .......... 34%  139M 0s
#12 0.385   1750K .......... .......... .......... .......... .......... 35%  128M 0s
#12 0.385   1800K .......... .......... .......... .......... .......... 36%  151M 0s
#12 0.386   1850K .......... .......... .......... .......... .......... 37%  301M 0s
#12 0.386   1900K .......... .......... .......... .......... .......... 38%  259M 0s
#12 0.386   1950K .......... .......... .......... .......... .......... 39%  357M 0s
#12 0.386   2000K .......... .......... .......... .......... .......... 40%  332M 0s
#12 0.386   2050K .......... .......... .......... .......... .......... 41%  332M 0s
#12 0.386   2100K .......... .......... .......... .......... .......... 42%  300M 0s
#12 0.387   2150K .......... .......... .......... .......... .......... 43%  379M 0s
#12 0.387   2200K .......... .......... .......... .......... .......... 44%  357M 0s
#12 0.387   2250K .......... .......... .......... .......... .......... 45%  316M 0s
#12 0.387   2300K .......... .......... .......... .......... .......... 46%  244M 0s
#12 0.387   2350K .......... .......... .......... .......... .......... 47%  336M 0s
#12 0.387   2400K .......... .......... .......... .......... .......... 48%  401M 0s
#12 0.387   2450K .......... .......... .......... .......... .......... 48%  429M 0s
#12 0.388   2500K .......... .......... .......... .......... .......... 49%  391M 0s
#12 0.388   2550K .......... .......... .......... .......... .......... 50%  387M 0s
#12 0.388   2600K .......... .......... .......... .......... .......... 51%  367M 0s
#12 0.388   2650K .......... .......... .......... .......... .......... 52%  397M 0s
#12 0.388   2700K .......... .......... .......... .......... .......... 53%  434M 0s
#12 0.388   2750K .......... .......... .......... .......... .......... 54%  345M 0s
#12 0.388   2800K .......... .......... .......... .......... .......... 55%  396M 0s
#12 0.388   2850K .......... .......... .......... .......... .......... 56%  450M 0s
#12 0.389   2900K .......... .......... .......... .......... .......... 57%  389M 0s
#12 0.389   2950K .......... .......... .......... .......... .......... 58%  360M 0s
#12 0.389   3000K .......... .......... .......... .......... .......... 59%  469M 0s
#12 0.389   3050K .......... .......... .......... .......... .......... 60%  325M 0s
#12 0.389   3100K .......... .......... .......... .......... .......... 61%  417M 0s
#12 0.389   3150K .......... .......... .......... .......... .......... 62%  421M 0s
#12 0.389   3200K .......... .......... .......... .......... .......... 63%  318M 0s
#12 0.389   3250K .......... .......... .......... .......... .......... 64%  324M 0s
#12 0.390   3300K .......... .......... .......... .......... .......... 65%  329M 0s
#12 0.390   3350K .......... .......... .......... .......... .......... 66%  393M 0s
#12 0.390   3400K .......... .......... .......... .......... .......... 67%  375M 0s
#12 0.390   3450K .......... .......... .......... .......... .......... 68%  385M 0s
#12 0.390   3500K .......... .......... .......... .......... .......... 69%  320M 0s
#12 0.390   3550K .......... .......... .......... .......... .......... 70%  373M 0s
#12 0.390   3600K .......... .......... .......... .......... .......... 71%  356M 0s
#12 0.391   3650K .......... .......... .......... .......... .......... 72%  403M 0s
#12 0.391   3700K .......... .......... .......... .......... .......... 73%  404M 0s
#12 0.391   3750K .......... .......... .......... .......... .......... 74%  339M 0s
#12 0.391   3800K .......... .......... .......... .......... .......... 75%  377M 0s
#12 0.391   3850K .......... .......... .......... .......... .......... 76%  460M 0s
#12 0.391   3900K .......... .......... .......... .......... .......... 77%  415M 0s
#12 0.391   3950K .......... .......... .......... .......... .......... 78%  448M 0s
#12 0.391   4000K .......... .......... .......... .......... .......... 79%  335M 0s
#12 0.392   4050K .......... .......... .......... .......... .......... 80%  409M 0s
#12 0.392   4100K .......... .......... .......... .......... .......... 81%  452M 0s
#12 0.392   4150K .......... .......... .......... .......... .......... 82%  464M 0s
#12 0.392   4200K .......... .......... .......... .......... .......... 83%  420M 0s
#12 0.392   4250K .......... .......... .......... .......... .......... 84%  411M 0s
#12 0.392   4300K .......... .......... .......... .......... .......... 85%  463M 0s
#12 0.392   4350K .......... .......... .......... .......... .......... 86%  454M 0s
#12 0.392   4400K .......... .......... .......... .......... .......... 87%  421M 0s
#12 0.392   4450K .......... .......... .......... .......... .......... 88%  371M 0s
#12 0.393   4500K .......... .......... .......... .......... .......... 89%  430M 0s
#12 0.393   4550K .......... .......... .......... .......... .......... 90%  444M 0s
#12 0.393   4600K .......... .......... .......... .......... .......... 91%  458M 0s
#12 0.393   4650K .......... .......... .......... .......... .......... 92%  372M 0s
#12 0.393   4700K .......... .......... .......... .......... .......... 93%  442M 0s
#12 0.393   4750K .......... .......... .......... .......... .......... 94%  411M 0s
#12 0.393   4800K .......... .......... .......... .......... .......... 95%  356M 0s
#12 0.393   4850K .......... .......... .......... .......... .......... 96%  412M 0s
#12 0.394   4900K .......... .......... .......... .......... .......... 96%  411M 0s
#12 0.394   4950K .......... .......... .......... .......... .......... 97%  353M 0s
#12 0.394   5000K .......... .......... .......... .......... .......... 98%  385M 0s
#12 0.394   5050K .......... .......... .......... .......... .......... 99%  437M 0s
#12 0.394   5100K ....                                                  100%  182M=0.03s
#12 0.394 
#12 0.394 2025-08-28 11:34:24 (167 MB/s) - '/usr/local/bin/bazel' saved [5226496/5226496]
#12 0.394 
#12 DONE 0.5s

#13 [10/14] WORKDIR /root/json
#13 DONE 0.0s

#14 [11/14] RUN cmake -B build -DJSON_BuildTests=ON -DCMAKE_CXX_STANDARD=20 &&     cmake --build build -j$(nproc)
#14 0.360 -- The CXX compiler identification is GNU 11.4.0
#14 0.369 -- Detecting CXX compiler ABI info
#14 0.479 -- Detecting CXX compiler ABI info - done
#14 0.493 -- Check for working CXX compiler: /usr/bin/c++ - skipped
#14 0.493 -- Detecting CXX compile features
#14 0.494 -- Detecting CXX compile features - done
#14 0.499 -- Using the multi-header code from /root/json/include/
#14 0.576 -- Found Git: /usr/bin/git (found version "2.34.1") 
#14 0.578 -- Operating system: Linux-5.4.0-200-generic; Linux buildkitsandbox 5.4.0-200-generic #220-Ubuntu SMP Fri Sep 27 13:19:16 UTC 2024 x86_64 x86_64 x86_64 GNU/Linux
#14 0.580 -- Compiler: c++ (Ubuntu 11.4.0-1ubuntu1~22.04.2) 11.4.0; Copyright (C) 2021 Free Software Foundation, Inc.; This is free software; see the source for copying conditions.  There is NO; warranty; not even for MERCHANTABILITY or FITNESS FOR A PARTICULAR PURPOSE.
#14 0.581 -- Testing standards: 11 14 17 20 23
#14 0.581 -- Looking for C++ include sys/types.h
#14 0.702 -- Looking for C++ include sys/types.h - found
#14 0.703 -- Looking for C++ include stdint.h
#14 0.825 -- Looking for C++ include stdint.h - found
#14 0.826 -- Looking for C++ include stddef.h
#14 0.949 -- Looking for C++ include stddef.h - found
#14 0.949 -- Check size of size_t
#14 1.078 -- Check size of size_t - done
#14 1.114 -- Configuring done
#14 1.210 -- Generating done
#14 1.217 -- Build files have been written to: /root/json/build
#14 1.310 [  1%] Building CXX object tests/CMakeFiles/test_main.dir/src/unit.cpp.o
#14 1.311 [  2%] Building CXX object tests/abi/CMakeFiles/abi_compat_main.dir/main.cpp.o
#14 1.314 [  2%] Building CXX object tests/abi/diag/CMakeFiles/abi_compat_diag_on.dir/diag_on.cpp.o
#14 1.315 [  2%] Building CXX object tests/abi/diag/CMakeFiles/abi_compat_diag_off.dir/diag_off.cpp.o
#14 3.205 [  3%] Linking CXX static library libabi_compat_diag_off.a
#14 3.287 [  3%] Built target test_main
#14 3.301 [  3%] Linking CXX static library libabi_compat_main.a
#14 3.310 [  3%] Built target abi_compat_diag_off
#14 3.314 [  4%] Building CXX object tests/CMakeFiles/test-algorithms_cpp11.dir/src/unit-algorithms.cpp.o
#14 3.314 [  5%] Building CXX object tests/CMakeFiles/test-allocator_cpp11.dir/src/unit-allocator.cpp.o
#14 3.319 [  5%] Building CXX object tests/CMakeFiles/test-bson_cpp11.dir/src/unit-bson.cpp.o
#14 3.319 [  5%] Building CXX object tests/CMakeFiles/test-bjdata_cpp11.dir/src/unit-bjdata.cpp.o
#14 3.320 [  5%] Building CXX object tests/CMakeFiles/test-byte_container_with_subtype_cpp11.dir/src/unit-byte_container_with_subtype.cpp.o
#14 3.321 [  5%] Building CXX object tests/CMakeFiles/test-binary_formats_cpp11.dir/src/unit-binary_formats.cpp.o
#14 3.321 [  6%] Building CXX object tests/CMakeFiles/test-alt-string_cpp11.dir/src/unit-alt-string.cpp.o
#14 3.321 [  7%] Building CXX object tests/CMakeFiles/test-class_parser_diagnostic_positions_cpp11.dir/src/unit-class_parser_diagnostic_positions.cpp.o
#14 3.322 [  8%] Building CXX object tests/CMakeFiles/test-class_iterator_cpp11.dir/src/unit-class_iterator.cpp.o
#14 3.322 [ 10%] Building CXX object tests/CMakeFiles/test-assert_macro_cpp11.dir/src/unit-assert_macro.cpp.o
#14 3.323 [ 10%] Building CXX object tests/CMakeFiles/test-cbor_cpp11.dir/src/unit-cbor.cpp.o
#14 3.323 [ 11%] Building CXX object tests/CMakeFiles/test-capacity_cpp11.dir/src/unit-capacity.cpp.o
#14 3.323 [ 11%] Building CXX object tests/CMakeFiles/test-class_const_iterator_cpp11.dir/src/unit-class_const_iterator.cpp.o
#14 3.324 [ 11%] Building CXX object tests/CMakeFiles/test-disabled_exceptions_cpp11.dir/src/unit-disabled_exceptions.cpp.o
#14 3.324 [ 11%] Building CXX object tests/CMakeFiles/test-deserialization_cpp20.dir/src/unit-deserialization.cpp.o
#14 3.325 [ 12%] Building CXX object tests/CMakeFiles/test-class_parser_cpp11.dir/src/unit-class_parser.cpp.o
#14 3.325 [ 13%] Building CXX object tests/CMakeFiles/test-class_lexer_cpp11.dir/src/unit-class_lexer.cpp.o
#14 3.326 [ 14%] Building CXX object tests/CMakeFiles/test-comparison_cpp11.dir/src/unit-comparison.cpp.o
#14 3.326 [ 15%] Building CXX object tests/CMakeFiles/test-conversions_cpp14.dir/src/unit-conversions.cpp.o
#14 3.326 [ 15%] Building CXX object tests/CMakeFiles/test-diagnostic-positions-only_cpp11.dir/src/unit-diagnostic-positions-only.cpp.o
#14 3.326 [ 15%] Building CXX object tests/CMakeFiles/test-concepts_cpp11.dir/src/unit-concepts.cpp.o
#14 3.327 [ 15%] Building CXX object tests/CMakeFiles/test-constructor1_cpp11.dir/src/unit-constructor1.cpp.o
#14 3.327 [ 16%] Building CXX object tests/CMakeFiles/test-element_access2_cpp11.dir/src/unit-element_access2.cpp.o
#14 3.328 [ 17%] Building CXX object tests/CMakeFiles/test-conversions_cpp11.dir/src/unit-conversions.cpp.o
#14 3.328 [ 17%] Building CXX object tests/CMakeFiles/test-element_access1_cpp11.dir/src/unit-element_access1.cpp.o
#14 3.329 [ 18%] Building CXX object tests/CMakeFiles/test-custom-base-class_cpp11.dir/src/unit-custom-base-class.cpp.o
#14 3.329 [ 19%] Building CXX object tests/CMakeFiles/test-element_access2_cpp17.dir/src/unit-element_access2.cpp.o
#14 3.329 [ 19%] Building CXX object tests/CMakeFiles/test-diagnostics_cpp11.dir/src/unit-diagnostics.cpp.o
#14 3.330 [ 20%] Building CXX object tests/CMakeFiles/test-hash_cpp11.dir/src/unit-hash.cpp.o
#14 3.330 [ 20%] Building CXX object tests/CMakeFiles/test-diagnostic-positions_cpp11.dir/src/unit-diagnostic-positions.cpp.o
#14 3.330 [ 21%] Building CXX object tests/CMakeFiles/test-deserialization_cpp11.dir/src/unit-deserialization.cpp.o
#14 3.331 [ 21%] Building CXX object tests/CMakeFiles/test-comparison_cpp20.dir/src/unit-comparison.cpp.o
#14 3.331 [ 22%] Building CXX object tests/CMakeFiles/test-element_access2_cpp14.dir/src/unit-element_access2.cpp.o
#14 3.332 [ 23%] Building CXX object tests/CMakeFiles/test-items_cpp11.dir/src/unit-items.cpp.o
#14 3.333 [ 24%] Building CXX object tests/CMakeFiles/test-items_cpp17.dir/src/unit-items.cpp.o
#14 3.333 [ 24%] Building CXX object tests/CMakeFiles/test-iterators2_cpp11.dir/src/unit-iterators2.cpp.o
#14 3.333 [ 25%] Building CXX object tests/CMakeFiles/test-conversions_cpp17.dir/src/unit-conversions.cpp.o
#14 3.333 [ 26%] Building CXX object tests/CMakeFiles/test-convenience_cpp11.dir/src/unit-convenience.cpp.o
#14 3.334 [ 26%] Building CXX object tests/CMakeFiles/test-constructor2_cpp11.dir/src/unit-constructor2.cpp.o
#14 3.335 [ 26%] Building CXX object tests/CMakeFiles/test-iterators2_cpp20.dir/src/unit-iterators2.cpp.o
#14 3.337 [ 27%] Building CXX object tests/CMakeFiles/test-json_patch_cpp11.dir/src/unit-json_patch.cpp.o
#14 3.337 [ 27%] Building CXX object tests/CMakeFiles/test-iterators3_cpp14.dir/src/unit-iterators3.cpp.o
#14 3.338 [ 27%] Building CXX object tests/CMakeFiles/test-iterators1_cpp11.dir/src/unit-iterators1.cpp.o
#14 3.338 [ 28%] Building CXX object tests/CMakeFiles/test-inspection_cpp11.dir/src/unit-inspection.cpp.o
#14 3.343 [ 29%] Building CXX object tests/CMakeFiles/test-json_pointer_cpp11.dir/src/unit-json_pointer.cpp.o
#14 3.344 [ 29%] Building CXX object tests/CMakeFiles/test-iterators3_cpp11.dir/src/unit-iterators3.cpp.o
#14 3.344 [ 30%] Building CXX object tests/CMakeFiles/test-json_pointer_cpp20.dir/src/unit-json_pointer.cpp.o
#14 3.345 [ 31%] Building CXX object tests/CMakeFiles/test-large_json_cpp11.dir/src/unit-large_json.cpp.o
#14 3.356 [ 32%] Building CXX object tests/CMakeFiles/test-meta_cpp11.dir/src/unit-meta.cpp.o
#14 3.359 [ 33%] Building CXX object tests/CMakeFiles/test-merge_patch_cpp11.dir/src/unit-merge_patch.cpp.o
#14 3.361 [ 33%] Building CXX object tests/CMakeFiles/test-noexcept_cpp11.dir/src/unit-noexcept.cpp.o
#14 3.363 [ 34%] Building CXX object tests/CMakeFiles/test-locale-cpp_cpp11.dir/src/unit-locale-cpp.cpp.o
#14 3.366 [ 34%] Building CXX object tests/CMakeFiles/test-msgpack_cpp11.dir/src/unit-msgpack.cpp.o
#14 3.366 [ 34%] Building CXX object tests/CMakeFiles/test-no-mem-leak-on-adl-serialize_cpp11.dir/src/unit-no-mem-leak-on-adl-serialize.cpp.o
#14 3.369 [ 34%] Building CXX object tests/CMakeFiles/test-modifiers_cpp11.dir/src/unit-modifiers.cpp.o
#14 3.372 [ 34%] Building CXX object tests/CMakeFiles/test-ordered_json_cpp11.dir/src/unit-ordered_json.cpp.o
#14 3.373 [ 34%] Building CXX object tests/CMakeFiles/test-ordered_map_cpp11.dir/src/unit-ordered_map.cpp.o
#14 3.376 [ 35%] Building CXX object tests/CMakeFiles/test-readme_cpp11.dir/src/unit-readme.cpp.o
#14 3.382 [ 36%] Building CXX object tests/CMakeFiles/test-regression1_cpp11.dir/src/unit-regression1.cpp.o
#14 3.393 [ 37%] Building CXX object tests/CMakeFiles/test-reference_access_cpp11.dir/src/unit-reference_access.cpp.o
#14 3.394 [ 39%] Building CXX object tests/CMakeFiles/test-regression1_cpp17.dir/src/unit-regression1.cpp.o
#14 3.394 [ 39%] Building CXX object tests/CMakeFiles/test-regression2_cpp11.dir/src/unit-regression2.cpp.o
#14 3.399 [ 39%] Building CXX object tests/CMakeFiles/test-regression2_cpp20.dir/src/unit-regression2.cpp.o
#14 3.402 [ 40%] Building CXX object tests/CMakeFiles/test-pointer_access_cpp11.dir/src/unit-pointer_access.cpp.o
#14 3.402 [ 40%] Building CXX object tests/CMakeFiles/test-serialization_cpp11.dir/src/unit-serialization.cpp.o
#14 3.407 [ 40%] Building CXX object tests/CMakeFiles/test-testsuites_cpp11.dir/src/unit-testsuites.cpp.o
#14 3.407 [ 40%] Building CXX object tests/CMakeFiles/test-regression2_cpp17.dir/src/unit-regression2.cpp.o
#14 3.409 [ 40%] Building CXX object tests/CMakeFiles/test-to_chars_cpp11.dir/src/unit-to_chars.cpp.o
#14 3.413 [ 41%] Building CXX object tests/CMakeFiles/test-udl_cpp11.dir/src/unit-udl.cpp.o
#14 3.413 [ 40%] Building CXX object tests/CMakeFiles/test-type_traits_cpp11.dir/src/unit-type_traits.cpp.o
#14 3.415 [ 42%] Building CXX object tests/CMakeFiles/test-ubjson_cpp11.dir/src/unit-ubjson.cpp.o
#14 3.417 [ 43%] Building CXX object tests/CMakeFiles/test-udt_cpp11.dir/src/unit-udt.cpp.o
#14 3.420 [ 44%] Building CXX object tests/CMakeFiles/test-udt_macro_cpp11.dir/src/unit-udt_macro.cpp.o
#14 3.442 [ 45%] Building CXX object tests/CMakeFiles/test-unicode1_cpp11.dir/src/unit-unicode1.cpp.o
#14 3.443 [ 46%] Building CXX object tests/CMakeFiles/test-unicode3_cpp11.dir/src/unit-unicode3.cpp.o
#14 3.449 [ 46%] Building CXX object tests/CMakeFiles/test-unicode5_cpp11.dir/src/unit-unicode5.cpp.o
#14 3.449 [ 46%] Building CXX object tests/CMakeFiles/test-user_defined_input_cpp11.dir/src/unit-user_defined_input.cpp.o
#14 3.451 [ 47%] Building CXX object tests/CMakeFiles/test-unicode2_cpp11.dir/src/unit-unicode2.cpp.o
#14 3.455 [ 47%] Built target abi_compat_main
#14 3.459 [ 47%] Building CXX object tests/CMakeFiles/test-unicode4_cpp11.dir/src/unit-unicode4.cpp.o
#14 3.461 [ 47%] Building CXX object tests/CMakeFiles/test-comparison_legacy_cpp11.dir/src/unit-comparison.cpp.o
#14 3.466 [ 47%] Building CXX object tests/CMakeFiles/test-windows_h_cpp11.dir/src/unit-windows_h.cpp.o
#14 3.467 [ 47%] Building CXX object tests/CMakeFiles/test-wstring_cpp11.dir/src/unit-wstring.cpp.o
#14 3.476 [ 47%] Building CXX object tests/CMakeFiles/test-comparison_legacy_cpp20.dir/src/unit-comparison.cpp.o
#14 3.498 [ 48%] Linking CXX static library libabi_compat_diag_on.a
#14 3.511 [ 48%] Building CXX object tests/abi/config/CMakeFiles/abi_config_default.dir/default.cpp.o
#14 3.519 [ 48%] Building CXX object tests/abi/config/CMakeFiles/abi_config_noversion.dir/noversion.cpp.o
#14 3.538 [ 49%] Building CXX object tests/abi/inline_ns/CMakeFiles/abi_compat_inline_ns.dir/use_current.cpp.o
#14 3.538 [ 49%] Building CXX object tests/abi/inline_ns/CMakeFiles/abi_compat_inline_ns.dir/use_v3_10_5.cpp.o
#14 3.548 [ 50%] Building CXX object tests/abi/config/CMakeFiles/abi_config_custom.dir/custom.cpp.o
#14 3.683 [ 50%] Built target abi_compat_diag_on
#14 3.722 [ 50%] Building CXX object tests/abi/diag/CMakeFiles/abi_compat_diag.dir/diag.cpp.o
#14 3.835 [ 51%] Linking CXX executable abi_compat_diag
#14 4.087 [ 51%] Built target abi_compat_diag
#14 4.158 [ 52%] Linking CXX executable test-type_traits_cpp11
#14 4.341 [ 52%] Built target test-type_traits_cpp11
#14 4.826 [ 53%] Linking CXX executable test-windows_h_cpp11
#14 4.960 [ 53%] Built target test-windows_h_cpp11
#14 5.175 [ 54%] Linking CXX executable test-iterators3_cpp11
#14 5.246 [ 55%] Linking CXX executable test-noexcept_cpp11
#14 5.270 [ 56%] Linking CXX executable test-byte_container_with_subtype_cpp11
#14 5.368 [ 56%] Built target test-iterators3_cpp11
#14 5.435 [ 56%] Built target test-noexcept_cpp11
#14 5.452 [ 57%] Linking CXX executable test-iterators3_cpp14
#14 5.464 [ 57%] Built target test-byte_container_with_subtype_cpp11
#14 5.581 [ 57%] Linking CXX executable test-class_lexer_cpp11
#14 5.646 [ 57%] Built target test-iterators3_cpp14
#14 5.776 [ 57%] Built target test-class_lexer_cpp11
#14 5.852 [ 58%] Linking CXX executable test-no-mem-leak-on-adl-serialize_cpp11
#14 5.951 [ 58%] Linking CXX executable test-convenience_cpp11
#14 5.957 [ 59%] Linking CXX executable test-assert_macro_cpp11
#14 5.992 [ 60%] Linking CXX executable test-ordered_map_cpp11
#14 6.071 [ 60%] Built target test-no-mem-leak-on-adl-serialize_cpp11
#14 6.106 [ 61%] Linking CXX executable test-concepts_cpp11
#14 6.132 [ 61%] Built target test-convenience_cpp11
#14 6.180 [ 61%] Built target test-assert_macro_cpp11
#14 6.190 [ 61%] Built target test-ordered_map_cpp11
#14 6.204 [ 62%] Linking CXX executable test-unicode4_cpp11
#14 6.283 [ 62%] Linking CXX executable test-items_cpp11
#14 6.331 [ 62%] Built target test-concepts_cpp11
#14 6.396 [ 62%] Linking CXX executable test-locale-cpp_cpp11
#14 6.448 [ 62%] Built target test-unicode4_cpp11
#14 6.483 [ 63%] Linking CXX executable test-to_chars_cpp11
#14 6.487 [ 63%] Linking CXX executable test-large_json_cpp11
#14 6.515 [ 63%] Linking CXX executable test-unicode2_cpp11
#14 6.561 [ 63%] Built target test-items_cpp11
#14 6.573 [ 64%] Linking CXX executable test-capacity_cpp11
#14 6.659 [ 65%] Linking CXX executable test-diagnostic-positions-only_cpp11
#14 6.690 [ 65%] Built target test-to_chars_cpp11
#14 6.690 [ 65%] Built target test-unicode2_cpp11
#14 6.693 [ 65%] Built target test-locale-cpp_cpp11
#14 6.714 [ 66%] Linking CXX executable test-binary_formats_cpp11
#14 6.715 [ 66%] Built target test-large_json_cpp11
#14 6.763 [ 67%] Linking CXX executable test-disabled_exceptions_cpp11
#14 6.810 [ 67%] Built target test-capacity_cpp11
#14 6.844 [ 68%] Linking CXX executable test-unicode3_cpp11
#14 6.891 [ 69%] Linking CXX executable test-constructor2_cpp11
#14 6.922 [ 69%] Built target test-disabled_exceptions_cpp11
#14 6.948 [ 69%] Built target test-diagnostic-positions-only_cpp11
#14 6.982 [ 70%] Linking CXX executable test-diagnostic-positions_cpp11
#14 6.991 [ 70%] Built target test-binary_formats_cpp11
#14 7.000 [ 70%] Linking CXX executable test-class_const_iterator_cpp11
#14 7.037 [ 70%] Built target test-unicode3_cpp11
#14 7.116 [ 70%] Linking CXX executable test-class_iterator_cpp11
#14 7.159 [ 70%] Built target test-constructor2_cpp11
#14 7.168 [ 71%] Linking CXX executable test-meta_cpp11
#14 7.210 [ 71%] Built target test-diagnostic-positions_cpp11
#14 7.221 [ 71%] Built target test-class_const_iterator_cpp11
#14 7.296 [ 71%] Linking CXX executable test-merge_patch_cpp11
#14 7.323 [ 71%] Built target test-class_iterator_cpp11
#14 7.364 [ 71%] Built target test-meta_cpp11
#14 7.365 [ 71%] Linking CXX executable test-udl_cpp11
#14 7.384 [ 72%] Linking CXX executable test-iterators2_cpp11
#14 7.411 [ 73%] Linking CXX executable test-unicode5_cpp11
#14 7.440 [ 74%] Linking CXX executable test-comparison_cpp11
#14 7.472 [ 74%] Built target test-merge_patch_cpp11
#14 7.512 [ 74%] Linking CXX executable test-hash_cpp11
#14 7.523 [ 75%] Linking CXX executable abi_config_custom
#14 7.547 [ 75%] Built target test-iterators2_cpp11
#14 7.597 [ 76%] Linking CXX executable abi_config_default
#14 7.604 [ 76%] Built target test-udl_cpp11
#14 7.609 [ 76%] Linking CXX executable test-algorithms_cpp11
#14 7.618 [ 76%] Linking CXX executable test-reference_access_cpp11
#14 7.619 [ 76%] Linking CXX executable test-allocator_cpp11
#14 7.620 [ 76%] Built target test-comparison_cpp11
#14 7.620 [ 77%] Linking CXX executable abi_config_noversion
#14 7.635 [ 77%] Linking CXX executable abi_compat_inline_ns
#14 7.639 [ 78%] Linking CXX executable test-serialization_cpp11
#14 7.654 [ 78%] Built target test-unicode5_cpp11
#14 7.689 [ 78%] Built target test-hash_cpp11
#14 7.731 [ 79%] Linking CXX executable test-wstring_cpp11
#14 7.764 [ 79%] Built target abi_config_custom
#14 7.810 [ 79%] Built target test-algorithms_cpp11
#14 7.810 [ 79%] Built target test-reference_access_cpp11
#14 7.828 [ 79%] Linking CXX executable test-unicode1_cpp11
#14 7.833 [ 79%] Built target abi_config_default
#14 7.838 [ 79%] Built target test-serialization_cpp11
#14 7.838 [ 79%] Built target test-allocator_cpp11
#14 7.851 [ 79%] Built target abi_config_noversion
#14 7.896 [ 79%] Built target abi_compat_inline_ns
#14 7.907 [ 79%] Built target test-wstring_cpp11
#14 7.948 [ 80%] Linking CXX executable test-comparison_legacy_cpp11
#14 8.034 [ 80%] Built target test-unicode1_cpp11
#14 8.073 [ 80%] Linking CXX executable test-pointer_access_cpp11
#14 8.085 [ 81%] Linking CXX executable test-element_access1_cpp11
#14 8.122 [ 81%] Built target test-comparison_legacy_cpp11
#14 8.231 [ 81%] Built target test-pointer_access_cpp11
#14 8.233 [ 82%] Linking CXX executable test-user_defined_input_cpp11
#14 8.245 [ 82%] Built target test-element_access1_cpp11
#14 8.399 [ 82%] Built target test-user_defined_input_cpp11
#14 8.476 [ 83%] Linking CXX executable test-ordered_json_cpp11
#14 8.479 [ 83%] Linking CXX executable test-alt-string_cpp11
#14 8.524 [ 84%] Linking CXX executable test-modifiers_cpp11
#14 8.547 [ 85%] Linking CXX executable test-iterators1_cpp11
#14 8.605 [ 86%] Linking CXX executable test-items_cpp17
#14 8.632 [ 87%] Linking CXX executable test-diagnostics_cpp11
#14 8.659 [ 87%] Built target test-alt-string_cpp11
#14 8.663 [ 87%] Built target test-ordered_json_cpp11
#14 8.691 [ 87%] Built target test-modifiers_cpp11
#14 8.774 [ 87%] Built target test-iterators1_cpp11
#14 8.774 [ 87%] Built target test-items_cpp17
#14 8.809 [ 87%] Built target test-diagnostics_cpp11
#14 8.885 [ 88%] Linking CXX executable test-comparison_cpp20
#14 9.012 [ 88%] Linking CXX executable test-inspection_cpp11
#14 9.045 [ 88%] Built target test-comparison_cpp20
#14 9.138 [ 89%] Linking CXX executable test-testsuites_cpp11
#14 9.184 [ 89%] Built target test-inspection_cpp11
#14 9.313 [ 89%] Built target test-testsuites_cpp11
#14 9.374 [ 89%] Linking CXX executable test-json_patch_cpp11
#14 9.536 [ 90%] Linking CXX executable test-iterators2_cpp20
#14 9.552 [ 90%] Built target test-json_patch_cpp11
#14 9.556 [ 90%] Linking CXX executable test-custom-base-class_cpp11
#14 9.594 [ 90%] Linking CXX executable test-readme_cpp11
#14 9.598 [ 90%] Linking CXX executable test-json_pointer_cpp11
#14 9.661 [ 91%] Linking CXX executable test-comparison_legacy_cpp20
#14 9.704 [ 91%] Built target test-iterators2_cpp20
#14 9.749 [ 91%] Built target test-custom-base-class_cpp11
#14 9.785 [ 91%] Built target test-json_pointer_cpp11
#14 9.800 [ 91%] Built target test-readme_cpp11
#14 9.828 [ 91%] Built target test-comparison_legacy_cpp20
#14 10.22 [ 91%] Linking CXX executable test-json_pointer_cpp20
#14 10.38 [ 91%] Linking CXX executable test-udt_macro_cpp11
#14 10.41 [ 91%] Built target test-json_pointer_cpp20
#14 10.57 [ 91%] Built target test-udt_macro_cpp11
#14 10.77 [ 92%] Linking CXX executable test-constructor1_cpp11
#14 10.92 [ 93%] Linking CXX executable test-bson_cpp11
#14 10.97 [ 93%] Built target test-constructor1_cpp11
#14 11.10 [ 93%] Linking CXX executable test-udt_cpp11
#14 11.11 [ 93%] Built target test-bson_cpp11
#14 11.32 [ 93%] Built target test-udt_cpp11
#14 11.76 [ 93%] Linking CXX executable test-class_parser_cpp11
#14 11.84 [ 93%] Linking CXX executable test-ubjson_cpp11
#14 11.90 [ 94%] Linking CXX executable test-msgpack_cpp11
#14 11.92 [ 94%] Linking CXX executable test-element_access2_cpp11
#14 11.93 [ 94%] Built target test-class_parser_cpp11
#14 11.95 [ 94%] Linking CXX executable test-cbor_cpp11
#14 12.05 [ 94%] Built target test-ubjson_cpp11
#14 12.10 [ 94%] Built target test-element_access2_cpp11
#14 12.10 [ 94%] Built target test-msgpack_cpp11
#14 12.14 [ 94%] Built target test-cbor_cpp11
#14 12.27 [ 94%] Linking CXX executable test-element_access2_cpp14
#14 12.45 [ 94%] Built target test-element_access2_cpp14
#14 12.69 [ 94%] Linking CXX executable test-class_parser_diagnostic_positions_cpp11
#14 12.86 [ 94%] Built target test-class_parser_diagnostic_positions_cpp11
#14 13.70 [ 94%] Linking CXX executable test-element_access2_cpp17
#14 13.88 [ 94%] Built target test-element_access2_cpp17
#14 14.15 [ 95%] Linking CXX executable test-bjdata_cpp11
#14 14.34 [ 95%] Linking CXX executable test-conversions_cpp11
#14 14.35 [ 95%] Built target test-bjdata_cpp11
#14 14.59 [ 95%] Built target test-conversions_cpp11
#14 14.60 [ 95%] Linking CXX executable test-conversions_cpp14
#14 14.85 [ 95%] Built target test-conversions_cpp14
#14 15.05 [ 96%] Linking CXX executable test-regression2_cpp11
#14 15.30 [ 96%] Built target test-regression2_cpp11
#14 15.43 [ 96%] Linking CXX executable test-conversions_cpp17
#14 15.58 [ 97%] Linking CXX executable test-regression2_cpp17
#14 15.67 [ 97%] Built target test-conversions_cpp17
#14 15.80 [ 97%] Built target test-regression2_cpp17
#14 15.84 [ 97%] Linking CXX executable test-regression1_cpp17
#14 16.06 [ 97%] Linking CXX executable test-regression1_cpp11
#14 16.08 [ 97%] Built target test-regression1_cpp17
#14 16.29 [ 97%] Built target test-regression1_cpp11
#14 16.77 [ 98%] Linking CXX executable test-regression2_cpp20
#14 17.00 [ 98%] Built target test-regression2_cpp20
#14 17.32 [ 99%] Linking CXX executable test-deserialization_cpp11
#14 17.52 [ 99%] Built target test-deserialization_cpp11
#14 18.76 [100%] Linking CXX executable test-deserialization_cpp20
#14 18.95 [100%] Built target test-deserialization_cpp20
#14 DONE 19.9s

#15 [12/14] WORKDIR /root/json/build
#15 DONE 0.0s

#16 [13/14] RUN ctest --output-on-failure
#16 0.224 Test project /root/json/build
#16 0.227         Start   1: download_test_data
#16 4.160   1/101 Test   #1: download_test_data .............................   Passed    3.93 sec
#16 4.160         Start   2: test-algorithms_cpp11
#16 4.168   2/101 Test   #2: test-algorithms_cpp11 ..........................   Passed    0.01 sec
#16 4.169         Start   3: test-allocator_cpp11
#16 4.174   3/101 Test   #3: test-allocator_cpp11 ...........................   Passed    0.00 sec
#16 4.174         Start   4: test-alt-string_cpp11
#16 4.179   4/101 Test   #4: test-alt-string_cpp11 ..........................   Passed    0.01 sec
#16 4.180         Start   5: test-assert_macro_cpp11
#16 4.183   5/101 Test   #5: test-assert_macro_cpp11 ........................   Passed    0.00 sec
#16 4.183         Start   6: test-binary_formats_cpp11
#16 29.77   6/101 Test   #6: test-binary_formats_cpp11 ......................   Passed   25.59 sec
#16 29.77         Start   7: test-bjdata_cpp11
#16 42.13   7/101 Test   #7: test-bjdata_cpp11 ..............................   Passed   12.36 sec
#16 42.13         Start   8: test-bson_cpp11
#16 42.15   8/101 Test   #8: test-bson_cpp11 ................................   Passed    0.02 sec
#16 42.15         Start   9: test-byte_container_with_subtype_cpp11
#16 42.15   9/101 Test   #9: test-byte_container_with_subtype_cpp11 .........   Passed    0.00 sec
#16 42.15         Start  10: test-capacity_cpp11
#16 42.16  10/101 Test  #10: test-capacity_cpp11 ............................   Passed    0.00 sec
#16 42.16         Start  11: test-cbor_cpp11
#16 87.45  11/101 Test  #11: test-cbor_cpp11 ................................   Passed   45.29 sec
#16 87.45         Start  12: test-class_const_iterator_cpp11
#16 87.45  12/101 Test  #12: test-class_const_iterator_cpp11 ................   Passed    0.01 sec
#16 87.45         Start  13: test-class_iterator_cpp11
#16 87.46  13/101 Test  #13: test-class_iterator_cpp11 ......................   Passed    0.00 sec
#16 87.46         Start  14: test-class_lexer_cpp11
#16 87.46  14/101 Test  #14: test-class_lexer_cpp11 .........................   Passed    0.00 sec
#16 87.46         Start  15: test-class_parser_cpp11
#16 87.56  15/101 Test  #15: test-class_parser_cpp11 ........................   Passed    0.10 sec
#16 87.56         Start  16: test-class_parser_diagnostic_positions_cpp11
#16 87.66  16/101 Test  #16: test-class_parser_diagnostic_positions_cpp11 ...   Passed    0.10 sec
#16 87.66         Start  17: test-comparison_cpp11
#16 87.68  17/101 Test  #17: test-comparison_cpp11 ..........................   Passed    0.01 sec
#16 87.68         Start  18: test-comparison_cpp20
#16 87.69  18/101 Test  #18: test-comparison_cpp20 ..........................   Passed    0.01 sec
#16 87.69         Start  19: test-concepts_cpp11
#16 87.69  19/101 Test  #19: test-concepts_cpp11 ............................   Passed    0.00 sec
#16 87.69         Start  20: test-constructor1_cpp11
#16 87.70  20/101 Test  #20: test-constructor1_cpp11 ........................   Passed    0.01 sec
#16 87.70         Start  21: test-constructor2_cpp11
#16 87.70  21/101 Test  #21: test-constructor2_cpp11 ........................   Passed    0.00 sec
#16 87.70         Start  22: test-convenience_cpp11
#16 87.71  22/101 Test  #22: test-convenience_cpp11 .........................   Passed    0.00 sec
#16 87.71         Start  23: test-conversions_cpp11
#16 87.72  23/101 Test  #23: test-conversions_cpp11 .........................   Passed    0.01 sec
#16 87.72         Start  24: test-conversions_cpp14
#16 87.73  24/101 Test  #24: test-conversions_cpp14 .........................   Passed    0.01 sec
#16 87.73         Start  25: test-conversions_cpp17
#16 87.74  25/101 Test  #25: test-conversions_cpp17 .........................   Passed    0.01 sec
#16 87.74         Start  26: test-custom-base-class_cpp11
#16 87.75  26/101 Test  #26: test-custom-base-class_cpp11 ...................   Passed    0.00 sec
#16 87.75         Start  27: test-deserialization_cpp11
#16 87.75  27/101 Test  #27: test-deserialization_cpp11 .....................   Passed    0.01 sec
#16 87.75         Start  28: test-deserialization_cpp20
#16 87.76  28/101 Test  #28: test-deserialization_cpp20 .....................   Passed    0.01 sec
#16 87.76         Start  29: test-diagnostic-positions-only_cpp11
#16 87.76  29/101 Test  #29: test-diagnostic-positions-only_cpp11 ...........   Passed    0.00 sec
#16 87.76         Start  30: test-diagnostic-positions_cpp11
#16 87.77  30/101 Test  #30: test-diagnostic-positions_cpp11 ................   Passed    0.00 sec
#16 87.77         Start  31: test-diagnostics_cpp11
#16 87.77  31/101 Test  #31: test-diagnostics_cpp11 .........................   Passed    0.00 sec
#16 87.77         Start  32: test-disabled_exceptions_cpp11
#16 87.77  32/101 Test  #32: test-disabled_exceptions_cpp11 .................   Passed    0.00 sec
#16 87.77         Start  33: test-element_access1_cpp11
#16 87.78  33/101 Test  #33: test-element_access1_cpp11 .....................   Passed    0.01 sec
#16 87.78         Start  34: test-element_access2_cpp11
#16 87.80  34/101 Test  #34: test-element_access2_cpp11 .....................   Passed    0.02 sec
#16 87.80         Start  35: test-element_access2_cpp14
#16 87.82  35/101 Test  #35: test-element_access2_cpp14 .....................   Passed    0.02 sec
#16 87.82         Start  36: test-element_access2_cpp17
#16 87.85  36/101 Test  #36: test-element_access2_cpp17 .....................   Passed    0.02 sec
#16 87.85         Start  37: test-hash_cpp11
#16 87.85  37/101 Test  #37: test-hash_cpp11 ................................   Passed    0.00 sec
#16 87.85         Start  38: test-inspection_cpp11
#16 94.32  38/101 Test  #38: test-inspection_cpp11 ..........................   Passed    6.47 sec
#16 94.32         Start  39: test-items_cpp11
#16 94.33  39/101 Test  #39: test-items_cpp11 ...............................   Passed    0.01 sec
#16 94.33         Start  40: test-items_cpp17
#16 94.33  40/101 Test  #40: test-items_cpp17 ...............................   Passed    0.00 sec
#16 94.33         Start  41: test-iterators1_cpp11
#16 94.34  41/101 Test  #41: test-iterators1_cpp11 ..........................   Passed    0.01 sec
#16 94.35         Start  42: test-iterators2_cpp11
#16 94.36  42/101 Test  #42: test-iterators2_cpp11 ..........................   Passed    0.02 sec
#16 94.36         Start  43: test-iterators2_cpp20
#16 94.38  43/101 Test  #43: test-iterators2_cpp20 ..........................   Passed    0.02 sec
#16 94.38         Start  44: test-iterators3_cpp11
#16 94.38  44/101 Test  #44: test-iterators3_cpp11 ..........................   Passed    0.00 sec
#16 94.38         Start  45: test-iterators3_cpp14
#16 94.38  45/101 Test  #45: test-iterators3_cpp14 ..........................   Passed    0.00 sec
#16 94.38         Start  46: test-json_patch_cpp11
#16 94.41  46/101 Test  #46: test-json_patch_cpp11 ..........................   Passed    0.02 sec
#16 94.41         Start  47: test-json_pointer_cpp11
#16 94.41  47/101 Test  #47: test-json_pointer_cpp11 ........................   Passed    0.01 sec
#16 94.41         Start  48: test-json_pointer_cpp20
#16 94.42  48/101 Test  #48: test-json_pointer_cpp20 ........................   Passed    0.01 sec
#16 94.42         Start  49: test-large_json_cpp11
#16 100.1  49/101 Test  #49: test-large_json_cpp11 ..........................   Passed    5.68 sec
#16 100.1         Start  50: test-locale-cpp_cpp11
#16 100.1  50/101 Test  #50: test-locale-cpp_cpp11 ..........................   Passed    0.00 sec
#16 100.1         Start  51: test-merge_patch_cpp11
#16 100.1  51/101 Test  #51: test-merge_patch_cpp11 .........................   Passed    0.00 sec
#16 100.1         Start  52: test-meta_cpp11
#16 100.1  52/101 Test  #52: test-meta_cpp11 ................................   Passed    0.00 sec
#16 100.1         Start  53: test-modifiers_cpp11
#16 100.1  53/101 Test  #53: test-modifiers_cpp11 ...........................   Passed    0.01 sec
#16 100.1         Start  54: test-msgpack_cpp11
#16 145.2  54/101 Test  #54: test-msgpack_cpp11 .............................   Passed   45.09 sec
#16 145.2         Start  55: test-no-mem-leak-on-adl-serialize_cpp11
#16 145.2  55/101 Test  #55: test-no-mem-leak-on-adl-serialize_cpp11 ........   Passed    0.00 sec
#16 145.2         Start  56: test-noexcept_cpp11
#16 145.2  56/101 Test  #56: test-noexcept_cpp11 ............................   Passed    0.00 sec
#16 145.2         Start  57: test-ordered_json_cpp11
#16 145.2  57/101 Test  #57: test-ordered_json_cpp11 ........................   Passed    0.00 sec
#16 145.2         Start  58: test-ordered_map_cpp11
#16 145.2  58/101 Test  #58: test-ordered_map_cpp11 .........................   Passed    0.00 sec
#16 145.2         Start  59: test-pointer_access_cpp11
#16 145.2  59/101 Test  #59: test-pointer_access_cpp11 ......................   Passed    0.00 sec
#16 145.2         Start  60: test-readme_cpp11
#16 145.2  60/101 Test  #60: test-readme_cpp11 ..............................   Passed    0.01 sec
#16 145.2         Start  61: test-reference_access_cpp11
#16 145.3  61/101 Test  #61: test-reference_access_cpp11 ....................   Passed    0.01 sec
#16 145.3         Start  62: test-regression1_cpp11
#16 152.6  62/101 Test  #62: test-regression1_cpp11 .........................   Passed    7.30 sec
#16 152.6         Start  63: test-regression1_cpp17
#16 161.6  63/101 Test  #63: test-regression1_cpp17 .........................   Passed    9.04 sec
#16 161.6         Start  64: test-regression2_cpp11
#16 161.6  64/101 Test  #64: test-regression2_cpp11 .........................   Passed    0.01 sec
#16 161.6         Start  65: test-regression2_cpp17
#16 161.6  65/101 Test  #65: test-regression2_cpp17 .........................   Passed    0.00 sec
#16 161.6         Start  66: test-regression2_cpp20
#16 161.6  66/101 Test  #66: test-regression2_cpp20 .........................   Passed    0.00 sec
#16 161.6         Start  67: test-serialization_cpp11
#16 161.6  67/101 Test  #67: test-serialization_cpp11 .......................   Passed    0.00 sec
#16 161.6         Start  68: test-testsuites_cpp11
#16 161.7  68/101 Test  #68: test-testsuites_cpp11 ..........................   Passed    0.09 sec
#16 161.7         Start  69: test-to_chars_cpp11
#16 161.7  69/101 Test  #69: test-to_chars_cpp11 ............................   Passed    0.00 sec
#16 161.7         Start  70: test-type_traits_cpp11
#16 161.7  70/101 Test  #70: test-type_traits_cpp11 .........................   Passed    0.00 sec
#16 161.7         Start  71: test-ubjson_cpp11
#16 177.7  71/101 Test  #71: test-ubjson_cpp11 ..............................   Passed   15.97 sec
#16 177.7         Start  72: test-udl_cpp11
#16 177.7  72/101 Test  #72: test-udl_cpp11 .................................   Passed    0.01 sec
#16 177.7         Start  73: test-udt_cpp11
#16 177.7  73/101 Test  #73: test-udt_cpp11 .................................   Passed    0.01 sec
#16 177.7         Start  74: test-udt_macro_cpp11
#16 177.7  74/101 Test  #74: test-udt_macro_cpp11 ...........................   Passed    0.01 sec
#16 177.7         Start  75: test-unicode1_cpp11
#16 186.7  75/101 Test  #75: test-unicode1_cpp11 ............................   Passed    8.96 sec
#16 186.7         Start  76: test-unicode2_cpp11
#16 201.4  76/101 Test  #76: test-unicode2_cpp11 ............................   Passed   14.78 sec
#16 201.4         Start  77: test-unicode3_cpp11
#16 256.4  77/101 Test  #77: test-unicode3_cpp11 ............................   Passed   54.93 sec
#16 256.4         Start  78: test-unicode4_cpp11
#16 437.0  78/101 Test  #78: test-unicode4_cpp11 ............................   Passed  180.61 sec
#16 437.0         Start  79: test-unicode5_cpp11
#16 480.0  79/101 Test  #79: test-unicode5_cpp11 ............................   Passed   42.99 sec
#16 480.0         Start  80: test-user_defined_input_cpp11
#16 480.0  80/101 Test  #80: test-user_defined_input_cpp11 ..................   Passed    0.00 sec
#16 480.0         Start  81: test-windows_h_cpp11
#16 480.0  81/101 Test  #81: test-windows_h_cpp11 ...........................   Passed    0.00 sec
#16 480.0         Start  82: test-wstring_cpp11
#16 480.0  82/101 Test  #82: test-wstring_cpp11 .............................   Passed    0.01 sec
#16 480.0         Start  83: test-comparison_legacy_cpp11
#16 480.0  83/101 Test  #83: test-comparison_legacy_cpp11 ...................   Passed    0.01 sec
#16 480.0         Start  84: test-comparison_legacy_cpp20
#16 480.0  84/101 Test  #84: test-comparison_legacy_cpp20 ...................   Passed    0.01 sec
#16 480.0         Start  85: test-abi_config_default
#16 480.0  85/101 Test  #85: test-abi_config_default ........................   Passed    0.00 sec
#16 480.0         Start  86: test-abi_config_noversion
#16 480.0  86/101 Test  #86: test-abi_config_noversion ......................   Passed    0.00 sec
#16 480.0         Start  87: test-abi_config_custom
#16 480.0  87/101 Test  #87: test-abi_config_custom .........................   Passed    0.00 sec
#16 480.0         Start  88: test-abi_compat_diag
#16 480.0  88/101 Test  #88: test-abi_compat_diag ...........................   Passed    0.00 sec
#16 480.0         Start  89: test-abi_compat_inline_ns
#16 480.0  89/101 Test  #89: test-abi_compat_inline_ns ......................   Passed    0.00 sec
#16 480.0         Start  90: cmake_import_configure
#16 480.2  90/101 Test  #90: cmake_import_configure .........................   Passed    0.23 sec
#16 480.2         Start  91: cmake_import_build
#16 482.8  91/101 Test  #91: cmake_import_build .............................   Passed    2.60 sec
#16 482.8         Start  92: cmake_import_minver_configure
#16 483.1  92/101 Test  #92: cmake_import_minver_configure ..................   Passed    0.23 sec
#16 483.1         Start  93: cmake_import_minver_build
#16 484.4  93/101 Test  #93: cmake_import_minver_build ......................   Passed    1.33 sec
#16 484.4         Start  94: cmake_add_subdirectory_configure
#16 484.6  94/101 Test  #94: cmake_add_subdirectory_configure ...............   Passed    0.24 sec
#16 484.6         Start  95: cmake_add_subdirectory_build
#16 488.5  95/101 Test  #95: cmake_add_subdirectory_build ...................   Passed    3.82 sec
#16 488.5         Start  96: cmake_fetch_content_configure
#16 490.1  96/101 Test  #96: cmake_fetch_content_configure ..................   Passed    1.62 sec
#16 490.1         Start  97: cmake_fetch_content_build
#16 492.7  97/101 Test  #97: cmake_fetch_content_build ......................   Passed    2.57 sec
#16 492.7         Start  98: cmake_fetch_content2_configure
#16 493.6  98/101 Test  #98: cmake_fetch_content2_configure .................   Passed    0.94 sec
#16 493.6         Start  99: cmake_fetch_content2_build
#16 496.2  99/101 Test  #99: cmake_fetch_content2_build .....................   Passed    2.56 sec
#16 496.2         Start 100: cmake_target_include_directories_configure
#16 496.4 100/101 Test #100: cmake_target_include_directories_configure .....   Passed    0.22 sec
#16 496.4         Start 101: cmake_target_include_directories_build
#16 500.9 101/101 Test #101: cmake_target_include_directories_build .........   Passed    4.53 sec
#16 500.9 
#16 500.9 100% tests passed, 0 tests failed out of 101
#16 500.9 
#16 500.9 Label Time Summary:
#16 500.9 all                 = 475.79 sec*proc (83 tests)
#16 500.9 git_required        =   7.69 sec*proc (4 tests)
#16 500.9 not_reproducible    =  20.88 sec*proc (12 tests)
#16 500.9 
#16 500.9 Total Test time (real) = 500.68 sec
#16 DONE 501.1s

#17 [14/14] WORKDIR /root/json
#17 DONE 0.0s

#18 exporting to image
#18 exporting layers
#18 exporting layers 7.3s done
#18 writing image sha256:e85062228c43a670f9651b6f7cce0905e4c352535ca49d6311658ffd26fa3a99 done
#18 naming to docker.io/library/envgym_test_1756380863 done
#18 DONE 7.4s


=== Runtime Log ===  
Runtime Status: Success
Runtime Output:


Runtime Error:


=== Execution End ===

